

================================================================
== Vitis HLS Report for 'check_duplicate_Pipeline_copy_to_bram'
================================================================
* Date:           Fri Oct  6 09:59:20 2023

* Version:        2022.2 (Build 3670227 on Oct 13 2022)
* Project:        Dedup
* Solution:       solution1 (Vivado IP Flow Target)
* Product family: zynquplus
* Target device:  xczu9eg-ffvb1156-2-e


================================================================
== Performance Estimates
================================================================
+ Timing: 
    * Summary: 
    +--------+----------+----------+------------+
    |  Clock |  Target  | Estimated| Uncertainty|
    +--------+----------+----------+------------+
    |ap_clk  |  10.00 ns|  5.621 ns|     2.70 ns|
    +--------+----------+----------+------------+

+ Latency: 
    * Summary: 
    +---------+---------+----------+----------+-----+-----+---------+
    |  Latency (cycles) |  Latency (absolute) |  Interval | Pipeline|
    |   min   |   max   |    min   |    max   | min | max |   Type  |
    +---------+---------+----------+----------+-----+-----+---------+
    |       13|      493|  0.130 us|  4.930 us|   13|  493|       no|
    +---------+---------+----------+----------+-----+-----+---------+

    + Detail: 
        * Instance: 
        N/A

        * Loop: 
        +----------------+---------+---------+----------+-----------+-----------+--------+----------+
        |                |  Latency (cycles) | Iteration|  Initiation Interval  |  Trip  |          |
        |    Loop Name   |   min   |   max   |  Latency |  achieved |   target  |  Count | Pipelined|
        +----------------+---------+---------+----------+-----------+-----------+--------+----------+
        |- copy_to_bram  |       11|      491|         7|          6|          6|  1 ~ 81|       yes|
        +----------------+---------+---------+----------+-----------+-----------+--------+----------+



================================================================
== Utilization Estimates
================================================================
* Summary: 
+-----------------+---------+------+--------+--------+-----+
|       Name      | BRAM_18K|  DSP |   FF   |   LUT  | URAM|
+-----------------+---------+------+--------+--------+-----+
|DSP              |        -|     -|       -|       -|    -|
|Expression       |        -|     -|       0|      84|    -|
|FIFO             |        -|     -|       -|       -|    -|
|Instance         |        -|     -|       -|       -|    -|
|Memory           |        -|     -|       -|       -|    -|
|Multiplexer      |        -|     -|       -|     100|    -|
|Register         |        -|     -|      98|       -|    -|
+-----------------+---------+------+--------+--------+-----+
|Total            |        0|     0|      98|     184|    0|
+-----------------+---------+------+--------+--------+-----+
|Available        |     1824|  2520|  548160|  274080|    0|
+-----------------+---------+------+--------+--------+-----+
|Utilization (%)  |        0|     0|      ~0|      ~0|    0|
+-----------------+---------+------+--------+--------+-----+

+ Detail: 
    * Instance: 
    N/A

    * DSP: 
    N/A

    * Memory: 
    N/A

    * FIFO: 
    N/A

    * Expression: 
    +----------------------------------+----------+----+---+----+------------+------------+
    |           Variable Name          | Operation| DSP| FF| LUT| Bitwidth P0| Bitwidth P1|
    +----------------------------------+----------+----+---+----+------------+------------+
    |add_ln85_fu_191_p2                |         +|   0|  0|  14|           7|           1|
    |and_ln87_1_fu_213_p2              |       and|   0|  0|   2|           1|           1|
    |and_ln87_fu_207_p2                |       and|   0|  0|   2|           1|           1|
    |ap_block_pp0_stage0_01001         |       and|   0|  0|   2|           1|           1|
    |icmp_ln85_fu_135_p2               |      icmp|   0|  0|  10|           7|           7|
    |icmp_ln87_1_fu_185_p2             |      icmp|   0|  0|  24|          52|           1|
    |icmp_ln87_2_fu_156_p2             |      icmp|   0|  0|  11|          11|           2|
    |icmp_ln87_fu_179_p2               |      icmp|   0|  0|  11|          11|           2|
    |ap_block_state7_pp0_stage0_iter1  |        or|   0|  0|   2|           1|           1|
    |or_ln87_1_fu_203_p2               |        or|   0|  0|   2|           1|           1|
    |or_ln87_fu_199_p2                 |        or|   0|  0|   2|           1|           1|
    |ap_enable_pp0                     |       xor|   0|  0|   2|           1|           2|
    +----------------------------------+----------+----+---+----+------------+------------+
    |Total                             |          |   0|  0|  84|          95|          21|
    +----------------------------------+----------+----+---+----+------------+------------+

    * Multiplexer: 
    +-------------------------+----+-----------+-----+-----------+
    |           Name          | LUT| Input Size| Bits| Total Bits|
    +-------------------------+----+-----------+-----+-----------+
    |ap_NS_fsm                |  37|          7|    1|          7|
    |ap_done_int              |   9|          2|    1|          2|
    |ap_enable_reg_pp0_iter0  |   9|          2|    1|          2|
    |ap_enable_reg_pp0_iter1  |   9|          2|    1|          2|
    |ap_sig_allocacmp_i_18    |   9|          2|    7|         14|
    |bram_data137_blk_n       |   9|          2|    1|          2|
    |i_fu_70                  |   9|          2|    7|         14|
    |write_out_data140_blk_n  |   9|          2|    1|          2|
    +-------------------------+----+-----------+-----+-----------+
    |Total                    | 100|         21|   20|         45|
    +-------------------------+----+-----------+-----+-----------+

    * Register: 
    +-----------------------------+----+----+-----+-----------+
    |             Name            | FF | LUT| Bits| Const Bits|
    +-----------------------------+----+----+-----+-----------+
    |ap_CS_fsm                    |   6|   0|    6|          0|
    |ap_done_reg                  |   1|   0|    1|          0|
    |ap_enable_reg_pp0_iter0_reg  |   1|   0|    1|          0|
    |ap_enable_reg_pp0_iter1      |   1|   0|    1|          0|
    |conv_reg_261                 |  64|   0|   64|          0|
    |i_18_reg_241                 |   7|   0|    7|          0|
    |i_fu_70                      |   7|   0|    7|          0|
    |icmp_ln85_reg_247            |   1|   0|    1|          0|
    |icmp_ln87_1_reg_272          |   1|   0|    1|          0|
    |icmp_ln87_2_reg_256          |   1|   0|    1|          0|
    |icmp_ln87_reg_267            |   1|   0|    1|          0|
    |zext_ln85_reg_277            |   7|   0|   64|         57|
    +-----------------------------+----+----+-----+-----------+
    |Total                        |  98|   0|  155|         57|
    +-----------------------------+----+----+-----+-----------+



================================================================
== Interface
================================================================
* Summary: 
+--------------------------+-----+------+------------+---------------------------------------+--------------+
|         RTL Ports        | Dir | Bits |  Protocol  |             Source Object             |    C Type    |
+--------------------------+-----+------+------------+---------------------------------------+--------------+
|ap_clk                    |   in|     1|  ap_ctrl_hs|  check_duplicate_Pipeline_copy_to_bram|  return value|
|ap_rst                    |   in|     1|  ap_ctrl_hs|  check_duplicate_Pipeline_copy_to_bram|  return value|
|ap_start                  |   in|     1|  ap_ctrl_hs|  check_duplicate_Pipeline_copy_to_bram|  return value|
|ap_done                   |  out|     1|  ap_ctrl_hs|  check_duplicate_Pipeline_copy_to_bram|  return value|
|ap_idle                   |  out|     1|  ap_ctrl_hs|  check_duplicate_Pipeline_copy_to_bram|  return value|
|ap_ready                  |  out|     1|  ap_ctrl_hs|  check_duplicate_Pipeline_copy_to_bram|  return value|
|grp_fu_5238_p_din0        |  out|    64|  ap_ctrl_hs|  check_duplicate_Pipeline_copy_to_bram|  return value|
|grp_fu_5238_p_din1        |  out|    64|  ap_ctrl_hs|  check_duplicate_Pipeline_copy_to_bram|  return value|
|grp_fu_5238_p_opcode      |  out|     5|  ap_ctrl_hs|  check_duplicate_Pipeline_copy_to_bram|  return value|
|grp_fu_5238_p_dout0       |   in|     1|  ap_ctrl_hs|  check_duplicate_Pipeline_copy_to_bram|  return value|
|grp_fu_5238_p_ce          |  out|     1|  ap_ctrl_hs|  check_duplicate_Pipeline_copy_to_bram|  return value|
|grp_fu_5242_p_din0        |  out|    32|  ap_ctrl_hs|  check_duplicate_Pipeline_copy_to_bram|  return value|
|grp_fu_5242_p_dout0       |   in|    64|  ap_ctrl_hs|  check_duplicate_Pipeline_copy_to_bram|  return value|
|grp_fu_5242_p_ce          |  out|     1|  ap_ctrl_hs|  check_duplicate_Pipeline_copy_to_bram|  return value|
|bram_data137_dout         |   in|  1024|     ap_fifo|                           bram_data137|       pointer|
|bram_data137_empty_n      |   in|     1|     ap_fifo|                           bram_data137|       pointer|
|bram_data137_read         |  out|     1|     ap_fifo|                           bram_data137|       pointer|
|write_out_data140_din     |  out|  1024|     ap_fifo|                      write_out_data140|       pointer|
|write_out_data140_full_n  |   in|     1|     ap_fifo|                      write_out_data140|       pointer|
|write_out_data140_write   |  out|     1|     ap_fifo|                      write_out_data140|       pointer|
|packet_w_data_V_address0  |  out|     7|   ap_memory|                        packet_w_data_V|         array|
|packet_w_data_V_ce0       |  out|     1|   ap_memory|                        packet_w_data_V|         array|
|packet_w_data_V_we0       |  out|     1|   ap_memory|                        packet_w_data_V|         array|
|packet_w_data_V_d0        |  out|  1024|   ap_memory|                        packet_w_data_V|         array|
|bitcast_ln87_1            |   in|    63|     ap_none|                         bitcast_ln87_1|        scalar|
|icmp_ln87_3               |   in|     1|     ap_none|                            icmp_ln87_3|        scalar|
|select_ln1035_9           |   in|    64|     ap_none|                        select_ln1035_9|        scalar|
+--------------------------+-----+------+------------+---------------------------------------+--------------+

