

================================================================
== Vitis HLS Report for 'check_input'
================================================================
* Date:           Thu Oct 26 14:39:46 2023

* Version:        2022.2 (Build 3670227 on Oct 13 2022)
* Project:        Dedup
* Solution:       solution1 (Vivado IP Flow Target)
* Product family: zynquplus
* Target device:  xczu9eg-ffvb1156-2-e


================================================================
== Performance Estimates
================================================================
+ Timing: 
    * Summary: 
    +--------+----------+----------+------------+
    |  Clock |  Target  | Estimated| Uncertainty|
    +--------+----------+----------+------------+
    |ap_clk  |  10.00 ns|  7.042 ns|     2.70 ns|
    +--------+----------+----------+------------+

+ Latency: 
    * Summary: 
    +---------+---------+-----------+-----------+-----+------+---------+
    |  Latency (cycles) |   Latency (absolute)  |  Interval  | Pipeline|
    |   min   |   max   |    min    |    max    | min |  max |   Type  |
    +---------+---------+-----------+-----------+-----+------+---------+
    |        1|     2539|  10.000 ns|  25.390 us|    1|  2539|       no|
    +---------+---------+-----------+-----------+-----+------+---------+

    + Detail: 
        * Instance: 
        N/A

        * Loop: 
        +---------------------------+---------+---------+----------+-----------+-----------+--------+----------+
        |                           |  Latency (cycles) | Iteration|  Initiation Interval  |  Trip  |          |
        |         Loop Name         |   min   |   max   |  Latency |  achieved |   target  |  Count | Pipelined|
        +---------------------------+---------+---------+----------+-----------+-----------+--------+----------+
        |- read_in_data             |      567|      648|     7 ~ 8|          -|          -|      81|        no|
        |- write_data_to_file       |       23|     1868|        23|          -|          -|  1 ~ 81|        no|
        | + segment_c_data_to_long  |       16|       16|         1|          -|          -|      16|        no|
        |- write_data_to_buffer     |       81|       81|         1|          -|          -|      81|        no|
        +---------------------------+---------+---------+----------+-----------+-----------+--------+----------+



================================================================
== Utilization Estimates
================================================================
* Summary: 
+-----------------+---------+------+--------+--------+-----+
|       Name      | BRAM_18K|  DSP |   FF   |   LUT  | URAM|
+-----------------+---------+------+--------+--------+-----+
|DSP              |        -|     1|       -|       -|    -|
|Expression       |        -|     -|       0|    3787|    -|
|FIFO             |        -|     -|       -|       -|    -|
|Instance         |        -|     -|     404|    1038|    -|
|Memory           |        2|     -|       0|       0|    -|
|Multiplexer      |        -|     -|       -|    1421|    -|
|Register         |        -|     -|   84656|       -|    -|
+-----------------+---------+------+--------+--------+-----+
|Total            |        2|     1|   85060|    6246|    0|
+-----------------+---------+------+--------+--------+-----+
|Available        |     1824|  2520|  548160|  274080|    0|
+-----------------+---------+------+--------+--------+-----+
|Utilization (%)  |       ~0|    ~0|      15|       2|    0|
+-----------------+---------+------+--------+--------+-----+

+ Detail: 
    * Instance: 
    +--------------------------------+--------------------------+---------+----+-----+-----+-----+
    |            Instance            |          Module          | BRAM_18K| DSP|  FF | LUT | URAM|
    +--------------------------------+--------------------------+---------+----+-----+-----+-----+
    |mux_817_1024_1_1_U1749          |mux_817_1024_1_1          |        0|   0|    0|  427|    0|
    |mux_817_1024_1_1_U1750          |mux_817_1024_1_1          |        0|   0|    0|  427|    0|
    |urem_16ns_3ns_2_20_seq_1_U1747  |urem_16ns_3ns_2_20_seq_1  |        0|   0|  202|   92|    0|
    |urem_16ns_8ns_7_20_seq_1_U1748  |urem_16ns_8ns_7_20_seq_1  |        0|   0|  202|   92|    0|
    +--------------------------------+--------------------------+---------+----+-----+-----+-----+
    |Total                           |                          |        0|   0|  404| 1038|    0|
    +--------------------------------+--------------------------+---------+----+-----+-----+-----+

    * DSP: 
    +------------------------------+------------------------+-----------+
    |           Instance           |         Module         | Expression|
    +------------------------------+------------------------+-----------+
    |mul_mul_11s_7ns_15_4_1_U1751  |mul_mul_11s_7ns_15_4_1  |    i0 * i1|
    +------------------------------+------------------------+-----------+

    * Memory: 
    +--------------+------------------------------------+---------+---+----+-----+------+-----+------+-------------+
    |    Memory    |               Module               | BRAM_18K| FF| LUT| URAM| Words| Bits| Banks| W*Bits*Banks|
    +--------------+------------------------------------+---------+---+----+-----+------+-----+------+-------------+
    |mask_table_U  |write_out_2_mask_table_ROM_AUTO_1R  |        2|  0|   0|    0|    64|   52|     1|         3328|
    +--------------+------------------------------------+---------+---+----+-----+------+-----+------+-------------+
    |Total         |                                    |        2|  0|   0|    0|    64|   52|     1|         3328|
    +--------------+------------------------------------+---------+---+----+-----+------+-----+------+-------------+

    * FIFO: 
    N/A

    * Expression: 
    +------------------------------------+----------+----+---+------+------------+------------+
    |            Variable Name           | Operation| DSP| FF|  LUT | Bitwidth P0| Bitwidth P1|
    +------------------------------------+----------+----+---+------+------------+------------+
    |add_ln20_fu_2764_p2                 |         +|   0|  0|    18|          11|          11|
    |add_ln23_fu_2804_p2                 |         +|   0|  0|    22|          15|          15|
    |add_ln25_fu_2988_p2                 |         +|   0|  0|    39|          32|           1|
    |add_ln44_fu_3127_p2                 |         +|   0|  0|    12|           5|           1|
    |add_ln840_2_fu_2575_p2              |         +|   0|  0|    64|          64|           5|
    |add_ln840_3_fu_2581_p2              |         +|   0|  0|    64|          64|          64|
    |add_ln840_4_fu_2611_p2              |         +|   0|  0|    71|          64|          64|
    |add_ln840_5_fu_2674_p2              |         +|   0|  0|    23|          16|           1|
    |add_ln840_6_fu_2679_p2              |         +|   0|  0|    23|          16|           1|
    |add_ln840_fu_2569_p2                |         +|   0|  0|    71|          64|           6|
    |data_V_9_fu_1529_p2                 |         +|   0|  0|    71|          64|          64|
    |i_V_13_fu_1681_p2                   |         +|   0|  0|    14|           7|           1|
    |i_V_15_fu_2794_p2                   |         +|   0|  0|    14|           7|           1|
    |i_V_17_fu_3065_p2                   |         +|   0|  0|    14|           7|           1|
    |ret_V_fu_2601_p2                    |         -|   0|  0|    10|           1|           3|
    |sub_ln20_fu_2746_p2                 |         -|   0|  0|    17|          10|          10|
    |and_ln1023_fu_2629_p2               |       and|   0|  0|     2|           1|           1|
    |and_ln1035_fu_1639_p2               |       and|   0|  0|     2|           1|           1|
    |and_ln104_1_fu_1749_p2              |       and|   0|  0|     2|           1|           1|
    |and_ln104_fu_1743_p2                |       and|   0|  0|     2|           1|           1|
    |and_ln170_fu_2653_p2                |       and|   0|  0|     2|           1|           1|
    |and_ln182_fu_3005_p2                |       and|   0|  0|     2|           1|           1|
    |and_ln21_9_fu_1605_p2               |       and|   0|  0|     2|           1|           1|
    |and_ln21_fu_1501_p2                 |       and|   0|  0|     2|           1|           1|
    |and_ln41_1_fu_3115_p2               |       and|   0|  0|     2|           1|           1|
    |and_ln41_fu_3109_p2                 |       and|   0|  0|     2|           1|           1|
    |ap_block_state23                    |       and|   0|  0|     2|           1|           1|
    |ap_block_state26                    |       and|   0|  0|     2|           1|           1|
    |ap_block_state58                    |       and|   0|  0|     2|           1|           1|
    |ap_condition_2930                   |       and|   0|  0|     2|           1|           1|
    |ap_condition_2933                   |       and|   0|  0|     2|           1|           1|
    |ap_condition_2936                   |       and|   0|  0|     2|           1|           1|
    |ap_condition_2939                   |       and|   0|  0|     2|           1|           1|
    |ap_condition_2942                   |       and|   0|  0|     2|           1|           1|
    |ap_condition_2945                   |       and|   0|  0|     2|           1|           1|
    |ap_condition_2948                   |       and|   0|  0|     2|           1|           1|
    |ap_condition_2951                   |       and|   0|  0|     2|           1|           1|
    |ap_condition_2954                   |       and|   0|  0|     2|           1|           1|
    |ap_condition_2957                   |       and|   0|  0|     2|           1|           1|
    |ap_condition_2960                   |       and|   0|  0|     2|           1|           1|
    |ap_condition_2963                   |       and|   0|  0|     2|           1|           1|
    |ap_condition_2966                   |       and|   0|  0|     2|           1|           1|
    |ap_condition_2969                   |       and|   0|  0|     2|           1|           1|
    |ap_condition_2972                   |       and|   0|  0|     2|           1|           1|
    |ap_condition_2975                   |       and|   0|  0|     2|           1|           1|
    |ap_condition_2978                   |       and|   0|  0|     2|           1|           1|
    |ap_condition_2981                   |       and|   0|  0|     2|           1|           1|
    |ap_condition_2984                   |       and|   0|  0|     2|           1|           1|
    |ap_condition_2987                   |       and|   0|  0|     2|           1|           1|
    |ap_condition_2990                   |       and|   0|  0|     2|           1|           1|
    |ap_condition_2993                   |       and|   0|  0|     2|           1|           1|
    |ap_condition_2996                   |       and|   0|  0|     2|           1|           1|
    |ap_condition_2999                   |       and|   0|  0|     2|           1|           1|
    |ap_condition_3002                   |       and|   0|  0|     2|           1|           1|
    |ap_condition_3005                   |       and|   0|  0|     2|           1|           1|
    |ap_condition_3008                   |       and|   0|  0|     2|           1|           1|
    |ap_condition_3011                   |       and|   0|  0|     2|           1|           1|
    |ap_condition_3014                   |       and|   0|  0|     2|           1|           1|
    |ap_condition_3017                   |       and|   0|  0|     2|           1|           1|
    |ap_condition_3020                   |       and|   0|  0|     2|           1|           1|
    |ap_condition_3023                   |       and|   0|  0|     2|           1|           1|
    |ap_condition_3026                   |       and|   0|  0|     2|           1|           1|
    |ap_condition_3029                   |       and|   0|  0|     2|           1|           1|
    |ap_condition_3032                   |       and|   0|  0|     2|           1|           1|
    |ap_condition_3035                   |       and|   0|  0|     2|           1|           1|
    |ap_condition_3038                   |       and|   0|  0|     2|           1|           1|
    |ap_condition_3041                   |       and|   0|  0|     2|           1|           1|
    |ap_condition_3044                   |       and|   0|  0|     2|           1|           1|
    |ap_condition_3047                   |       and|   0|  0|     2|           1|           1|
    |ap_condition_3050                   |       and|   0|  0|     2|           1|           1|
    |ap_condition_3053                   |       and|   0|  0|     2|           1|           1|
    |ap_condition_3056                   |       and|   0|  0|     2|           1|           1|
    |ap_condition_3059                   |       and|   0|  0|     2|           1|           1|
    |ap_condition_3062                   |       and|   0|  0|     2|           1|           1|
    |ap_condition_3065                   |       and|   0|  0|     2|           1|           1|
    |ap_condition_3068                   |       and|   0|  0|     2|           1|           1|
    |ap_condition_3071                   |       and|   0|  0|     2|           1|           1|
    |ap_condition_3074                   |       and|   0|  0|     2|           1|           1|
    |ap_condition_3077                   |       and|   0|  0|     2|           1|           1|
    |ap_condition_3080                   |       and|   0|  0|     2|           1|           1|
    |ap_condition_3083                   |       and|   0|  0|     2|           1|           1|
    |ap_condition_3086                   |       and|   0|  0|     2|           1|           1|
    |ap_condition_3089                   |       and|   0|  0|     2|           1|           1|
    |ap_condition_3092                   |       and|   0|  0|     2|           1|           1|
    |ap_condition_3095                   |       and|   0|  0|     2|           1|           1|
    |ap_condition_3098                   |       and|   0|  0|     2|           1|           1|
    |ap_condition_3101                   |       and|   0|  0|     2|           1|           1|
    |ap_condition_3104                   |       and|   0|  0|     2|           1|           1|
    |ap_condition_3107                   |       and|   0|  0|     2|           1|           1|
    |ap_condition_3110                   |       and|   0|  0|     2|           1|           1|
    |ap_condition_3113                   |       and|   0|  0|     2|           1|           1|
    |ap_condition_3116                   |       and|   0|  0|     2|           1|           1|
    |ap_condition_3119                   |       and|   0|  0|     2|           1|           1|
    |ap_condition_3122                   |       and|   0|  0|     2|           1|           1|
    |ap_condition_3125                   |       and|   0|  0|     2|           1|           1|
    |ap_condition_3128                   |       and|   0|  0|     2|           1|           1|
    |ap_condition_3131                   |       and|   0|  0|     2|           1|           1|
    |ap_condition_3134                   |       and|   0|  0|     2|           1|           1|
    |ap_condition_3137                   |       and|   0|  0|     2|           1|           1|
    |ap_condition_3140                   |       and|   0|  0|     2|           1|           1|
    |ap_condition_3143                   |       and|   0|  0|     2|           1|           1|
    |ap_condition_3146                   |       and|   0|  0|     2|           1|           1|
    |ap_condition_3149                   |       and|   0|  0|     2|           1|           1|
    |ap_condition_3152                   |       and|   0|  0|     2|           1|           1|
    |ap_condition_3155                   |       and|   0|  0|     2|           1|           1|
    |ap_condition_3158                   |       and|   0|  0|     2|           1|           1|
    |ap_condition_3240                   |       and|   0|  0|     2|           1|           1|
    |ap_condition_3243                   |       and|   0|  0|     2|           1|           1|
    |ap_condition_3246                   |       and|   0|  0|     2|           1|           1|
    |ap_condition_3249                   |       and|   0|  0|     2|           1|           1|
    |ap_predicate_op172_read_state1      |       and|   0|  0|     2|           1|           1|
    |ap_predicate_op244_write_state18    |       and|   0|  0|     2|           1|           1|
    |ap_predicate_op940_write_state58    |       and|   0|  0|     2|           1|           1|
    |tmp_nbreadreq_fu_764_p3             |       and|   0|  0|     2|           1|           0|
    |xs_sig_V_34_fu_1580_p2              |       and|   0|  0|    52|          52|          52|
    |grp_fu_1129_p2                      |      icmp|   0|  0|    11|          11|           2|
    |icmp_ln1019_10_fu_1496_p2           |      icmp|   0|  0|    11|          11|           1|
    |icmp_ln1019_7_fu_2648_p2            |      icmp|   0|  0|    13|          16|          16|
    |icmp_ln1019_9_fu_1491_p2            |      icmp|   0|  0|    24|          52|           1|
    |icmp_ln1019_fu_2643_p2              |      icmp|   0|  0|    13|          16|          16|
    |icmp_ln1023_fu_2595_p2              |      icmp|   0|  0|     8|           3|           1|
    |icmp_ln1027_10_fu_3059_p2           |      icmp|   0|  0|    10|           7|           7|
    |icmp_ln1027_9_fu_2788_p2            |      icmp|   0|  0|    10|           7|           7|
    |icmp_ln1027_fu_1675_p2              |      icmp|   0|  0|    10|           7|           7|
    |icmp_ln1035_9_fu_1486_p2            |      icmp|   0|  0|    11|          11|          11|
    |icmp_ln1035_fu_1481_p2              |      icmp|   0|  0|    11|          11|          10|
    |icmp_ln104_1_fu_1729_p2             |      icmp|   0|  0|    24|          52|           1|
    |icmp_ln104_3_fu_1661_p2             |      icmp|   0|  0|    24|          52|           1|
    |icmp_ln104_fu_1723_p2               |      icmp|   0|  0|    11|          11|           2|
    |icmp_ln41_1_fu_3095_p2              |      icmp|   0|  0|    24|          52|           1|
    |icmp_ln41_fu_3089_p2                |      icmp|   0|  0|    11|          11|           2|
    |icmp_ln44_fu_3121_p2                |      icmp|   0|  0|    10|           5|           6|
    |icmp_ln45_fu_3150_p2                |      icmp|   0|  0|    29|          64|          64|
    |lshr_ln628_fu_3334_p2               |      lshr|   0|  0|  2171|        1024|        1024|
    |ap_block_state1                     |        or|   0|  0|     2|           1|           1|
    |ap_block_state18                    |        or|   0|  0|     2|           1|           1|
    |or_ln1035_fu_1619_p2                |        or|   0|  0|     2|           1|           1|
    |or_ln104_1_fu_1739_p2               |        or|   0|  0|     2|           1|           1|
    |or_ln104_fu_1735_p2                 |        or|   0|  0|     2|           1|           1|
    |or_ln143_fu_1395_p2                 |        or|   0|  0|     2|           1|           1|
    |or_ln182_fu_2994_p2                 |        or|   0|  0|     2|           1|           1|
    |or_ln21_fu_1600_p2                  |        or|   0|  0|     2|           1|           1|
    |or_ln41_1_fu_3105_p2                |        or|   0|  0|     2|           1|           1|
    |or_ln41_fu_3101_p2                  |        or|   0|  0|     2|           1|           1|
    |or_ln779_fu_1549_p2                 |        or|   0|  0|    64|          64|          64|
    |read_current_l1_pos_V_1_fu_2684_p3  |    select|   0|  0|    16|           1|          16|
    |select_ln100_fu_2617_p3             |    select|   0|  0|    64|           1|          64|
    |select_ln1023_fu_2635_p3            |    select|   0|  0|    64|           1|          64|
    |select_ln1035_9_fu_1645_p3          |    select|   0|  0|    64|           1|          64|
    |select_ln1035_fu_1625_p3            |    select|   0|  0|    64|           1|          64|
    |select_ln21_fu_1611_p3              |    select|   0|  0|    64|           1|          64|
    |select_ln58_fu_2690_p3              |    select|   0|  0|    16|           1|           1|
    |xs_exp_V_26_fu_1562_p3              |    select|   0|  0|    10|           1|          11|
    |xs_sig_V_31_fu_1568_p3              |    select|   0|  0|    50|           1|          52|
    |xor_ln100_fu_2624_p2                |       xor|   0|  0|     2|           1|           2|
    |xor_ln1035_fu_1633_p2               |       xor|   0|  0|     2|           1|           2|
    |xor_ln143_fu_1389_p2                |       xor|   0|  0|     2|           1|           2|
    |xor_ln1497_fu_1574_p2               |       xor|   0|  0|    52|          52|           2|
    |xor_ln182_fu_2999_p2                |       xor|   0|  0|     2|           1|           2|
    +------------------------------------+----------+----+---+------+------------+------------+
    |Total                               |          |   0|  0|  3787|        2159|        2062|
    +------------------------------------+----------+----+---+------+------------+------------+

    * Multiplexer: 
    +--------------------------------------------+-----+-----------+------+-----------+
    |                    Name                    | LUT | Input Size| Bits | Total Bits|
    +--------------------------------------------+-----+-----------+------+-----------+
    |ap_NS_fsm                                   |  273|         64|     1|         64|
    |ap_phi_mux_buffer_counter_2_phi_fu_1027_p8  |    9|          2|    32|         64|
    |ap_phi_mux_file_length_0_phi_fu_963_p4      |    9|          2|    64|        128|
    |ap_phi_mux_file_length_2_phi_fu_1040_p8     |    9|          2|    64|        128|
    |ap_phi_mux_l1_0_phi_fu_997_p4               |    9|          2|    16|         32|
    |ap_phi_mux_l1_4_phi_fu_1085_p8              |    9|          2|    16|         32|
    |ap_phi_mux_l2_0_phi_fu_986_p4               |    9|          2|    16|         32|
    |ap_phi_mux_l2_3_phi_fu_1071_p8              |    9|          2|    16|         32|
    |ap_phi_mux_write_flag2_2_phi_fu_1054_p8     |    9|          2|     1|          2|
    |ap_phi_mux_write_flag_1_phi_fu_1010_p8      |    9|          2|     1|          2|
    |ap_return_0                                 |    9|          2|    16|         32|
    |ap_return_1                                 |    9|          2|    16|         32|
    |ap_return_2                                 |    9|          2|    64|        128|
    |ap_return_3                                 |    9|          2|    32|         64|
    |ap_return_4                                 |    9|          2|     1|          2|
    |ap_return_5                                 |    9|          2|     1|          2|
    |buffer_counter_2_reg_1024                   |    9|          2|    32|         64|
    |data_in_buffer_V_10_fu_430                  |    9|          2|  1024|       2048|
    |data_in_buffer_V_11_fu_434                  |    9|          2|  1024|       2048|
    |data_in_buffer_V_12_fu_438                  |    9|          2|  1024|       2048|
    |data_in_buffer_V_13_fu_442                  |    9|          2|  1024|       2048|
    |data_in_buffer_V_14_fu_446                  |    9|          2|  1024|       2048|
    |data_in_buffer_V_15_fu_450                  |    9|          2|  1024|       2048|
    |data_in_buffer_V_16_fu_454                  |    9|          2|  1024|       2048|
    |data_in_buffer_V_17_fu_458                  |    9|          2|  1024|       2048|
    |data_in_buffer_V_18_fu_462                  |    9|          2|  1024|       2048|
    |data_in_buffer_V_19_fu_466                  |    9|          2|  1024|       2048|
    |data_in_buffer_V_1_fu_394                   |    9|          2|  1024|       2048|
    |data_in_buffer_V_20_fu_470                  |    9|          2|  1024|       2048|
    |data_in_buffer_V_21_fu_474                  |    9|          2|  1024|       2048|
    |data_in_buffer_V_22_fu_478                  |    9|          2|  1024|       2048|
    |data_in_buffer_V_23_fu_482                  |    9|          2|  1024|       2048|
    |data_in_buffer_V_24_fu_486                  |    9|          2|  1024|       2048|
    |data_in_buffer_V_25_fu_490                  |    9|          2|  1024|       2048|
    |data_in_buffer_V_26_fu_494                  |    9|          2|  1024|       2048|
    |data_in_buffer_V_27_fu_498                  |    9|          2|  1024|       2048|
    |data_in_buffer_V_28_fu_502                  |    9|          2|  1024|       2048|
    |data_in_buffer_V_29_fu_506                  |    9|          2|  1024|       2048|
    |data_in_buffer_V_2_fu_398                   |    9|          2|  1024|       2048|
    |data_in_buffer_V_30_fu_510                  |    9|          2|  1024|       2048|
    |data_in_buffer_V_31_fu_514                  |    9|          2|  1024|       2048|
    |data_in_buffer_V_32_fu_518                  |    9|          2|  1024|       2048|
    |data_in_buffer_V_33_fu_522                  |    9|          2|  1024|       2048|
    |data_in_buffer_V_34_fu_526                  |    9|          2|  1024|       2048|
    |data_in_buffer_V_35_fu_530                  |    9|          2|  1024|       2048|
    |data_in_buffer_V_36_fu_534                  |    9|          2|  1024|       2048|
    |data_in_buffer_V_37_fu_538                  |    9|          2|  1024|       2048|
    |data_in_buffer_V_38_fu_542                  |    9|          2|  1024|       2048|
    |data_in_buffer_V_39_fu_546                  |    9|          2|  1024|       2048|
    |data_in_buffer_V_3_fu_402                   |    9|          2|  1024|       2048|
    |data_in_buffer_V_40_fu_550                  |    9|          2|  1024|       2048|
    |data_in_buffer_V_41_fu_554                  |    9|          2|  1024|       2048|
    |data_in_buffer_V_42_fu_558                  |    9|          2|  1024|       2048|
    |data_in_buffer_V_43_fu_562                  |    9|          2|  1024|       2048|
    |data_in_buffer_V_44_fu_566                  |    9|          2|  1024|       2048|
    |data_in_buffer_V_45_fu_570                  |    9|          2|  1024|       2048|
    |data_in_buffer_V_46_fu_574                  |    9|          2|  1024|       2048|
    |data_in_buffer_V_47_fu_578                  |    9|          2|  1024|       2048|
    |data_in_buffer_V_48_fu_582                  |    9|          2|  1024|       2048|
    |data_in_buffer_V_49_fu_586                  |    9|          2|  1024|       2048|
    |data_in_buffer_V_4_fu_406                   |    9|          2|  1024|       2048|
    |data_in_buffer_V_50_fu_590                  |    9|          2|  1024|       2048|
    |data_in_buffer_V_51_fu_594                  |    9|          2|  1024|       2048|
    |data_in_buffer_V_52_fu_598                  |    9|          2|  1024|       2048|
    |data_in_buffer_V_53_fu_602                  |    9|          2|  1024|       2048|
    |data_in_buffer_V_54_fu_606                  |    9|          2|  1024|       2048|
    |data_in_buffer_V_55_fu_610                  |    9|          2|  1024|       2048|
    |data_in_buffer_V_56_fu_614                  |    9|          2|  1024|       2048|
    |data_in_buffer_V_57_fu_618                  |    9|          2|  1024|       2048|
    |data_in_buffer_V_58_fu_622                  |    9|          2|  1024|       2048|
    |data_in_buffer_V_59_fu_626                  |    9|          2|  1024|       2048|
    |data_in_buffer_V_5_fu_410                   |    9|          2|  1024|       2048|
    |data_in_buffer_V_60_fu_630                  |    9|          2|  1024|       2048|
    |data_in_buffer_V_61_fu_634                  |    9|          2|  1024|       2048|
    |data_in_buffer_V_62_fu_638                  |    9|          2|  1024|       2048|
    |data_in_buffer_V_63_fu_642                  |    9|          2|  1024|       2048|
    |data_in_buffer_V_64_fu_646                  |    9|          2|  1024|       2048|
    |data_in_buffer_V_65_fu_650                  |    9|          2|  1024|       2048|
    |data_in_buffer_V_66_fu_654                  |    9|          2|  1024|       2048|
    |data_in_buffer_V_67_fu_658                  |    9|          2|  1024|       2048|
    |data_in_buffer_V_68_fu_662                  |    9|          2|  1024|       2048|
    |data_in_buffer_V_69_fu_666                  |    9|          2|  1024|       2048|
    |data_in_buffer_V_6_fu_414                   |    9|          2|  1024|       2048|
    |data_in_buffer_V_70_fu_670                  |    9|          2|  1024|       2048|
    |data_in_buffer_V_71_fu_674                  |    9|          2|  1024|       2048|
    |data_in_buffer_V_72_fu_678                  |    9|          2|  1024|       2048|
    |data_in_buffer_V_73_fu_682                  |    9|          2|  1024|       2048|
    |data_in_buffer_V_74_fu_686                  |    9|          2|  1024|       2048|
    |data_in_buffer_V_75_fu_690                  |    9|          2|  1024|       2048|
    |data_in_buffer_V_76_fu_694                  |    9|          2|  1024|       2048|
    |data_in_buffer_V_77_fu_698                  |    9|          2|  1024|       2048|
    |data_in_buffer_V_78_fu_702                  |    9|          2|  1024|       2048|
    |data_in_buffer_V_79_fu_706                  |    9|          2|  1024|       2048|
    |data_in_buffer_V_7_fu_418                   |    9|          2|  1024|       2048|
    |data_in_buffer_V_80_fu_710                  |    9|          2|  1024|       2048|
    |data_in_buffer_V_8_fu_422                   |    9|          2|  1024|       2048|
    |data_in_buffer_V_9_fu_426                   |    9|          2|  1024|       2048|
    |data_in_buffer_V_fu_390                     |    9|          2|  1024|       2048|
    |end_out_buffer114_blk_n                     |    9|          2|     1|          2|
    |file_length_0_reg_960                       |    9|          2|    64|        128|
    |file_length_2_reg_1037                      |    9|          2|    64|        128|
    |grp_fu_1107_p0                              |   14|          3|    64|        192|
    |grp_fu_1107_p1                              |   14|          3|    64|        192|
    |grp_fu_1113_opcode                          |   14|          3|     5|         15|
    |grp_fu_1117_p0                              |   20|          4|    64|        256|
    |i_V_11_fu_714                               |    9|          2|     7|         14|
    |i_V_12_fu_718                               |    9|          2|     7|         14|
    |i_V_fu_386                                  |    9|          2|     7|         14|
    |j_reg_1096                                  |    9|          2|     5|         10|
    |l1_0_reg_994                                |    9|          2|    16|         32|
    |l1_4_reg_1082                               |   14|          3|    16|         48|
    |l2_0_reg_983                                |    9|          2|    16|         32|
    |l2_3_reg_1068                               |   14|          3|    16|         48|
    |out_buffer112_blk_n                         |    9|          2|     1|          2|
    |out_buffer112_din                           |   59|         11|    64|        704|
    |pre_reorder_data_buffer117_blk_n            |    9|          2|     1|          2|
    |pre_reorder_end_buffer118_blk_n             |    9|          2|     1|          2|
    |pre_reorder_meta_buffer_blk_n               |    9|          2|     1|          2|
    |write_flag2_2_reg_1050                      |    9|          2|     1|          2|
    +--------------------------------------------+-----+-----------+------+-----------+
    |Total                                       | 1421|        316| 83818|     168567|
    +--------------------------------------------+-----+-----------+------+-----------+

    * Register: 
    +-----------------------------------------+------+----+------+-----------+
    |                   Name                  |  FF  | LUT| Bits | Const Bits|
    +-----------------------------------------+------+----+------+-----------+
    |and_ln170_reg_4129                       |     1|   0|     1|          0|
    |ap_CS_fsm                                |    63|   0|    63|          0|
    |ap_return_0_preg                         |    16|   0|    16|          0|
    |ap_return_1_preg                         |    16|   0|    16|          0|
    |ap_return_2_preg                         |    64|   0|    64|          0|
    |ap_return_3_preg                         |    32|   0|    32|          0|
    |ap_return_4_preg                         |     1|   0|     1|          0|
    |ap_return_5_preg                         |     1|   0|     1|          0|
    |bitcast_ln104_1_reg_4060                 |    64|   0|    64|          0|
    |buffer_counter_2_reg_1024                |    32|   0|    32|          0|
    |data_V_reg_4018                          |    64|   0|    64|          0|
    |data_in_buffer_V_10_fu_430               |  1024|   0|  1024|          0|
    |data_in_buffer_V_11_fu_434               |  1024|   0|  1024|          0|
    |data_in_buffer_V_12_fu_438               |  1024|   0|  1024|          0|
    |data_in_buffer_V_13_fu_442               |  1024|   0|  1024|          0|
    |data_in_buffer_V_14_fu_446               |  1024|   0|  1024|          0|
    |data_in_buffer_V_15_fu_450               |  1024|   0|  1024|          0|
    |data_in_buffer_V_16_fu_454               |  1024|   0|  1024|          0|
    |data_in_buffer_V_17_fu_458               |  1024|   0|  1024|          0|
    |data_in_buffer_V_18_fu_462               |  1024|   0|  1024|          0|
    |data_in_buffer_V_19_fu_466               |  1024|   0|  1024|          0|
    |data_in_buffer_V_1_fu_394                |  1024|   0|  1024|          0|
    |data_in_buffer_V_20_fu_470               |  1024|   0|  1024|          0|
    |data_in_buffer_V_21_fu_474               |  1024|   0|  1024|          0|
    |data_in_buffer_V_22_fu_478               |  1024|   0|  1024|          0|
    |data_in_buffer_V_23_fu_482               |  1024|   0|  1024|          0|
    |data_in_buffer_V_24_fu_486               |  1024|   0|  1024|          0|
    |data_in_buffer_V_25_fu_490               |  1024|   0|  1024|          0|
    |data_in_buffer_V_26_fu_494               |  1024|   0|  1024|          0|
    |data_in_buffer_V_27_fu_498               |  1024|   0|  1024|          0|
    |data_in_buffer_V_28_fu_502               |  1024|   0|  1024|          0|
    |data_in_buffer_V_29_fu_506               |  1024|   0|  1024|          0|
    |data_in_buffer_V_2_fu_398                |  1024|   0|  1024|          0|
    |data_in_buffer_V_30_fu_510               |  1024|   0|  1024|          0|
    |data_in_buffer_V_31_fu_514               |  1024|   0|  1024|          0|
    |data_in_buffer_V_32_fu_518               |  1024|   0|  1024|          0|
    |data_in_buffer_V_33_fu_522               |  1024|   0|  1024|          0|
    |data_in_buffer_V_34_fu_526               |  1024|   0|  1024|          0|
    |data_in_buffer_V_35_fu_530               |  1024|   0|  1024|          0|
    |data_in_buffer_V_36_fu_534               |  1024|   0|  1024|          0|
    |data_in_buffer_V_37_fu_538               |  1024|   0|  1024|          0|
    |data_in_buffer_V_38_fu_542               |  1024|   0|  1024|          0|
    |data_in_buffer_V_39_fu_546               |  1024|   0|  1024|          0|
    |data_in_buffer_V_3_fu_402                |  1024|   0|  1024|          0|
    |data_in_buffer_V_40_fu_550               |  1024|   0|  1024|          0|
    |data_in_buffer_V_41_fu_554               |  1024|   0|  1024|          0|
    |data_in_buffer_V_42_fu_558               |  1024|   0|  1024|          0|
    |data_in_buffer_V_43_fu_562               |  1024|   0|  1024|          0|
    |data_in_buffer_V_44_fu_566               |  1024|   0|  1024|          0|
    |data_in_buffer_V_45_fu_570               |  1024|   0|  1024|          0|
    |data_in_buffer_V_46_fu_574               |  1024|   0|  1024|          0|
    |data_in_buffer_V_47_fu_578               |  1024|   0|  1024|          0|
    |data_in_buffer_V_48_fu_582               |  1024|   0|  1024|          0|
    |data_in_buffer_V_49_fu_586               |  1024|   0|  1024|          0|
    |data_in_buffer_V_4_fu_406                |  1024|   0|  1024|          0|
    |data_in_buffer_V_50_fu_590               |  1024|   0|  1024|          0|
    |data_in_buffer_V_51_fu_594               |  1024|   0|  1024|          0|
    |data_in_buffer_V_52_fu_598               |  1024|   0|  1024|          0|
    |data_in_buffer_V_53_fu_602               |  1024|   0|  1024|          0|
    |data_in_buffer_V_54_fu_606               |  1024|   0|  1024|          0|
    |data_in_buffer_V_55_fu_610               |  1024|   0|  1024|          0|
    |data_in_buffer_V_56_fu_614               |  1024|   0|  1024|          0|
    |data_in_buffer_V_57_fu_618               |  1024|   0|  1024|          0|
    |data_in_buffer_V_58_fu_622               |  1024|   0|  1024|          0|
    |data_in_buffer_V_59_fu_626               |  1024|   0|  1024|          0|
    |data_in_buffer_V_5_fu_410                |  1024|   0|  1024|          0|
    |data_in_buffer_V_60_fu_630               |  1024|   0|  1024|          0|
    |data_in_buffer_V_61_fu_634               |  1024|   0|  1024|          0|
    |data_in_buffer_V_62_fu_638               |  1024|   0|  1024|          0|
    |data_in_buffer_V_63_fu_642               |  1024|   0|  1024|          0|
    |data_in_buffer_V_64_fu_646               |  1024|   0|  1024|          0|
    |data_in_buffer_V_65_fu_650               |  1024|   0|  1024|          0|
    |data_in_buffer_V_66_fu_654               |  1024|   0|  1024|          0|
    |data_in_buffer_V_67_fu_658               |  1024|   0|  1024|          0|
    |data_in_buffer_V_68_fu_662               |  1024|   0|  1024|          0|
    |data_in_buffer_V_69_fu_666               |  1024|   0|  1024|          0|
    |data_in_buffer_V_6_fu_414                |  1024|   0|  1024|          0|
    |data_in_buffer_V_70_fu_670               |  1024|   0|  1024|          0|
    |data_in_buffer_V_71_fu_674               |  1024|   0|  1024|          0|
    |data_in_buffer_V_72_fu_678               |  1024|   0|  1024|          0|
    |data_in_buffer_V_73_fu_682               |  1024|   0|  1024|          0|
    |data_in_buffer_V_74_fu_686               |  1024|   0|  1024|          0|
    |data_in_buffer_V_75_fu_690               |  1024|   0|  1024|          0|
    |data_in_buffer_V_76_fu_694               |  1024|   0|  1024|          0|
    |data_in_buffer_V_77_fu_698               |  1024|   0|  1024|          0|
    |data_in_buffer_V_78_fu_702               |  1024|   0|  1024|          0|
    |data_in_buffer_V_79_fu_706               |  1024|   0|  1024|          0|
    |data_in_buffer_V_7_fu_418                |  1024|   0|  1024|          0|
    |data_in_buffer_V_80_fu_710               |  1024|   0|  1024|          0|
    |data_in_buffer_V_8_fu_422                |  1024|   0|  1024|          0|
    |data_in_buffer_V_9_fu_426                |  1024|   0|  1024|          0|
    |data_in_buffer_V_fu_390                  |  1024|   0|  1024|          0|
    |file_length_0_reg_960                    |    64|   0|    64|          0|
    |file_length_2_reg_1037                   |    64|   0|    64|          0|
    |i_V_10_reg_4071                          |     7|   0|     7|          0|
    |i_V_11_fu_714                            |     7|   0|     7|          0|
    |i_V_12_fu_718                            |     7|   0|     7|          0|
    |i_V_13_reg_4083                          |     7|   0|     7|          0|
    |i_V_17_reg_4197                          |     7|   0|     7|          0|
    |i_V_fu_386                               |     7|   0|     7|          0|
    |icmp_ln1027_10_reg_4193                  |     1|   0|     1|          0|
    |icmp_ln104_1_reg_4110                    |     1|   0|     1|          0|
    |icmp_ln104_2_reg_4115                    |     1|   0|     1|          0|
    |icmp_ln104_3_reg_4065                    |     1|   0|     1|          0|
    |icmp_ln104_reg_4105                      |     1|   0|     1|          0|
    |icmp_ln41_1_reg_4212                     |     1|   0|     1|          0|
    |icmp_ln41_2_reg_4202                     |     1|   0|     1|          0|
    |icmp_ln41_reg_4207                       |     1|   0|     1|          0|
    |j_reg_1096                               |     5|   0|     5|          0|
    |l1_0_reg_994                             |    16|   0|    16|          0|
    |l1_4_reg_1082                            |    16|   0|    16|          0|
    |l2_0_reg_983                             |    16|   0|    16|          0|
    |l2_3_reg_1068                            |    16|   0|    16|          0|
    |meta_hash_V_reg_3990                     |   160|   0|   160|          0|
    |meta_is_duplicate_reg_4002               |     1|   0|     1|          0|
    |meta_l1_pos_V_reg_4088                   |    16|   0|    16|          0|
    |meta_l2_pos_V_reg_4097                   |    16|   0|    16|          0|
    |meta_last_l2_chunk_reg_3995              |     1|   0|     1|          0|
    |meta_size_V_reg_4009                     |    64|   0|    64|          0|
    |mul_ln19_reg_4170                        |    15|   0|    15|          0|
    |or_ln143_reg_3398                        |     1|   0|     1|          0|
    |p_Result_s_reg_4023                      |     1|   0|     1|          0|
    |p_s_reg_4155                             |    64|   0|    64|          0|
    |pre_reorder_end_buffer118_read_reg_3402  |     1|   0|     1|          0|
    |pre_reorder_meta_buffer_read_reg_3980    |   258|   0|   258|          0|
    |read_current_l1_pos_V_1_reg_4140         |    16|   0|    16|          0|
    |reg_1378                                 |    64|   0|    64|          0|
    |reg_1384                                 |    64|   0|    64|          0|
    |select_ln1023_reg_4123                   |    64|   0|    64|          0|
    |select_ln1035_9_reg_4055                 |    64|   0|    64|          0|
    |select_ln58_reg_4145                     |    16|   0|    16|          0|
    |tmp_18_reg_4160                          |    32|   0|    32|          0|
    |trunc_ln368_reg_4050                     |    63|   0|    63|          0|
    |trunc_ln628_reg_4150                     |    64|   0|    64|          0|
    |write_flag2_0_reg_970                    |     1|   0|     1|          0|
    |write_flag2_2_reg_1050                   |     1|   0|     1|          0|
    |write_flag_1_reg_1005                    |     1|   0|     1|          0|
    |xs_exp_V_25_reg_4031                     |    11|   0|    11|          0|
    |xs_sig_V_33_reg_4039                     |    52|   0|    52|          0|
    +-----------------------------------------+------+----+------+-----------+
    |Total                                    | 84656|   0| 84656|          0|
    +-----------------------------------------+------+----+------+-----------+



================================================================
== Interface
================================================================
* Summary: 
+-------------------------------------------+-----+------+------------+----------------------------+--------------+
|                 RTL Ports                 | Dir | Bits |  Protocol  |        Source Object       |    C Type    |
+-------------------------------------------+-----+------+------------+----------------------------+--------------+
|ap_clk                                     |   in|     1|  ap_ctrl_hs|                 check_input|  return value|
|ap_rst                                     |   in|     1|  ap_ctrl_hs|                 check_input|  return value|
|ap_start                                   |   in|     1|  ap_ctrl_hs|                 check_input|  return value|
|ap_done                                    |  out|     1|  ap_ctrl_hs|                 check_input|  return value|
|ap_idle                                    |  out|     1|  ap_ctrl_hs|                 check_input|  return value|
|ap_ready                                   |  out|     1|  ap_ctrl_hs|                 check_input|  return value|
|ap_return_0                                |  out|    16|  ap_ctrl_hs|                 check_input|  return value|
|ap_return_1                                |  out|    16|  ap_ctrl_hs|                 check_input|  return value|
|ap_return_2                                |  out|    64|  ap_ctrl_hs|                 check_input|  return value|
|ap_return_3                                |  out|    32|  ap_ctrl_hs|                 check_input|  return value|
|ap_return_4                                |  out|     1|  ap_ctrl_hs|                 check_input|  return value|
|ap_return_5                                |  out|     1|  ap_ctrl_hs|                 check_input|  return value|
|grp_fu_506_p_din0                          |  out|    64|  ap_ctrl_hs|                 check_input|  return value|
|grp_fu_506_p_din1                          |  out|    64|  ap_ctrl_hs|                 check_input|  return value|
|grp_fu_506_p_dout0                         |   in|    64|  ap_ctrl_hs|                 check_input|  return value|
|grp_fu_506_p_ce                            |  out|     1|  ap_ctrl_hs|                 check_input|  return value|
|grp_fu_510_p_din0                          |  out|    64|  ap_ctrl_hs|                 check_input|  return value|
|grp_fu_510_p_din1                          |  out|    64|  ap_ctrl_hs|                 check_input|  return value|
|grp_fu_510_p_opcode                        |  out|     5|  ap_ctrl_hs|                 check_input|  return value|
|grp_fu_510_p_dout0                         |   in|     1|  ap_ctrl_hs|                 check_input|  return value|
|grp_fu_510_p_ce                            |  out|     1|  ap_ctrl_hs|                 check_input|  return value|
|grp_fu_514_p_din0                          |  out|    64|  ap_ctrl_hs|                 check_input|  return value|
|grp_fu_514_p_dout0                         |   in|    64|  ap_ctrl_hs|                 check_input|  return value|
|grp_fu_514_p_ce                            |  out|     1|  ap_ctrl_hs|                 check_input|  return value|
|pre_reorder_meta_buffer_dout               |   in|   258|     ap_fifo|     pre_reorder_meta_buffer|       pointer|
|pre_reorder_meta_buffer_num_data_valid     |   in|     2|     ap_fifo|     pre_reorder_meta_buffer|       pointer|
|pre_reorder_meta_buffer_fifo_cap           |   in|     2|     ap_fifo|     pre_reorder_meta_buffer|       pointer|
|pre_reorder_meta_buffer_empty_n            |   in|     1|     ap_fifo|     pre_reorder_meta_buffer|       pointer|
|pre_reorder_meta_buffer_read               |  out|     1|     ap_fifo|     pre_reorder_meta_buffer|       pointer|
|pre_reorder_data_buffer117_dout            |   in|  1024|     ap_fifo|  pre_reorder_data_buffer117|       pointer|
|pre_reorder_data_buffer117_num_data_valid  |   in|     8|     ap_fifo|  pre_reorder_data_buffer117|       pointer|
|pre_reorder_data_buffer117_fifo_cap        |   in|     8|     ap_fifo|  pre_reorder_data_buffer117|       pointer|
|pre_reorder_data_buffer117_empty_n         |   in|     1|     ap_fifo|  pre_reorder_data_buffer117|       pointer|
|pre_reorder_data_buffer117_read            |  out|     1|     ap_fifo|  pre_reorder_data_buffer117|       pointer|
|pre_reorder_end_buffer118_dout             |   in|     1|     ap_fifo|   pre_reorder_end_buffer118|       pointer|
|pre_reorder_end_buffer118_num_data_valid   |   in|     2|     ap_fifo|   pre_reorder_end_buffer118|       pointer|
|pre_reorder_end_buffer118_fifo_cap         |   in|     2|     ap_fifo|   pre_reorder_end_buffer118|       pointer|
|pre_reorder_end_buffer118_empty_n          |   in|     1|     ap_fifo|   pre_reorder_end_buffer118|       pointer|
|pre_reorder_end_buffer118_read             |  out|     1|     ap_fifo|   pre_reorder_end_buffer118|       pointer|
|p_read                                     |   in|     1|     ap_none|                      p_read|        scalar|
|buffer_hit                                 |   in|     1|     ap_none|                  buffer_hit|        scalar|
|p_read1                                    |   in|    16|     ap_none|                     p_read1|        scalar|
|p_read4                                    |   in|    16|     ap_none|                     p_read4|        scalar|
|p_read5                                    |   in|    64|     ap_none|                     p_read5|        scalar|
|buffer_meta_hash_address1                  |  out|     9|   ap_memory|            buffer_meta_hash|         array|
|buffer_meta_hash_ce1                       |  out|     1|   ap_memory|            buffer_meta_hash|         array|
|buffer_meta_hash_we1                       |  out|     1|   ap_memory|            buffer_meta_hash|         array|
|buffer_meta_hash_d1                        |  out|   160|   ap_memory|            buffer_meta_hash|         array|
|buffer_meta_size_address1                  |  out|     9|   ap_memory|            buffer_meta_size|         array|
|buffer_meta_size_ce1                       |  out|     1|   ap_memory|            buffer_meta_size|         array|
|buffer_meta_size_we1                       |  out|     1|   ap_memory|            buffer_meta_size|         array|
|buffer_meta_size_d1                        |  out|    64|   ap_memory|            buffer_meta_size|         array|
|buffer_meta_l1_pos_address1                |  out|     9|   ap_memory|          buffer_meta_l1_pos|         array|
|buffer_meta_l1_pos_ce1                     |  out|     1|   ap_memory|          buffer_meta_l1_pos|         array|
|buffer_meta_l1_pos_we1                     |  out|     1|   ap_memory|          buffer_meta_l1_pos|         array|
|buffer_meta_l1_pos_d1                      |  out|    16|   ap_memory|          buffer_meta_l1_pos|         array|
|buffer_meta_l2_pos_address1                |  out|     9|   ap_memory|          buffer_meta_l2_pos|         array|
|buffer_meta_l2_pos_ce1                     |  out|     1|   ap_memory|          buffer_meta_l2_pos|         array|
|buffer_meta_l2_pos_we1                     |  out|     1|   ap_memory|          buffer_meta_l2_pos|         array|
|buffer_meta_l2_pos_d1                      |  out|    16|   ap_memory|          buffer_meta_l2_pos|         array|
|buffer_meta_last_l2_chunk_address1         |  out|     9|   ap_memory|   buffer_meta_last_l2_chunk|         array|
|buffer_meta_last_l2_chunk_ce1              |  out|     1|   ap_memory|   buffer_meta_last_l2_chunk|         array|
|buffer_meta_last_l2_chunk_we1              |  out|     1|   ap_memory|   buffer_meta_last_l2_chunk|         array|
|buffer_meta_last_l2_chunk_d1               |  out|     1|   ap_memory|   buffer_meta_last_l2_chunk|         array|
|buffer_meta_is_duplicate_address1          |  out|     9|   ap_memory|    buffer_meta_is_duplicate|         array|
|buffer_meta_is_duplicate_ce1               |  out|     1|   ap_memory|    buffer_meta_is_duplicate|         array|
|buffer_meta_is_duplicate_we1               |  out|     1|   ap_memory|    buffer_meta_is_duplicate|         array|
|buffer_meta_is_duplicate_d1                |  out|     1|   ap_memory|    buffer_meta_is_duplicate|         array|
|buffer_data_address1                       |  out|    15|   ap_memory|                 buffer_data|         array|
|buffer_data_ce1                            |  out|     1|   ap_memory|                 buffer_data|         array|
|buffer_data_we1                            |  out|     1|   ap_memory|                 buffer_data|         array|
|buffer_data_d1                             |  out|  1024|   ap_memory|                 buffer_data|         array|
|buffer_valid_address1                      |  out|     9|   ap_memory|                buffer_valid|         array|
|buffer_valid_ce1                           |  out|     1|   ap_memory|                buffer_valid|         array|
|buffer_valid_we1                           |  out|     1|   ap_memory|                buffer_valid|         array|
|buffer_valid_d1                            |  out|     1|   ap_memory|                buffer_valid|         array|
|p_read6                                    |   in|    32|     ap_none|                     p_read6|        scalar|
|p_read7                                    |   in|     1|     ap_none|                     p_read7|        scalar|
|out_buffer112_din                          |  out|    64|     ap_fifo|               out_buffer112|       pointer|
|out_buffer112_num_data_valid               |   in|     6|     ap_fifo|               out_buffer112|       pointer|
|out_buffer112_fifo_cap                     |   in|     6|     ap_fifo|               out_buffer112|       pointer|
|out_buffer112_full_n                       |   in|     1|     ap_fifo|               out_buffer112|       pointer|
|out_buffer112_write                        |  out|     1|     ap_fifo|               out_buffer112|       pointer|
|end_out_buffer114_din                      |  out|     1|     ap_fifo|           end_out_buffer114|       pointer|
|end_out_buffer114_num_data_valid           |   in|     2|     ap_fifo|           end_out_buffer114|       pointer|
|end_out_buffer114_fifo_cap                 |   in|     2|     ap_fifo|           end_out_buffer114|       pointer|
|end_out_buffer114_full_n                   |   in|     1|     ap_fifo|           end_out_buffer114|       pointer|
|end_out_buffer114_write                    |  out|     1|     ap_fifo|           end_out_buffer114|       pointer|
+-------------------------------------------+-----+------+------------+----------------------------+--------------+

