

================================================================
== Vitis HLS Report for 'check_duplicate_Pipeline_check_equality_sc'
================================================================
* Date:           Fri Oct  6 09:59:27 2023

* Version:        2022.2 (Build 3670227 on Oct 13 2022)
* Project:        Dedup
* Solution:       solution1 (Vivado IP Flow Target)
* Product family: zynquplus
* Target device:  xczu9eg-ffvb1156-2-e


================================================================
== Performance Estimates
================================================================
+ Timing: 
    * Summary: 
    +--------+----------+----------+------------+
    |  Clock |  Target  | Estimated| Uncertainty|
    +--------+----------+----------+------------+
    |ap_clk  |  10.00 ns|  5.621 ns|     2.70 ns|
    +--------+----------+----------+------------+

+ Latency: 
    * Summary: 
    +---------+---------+----------+----------+-----+-----+---------+
    |  Latency (cycles) |  Latency (absolute) |  Interval | Pipeline|
    |   min   |   max   |    min   |    max   | min | max |   Type  |
    +---------+---------+----------+----------+-----+-----+---------+
    |       15|      575|  0.150 us|  5.750 us|   15|  575|       no|
    +---------+---------+----------+----------+-----+-----+---------+

    + Detail: 
        * Instance: 
        N/A

        * Loop: 
        +---------------------+---------+---------+----------+-----------+-----------+--------+----------+
        |                     |  Latency (cycles) | Iteration|  Initiation Interval  |  Trip  |          |
        |      Loop Name      |   min   |   max   |  Latency |  achieved |   target  |  Count | Pipelined|
        +---------------------+---------+---------+----------+-----------+-----------+--------+----------+
        |- check_equality_sc  |       13|      573|         7|          7|          1|  1 ~ 81|       yes|
        +---------------------+---------+---------+----------+-----------+-----------+--------+----------+



================================================================
== Utilization Estimates
================================================================
* Summary: 
+-----------------+---------+------+--------+--------+-----+
|       Name      | BRAM_18K|  DSP |   FF   |   LUT  | URAM|
+-----------------+---------+------+--------+--------+-----+
|DSP              |        -|     -|       -|       -|    -|
|Expression       |        -|     -|       0|     257|    -|
|FIFO             |        -|     -|       -|       -|    -|
|Instance         |        -|     -|       -|       -|    -|
|Memory           |        -|     -|       -|       -|    -|
|Multiplexer      |        -|     -|       -|     102|    -|
|Register         |        -|     -|     102|       -|    -|
+-----------------+---------+------+--------+--------+-----+
|Total            |        0|     0|     102|     359|    0|
+-----------------+---------+------+--------+--------+-----+
|Available        |     1824|  2520|  548160|  274080|    0|
+-----------------+---------+------+--------+--------+-----+
|Utilization (%)  |        0|     0|      ~0|      ~0|    0|
+-----------------+---------+------+--------+--------+-----+

+ Detail: 
    * Instance: 
    N/A

    * DSP: 
    N/A

    * Memory: 
    N/A

    * FIFO: 
    N/A

    * Expression: 
    +-----------------------+----------+----+---+-----+------------+------------+
    |     Variable Name     | Operation| DSP| FF| LUT | Bitwidth P0| Bitwidth P1|
    +-----------------------+----------+----+---+-----+------------+------------+
    |add_ln13_fu_149_p2     |         +|   0|  0|   14|           7|           1|
    |and_ln14_1_fu_224_p2   |       and|   0|  0|    2|           1|           1|
    |and_ln14_fu_218_p2     |       and|   0|  0|    2|           1|           1|
    |icmp_ln1023_fu_230_p2  |      icmp|   0|  0|  179|        1024|        1024|
    |icmp_ln13_fu_143_p2    |      icmp|   0|  0|   10|           7|           7|
    |icmp_ln14_1_fu_199_p2  |      icmp|   0|  0|   24|          52|           1|
    |icmp_ln14_2_fu_170_p2  |      icmp|   0|  0|   11|          11|           2|
    |icmp_ln14_fu_193_p2    |      icmp|   0|  0|   11|          11|           2|
    |or_ln14_1_fu_214_p2    |        or|   0|  0|    2|           1|           1|
    |or_ln14_fu_210_p2      |        or|   0|  0|    2|           1|           1|
    +-----------------------+----------+----+---+-----+------------+------------+
    |Total                  |          |   0|  0|  257|        1116|        1041|
    +-----------------------+----------+----+---+-----+------------+------------+

    * Multiplexer: 
    +--------------------------------+----+-----------+-----+-----------+
    |              Name              | LUT| Input Size| Bits| Total Bits|
    +--------------------------------+----+-----------+-----+-----------+
    |ap_NS_fsm                       |  43|          8|    1|          8|
    |ap_done_int                     |   9|          2|    1|          2|
    |ap_phi_mux_merge_phi_fu_117_p6  |   9|          2|    2|          4|
    |ap_return                       |   9|          2|    2|          4|
    |ap_sig_allocacmp_i_19           |   9|          2|    7|         14|
    |i_fu_64                         |   9|          2|    7|         14|
    |merge_reg_112                   |  14|          3|    2|          6|
    +--------------------------------+----+-----------+-----+-----------+
    |Total                           | 102|         21|   22|         52|
    +--------------------------------+----+-----------+-----+-----------+

    * Register: 
    +---------------------+----+----+-----+-----------+
    |         Name        | FF | LUT| Bits| Const Bits|
    +---------------------+----+----+-----+-----------+
    |add_ln13_reg_266     |   7|   0|    7|          0|
    |and_ln14_1_reg_297   |   1|   0|    1|          0|
    |ap_CS_fsm            |   7|   0|    7|          0|
    |ap_done_reg          |   1|   0|    1|          0|
    |ap_return_preg       |   2|   0|    2|          0|
    |conv_i_reg_281       |  64|   0|   64|          0|
    |i_19_reg_257         |   7|   0|    7|          0|
    |i_fu_64              |   7|   0|    7|          0|
    |icmp_ln13_reg_262    |   1|   0|    1|          0|
    |icmp_ln14_1_reg_292  |   1|   0|    1|          0|
    |icmp_ln14_2_reg_276  |   1|   0|    1|          0|
    |icmp_ln14_reg_287    |   1|   0|    1|          0|
    |merge_reg_112        |   2|   0|    2|          0|
    +---------------------+----+----+-----+-----------+
    |Total                | 102|   0|  102|          0|
    +---------------------+----+----+-----+-----------+



================================================================
== Interface
================================================================
* Summary: 
+--------------------------+-----+------+------------+--------------------------------------------+--------------+
|         RTL Ports        | Dir | Bits |  Protocol  |                Source Object               |    C Type    |
+--------------------------+-----+------+------------+--------------------------------------------+--------------+
|ap_clk                    |   in|     1|  ap_ctrl_hs|  check_duplicate_Pipeline_check_equality_sc|  return value|
|ap_rst                    |   in|     1|  ap_ctrl_hs|  check_duplicate_Pipeline_check_equality_sc|  return value|
|ap_start                  |   in|     1|  ap_ctrl_hs|  check_duplicate_Pipeline_check_equality_sc|  return value|
|ap_done                   |  out|     1|  ap_ctrl_hs|  check_duplicate_Pipeline_check_equality_sc|  return value|
|ap_idle                   |  out|     1|  ap_ctrl_hs|  check_duplicate_Pipeline_check_equality_sc|  return value|
|ap_ready                  |  out|     1|  ap_ctrl_hs|  check_duplicate_Pipeline_check_equality_sc|  return value|
|ap_return                 |  out|     2|  ap_ctrl_hs|  check_duplicate_Pipeline_check_equality_sc|  return value|
|grp_fu_5238_p_din0        |  out|    64|  ap_ctrl_hs|  check_duplicate_Pipeline_check_equality_sc|  return value|
|grp_fu_5238_p_din1        |  out|    64|  ap_ctrl_hs|  check_duplicate_Pipeline_check_equality_sc|  return value|
|grp_fu_5238_p_opcode      |  out|     5|  ap_ctrl_hs|  check_duplicate_Pipeline_check_equality_sc|  return value|
|grp_fu_5238_p_dout0       |   in|     1|  ap_ctrl_hs|  check_duplicate_Pipeline_check_equality_sc|  return value|
|grp_fu_5238_p_ce          |  out|     1|  ap_ctrl_hs|  check_duplicate_Pipeline_check_equality_sc|  return value|
|grp_fu_5242_p_din0        |  out|    32|  ap_ctrl_hs|  check_duplicate_Pipeline_check_equality_sc|  return value|
|grp_fu_5242_p_dout0       |   in|    64|  ap_ctrl_hs|  check_duplicate_Pipeline_check_equality_sc|  return value|
|grp_fu_5242_p_ce          |  out|     1|  ap_ctrl_hs|  check_duplicate_Pipeline_check_equality_sc|  return value|
|packet_w_data_V_address0  |  out|     7|   ap_memory|                             packet_w_data_V|         array|
|packet_w_data_V_ce0       |  out|     1|   ap_memory|                             packet_w_data_V|         array|
|packet_w_data_V_q0        |   in|  1024|   ap_memory|                             packet_w_data_V|         array|
|packet_r_data_V_address0  |  out|     7|   ap_memory|                             packet_r_data_V|         array|
|packet_r_data_V_ce0       |  out|     1|   ap_memory|                             packet_r_data_V|         array|
|packet_r_data_V_q0        |   in|  1024|   ap_memory|                             packet_r_data_V|         array|
|bitcast_ln87_1            |   in|    63|     ap_none|                              bitcast_ln87_1|        scalar|
|icmp_ln87_3               |   in|     1|     ap_none|                                 icmp_ln87_3|        scalar|
|select_ln1035_9           |   in|    64|     ap_none|                             select_ln1035_9|        scalar|
+--------------------------+-----+------+------------+--------------------------------------------+--------------+

