

================================================================
== Vitis HLS Report for 'check_input_Pipeline_read_in_data'
================================================================
* Date:           Fri Oct  6 09:59:35 2023

* Version:        2022.2 (Build 3670227 on Oct 13 2022)
* Project:        Dedup
* Solution:       solution1 (Vivado IP Flow Target)
* Product family: zynquplus
* Target device:  xczu9eg-ffvb1156-2-e


================================================================
== Performance Estimates
================================================================
+ Timing: 
    * Summary: 
    +--------+----------+----------+------------+
    |  Clock |  Target  | Estimated| Uncertainty|
    +--------+----------+----------+------------+
    |ap_clk  |  10.00 ns|  5.621 ns|     2.70 ns|
    +--------+----------+----------+------------+

+ Latency: 
    * Summary: 
    +---------+---------+----------+----------+-----+-----+---------+
    |  Latency (cycles) |  Latency (absolute) |  Interval | Pipeline|
    |   min   |   max   |    min   |    max   | min | max |   Type  |
    +---------+---------+----------+----------+-----+-----+---------+
    |       88|       88|  0.880 us|  0.880 us|   88|   88|       no|
    +---------+---------+----------+----------+-----+-----+---------+

    + Detail: 
        * Instance: 
        N/A

        * Loop: 
        +----------------+---------+---------+----------+-----------+-----------+------+----------+
        |                |  Latency (cycles) | Iteration|  Initiation Interval  | Trip |          |
        |    Loop Name   |   min   |   max   |  Latency |  achieved |   target  | Count| Pipelined|
        +----------------+---------+---------+----------+-----------+-----------+------+----------+
        |- read_in_data  |       86|       86|         7|          1|          1|    81|       yes|
        +----------------+---------+---------+----------+-----------+-----------+------+----------+



================================================================
== Utilization Estimates
================================================================
* Summary: 
+-----------------+---------+------+--------+--------+-----+
|       Name      | BRAM_18K|  DSP |   FF   |   LUT  | URAM|
+-----------------+---------+------+--------+--------+-----+
|DSP              |        -|     -|       -|       -|    -|
|Expression       |        -|     -|       0|     408|    -|
|FIFO             |        -|     -|       -|       -|    -|
|Instance         |        -|     -|       -|       -|    -|
|Memory           |        -|     -|       -|       -|    -|
|Multiplexer      |        -|     -|       -|     774|    -|
|Register         |        -|     -|   83232|      96|    -|
+-----------------+---------+------+--------+--------+-----+
|Total            |        0|     0|   83232|    1278|    0|
+-----------------+---------+------+--------+--------+-----+
|Available        |     1824|  2520|  548160|  274080|    0|
+-----------------+---------+------+--------+--------+-----+
|Utilization (%)  |        0|     0|      15|      ~0|    0|
+-----------------+---------+------+--------+--------+-----+

+ Detail: 
    * Instance: 
    N/A

    * DSP: 
    N/A

    * Memory: 
    N/A

    * FIFO: 
    N/A

    * Expression: 
    +----------------------------------+----------+----+---+----+------------+------------+
    |           Variable Name          | Operation| DSP| FF| LUT| Bitwidth P0| Bitwidth P1|
    +----------------------------------+----------+----+---+----+------------+------------+
    |i_V_16_fu_1320_p2                 |         +|   0|  0|  14|           7|           1|
    |and_ln67_2_fu_1395_p2             |       and|   0|  0|   2|           1|           1|
    |and_ln67_fu_1389_p2               |       and|   0|  0|   2|           1|           1|
    |ap_block_pp0_stage0_00001         |       and|   0|  0|   2|           1|           1|
    |ap_block_state7_pp0_stage0_iter6  |       and|   0|  0|   2|           1|           1|
    |ap_condition_2390                 |       and|   0|  0|   2|           1|           1|
    |ap_condition_2393                 |       and|   0|  0|   2|           1|           1|
    |ap_condition_2396                 |       and|   0|  0|   2|           1|           1|
    |ap_condition_2399                 |       and|   0|  0|   2|           1|           1|
    |ap_condition_2402                 |       and|   0|  0|   2|           1|           1|
    |ap_condition_2405                 |       and|   0|  0|   2|           1|           1|
    |ap_condition_2408                 |       and|   0|  0|   2|           1|           1|
    |ap_condition_2411                 |       and|   0|  0|   2|           1|           1|
    |ap_condition_2414                 |       and|   0|  0|   2|           1|           1|
    |ap_condition_2417                 |       and|   0|  0|   2|           1|           1|
    |ap_condition_2420                 |       and|   0|  0|   2|           1|           1|
    |ap_condition_2423                 |       and|   0|  0|   2|           1|           1|
    |ap_condition_2426                 |       and|   0|  0|   2|           1|           1|
    |ap_condition_2429                 |       and|   0|  0|   2|           1|           1|
    |ap_condition_2432                 |       and|   0|  0|   2|           1|           1|
    |ap_condition_2435                 |       and|   0|  0|   2|           1|           1|
    |ap_condition_2438                 |       and|   0|  0|   2|           1|           1|
    |ap_condition_2441                 |       and|   0|  0|   2|           1|           1|
    |ap_condition_2444                 |       and|   0|  0|   2|           1|           1|
    |ap_condition_2447                 |       and|   0|  0|   2|           1|           1|
    |ap_condition_2450                 |       and|   0|  0|   2|           1|           1|
    |ap_condition_2453                 |       and|   0|  0|   2|           1|           1|
    |ap_condition_2456                 |       and|   0|  0|   2|           1|           1|
    |ap_condition_2459                 |       and|   0|  0|   2|           1|           1|
    |ap_condition_2462                 |       and|   0|  0|   2|           1|           1|
    |ap_condition_2465                 |       and|   0|  0|   2|           1|           1|
    |ap_condition_2468                 |       and|   0|  0|   2|           1|           1|
    |ap_condition_2471                 |       and|   0|  0|   2|           1|           1|
    |ap_condition_2474                 |       and|   0|  0|   2|           1|           1|
    |ap_condition_2477                 |       and|   0|  0|   2|           1|           1|
    |ap_condition_2480                 |       and|   0|  0|   2|           1|           1|
    |ap_condition_2483                 |       and|   0|  0|   2|           1|           1|
    |ap_condition_2486                 |       and|   0|  0|   2|           1|           1|
    |ap_condition_2489                 |       and|   0|  0|   2|           1|           1|
    |ap_condition_2492                 |       and|   0|  0|   2|           1|           1|
    |ap_condition_2495                 |       and|   0|  0|   2|           1|           1|
    |ap_condition_2498                 |       and|   0|  0|   2|           1|           1|
    |ap_condition_2501                 |       and|   0|  0|   2|           1|           1|
    |ap_condition_2504                 |       and|   0|  0|   2|           1|           1|
    |ap_condition_2507                 |       and|   0|  0|   2|           1|           1|
    |ap_condition_2510                 |       and|   0|  0|   2|           1|           1|
    |ap_condition_2513                 |       and|   0|  0|   2|           1|           1|
    |ap_condition_2516                 |       and|   0|  0|   2|           1|           1|
    |ap_condition_2519                 |       and|   0|  0|   2|           1|           1|
    |ap_condition_2522                 |       and|   0|  0|   2|           1|           1|
    |ap_condition_2525                 |       and|   0|  0|   2|           1|           1|
    |ap_condition_2528                 |       and|   0|  0|   2|           1|           1|
    |ap_condition_2531                 |       and|   0|  0|   2|           1|           1|
    |ap_condition_2534                 |       and|   0|  0|   2|           1|           1|
    |ap_condition_2537                 |       and|   0|  0|   2|           1|           1|
    |ap_condition_2540                 |       and|   0|  0|   2|           1|           1|
    |ap_condition_2543                 |       and|   0|  0|   2|           1|           1|
    |ap_condition_2546                 |       and|   0|  0|   2|           1|           1|
    |ap_condition_2549                 |       and|   0|  0|   2|           1|           1|
    |ap_condition_2552                 |       and|   0|  0|   2|           1|           1|
    |ap_condition_2555                 |       and|   0|  0|   2|           1|           1|
    |ap_condition_2558                 |       and|   0|  0|   2|           1|           1|
    |ap_condition_2561                 |       and|   0|  0|   2|           1|           1|
    |ap_condition_2564                 |       and|   0|  0|   2|           1|           1|
    |ap_condition_2567                 |       and|   0|  0|   2|           1|           1|
    |ap_condition_2570                 |       and|   0|  0|   2|           1|           1|
    |ap_condition_2573                 |       and|   0|  0|   2|           1|           1|
    |ap_condition_2576                 |       and|   0|  0|   2|           1|           1|
    |ap_condition_2579                 |       and|   0|  0|   2|           1|           1|
    |ap_condition_2582                 |       and|   0|  0|   2|           1|           1|
    |ap_condition_2585                 |       and|   0|  0|   2|           1|           1|
    |ap_condition_2588                 |       and|   0|  0|   2|           1|           1|
    |ap_condition_2591                 |       and|   0|  0|   2|           1|           1|
    |ap_condition_2594                 |       and|   0|  0|   2|           1|           1|
    |ap_condition_2597                 |       and|   0|  0|   2|           1|           1|
    |ap_condition_2600                 |       and|   0|  0|   2|           1|           1|
    |ap_condition_2603                 |       and|   0|  0|   2|           1|           1|
    |ap_condition_2606                 |       and|   0|  0|   2|           1|           1|
    |ap_condition_2609                 |       and|   0|  0|   2|           1|           1|
    |ap_condition_2612                 |       and|   0|  0|   2|           1|           1|
    |ap_condition_2615                 |       and|   0|  0|   2|           1|           1|
    |ap_condition_2618                 |       and|   0|  0|   2|           1|           1|
    |ap_condition_2621                 |       and|   0|  0|   2|           1|           1|
    |ap_condition_2624                 |       and|   0|  0|   2|           1|           1|
    |ap_condition_2627                 |       and|   0|  0|   2|           1|           1|
    |ap_condition_2630                 |       and|   0|  0|   2|           1|           1|
    |ap_condition_2633                 |       and|   0|  0|   2|           1|           1|
    |ap_condition_2636                 |       and|   0|  0|   2|           1|           1|
    |ap_condition_2639                 |       and|   0|  0|   2|           1|           1|
    |ap_condition_2642                 |       and|   0|  0|   2|           1|           1|
    |ap_condition_2645                 |       and|   0|  0|   2|           1|           1|
    |ap_condition_2648                 |       and|   0|  0|   2|           1|           1|
    |ap_condition_2651                 |       and|   0|  0|   2|           1|           1|
    |ap_condition_2654                 |       and|   0|  0|   2|           1|           1|
    |ap_condition_2657                 |       and|   0|  0|   2|           1|           1|
    |ap_condition_2660                 |       and|   0|  0|   2|           1|           1|
    |ap_condition_2663                 |       and|   0|  0|   2|           1|           1|
    |ap_condition_2666                 |       and|   0|  0|   2|           1|           1|
    |ap_condition_2669                 |       and|   0|  0|   2|           1|           1|
    |ap_condition_2672                 |       and|   0|  0|   2|           1|           1|
    |ap_condition_2675                 |       and|   0|  0|   2|           1|           1|
    |ap_condition_2678                 |       and|   0|  0|   2|           1|           1|
    |ap_condition_2681                 |       and|   0|  0|   2|           1|           1|
    |ap_condition_2684                 |       and|   0|  0|   2|           1|           1|
    |ap_condition_2687                 |       and|   0|  0|   2|           1|           1|
    |ap_condition_2690                 |       and|   0|  0|   2|           1|           1|
    |ap_condition_2693                 |       and|   0|  0|   2|           1|           1|
    |ap_condition_2696                 |       and|   0|  0|   2|           1|           1|
    |ap_condition_2699                 |       and|   0|  0|   2|           1|           1|
    |ap_condition_2702                 |       and|   0|  0|   2|           1|           1|
    |ap_condition_2705                 |       and|   0|  0|   2|           1|           1|
    |ap_condition_2708                 |       and|   0|  0|   2|           1|           1|
    |ap_condition_2711                 |       and|   0|  0|   2|           1|           1|
    |ap_condition_2714                 |       and|   0|  0|   2|           1|           1|
    |ap_condition_2717                 |       and|   0|  0|   2|           1|           1|
    |ap_condition_2720                 |       and|   0|  0|   2|           1|           1|
    |ap_condition_2723                 |       and|   0|  0|   2|           1|           1|
    |ap_condition_2726                 |       and|   0|  0|   2|           1|           1|
    |ap_condition_2729                 |       and|   0|  0|   2|           1|           1|
    |ap_condition_2732                 |       and|   0|  0|   2|           1|           1|
    |ap_condition_2735                 |       and|   0|  0|   2|           1|           1|
    |ap_condition_2738                 |       and|   0|  0|   2|           1|           1|
    |ap_condition_2741                 |       and|   0|  0|   2|           1|           1|
    |ap_condition_2744                 |       and|   0|  0|   2|           1|           1|
    |ap_condition_2747                 |       and|   0|  0|   2|           1|           1|
    |ap_condition_2750                 |       and|   0|  0|   2|           1|           1|
    |ap_condition_2753                 |       and|   0|  0|   2|           1|           1|
    |ap_condition_2756                 |       and|   0|  0|   2|           1|           1|
    |ap_condition_2759                 |       and|   0|  0|   2|           1|           1|
    |ap_condition_2762                 |       and|   0|  0|   2|           1|           1|
    |ap_condition_2765                 |       and|   0|  0|   2|           1|           1|
    |ap_condition_2768                 |       and|   0|  0|   2|           1|           1|
    |ap_condition_2771                 |       and|   0|  0|   2|           1|           1|
    |ap_condition_2774                 |       and|   0|  0|   2|           1|           1|
    |ap_condition_2777                 |       and|   0|  0|   2|           1|           1|
    |ap_condition_2780                 |       and|   0|  0|   2|           1|           1|
    |ap_condition_2783                 |       and|   0|  0|   2|           1|           1|
    |ap_condition_2786                 |       and|   0|  0|   2|           1|           1|
    |ap_condition_2789                 |       and|   0|  0|   2|           1|           1|
    |ap_condition_2792                 |       and|   0|  0|   2|           1|           1|
    |ap_condition_2795                 |       and|   0|  0|   2|           1|           1|
    |ap_condition_2798                 |       and|   0|  0|   2|           1|           1|
    |ap_condition_2801                 |       and|   0|  0|   2|           1|           1|
    |ap_condition_2804                 |       and|   0|  0|   2|           1|           1|
    |ap_condition_2807                 |       and|   0|  0|   2|           1|           1|
    |ap_condition_2810                 |       and|   0|  0|   2|           1|           1|
    |ap_condition_2813                 |       and|   0|  0|   2|           1|           1|
    |ap_condition_2816                 |       and|   0|  0|   2|           1|           1|
    |ap_condition_2819                 |       and|   0|  0|   2|           1|           1|
    |ap_condition_2822                 |       and|   0|  0|   2|           1|           1|
    |ap_condition_2825                 |       and|   0|  0|   2|           1|           1|
    |ap_condition_2828                 |       and|   0|  0|   2|           1|           1|
    |ap_condition_2831                 |       and|   0|  0|   2|           1|           1|
    |ap_condition_2834                 |       and|   0|  0|   2|           1|           1|
    |ap_condition_2837                 |       and|   0|  0|   2|           1|           1|
    |ap_condition_2840                 |       and|   0|  0|   2|           1|           1|
    |ap_condition_2843                 |       and|   0|  0|   2|           1|           1|
    |ap_condition_2846                 |       and|   0|  0|   2|           1|           1|
    |ap_condition_2849                 |       and|   0|  0|   2|           1|           1|
    |ap_condition_2931                 |       and|   0|  0|   2|           1|           1|
    |ap_condition_3013                 |       and|   0|  0|   2|           1|           1|
    |ap_condition_3016                 |       and|   0|  0|   2|           1|           1|
    |ap_condition_3019                 |       and|   0|  0|   2|           1|           1|
    |ap_condition_3022                 |       and|   0|  0|   2|           1|           1|
    |ap_condition_3025                 |       and|   0|  0|   2|           1|           1|
    |ap_condition_3028                 |       and|   0|  0|   2|           1|           1|
    |ap_condition_3031                 |       and|   0|  0|   2|           1|           1|
    |icmp_ln1027_fu_1314_p2            |      icmp|   0|  0|  10|           7|           7|
    |icmp_ln67_4_fu_1375_p2            |      icmp|   0|  0|  24|          52|           1|
    |icmp_ln67_5_fu_1341_p2            |      icmp|   0|  0|  11|          11|           2|
    |icmp_ln67_fu_1369_p2              |      icmp|   0|  0|  11|          11|           2|
    |or_ln67_2_fu_1385_p2              |        or|   0|  0|   2|           1|           1|
    |or_ln67_fu_1381_p2                |        or|   0|  0|   2|           1|           1|
    |ap_enable_pp0                     |       xor|   0|  0|   2|           1|           2|
    +----------------------------------+----------+----+---+----+------------+------------+
    |Total                             |          |   0|  0| 408|         257|         183|
    +----------------------------------+----------+----+---+----+------------+------------+

    * Multiplexer: 
    +---------------------------------+----+-----------+------+-----------+
    |               Name              | LUT| Input Size| Bits | Total Bits|
    +---------------------------------+----+-----------+------+-----------+
    |ap_done_int                      |   9|          2|     1|          2|
    |ap_enable_reg_pp0_iter1          |   9|          2|     1|          2|
    |ap_sig_allocacmp_i_V_15          |   9|          2|     7|         14|
    |data_in_buffer_V_10_fu_424       |   9|          2|  1024|       2048|
    |data_in_buffer_V_11_fu_428       |   9|          2|  1024|       2048|
    |data_in_buffer_V_12_fu_432       |   9|          2|  1024|       2048|
    |data_in_buffer_V_13_fu_436       |   9|          2|  1024|       2048|
    |data_in_buffer_V_14_fu_440       |   9|          2|  1024|       2048|
    |data_in_buffer_V_15_fu_444       |   9|          2|  1024|       2048|
    |data_in_buffer_V_16_fu_448       |   9|          2|  1024|       2048|
    |data_in_buffer_V_17_fu_452       |   9|          2|  1024|       2048|
    |data_in_buffer_V_18_fu_456       |   9|          2|  1024|       2048|
    |data_in_buffer_V_19_fu_460       |   9|          2|  1024|       2048|
    |data_in_buffer_V_1_fu_388        |   9|          2|  1024|       2048|
    |data_in_buffer_V_20_fu_464       |   9|          2|  1024|       2048|
    |data_in_buffer_V_21_fu_468       |   9|          2|  1024|       2048|
    |data_in_buffer_V_22_fu_472       |   9|          2|  1024|       2048|
    |data_in_buffer_V_23_fu_476       |   9|          2|  1024|       2048|
    |data_in_buffer_V_24_fu_480       |   9|          2|  1024|       2048|
    |data_in_buffer_V_25_fu_484       |   9|          2|  1024|       2048|
    |data_in_buffer_V_26_fu_488       |   9|          2|  1024|       2048|
    |data_in_buffer_V_27_fu_492       |   9|          2|  1024|       2048|
    |data_in_buffer_V_28_fu_496       |   9|          2|  1024|       2048|
    |data_in_buffer_V_29_fu_500       |   9|          2|  1024|       2048|
    |data_in_buffer_V_2_fu_392        |   9|          2|  1024|       2048|
    |data_in_buffer_V_30_fu_504       |   9|          2|  1024|       2048|
    |data_in_buffer_V_31_fu_508       |   9|          2|  1024|       2048|
    |data_in_buffer_V_32_fu_512       |   9|          2|  1024|       2048|
    |data_in_buffer_V_33_fu_516       |   9|          2|  1024|       2048|
    |data_in_buffer_V_34_fu_520       |   9|          2|  1024|       2048|
    |data_in_buffer_V_35_fu_524       |   9|          2|  1024|       2048|
    |data_in_buffer_V_36_fu_528       |   9|          2|  1024|       2048|
    |data_in_buffer_V_37_fu_532       |   9|          2|  1024|       2048|
    |data_in_buffer_V_38_fu_536       |   9|          2|  1024|       2048|
    |data_in_buffer_V_39_fu_540       |   9|          2|  1024|       2048|
    |data_in_buffer_V_3_fu_396        |   9|          2|  1024|       2048|
    |data_in_buffer_V_40_fu_544       |   9|          2|  1024|       2048|
    |data_in_buffer_V_41_fu_548       |   9|          2|  1024|       2048|
    |data_in_buffer_V_42_fu_552       |   9|          2|  1024|       2048|
    |data_in_buffer_V_43_fu_556       |   9|          2|  1024|       2048|
    |data_in_buffer_V_44_fu_560       |   9|          2|  1024|       2048|
    |data_in_buffer_V_45_fu_564       |   9|          2|  1024|       2048|
    |data_in_buffer_V_46_fu_568       |   9|          2|  1024|       2048|
    |data_in_buffer_V_47_fu_572       |   9|          2|  1024|       2048|
    |data_in_buffer_V_48_fu_576       |   9|          2|  1024|       2048|
    |data_in_buffer_V_49_fu_580       |   9|          2|  1024|       2048|
    |data_in_buffer_V_4_fu_400        |   9|          2|  1024|       2048|
    |data_in_buffer_V_50_fu_584       |   9|          2|  1024|       2048|
    |data_in_buffer_V_51_fu_588       |   9|          2|  1024|       2048|
    |data_in_buffer_V_52_fu_592       |   9|          2|  1024|       2048|
    |data_in_buffer_V_53_fu_596       |   9|          2|  1024|       2048|
    |data_in_buffer_V_54_fu_600       |   9|          2|  1024|       2048|
    |data_in_buffer_V_55_fu_604       |   9|          2|  1024|       2048|
    |data_in_buffer_V_56_fu_608       |   9|          2|  1024|       2048|
    |data_in_buffer_V_57_fu_612       |   9|          2|  1024|       2048|
    |data_in_buffer_V_58_fu_616       |   9|          2|  1024|       2048|
    |data_in_buffer_V_59_fu_620       |   9|          2|  1024|       2048|
    |data_in_buffer_V_5_fu_404        |   9|          2|  1024|       2048|
    |data_in_buffer_V_60_fu_624       |   9|          2|  1024|       2048|
    |data_in_buffer_V_61_fu_628       |   9|          2|  1024|       2048|
    |data_in_buffer_V_62_fu_632       |   9|          2|  1024|       2048|
    |data_in_buffer_V_63_fu_636       |   9|          2|  1024|       2048|
    |data_in_buffer_V_64_fu_640       |   9|          2|  1024|       2048|
    |data_in_buffer_V_65_fu_644       |   9|          2|  1024|       2048|
    |data_in_buffer_V_66_fu_648       |   9|          2|  1024|       2048|
    |data_in_buffer_V_67_fu_652       |   9|          2|  1024|       2048|
    |data_in_buffer_V_68_fu_656       |   9|          2|  1024|       2048|
    |data_in_buffer_V_69_fu_660       |   9|          2|  1024|       2048|
    |data_in_buffer_V_6_fu_408        |   9|          2|  1024|       2048|
    |data_in_buffer_V_70_fu_664       |   9|          2|  1024|       2048|
    |data_in_buffer_V_71_fu_668       |   9|          2|  1024|       2048|
    |data_in_buffer_V_72_fu_672       |   9|          2|  1024|       2048|
    |data_in_buffer_V_73_fu_676       |   9|          2|  1024|       2048|
    |data_in_buffer_V_74_fu_680       |   9|          2|  1024|       2048|
    |data_in_buffer_V_75_fu_684       |   9|          2|  1024|       2048|
    |data_in_buffer_V_76_fu_688       |   9|          2|  1024|       2048|
    |data_in_buffer_V_77_fu_692       |   9|          2|  1024|       2048|
    |data_in_buffer_V_78_fu_696       |   9|          2|  1024|       2048|
    |data_in_buffer_V_79_fu_700       |   9|          2|  1024|       2048|
    |data_in_buffer_V_7_fu_412        |   9|          2|  1024|       2048|
    |data_in_buffer_V_80_fu_704       |   9|          2|  1024|       2048|
    |data_in_buffer_V_8_fu_416        |   9|          2|  1024|       2048|
    |data_in_buffer_V_9_fu_420        |   9|          2|  1024|       2048|
    |data_in_buffer_V_fu_384          |   9|          2|  1024|       2048|
    |i_V_fu_380                       |   9|          2|     7|         14|
    |pre_reorder_data_buffer83_blk_n  |   9|          2|     1|          2|
    +---------------------------------+----+-----------+------+-----------+
    |Total                            | 774|        172| 82961|     165922|
    +---------------------------------+----+-----------+------+-----------+

    * Register: 
    +----------------------------------+------+----+------+-----------+
    |               Name               |  FF  | LUT| Bits | Const Bits|
    +----------------------------------+------+----+------+-----------+
    |and_ln67_2_reg_3153               |     1|   0|     1|          0|
    |ap_CS_fsm                         |     1|   0|     1|          0|
    |ap_done_reg                       |     1|   0|     1|          0|
    |ap_enable_reg_pp0_iter1           |     1|   0|     1|          0|
    |ap_enable_reg_pp0_iter2           |     1|   0|     1|          0|
    |ap_enable_reg_pp0_iter3           |     1|   0|     1|          0|
    |ap_enable_reg_pp0_iter4           |     1|   0|     1|          0|
    |ap_enable_reg_pp0_iter5           |     1|   0|     1|          0|
    |ap_enable_reg_pp0_iter6           |     1|   0|     1|          0|
    |ap_loop_exit_ready_pp0_iter1_reg  |     1|   0|     1|          0|
    |ap_loop_exit_ready_pp0_iter2_reg  |     1|   0|     1|          0|
    |ap_loop_exit_ready_pp0_iter3_reg  |     1|   0|     1|          0|
    |ap_loop_exit_ready_pp0_iter4_reg  |     1|   0|     1|          0|
    |ap_loop_exit_ready_pp0_iter5_reg  |     1|   0|     1|          0|
    |conv_i2_reg_3137                  |    64|   0|    64|          0|
    |data_in_buffer_V_10_fu_424        |  1024|   0|  1024|          0|
    |data_in_buffer_V_11_fu_428        |  1024|   0|  1024|          0|
    |data_in_buffer_V_12_fu_432        |  1024|   0|  1024|          0|
    |data_in_buffer_V_13_fu_436        |  1024|   0|  1024|          0|
    |data_in_buffer_V_14_fu_440        |  1024|   0|  1024|          0|
    |data_in_buffer_V_15_fu_444        |  1024|   0|  1024|          0|
    |data_in_buffer_V_16_fu_448        |  1024|   0|  1024|          0|
    |data_in_buffer_V_17_fu_452        |  1024|   0|  1024|          0|
    |data_in_buffer_V_18_fu_456        |  1024|   0|  1024|          0|
    |data_in_buffer_V_19_fu_460        |  1024|   0|  1024|          0|
    |data_in_buffer_V_1_fu_388         |  1024|   0|  1024|          0|
    |data_in_buffer_V_20_fu_464        |  1024|   0|  1024|          0|
    |data_in_buffer_V_21_fu_468        |  1024|   0|  1024|          0|
    |data_in_buffer_V_22_fu_472        |  1024|   0|  1024|          0|
    |data_in_buffer_V_23_fu_476        |  1024|   0|  1024|          0|
    |data_in_buffer_V_24_fu_480        |  1024|   0|  1024|          0|
    |data_in_buffer_V_25_fu_484        |  1024|   0|  1024|          0|
    |data_in_buffer_V_26_fu_488        |  1024|   0|  1024|          0|
    |data_in_buffer_V_27_fu_492        |  1024|   0|  1024|          0|
    |data_in_buffer_V_28_fu_496        |  1024|   0|  1024|          0|
    |data_in_buffer_V_29_fu_500        |  1024|   0|  1024|          0|
    |data_in_buffer_V_2_fu_392         |  1024|   0|  1024|          0|
    |data_in_buffer_V_30_fu_504        |  1024|   0|  1024|          0|
    |data_in_buffer_V_31_fu_508        |  1024|   0|  1024|          0|
    |data_in_buffer_V_32_fu_512        |  1024|   0|  1024|          0|
    |data_in_buffer_V_33_fu_516        |  1024|   0|  1024|          0|
    |data_in_buffer_V_34_fu_520        |  1024|   0|  1024|          0|
    |data_in_buffer_V_35_fu_524        |  1024|   0|  1024|          0|
    |data_in_buffer_V_36_fu_528        |  1024|   0|  1024|          0|
    |data_in_buffer_V_37_fu_532        |  1024|   0|  1024|          0|
    |data_in_buffer_V_38_fu_536        |  1024|   0|  1024|          0|
    |data_in_buffer_V_39_fu_540        |  1024|   0|  1024|          0|
    |data_in_buffer_V_3_fu_396         |  1024|   0|  1024|          0|
    |data_in_buffer_V_40_fu_544        |  1024|   0|  1024|          0|
    |data_in_buffer_V_41_fu_548        |  1024|   0|  1024|          0|
    |data_in_buffer_V_42_fu_552        |  1024|   0|  1024|          0|
    |data_in_buffer_V_43_fu_556        |  1024|   0|  1024|          0|
    |data_in_buffer_V_44_fu_560        |  1024|   0|  1024|          0|
    |data_in_buffer_V_45_fu_564        |  1024|   0|  1024|          0|
    |data_in_buffer_V_46_fu_568        |  1024|   0|  1024|          0|
    |data_in_buffer_V_47_fu_572        |  1024|   0|  1024|          0|
    |data_in_buffer_V_48_fu_576        |  1024|   0|  1024|          0|
    |data_in_buffer_V_49_fu_580        |  1024|   0|  1024|          0|
    |data_in_buffer_V_4_fu_400         |  1024|   0|  1024|          0|
    |data_in_buffer_V_50_fu_584        |  1024|   0|  1024|          0|
    |data_in_buffer_V_51_fu_588        |  1024|   0|  1024|          0|
    |data_in_buffer_V_52_fu_592        |  1024|   0|  1024|          0|
    |data_in_buffer_V_53_fu_596        |  1024|   0|  1024|          0|
    |data_in_buffer_V_54_fu_600        |  1024|   0|  1024|          0|
    |data_in_buffer_V_55_fu_604        |  1024|   0|  1024|          0|
    |data_in_buffer_V_56_fu_608        |  1024|   0|  1024|          0|
    |data_in_buffer_V_57_fu_612        |  1024|   0|  1024|          0|
    |data_in_buffer_V_58_fu_616        |  1024|   0|  1024|          0|
    |data_in_buffer_V_59_fu_620        |  1024|   0|  1024|          0|
    |data_in_buffer_V_5_fu_404         |  1024|   0|  1024|          0|
    |data_in_buffer_V_60_fu_624        |  1024|   0|  1024|          0|
    |data_in_buffer_V_61_fu_628        |  1024|   0|  1024|          0|
    |data_in_buffer_V_62_fu_632        |  1024|   0|  1024|          0|
    |data_in_buffer_V_63_fu_636        |  1024|   0|  1024|          0|
    |data_in_buffer_V_64_fu_640        |  1024|   0|  1024|          0|
    |data_in_buffer_V_65_fu_644        |  1024|   0|  1024|          0|
    |data_in_buffer_V_66_fu_648        |  1024|   0|  1024|          0|
    |data_in_buffer_V_67_fu_652        |  1024|   0|  1024|          0|
    |data_in_buffer_V_68_fu_656        |  1024|   0|  1024|          0|
    |data_in_buffer_V_69_fu_660        |  1024|   0|  1024|          0|
    |data_in_buffer_V_6_fu_408         |  1024|   0|  1024|          0|
    |data_in_buffer_V_70_fu_664        |  1024|   0|  1024|          0|
    |data_in_buffer_V_71_fu_668        |  1024|   0|  1024|          0|
    |data_in_buffer_V_72_fu_672        |  1024|   0|  1024|          0|
    |data_in_buffer_V_73_fu_676        |  1024|   0|  1024|          0|
    |data_in_buffer_V_74_fu_680        |  1024|   0|  1024|          0|
    |data_in_buffer_V_75_fu_684        |  1024|   0|  1024|          0|
    |data_in_buffer_V_76_fu_688        |  1024|   0|  1024|          0|
    |data_in_buffer_V_77_fu_692        |  1024|   0|  1024|          0|
    |data_in_buffer_V_78_fu_696        |  1024|   0|  1024|          0|
    |data_in_buffer_V_79_fu_700        |  1024|   0|  1024|          0|
    |data_in_buffer_V_7_fu_412         |  1024|   0|  1024|          0|
    |data_in_buffer_V_80_fu_704        |  1024|   0|  1024|          0|
    |data_in_buffer_V_8_fu_416         |  1024|   0|  1024|          0|
    |data_in_buffer_V_9_fu_420         |  1024|   0|  1024|          0|
    |data_in_buffer_V_fu_384           |  1024|   0|  1024|          0|
    |i_V_15_reg_3119                   |     7|   0|     7|          0|
    |i_V_fu_380                        |     7|   0|     7|          0|
    |icmp_ln1027_reg_3123              |     1|   0|     1|          0|
    |icmp_ln67_4_reg_3148              |     1|   0|     1|          0|
    |icmp_ln67_5_reg_3132              |     1|   0|     1|          0|
    |icmp_ln67_reg_3143                |     1|   0|     1|          0|
    |i_V_15_reg_3119                   |    64|  32|     7|          0|
    |icmp_ln1027_reg_3123              |    64|  32|     1|          0|
    |icmp_ln67_5_reg_3132              |    64|  32|     1|          0|
    +----------------------------------+------+----+------+-----------+
    |Total                             | 83232|  96| 83049|          0|
    +----------------------------------+------+----+------+-----------+



================================================================
== Interface
================================================================
* Summary: 
+-----------------------------------+-----+------+------------+-----------------------------------+--------------+
|             RTL Ports             | Dir | Bits |  Protocol  |           Source Object           |    C Type    |
+-----------------------------------+-----+------+------------+-----------------------------------+--------------+
|ap_clk                             |   in|     1|  ap_ctrl_hs|  check_input_Pipeline_read_in_data|  return value|
|ap_rst                             |   in|     1|  ap_ctrl_hs|  check_input_Pipeline_read_in_data|  return value|
|ap_start                           |   in|     1|  ap_ctrl_hs|  check_input_Pipeline_read_in_data|  return value|
|ap_done                            |  out|     1|  ap_ctrl_hs|  check_input_Pipeline_read_in_data|  return value|
|ap_idle                            |  out|     1|  ap_ctrl_hs|  check_input_Pipeline_read_in_data|  return value|
|ap_ready                           |  out|     1|  ap_ctrl_hs|  check_input_Pipeline_read_in_data|  return value|
|grp_fu_2145_p_din0                 |  out|    64|  ap_ctrl_hs|  check_input_Pipeline_read_in_data|  return value|
|grp_fu_2145_p_din1                 |  out|    64|  ap_ctrl_hs|  check_input_Pipeline_read_in_data|  return value|
|grp_fu_2145_p_opcode               |  out|     5|  ap_ctrl_hs|  check_input_Pipeline_read_in_data|  return value|
|grp_fu_2145_p_dout0                |   in|     1|  ap_ctrl_hs|  check_input_Pipeline_read_in_data|  return value|
|grp_fu_2145_p_ce                   |  out|     1|  ap_ctrl_hs|  check_input_Pipeline_read_in_data|  return value|
|grp_fu_2149_p_din0                 |  out|    64|  ap_ctrl_hs|  check_input_Pipeline_read_in_data|  return value|
|grp_fu_2149_p_dout0                |   in|    64|  ap_ctrl_hs|  check_input_Pipeline_read_in_data|  return value|
|grp_fu_2149_p_ce                   |  out|     1|  ap_ctrl_hs|  check_input_Pipeline_read_in_data|  return value|
|pre_reorder_data_buffer83_dout     |   in|  1024|     ap_fifo|          pre_reorder_data_buffer83|       pointer|
|pre_reorder_data_buffer83_empty_n  |   in|     1|     ap_fifo|          pre_reorder_data_buffer83|       pointer|
|pre_reorder_data_buffer83_read     |  out|     1|     ap_fifo|          pre_reorder_data_buffer83|       pointer|
|bitcast_ln67_2                     |   in|    63|     ap_none|                     bitcast_ln67_2|        scalar|
|icmp_ln67_6                        |   in|     1|     ap_none|                        icmp_ln67_6|        scalar|
|select_ln1035_8                    |   in|    64|     ap_none|                    select_ln1035_8|        scalar|
|data_in_buffer_V_80_out            |  out|  1024|      ap_vld|            data_in_buffer_V_80_out|       pointer|
|data_in_buffer_V_80_out_ap_vld     |  out|     1|      ap_vld|            data_in_buffer_V_80_out|       pointer|
|data_in_buffer_V_79_out            |  out|  1024|      ap_vld|            data_in_buffer_V_79_out|       pointer|
|data_in_buffer_V_79_out_ap_vld     |  out|     1|      ap_vld|            data_in_buffer_V_79_out|       pointer|
|data_in_buffer_V_78_out            |  out|  1024|      ap_vld|            data_in_buffer_V_78_out|       pointer|
|data_in_buffer_V_78_out_ap_vld     |  out|     1|      ap_vld|            data_in_buffer_V_78_out|       pointer|
|data_in_buffer_V_77_out            |  out|  1024|      ap_vld|            data_in_buffer_V_77_out|       pointer|
|data_in_buffer_V_77_out_ap_vld     |  out|     1|      ap_vld|            data_in_buffer_V_77_out|       pointer|
|data_in_buffer_V_76_out            |  out|  1024|      ap_vld|            data_in_buffer_V_76_out|       pointer|
|data_in_buffer_V_76_out_ap_vld     |  out|     1|      ap_vld|            data_in_buffer_V_76_out|       pointer|
|data_in_buffer_V_75_out            |  out|  1024|      ap_vld|            data_in_buffer_V_75_out|       pointer|
|data_in_buffer_V_75_out_ap_vld     |  out|     1|      ap_vld|            data_in_buffer_V_75_out|       pointer|
|data_in_buffer_V_74_out            |  out|  1024|      ap_vld|            data_in_buffer_V_74_out|       pointer|
|data_in_buffer_V_74_out_ap_vld     |  out|     1|      ap_vld|            data_in_buffer_V_74_out|       pointer|
|data_in_buffer_V_73_out            |  out|  1024|      ap_vld|            data_in_buffer_V_73_out|       pointer|
|data_in_buffer_V_73_out_ap_vld     |  out|     1|      ap_vld|            data_in_buffer_V_73_out|       pointer|
|data_in_buffer_V_72_out            |  out|  1024|      ap_vld|            data_in_buffer_V_72_out|       pointer|
|data_in_buffer_V_72_out_ap_vld     |  out|     1|      ap_vld|            data_in_buffer_V_72_out|       pointer|
|data_in_buffer_V_71_out            |  out|  1024|      ap_vld|            data_in_buffer_V_71_out|       pointer|
|data_in_buffer_V_71_out_ap_vld     |  out|     1|      ap_vld|            data_in_buffer_V_71_out|       pointer|
|data_in_buffer_V_70_out            |  out|  1024|      ap_vld|            data_in_buffer_V_70_out|       pointer|
|data_in_buffer_V_70_out_ap_vld     |  out|     1|      ap_vld|            data_in_buffer_V_70_out|       pointer|
|data_in_buffer_V_69_out            |  out|  1024|      ap_vld|            data_in_buffer_V_69_out|       pointer|
|data_in_buffer_V_69_out_ap_vld     |  out|     1|      ap_vld|            data_in_buffer_V_69_out|       pointer|
|data_in_buffer_V_68_out            |  out|  1024|      ap_vld|            data_in_buffer_V_68_out|       pointer|
|data_in_buffer_V_68_out_ap_vld     |  out|     1|      ap_vld|            data_in_buffer_V_68_out|       pointer|
|data_in_buffer_V_67_out            |  out|  1024|      ap_vld|            data_in_buffer_V_67_out|       pointer|
|data_in_buffer_V_67_out_ap_vld     |  out|     1|      ap_vld|            data_in_buffer_V_67_out|       pointer|
|data_in_buffer_V_66_out            |  out|  1024|      ap_vld|            data_in_buffer_V_66_out|       pointer|
|data_in_buffer_V_66_out_ap_vld     |  out|     1|      ap_vld|            data_in_buffer_V_66_out|       pointer|
|data_in_buffer_V_65_out            |  out|  1024|      ap_vld|            data_in_buffer_V_65_out|       pointer|
|data_in_buffer_V_65_out_ap_vld     |  out|     1|      ap_vld|            data_in_buffer_V_65_out|       pointer|
|data_in_buffer_V_64_out            |  out|  1024|      ap_vld|            data_in_buffer_V_64_out|       pointer|
|data_in_buffer_V_64_out_ap_vld     |  out|     1|      ap_vld|            data_in_buffer_V_64_out|       pointer|
|data_in_buffer_V_63_out            |  out|  1024|      ap_vld|            data_in_buffer_V_63_out|       pointer|
|data_in_buffer_V_63_out_ap_vld     |  out|     1|      ap_vld|            data_in_buffer_V_63_out|       pointer|
|data_in_buffer_V_62_out            |  out|  1024|      ap_vld|            data_in_buffer_V_62_out|       pointer|
|data_in_buffer_V_62_out_ap_vld     |  out|     1|      ap_vld|            data_in_buffer_V_62_out|       pointer|
|data_in_buffer_V_61_out            |  out|  1024|      ap_vld|            data_in_buffer_V_61_out|       pointer|
|data_in_buffer_V_61_out_ap_vld     |  out|     1|      ap_vld|            data_in_buffer_V_61_out|       pointer|
|data_in_buffer_V_60_out            |  out|  1024|      ap_vld|            data_in_buffer_V_60_out|       pointer|
|data_in_buffer_V_60_out_ap_vld     |  out|     1|      ap_vld|            data_in_buffer_V_60_out|       pointer|
|data_in_buffer_V_59_out            |  out|  1024|      ap_vld|            data_in_buffer_V_59_out|       pointer|
|data_in_buffer_V_59_out_ap_vld     |  out|     1|      ap_vld|            data_in_buffer_V_59_out|       pointer|
|data_in_buffer_V_58_out            |  out|  1024|      ap_vld|            data_in_buffer_V_58_out|       pointer|
|data_in_buffer_V_58_out_ap_vld     |  out|     1|      ap_vld|            data_in_buffer_V_58_out|       pointer|
|data_in_buffer_V_57_out            |  out|  1024|      ap_vld|            data_in_buffer_V_57_out|       pointer|
|data_in_buffer_V_57_out_ap_vld     |  out|     1|      ap_vld|            data_in_buffer_V_57_out|       pointer|
|data_in_buffer_V_56_out            |  out|  1024|      ap_vld|            data_in_buffer_V_56_out|       pointer|
|data_in_buffer_V_56_out_ap_vld     |  out|     1|      ap_vld|            data_in_buffer_V_56_out|       pointer|
|data_in_buffer_V_55_out            |  out|  1024|      ap_vld|            data_in_buffer_V_55_out|       pointer|
|data_in_buffer_V_55_out_ap_vld     |  out|     1|      ap_vld|            data_in_buffer_V_55_out|       pointer|
|data_in_buffer_V_54_out            |  out|  1024|      ap_vld|            data_in_buffer_V_54_out|       pointer|
|data_in_buffer_V_54_out_ap_vld     |  out|     1|      ap_vld|            data_in_buffer_V_54_out|       pointer|
|data_in_buffer_V_53_out            |  out|  1024|      ap_vld|            data_in_buffer_V_53_out|       pointer|
|data_in_buffer_V_53_out_ap_vld     |  out|     1|      ap_vld|            data_in_buffer_V_53_out|       pointer|
|data_in_buffer_V_52_out            |  out|  1024|      ap_vld|            data_in_buffer_V_52_out|       pointer|
|data_in_buffer_V_52_out_ap_vld     |  out|     1|      ap_vld|            data_in_buffer_V_52_out|       pointer|
|data_in_buffer_V_51_out            |  out|  1024|      ap_vld|            data_in_buffer_V_51_out|       pointer|
|data_in_buffer_V_51_out_ap_vld     |  out|     1|      ap_vld|            data_in_buffer_V_51_out|       pointer|
|data_in_buffer_V_50_out            |  out|  1024|      ap_vld|            data_in_buffer_V_50_out|       pointer|
|data_in_buffer_V_50_out_ap_vld     |  out|     1|      ap_vld|            data_in_buffer_V_50_out|       pointer|
|data_in_buffer_V_49_out            |  out|  1024|      ap_vld|            data_in_buffer_V_49_out|       pointer|
|data_in_buffer_V_49_out_ap_vld     |  out|     1|      ap_vld|            data_in_buffer_V_49_out|       pointer|
|data_in_buffer_V_48_out            |  out|  1024|      ap_vld|            data_in_buffer_V_48_out|       pointer|
|data_in_buffer_V_48_out_ap_vld     |  out|     1|      ap_vld|            data_in_buffer_V_48_out|       pointer|
|data_in_buffer_V_47_out            |  out|  1024|      ap_vld|            data_in_buffer_V_47_out|       pointer|
|data_in_buffer_V_47_out_ap_vld     |  out|     1|      ap_vld|            data_in_buffer_V_47_out|       pointer|
|data_in_buffer_V_46_out            |  out|  1024|      ap_vld|            data_in_buffer_V_46_out|       pointer|
|data_in_buffer_V_46_out_ap_vld     |  out|     1|      ap_vld|            data_in_buffer_V_46_out|       pointer|
|data_in_buffer_V_45_out            |  out|  1024|      ap_vld|            data_in_buffer_V_45_out|       pointer|
|data_in_buffer_V_45_out_ap_vld     |  out|     1|      ap_vld|            data_in_buffer_V_45_out|       pointer|
|data_in_buffer_V_44_out            |  out|  1024|      ap_vld|            data_in_buffer_V_44_out|       pointer|
|data_in_buffer_V_44_out_ap_vld     |  out|     1|      ap_vld|            data_in_buffer_V_44_out|       pointer|
|data_in_buffer_V_43_out            |  out|  1024|      ap_vld|            data_in_buffer_V_43_out|       pointer|
|data_in_buffer_V_43_out_ap_vld     |  out|     1|      ap_vld|            data_in_buffer_V_43_out|       pointer|
|data_in_buffer_V_42_out            |  out|  1024|      ap_vld|            data_in_buffer_V_42_out|       pointer|
|data_in_buffer_V_42_out_ap_vld     |  out|     1|      ap_vld|            data_in_buffer_V_42_out|       pointer|
|data_in_buffer_V_41_out            |  out|  1024|      ap_vld|            data_in_buffer_V_41_out|       pointer|
|data_in_buffer_V_41_out_ap_vld     |  out|     1|      ap_vld|            data_in_buffer_V_41_out|       pointer|
|data_in_buffer_V_40_out            |  out|  1024|      ap_vld|            data_in_buffer_V_40_out|       pointer|
|data_in_buffer_V_40_out_ap_vld     |  out|     1|      ap_vld|            data_in_buffer_V_40_out|       pointer|
|data_in_buffer_V_39_out            |  out|  1024|      ap_vld|            data_in_buffer_V_39_out|       pointer|
|data_in_buffer_V_39_out_ap_vld     |  out|     1|      ap_vld|            data_in_buffer_V_39_out|       pointer|
|data_in_buffer_V_38_out            |  out|  1024|      ap_vld|            data_in_buffer_V_38_out|       pointer|
|data_in_buffer_V_38_out_ap_vld     |  out|     1|      ap_vld|            data_in_buffer_V_38_out|       pointer|
|data_in_buffer_V_37_out            |  out|  1024|      ap_vld|            data_in_buffer_V_37_out|       pointer|
|data_in_buffer_V_37_out_ap_vld     |  out|     1|      ap_vld|            data_in_buffer_V_37_out|       pointer|
|data_in_buffer_V_36_out            |  out|  1024|      ap_vld|            data_in_buffer_V_36_out|       pointer|
|data_in_buffer_V_36_out_ap_vld     |  out|     1|      ap_vld|            data_in_buffer_V_36_out|       pointer|
|data_in_buffer_V_35_out            |  out|  1024|      ap_vld|            data_in_buffer_V_35_out|       pointer|
|data_in_buffer_V_35_out_ap_vld     |  out|     1|      ap_vld|            data_in_buffer_V_35_out|       pointer|
|data_in_buffer_V_34_out            |  out|  1024|      ap_vld|            data_in_buffer_V_34_out|       pointer|
|data_in_buffer_V_34_out_ap_vld     |  out|     1|      ap_vld|            data_in_buffer_V_34_out|       pointer|
|data_in_buffer_V_33_out            |  out|  1024|      ap_vld|            data_in_buffer_V_33_out|       pointer|
|data_in_buffer_V_33_out_ap_vld     |  out|     1|      ap_vld|            data_in_buffer_V_33_out|       pointer|
|data_in_buffer_V_32_out            |  out|  1024|      ap_vld|            data_in_buffer_V_32_out|       pointer|
|data_in_buffer_V_32_out_ap_vld     |  out|     1|      ap_vld|            data_in_buffer_V_32_out|       pointer|
|data_in_buffer_V_31_out            |  out|  1024|      ap_vld|            data_in_buffer_V_31_out|       pointer|
|data_in_buffer_V_31_out_ap_vld     |  out|     1|      ap_vld|            data_in_buffer_V_31_out|       pointer|
|data_in_buffer_V_30_out            |  out|  1024|      ap_vld|            data_in_buffer_V_30_out|       pointer|
|data_in_buffer_V_30_out_ap_vld     |  out|     1|      ap_vld|            data_in_buffer_V_30_out|       pointer|
|data_in_buffer_V_29_out            |  out|  1024|      ap_vld|            data_in_buffer_V_29_out|       pointer|
|data_in_buffer_V_29_out_ap_vld     |  out|     1|      ap_vld|            data_in_buffer_V_29_out|       pointer|
|data_in_buffer_V_28_out            |  out|  1024|      ap_vld|            data_in_buffer_V_28_out|       pointer|
|data_in_buffer_V_28_out_ap_vld     |  out|     1|      ap_vld|            data_in_buffer_V_28_out|       pointer|
|data_in_buffer_V_27_out            |  out|  1024|      ap_vld|            data_in_buffer_V_27_out|       pointer|
|data_in_buffer_V_27_out_ap_vld     |  out|     1|      ap_vld|            data_in_buffer_V_27_out|       pointer|
|data_in_buffer_V_26_out            |  out|  1024|      ap_vld|            data_in_buffer_V_26_out|       pointer|
|data_in_buffer_V_26_out_ap_vld     |  out|     1|      ap_vld|            data_in_buffer_V_26_out|       pointer|
|data_in_buffer_V_25_out            |  out|  1024|      ap_vld|            data_in_buffer_V_25_out|       pointer|
|data_in_buffer_V_25_out_ap_vld     |  out|     1|      ap_vld|            data_in_buffer_V_25_out|       pointer|
|data_in_buffer_V_24_out            |  out|  1024|      ap_vld|            data_in_buffer_V_24_out|       pointer|
|data_in_buffer_V_24_out_ap_vld     |  out|     1|      ap_vld|            data_in_buffer_V_24_out|       pointer|
|data_in_buffer_V_23_out            |  out|  1024|      ap_vld|            data_in_buffer_V_23_out|       pointer|
|data_in_buffer_V_23_out_ap_vld     |  out|     1|      ap_vld|            data_in_buffer_V_23_out|       pointer|
|data_in_buffer_V_22_out            |  out|  1024|      ap_vld|            data_in_buffer_V_22_out|       pointer|
|data_in_buffer_V_22_out_ap_vld     |  out|     1|      ap_vld|            data_in_buffer_V_22_out|       pointer|
|data_in_buffer_V_21_out            |  out|  1024|      ap_vld|            data_in_buffer_V_21_out|       pointer|
|data_in_buffer_V_21_out_ap_vld     |  out|     1|      ap_vld|            data_in_buffer_V_21_out|       pointer|
|data_in_buffer_V_20_out            |  out|  1024|      ap_vld|            data_in_buffer_V_20_out|       pointer|
|data_in_buffer_V_20_out_ap_vld     |  out|     1|      ap_vld|            data_in_buffer_V_20_out|       pointer|
|data_in_buffer_V_19_out            |  out|  1024|      ap_vld|            data_in_buffer_V_19_out|       pointer|
|data_in_buffer_V_19_out_ap_vld     |  out|     1|      ap_vld|            data_in_buffer_V_19_out|       pointer|
|data_in_buffer_V_18_out            |  out|  1024|      ap_vld|            data_in_buffer_V_18_out|       pointer|
|data_in_buffer_V_18_out_ap_vld     |  out|     1|      ap_vld|            data_in_buffer_V_18_out|       pointer|
|data_in_buffer_V_17_out            |  out|  1024|      ap_vld|            data_in_buffer_V_17_out|       pointer|
|data_in_buffer_V_17_out_ap_vld     |  out|     1|      ap_vld|            data_in_buffer_V_17_out|       pointer|
|data_in_buffer_V_16_out            |  out|  1024|      ap_vld|            data_in_buffer_V_16_out|       pointer|
|data_in_buffer_V_16_out_ap_vld     |  out|     1|      ap_vld|            data_in_buffer_V_16_out|       pointer|
|data_in_buffer_V_15_out            |  out|  1024|      ap_vld|            data_in_buffer_V_15_out|       pointer|
|data_in_buffer_V_15_out_ap_vld     |  out|     1|      ap_vld|            data_in_buffer_V_15_out|       pointer|
|data_in_buffer_V_14_out            |  out|  1024|      ap_vld|            data_in_buffer_V_14_out|       pointer|
|data_in_buffer_V_14_out_ap_vld     |  out|     1|      ap_vld|            data_in_buffer_V_14_out|       pointer|
|data_in_buffer_V_13_out            |  out|  1024|      ap_vld|            data_in_buffer_V_13_out|       pointer|
|data_in_buffer_V_13_out_ap_vld     |  out|     1|      ap_vld|            data_in_buffer_V_13_out|       pointer|
|data_in_buffer_V_12_out            |  out|  1024|      ap_vld|            data_in_buffer_V_12_out|       pointer|
|data_in_buffer_V_12_out_ap_vld     |  out|     1|      ap_vld|            data_in_buffer_V_12_out|       pointer|
|data_in_buffer_V_11_out            |  out|  1024|      ap_vld|            data_in_buffer_V_11_out|       pointer|
|data_in_buffer_V_11_out_ap_vld     |  out|     1|      ap_vld|            data_in_buffer_V_11_out|       pointer|
|data_in_buffer_V_10_out            |  out|  1024|      ap_vld|            data_in_buffer_V_10_out|       pointer|
|data_in_buffer_V_10_out_ap_vld     |  out|     1|      ap_vld|            data_in_buffer_V_10_out|       pointer|
|data_in_buffer_V_9_out             |  out|  1024|      ap_vld|             data_in_buffer_V_9_out|       pointer|
|data_in_buffer_V_9_out_ap_vld      |  out|     1|      ap_vld|             data_in_buffer_V_9_out|       pointer|
|data_in_buffer_V_8_out             |  out|  1024|      ap_vld|             data_in_buffer_V_8_out|       pointer|
|data_in_buffer_V_8_out_ap_vld      |  out|     1|      ap_vld|             data_in_buffer_V_8_out|       pointer|
|data_in_buffer_V_7_out             |  out|  1024|      ap_vld|             data_in_buffer_V_7_out|       pointer|
|data_in_buffer_V_7_out_ap_vld      |  out|     1|      ap_vld|             data_in_buffer_V_7_out|       pointer|
|data_in_buffer_V_6_out             |  out|  1024|      ap_vld|             data_in_buffer_V_6_out|       pointer|
|data_in_buffer_V_6_out_ap_vld      |  out|     1|      ap_vld|             data_in_buffer_V_6_out|       pointer|
|data_in_buffer_V_5_out             |  out|  1024|      ap_vld|             data_in_buffer_V_5_out|       pointer|
|data_in_buffer_V_5_out_ap_vld      |  out|     1|      ap_vld|             data_in_buffer_V_5_out|       pointer|
|data_in_buffer_V_4_out             |  out|  1024|      ap_vld|             data_in_buffer_V_4_out|       pointer|
|data_in_buffer_V_4_out_ap_vld      |  out|     1|      ap_vld|             data_in_buffer_V_4_out|       pointer|
|data_in_buffer_V_3_out             |  out|  1024|      ap_vld|             data_in_buffer_V_3_out|       pointer|
|data_in_buffer_V_3_out_ap_vld      |  out|     1|      ap_vld|             data_in_buffer_V_3_out|       pointer|
|data_in_buffer_V_2_out             |  out|  1024|      ap_vld|             data_in_buffer_V_2_out|       pointer|
|data_in_buffer_V_2_out_ap_vld      |  out|     1|      ap_vld|             data_in_buffer_V_2_out|       pointer|
|data_in_buffer_V_1_out             |  out|  1024|      ap_vld|             data_in_buffer_V_1_out|       pointer|
|data_in_buffer_V_1_out_ap_vld      |  out|     1|      ap_vld|             data_in_buffer_V_1_out|       pointer|
|data_in_buffer_V_out               |  out|  1024|      ap_vld|               data_in_buffer_V_out|       pointer|
|data_in_buffer_V_out_ap_vld        |  out|     1|      ap_vld|               data_in_buffer_V_out|       pointer|
+-----------------------------------+-----+------+------------+-----------------------------------+--------------+

