

================================================================
== Vitis HLS Report for 'convert_to_byte_stream'
================================================================
* Date:           Fri Oct  6 09:59:13 2023

* Version:        2022.2 (Build 3670227 on Oct 13 2022)
* Project:        Dedup
* Solution:       solution1 (Vivado IP Flow Target)
* Product family: zynquplus
* Target device:  xczu9eg-ffvb1156-2-e


================================================================
== Performance Estimates
================================================================
+ Timing: 
    * Summary: 
    +--------+----------+----------+------------+
    |  Clock |  Target  | Estimated| Uncertainty|
    +--------+----------+----------+------------+
    |ap_clk  |  10.00 ns|  5.003 ns|     2.70 ns|
    +--------+----------+----------+------------+

+ Latency: 
    * Summary: 
    +---------+---------+-----------+----------+-----+-------+---------+
    |  Latency (cycles) |  Latency (absolute)  |   Interval  | Pipeline|
    |   min   |   max   |    min    |    max   | min |  max  |   Type  |
    +---------+---------+-----------+----------+-----+-------+---------+
    |        1|    43029|  10.000 ns|  0.430 ms|    1|  43029|       no|
    +---------+---------+-----------+----------+-----+-------+---------+

    + Detail: 
        * Instance: 
        +------------------------------------------------------+-------------------------------------------+---------+---------+----------+----------+-----+-------+---------+
        |                                                      |                                           |  Latency (cycles) |  Latency (absolute) |   Interval  | Pipeline|
        |                       Instance                       |                   Module                  |   min   |   max   |    min   |    max   | min |  max  |   Type  |
        +------------------------------------------------------+-------------------------------------------+---------+---------+----------+----------+-----+-------+---------+
        |grp_convert_to_byte_stream_Pipeline_read_data_fu_210  |convert_to_byte_stream_Pipeline_read_data  |       17|    43026|  0.170 us|  0.430 ms|   17|  43026|       no|
        +------------------------------------------------------+-------------------------------------------+---------+---------+----------+----------+-----+-------+---------+

        * Loop: 
        N/A



================================================================
== Utilization Estimates
================================================================
* Summary: 
+-----------------+---------+------+--------+--------+-----+
|       Name      | BRAM_18K|  DSP |   FF   |   LUT  | URAM|
+-----------------+---------+------+--------+--------+-----+
|DSP              |        -|     -|       -|       -|    -|
|Expression       |        -|     -|       0|     128|    -|
|FIFO             |        -|     -|       -|       -|    -|
|Instance         |        -|     -|     523|    2790|    -|
|Memory           |        -|     -|       -|       -|    -|
|Multiplexer      |        -|     -|       -|     191|    -|
|Register         |        -|     -|     372|       -|    -|
+-----------------+---------+------+--------+--------+-----+
|Total            |        0|     0|     895|    3109|    0|
+-----------------+---------+------+--------+--------+-----+
|Available        |     1824|  2520|  548160|  274080|    0|
+-----------------+---------+------+--------+--------+-----+
|Utilization (%)  |        0|     0|      ~0|       1|    0|
+-----------------+---------+------+--------+--------+-----+

+ Detail: 
    * Instance: 
    +------------------------------------------------------+-------------------------------------------+---------+----+-----+------+-----+
    |                       Instance                       |                   Module                  | BRAM_18K| DSP|  FF |  LUT | URAM|
    +------------------------------------------------------+-------------------------------------------+---------+----+-----+------+-----+
    |grp_convert_to_byte_stream_Pipeline_read_data_fu_210  |convert_to_byte_stream_Pipeline_read_data  |        0|   0|  523|  2790|    0|
    +------------------------------------------------------+-------------------------------------------+---------+----+-----+------+-----+
    |Total                                                 |                                           |        0|   0|  523|  2790|    0|
    +------------------------------------------------------+-------------------------------------------+---------+----+-----+------+-----+

    * DSP: 
    N/A

    * Memory: 
    N/A

    * FIFO: 
    N/A

    * Expression: 
    +--------------------------------+----------+----+---+----+------------+------------+
    |          Variable Name         | Operation| DSP| FF| LUT| Bitwidth P0| Bitwidth P1|
    +--------------------------------+----------+----+---+----+------------+------------+
    |ret_V_fu_293_p2                 |         +|   0|  0|  73|          66|          66|
    |ap_condition_170                |       and|   0|  0|   2|           1|           1|
    |tmp_s_nbreadreq_fu_94_p3        |       and|   0|  0|   2|           1|           0|
    |icmp_ln233_fu_299_p2            |      icmp|   0|  0|  29|          66|          66|
    |ap_block_state1                 |        or|   0|  0|   2|           1|           1|
    |ap_condition_175                |        or|   0|  0|   2|           1|           1|
    |ap_condition_207                |        or|   0|  0|   2|           1|           1|
    |ap_condition_218                |        or|   0|  0|   2|           1|           1|
    |ap_condition_238                |        or|   0|  0|   2|           1|           1|
    |ap_condition_248                |        or|   0|  0|   2|           1|           1|
    |ap_condition_78                 |        or|   0|  0|   2|           1|           1|
    |ap_predicate_op32_read_state1   |        or|   0|  0|   2|           1|           1|
    |ap_predicate_op42_write_state1  |        or|   0|  0|   2|           1|           1|
    |or_ln233_fu_312_p2              |        or|   0|  0|   2|           1|           1|
    |xor_ln233_fu_305_p2             |       xor|   0|  0|   2|           1|           2|
    +--------------------------------+----------+----+---+----+------------+------------+
    |Total                           |          |   0|  0| 128|         145|         145|
    +--------------------------------+----------+----+---+----+------------+------------+

    * Multiplexer: 
    +----------------------------------------------+----+-----------+-----+-----------+
    |                     Name                     | LUT| Input Size| Bits| Total Bits|
    +----------------------------------------------+----+-----------+-----+-----------+
    |ap_NS_fsm                                     |  26|          5|    1|          5|
    |ap_phi_mux_init_byte_1_flag_2_phi_fu_174_p10  |  14|          3|    1|          3|
    |ap_phi_mux_init_byte_1_new_2_phi_fu_194_p10   |  14|          3|    1|          3|
    |ap_phi_mux_lhs_2_phi_fu_155_p4                |  14|          3|   64|        192|
    |ap_phi_mux_rhs_4_phi_fu_164_p4                |  14|          3|   32|         96|
    |end_in_buffer77_blk_n                         |   9|          2|    1|          2|
    |in_buffer75_read                              |   9|          2|    1|          2|
    |init_byte_1_flag_2_reg_170                    |  14|          3|    1|          3|
    |init_byte_1_new_2_reg_190                     |   9|          2|    1|          2|
    |input_counter_byte_V_1                        |   9|          2|   64|        128|
    |pos_byte_1                                    |   9|          2|   32|         64|
    |segment_data_1_write                          |   9|          2|    1|          2|
    |segment_end_1_blk_n                           |   9|          2|    1|          2|
    |segment_end_1_din                             |  14|          3|    1|          3|
    |segment_size_blk_n                            |   9|          2|    1|          2|
    |size_in_buffer76_blk_n                        |   9|          2|    1|          2|
    +----------------------------------------------+----+-----------+-----+-----------+
    |Total                                         | 191|         41|  204|        511|
    +----------------------------------------------+----+-----------+-----+-----------+

    * Register: 
    +-------------------------------------------------------------------+----+----+-----+-----------+
    |                                Name                               | FF | LUT| Bits| Const Bits|
    +-------------------------------------------------------------------+----+----+-----+-----------+
    |ap_CS_fsm                                                          |   4|   0|    4|          0|
    |end_byte_1                                                         |   1|   0|    1|          0|
    |end_byte_1_load_reg_349                                            |   1|   0|    1|          0|
    |end_in_buffer77_read_reg_369                                       |   1|   0|    1|          0|
    |file_length_byte_V                                                 |  64|   0|   64|          0|
    |grp_convert_to_byte_stream_Pipeline_read_data_fu_210_ap_start_reg  |   1|   0|    1|          0|
    |init_byte_1                                                        |   1|   0|    1|          0|
    |init_byte_1_flag_0_reg_139                                         |   1|   0|    1|          0|
    |init_byte_1_flag_2_reg_170                                         |   1|   0|    1|          0|
    |init_byte_1_load_reg_357                                           |   1|   0|    1|          0|
    |init_byte_1_new_2_reg_190                                          |   1|   0|    1|          0|
    |input_counter_byte_V_1                                             |  64|   0|   64|          0|
    |lhs_loc_fu_70                                                      |  64|   0|   64|          0|
    |p_phi2_loc_fu_78                                                   |  32|   0|   32|          0|
    |p_phi_loc_fu_82                                                    |  64|   0|   64|          0|
    |pos_byte_1                                                         |  32|   0|   32|          0|
    |rhs_loc_fu_74                                                      |  32|   0|   32|          0|
    |targetBlock_reg_376                                                |   4|   0|    4|          0|
    |tmp_31_reg_365                                                     |   1|   0|    1|          0|
    |tmp_reg_353                                                        |   1|   0|    1|          0|
    |tmp_s_reg_361                                                      |   1|   0|    1|          0|
    +-------------------------------------------------------------------+----+----+-----+-----------+
    |Total                                                              | 372|   0|  372|          0|
    +-------------------------------------------------------------------+----+----+-----+-----------+



================================================================
== Interface
================================================================
* Summary: 
+--------------------------+-----+-----+------------+------------------------+--------------+
|         RTL Ports        | Dir | Bits|  Protocol  |      Source Object     |    C Type    |
+--------------------------+-----+-----+------------+------------------------+--------------+
|ap_clk                    |   in|    1|  ap_ctrl_hs|  convert_to_byte_stream|  return value|
|ap_rst                    |   in|    1|  ap_ctrl_hs|  convert_to_byte_stream|  return value|
|ap_start                  |   in|    1|  ap_ctrl_hs|  convert_to_byte_stream|  return value|
|ap_done                   |  out|    1|  ap_ctrl_hs|  convert_to_byte_stream|  return value|
|ap_idle                   |  out|    1|  ap_ctrl_hs|  convert_to_byte_stream|  return value|
|ap_ready                  |  out|    1|  ap_ctrl_hs|  convert_to_byte_stream|  return value|
|in_buffer75_dout          |   in|   64|     ap_fifo|             in_buffer75|       pointer|
|in_buffer75_empty_n       |   in|    1|     ap_fifo|             in_buffer75|       pointer|
|in_buffer75_read          |  out|    1|     ap_fifo|             in_buffer75|       pointer|
|size_in_buffer76_dout     |   in|   64|     ap_fifo|        size_in_buffer76|       pointer|
|size_in_buffer76_empty_n  |   in|    1|     ap_fifo|        size_in_buffer76|       pointer|
|size_in_buffer76_read     |  out|    1|     ap_fifo|        size_in_buffer76|       pointer|
|end_in_buffer77_dout      |   in|    1|     ap_fifo|         end_in_buffer77|       pointer|
|end_in_buffer77_empty_n   |   in|    1|     ap_fifo|         end_in_buffer77|       pointer|
|end_in_buffer77_read      |  out|    1|     ap_fifo|         end_in_buffer77|       pointer|
|segment_data_1_din        |  out|    8|     ap_fifo|          segment_data_1|       pointer|
|segment_data_1_full_n     |   in|    1|     ap_fifo|          segment_data_1|       pointer|
|segment_data_1_write      |  out|    1|     ap_fifo|          segment_data_1|       pointer|
|segment_end_1_din         |  out|    1|     ap_fifo|           segment_end_1|       pointer|
|segment_end_1_full_n      |   in|    1|     ap_fifo|           segment_end_1|       pointer|
|segment_end_1_write       |  out|    1|     ap_fifo|           segment_end_1|       pointer|
|segment_size_din          |  out|   64|     ap_fifo|            segment_size|       pointer|
|segment_size_full_n       |   in|    1|     ap_fifo|            segment_size|       pointer|
|segment_size_write        |  out|    1|     ap_fifo|            segment_size|       pointer|
+--------------------------+-----+-----+------------+------------------------+--------------+

