

================================================================
== Vitis HLS Report for 'preProcessing_Pipeline_LOOP_GEN_FULL_BLKS'
================================================================
* Date:           Thu Oct 26 14:39:22 2023

* Version:        2022.2 (Build 3670227 on Oct 13 2022)
* Project:        Dedup
* Solution:       solution1 (Vivado IP Flow Target)
* Product family: zynquplus
* Target device:  xczu9eg-ffvb1156-2-e


================================================================
== Performance Estimates
================================================================
+ Timing: 
    * Summary: 
    +--------+----------+----------+------------+
    |  Clock |  Target  | Estimated| Uncertainty|
    +--------+----------+----------+------------+
    |ap_clk  |  10.00 ns|  3.588 ns|     2.70 ns|
    +--------+----------+----------+------------+

+ Latency: 
    * Summary: 
    +---------+---------+-----------+----------+-----+-----+---------+
    |  Latency (cycles) |  Latency (absolute)  |  Interval | Pipeline|
    |   min   |   max   |    min    |    max   | min | max |   Type  |
    +---------+---------+-----------+----------+-----+-----+---------+
    |        2|       18|  20.000 ns|  0.180 us|    2|   18|       no|
    +---------+---------+-----------+----------+-----+-----+---------+

    + Detail: 
        * Instance: 
        N/A

        * Loop: 
        +----------------------+---------+---------+----------+-----------+-----------+-------+----------+
        |                      |  Latency (cycles) | Iteration|  Initiation Interval  |  Trip |          |
        |       Loop Name      |   min   |   max   |  Latency |  achieved |   target  | Count | Pipelined|
        +----------------------+---------+---------+----------+-----------+-----------+-------+----------+
        |- LOOP_GEN_FULL_BLKS  |        0|       16|        17|         16|         16|  0 ~ 1|       yes|
        +----------------------+---------+---------+----------+-----------+-----------+-------+----------+



================================================================
== Utilization Estimates
================================================================
* Summary: 
+-----------------+---------+------+--------+--------+-----+
|       Name      | BRAM_18K|  DSP |   FF   |   LUT  | URAM|
+-----------------+---------+------+--------+--------+-----+
|DSP              |        -|     -|       -|       -|    -|
|Expression       |        -|     -|       0|     103|    -|
|FIFO             |        -|     -|       -|       -|    -|
|Instance         |        -|     -|       -|       -|    -|
|Memory           |        -|     -|       -|       -|    -|
|Multiplexer      |        -|     -|       -|     144|    -|
|Register         |        -|     -|     558|       -|    -|
+-----------------+---------+------+--------+--------+-----+
|Total            |        0|     0|     558|     247|    0|
+-----------------+---------+------+--------+--------+-----+
|Available        |     1824|  2520|  548160|  274080|    0|
+-----------------+---------+------+--------+--------+-----+
|Utilization (%)  |        0|     0|      ~0|      ~0|    0|
+-----------------+---------+------+--------+--------+-----+

+ Detail: 
    * Instance: 
    N/A

    * DSP: 
    N/A

    * Memory: 
    N/A

    * FIFO: 
    N/A

    * Expression: 
    +-----------------------------------+----------+----+---+----+------------+------------+
    |           Variable Name           | Operation| DSP| FF| LUT| Bitwidth P0| Bitwidth P1|
    +-----------------------------------+----------+----+---+----+------------+------------+
    |j_V_5_fu_130_p2                    |         +|   0|  0|  65|          58|           1|
    |ap_block_pp0_stage0_11001          |       and|   0|  0|   2|           1|           1|
    |ap_block_pp0_stage10_11001         |       and|   0|  0|   2|           1|           1|
    |ap_block_pp0_stage1_01001          |       and|   0|  0|   2|           1|           1|
    |ap_block_state10_pp0_stage9_iter0  |       and|   0|  0|   2|           1|           1|
    |icmp_ln1027_fu_125_p2              |      icmp|   0|  0|  26|          58|          58|
    |ap_block_state18_pp0_stage1_iter1  |        or|   0|  0|   2|           1|           1|
    |ap_enable_pp0                      |       xor|   0|  0|   2|           1|           2|
    +-----------------------------------+----------+----+---+----+------------+------------+
    |Total                              |          |   0|  0| 103|         122|          66|
    +-----------------------------------+----------+----+---+----+------------+------------+

    * Multiplexer: 
    +-----------------------------+----+-----------+-----+-----------+
    |             Name            | LUT| Input Size| Bits| Total Bits|
    +-----------------------------+----+-----------+-----+-----------+
    |ap_NS_fsm                    |  81|         17|    1|         17|
    |ap_done_int                  |   9|          2|    1|          2|
    |ap_enable_reg_pp0_iter0      |   9|          2|    1|          2|
    |ap_enable_reg_pp0_iter0_reg  |   9|          2|    1|          2|
    |ap_enable_reg_pp0_iter1      |   9|          2|    1|          2|
    |blk_strm_blk_n               |   9|          2|    1|          2|
    |j_V_fu_64                    |   9|          2|   58|        116|
    |sha1_msg85_blk_n             |   9|          2|    1|          2|
    +-----------------------------+----+-----------+-----+-----------+
    |Total                        | 144|         31|   65|        145|
    +-----------------------------+----+-----------+-----+-----------+

    * Register: 
    +-----------------------------+----+----+-----+-----------+
    |             Name            | FF | LUT| Bits| Const Bits|
    +-----------------------------+----+----+-----+-----------+
    |ap_CS_fsm                    |  16|   0|   16|          0|
    |ap_done_reg                  |   1|   0|    1|          0|
    |ap_enable_reg_pp0_iter0_reg  |   1|   0|    1|          0|
    |ap_enable_reg_pp0_iter1      |   1|   0|    1|          0|
    |empty_149_reg_314            |   8|   0|    8|          0|
    |empty_150_reg_334            |   8|   0|    8|          0|
    |empty_151_reg_354            |   8|   0|    8|          0|
    |empty_152_reg_374            |   8|   0|    8|          0|
    |empty_153_reg_394            |   8|   0|    8|          0|
    |empty_154_reg_414            |   8|   0|    8|          0|
    |empty_155_reg_434            |   8|   0|    8|          0|
    |empty_156_reg_454            |   8|   0|    8|          0|
    |empty_157_reg_474            |   8|   0|    8|          0|
    |empty_158_reg_494            |   8|   0|    8|          0|
    |empty_159_reg_514            |   8|   0|    8|          0|
    |empty_160_reg_534            |   8|   0|    8|          0|
    |empty_161_reg_554            |   8|   0|    8|          0|
    |empty_162_reg_574            |   8|   0|    8|          0|
    |empty_reg_294                |   8|   0|    8|          0|
    |icmp_ln1027_reg_290          |   1|   0|    1|          0|
    |j_V_fu_64                    |  58|   0|   58|          0|
    |p_10_reg_364                 |   8|   0|    8|          0|
    |p_11_reg_369                 |   8|   0|    8|          0|
    |p_12_reg_379                 |   8|   0|    8|          0|
    |p_13_reg_384                 |   8|   0|    8|          0|
    |p_14_reg_389                 |   8|   0|    8|          0|
    |p_15_reg_399                 |   8|   0|    8|          0|
    |p_16_reg_404                 |   8|   0|    8|          0|
    |p_17_reg_409                 |   8|   0|    8|          0|
    |p_18_reg_419                 |   8|   0|    8|          0|
    |p_19_reg_424                 |   8|   0|    8|          0|
    |p_1_reg_304                  |   8|   0|    8|          0|
    |p_20_reg_429                 |   8|   0|    8|          0|
    |p_21_reg_439                 |   8|   0|    8|          0|
    |p_22_reg_444                 |   8|   0|    8|          0|
    |p_23_reg_449                 |   8|   0|    8|          0|
    |p_24_reg_459                 |   8|   0|    8|          0|
    |p_25_reg_464                 |   8|   0|    8|          0|
    |p_26_reg_469                 |   8|   0|    8|          0|
    |p_27_reg_479                 |   8|   0|    8|          0|
    |p_28_reg_484                 |   8|   0|    8|          0|
    |p_29_reg_489                 |   8|   0|    8|          0|
    |p_2_reg_309                  |   8|   0|    8|          0|
    |p_30_reg_499                 |   8|   0|    8|          0|
    |p_31_reg_504                 |   8|   0|    8|          0|
    |p_32_reg_509                 |   8|   0|    8|          0|
    |p_33_reg_519                 |   8|   0|    8|          0|
    |p_34_reg_524                 |   8|   0|    8|          0|
    |p_35_reg_529                 |   8|   0|    8|          0|
    |p_36_reg_539                 |   8|   0|    8|          0|
    |p_37_reg_544                 |   8|   0|    8|          0|
    |p_38_reg_549                 |   8|   0|    8|          0|
    |p_39_reg_559                 |   8|   0|    8|          0|
    |p_3_reg_299                  |   8|   0|    8|          0|
    |p_40_reg_564                 |   8|   0|    8|          0|
    |p_41_reg_569                 |   8|   0|    8|          0|
    |p_42_reg_579                 |   8|   0|    8|          0|
    |p_43_reg_584                 |   8|   0|    8|          0|
    |p_44_reg_589                 |   8|   0|    8|          0|
    |p_4_reg_319                  |   8|   0|    8|          0|
    |p_5_reg_324                  |   8|   0|    8|          0|
    |p_6_reg_329                  |   8|   0|    8|          0|
    |p_7_reg_339                  |   8|   0|    8|          0|
    |p_8_reg_344                  |   8|   0|    8|          0|
    |p_9_reg_349                  |   8|   0|    8|          0|
    |p_s_reg_359                  |   8|   0|    8|          0|
    +-----------------------------+----+----+-----+-----------+
    |Total                        | 558|   0|  558|          0|
    +-----------------------------+----+----+-----+-----------+



================================================================
== Interface
================================================================
* Summary: 
+-------------------------+-----+-----+------------+-------------------------------------------+--------------+
|        RTL Ports        | Dir | Bits|  Protocol  |               Source Object               |    C Type    |
+-------------------------+-----+-----+------------+-------------------------------------------+--------------+
|ap_clk                   |   in|    1|  ap_ctrl_hs|  preProcessing_Pipeline_LOOP_GEN_FULL_BLKS|  return value|
|ap_rst                   |   in|    1|  ap_ctrl_hs|  preProcessing_Pipeline_LOOP_GEN_FULL_BLKS|  return value|
|ap_start                 |   in|    1|  ap_ctrl_hs|  preProcessing_Pipeline_LOOP_GEN_FULL_BLKS|  return value|
|ap_done                  |  out|    1|  ap_ctrl_hs|  preProcessing_Pipeline_LOOP_GEN_FULL_BLKS|  return value|
|ap_idle                  |  out|    1|  ap_ctrl_hs|  preProcessing_Pipeline_LOOP_GEN_FULL_BLKS|  return value|
|ap_ready                 |  out|    1|  ap_ctrl_hs|  preProcessing_Pipeline_LOOP_GEN_FULL_BLKS|  return value|
|sha1_msg85_dout          |   in|   32|     ap_fifo|                                 sha1_msg85|       pointer|
|sha1_msg85_empty_n       |   in|    1|     ap_fifo|                                 sha1_msg85|       pointer|
|sha1_msg85_read          |  out|    1|     ap_fifo|                                 sha1_msg85|       pointer|
|blk_strm_din             |  out|  512|     ap_fifo|                                   blk_strm|       pointer|
|blk_strm_num_data_valid  |   in|    3|     ap_fifo|                                   blk_strm|       pointer|
|blk_strm_fifo_cap        |   in|    3|     ap_fifo|                                   blk_strm|       pointer|
|blk_strm_full_n          |   in|    1|     ap_fifo|                                   blk_strm|       pointer|
|blk_strm_write           |  out|    1|     ap_fifo|                                   blk_strm|       pointer|
|trunc_ln                 |   in|   58|     ap_none|                                   trunc_ln|        scalar|
+-------------------------+-----+-----+------------+-------------------------------------------+--------------+

