

================================================================
== Vitis HLS Report for 'segment_bc_packet'
================================================================
* Date:           Fri Oct  6 09:59:14 2023

* Version:        2022.2 (Build 3670227 on Oct 13 2022)
* Project:        Dedup
* Solution:       solution1 (Vivado IP Flow Target)
* Product family: zynquplus
* Target device:  xczu9eg-ffvb1156-2-e


================================================================
== Performance Estimates
================================================================
+ Timing: 
    * Summary: 
    +--------+----------+----------+------------+
    |  Clock |  Target  | Estimated| Uncertainty|
    +--------+----------+----------+------------+
    |ap_clk  |  10.00 ns|  3.963 ns|     2.70 ns|
    +--------+----------+----------+------------+

+ Latency: 
    * Summary: 
    +---------+---------+----------+----------+-----+-----+---------+
    |  Latency (cycles) |  Latency (absolute) |  Interval | Pipeline|
    |   min   |   max   |    min   |    max   | min | max |   Type  |
    +---------+---------+----------+----------+-----+-----+---------+
    |        ?|        ?|         ?|         ?|    ?|    ?|       no|
    +---------+---------+----------+----------+-----+-----+---------+

    + Detail: 
        * Instance: 
        +--------------------------------------------------------+---------------------------------------------+---------+---------+-----------+----------+-----+-------+---------+
        |                                                        |                                             |  Latency (cycles) |  Latency (absolute)  |   Interval  | Pipeline|
        |                        Instance                        |                    Module                   |   min   |   max   |    min    |    max   | min |  max  |   Type  |
        +--------------------------------------------------------+---------------------------------------------+---------+---------+-----------+----------+-----+-------+---------+
        |grp_segment_bc_packet_Pipeline_VITIS_LOOP_57_1_fu_185   |segment_bc_packet_Pipeline_VITIS_LOOP_57_1   |      258|      258|   2.580 us|  2.580 us|  258|    258|       no|
        |grp_segment_bc_packet_Pipeline_fill_buffer_loop_fu_193  |segment_bc_packet_Pipeline_fill_buffer_loop  |        3|    32770|  30.000 ns|  0.328 ms|    3|  32770|       no|
        |grp_segment_bc_packet_Pipeline_init_buffer_fu_205       |segment_bc_packet_Pipeline_init_buffer       |        3|       34|  30.000 ns|  0.340 us|    3|     34|       no|
        |grp_segment_bc_packet_Pipeline_segment_stream_fu_220    |segment_bc_packet_Pipeline_segment_stream    |        ?|        ?|          ?|         ?|    ?|      ?|       no|
        |grp_segment_bc_packet_Pipeline_flush_buffer_fu_239      |segment_bc_packet_Pipeline_flush_buffer      |        3|       34|  30.000 ns|  0.340 us|    3|     34|       no|
        +--------------------------------------------------------+---------------------------------------------+---------+---------+-----------+----------+-----+-------+---------+

        * Loop: 
        N/A



================================================================
== Utilization Estimates
================================================================
* Summary: 
+-----------------+---------+------+--------+--------+-----+
|       Name      | BRAM_18K|  DSP |   FF   |   LUT  | URAM|
+-----------------+---------+------+--------+--------+-----+
|DSP              |        -|     -|       -|       -|    -|
|Expression       |        -|     -|       0|     325|    -|
|FIFO             |        -|     -|      99|      86|    -|
|Instance         |        -|     -|     601|    1250|    -|
|Memory           |        2|     -|     512|     192|    0|
|Multiplexer      |        -|     -|       -|     282|    -|
|Register         |        -|     -|     635|       -|    -|
+-----------------+---------+------+--------+--------+-----+
|Total            |        2|     0|    1847|    2135|    0|
+-----------------+---------+------+--------+--------+-----+
|Available        |     1824|  2520|  548160|  274080|    0|
+-----------------+---------+------+--------+--------+-----+
|Utilization (%)  |       ~0|     0|      ~0|      ~0|    0|
+-----------------+---------+------+--------+--------+-----+

+ Detail: 
    * Instance: 
    +--------------------------------------------------------+---------------------------------------------+---------+----+-----+-----+-----+
    |                        Instance                        |                    Module                   | BRAM_18K| DSP|  FF | LUT | URAM|
    +--------------------------------------------------------+---------------------------------------------+---------+----+-----+-----+-----+
    |grp_segment_bc_packet_Pipeline_VITIS_LOOP_57_1_fu_185   |segment_bc_packet_Pipeline_VITIS_LOOP_57_1   |        0|   0|   11|   86|    0|
    |grp_segment_bc_packet_Pipeline_fill_buffer_loop_fu_193  |segment_bc_packet_Pipeline_fill_buffer_loop  |        0|   0|   85|  260|    0|
    |grp_segment_bc_packet_Pipeline_flush_buffer_fu_239      |segment_bc_packet_Pipeline_flush_buffer      |        0|   0|    8|   67|    0|
    |grp_segment_bc_packet_Pipeline_init_buffer_fu_205       |segment_bc_packet_Pipeline_init_buffer       |        0|   0|  131|  338|    0|
    |grp_segment_bc_packet_Pipeline_segment_stream_fu_220    |segment_bc_packet_Pipeline_segment_stream    |        0|   0|  366|  499|    0|
    +--------------------------------------------------------+---------------------------------------------+---------+----+-----+-----+-----+
    |Total                                                   |                                             |        0|   0|  601| 1250|    0|
    +--------------------------------------------------------+---------------------------------------------+---------+----+-----+-----+-----+

    * DSP: 
    N/A

    * Memory: 
    +-----------------+--------------------------------------------------+---------+-----+----+-----+------+-----+------+-------------+
    |      Memory     |                      Module                      | BRAM_18K|  FF | LUT| URAM| Words| Bits| Banks| W*Bits*Banks|
    +-----------------+--------------------------------------------------+---------+-----+----+-----+------+-----+------+-------------+
    |rabintab_1_U     |segment_bc_packet_rabintab_1_RAM_2P_AUTO_1R1W     |        1|  256|  96|    0|   256|   32|     1|         8192|
    |rabinwintab_1_U  |segment_bc_packet_rabinwintab_1_RAM_2P_AUTO_1R1W  |        1|  256|  96|    0|   256|   32|     1|         8192|
    +-----------------+--------------------------------------------------+---------+-----+----+-----+------+-----+------+-------------+
    |Total            |                                                  |        2|  512| 192|    0|   512|   64|     2|        16384|
    +-----------------+--------------------------------------------------+---------+-----+----+-----+------+-----+------+-------------+

    * FIFO: 
    +---------------+---------+----+----+-----+------+-----+---------+
    |      Name     | BRAM_18K| FF | LUT| URAM| Depth| Bits| Size:D*B|
    +---------------+---------+----+----+-----+------+-----+---------+
    |buffer_fifo_U  |        0|  99|   0|    -|    32|    8|      256|
    +---------------+---------+----+----+-----+------+-----+---------+
    |Total          |        0|  99|   0|    0|    32|    8|      256|
    +---------------+---------+----+----+-----+------+-----+---------+

    * Expression: 
    +---------------------------------------+----------+----+---+----+------------+------------+
    |             Variable Name             | Operation| DSP| FF| LUT| Bitwidth P0| Bitwidth P1|
    +---------------------------------------+----------+----+---+----+------------+------------+
    |write_size17_i_din                     |         +|   0|  0|  71|          64|          64|
    |ap_block_state15                       |       and|   0|  0|   2|           1|           1|
    |ap_block_state3_on_subcall_done        |       and|   0|  0|   2|           1|           1|
    |ap_predicate_op44_read_state1          |       and|   0|  0|   2|           1|           1|
    |ap_predicate_op48_write_state1         |       and|   0|  0|   2|           1|           1|
    |tmp_nbreadreq_fu_120_p3                |       and|   0|  0|   2|           1|           0|
    |cond_fu_300_p2                         |      icmp|   0|  0|   8|           2|           1|
    |icmp_ln1039_fu_316_p2                  |      icmp|   0|  0|  29|          64|           1|
    |ap_block_state1                        |        or|   0|  0|   2|           1|           1|
    |ap_block_state3                        |        or|   0|  0|   2|           1|           1|
    |ap_predicate_op92_write_state15        |        or|   0|  0|   2|           1|           1|
    |or_ln157_fu_345_p2                     |        or|   0|  0|   2|           1|           1|
    |bc_size_buffer_V_fu_265_p3             |    select|   0|  0|  64|           1|          64|
    |p_bc_size_buffer_V_6_reload_fu_309_p3  |    select|   0|  0|  64|           1|           1|
    |select_ln87_2_fu_292_p3                |    select|   0|  0|  64|           1|          64|
    |select_ln87_fu_284_p3                  |    select|   0|  0|   7|           1|           7|
    +---------------------------------------+----------+----+---+----+------------+------------+
    |Total                                  |          |   0|  0| 325|         143|         210|
    +---------------------------------------+----------+----+---+----+------------+------------+

    * Multiplexer: 
    +------------------------------+----+-----------+-----+-----------+
    |             Name             | LUT| Input Size| Bits| Total Bits|
    +------------------------------+----+-----------+-----+-----------+
    |ap_NS_fsm                     |  65|         16|    1|         16|
    |buffer_din                    |   9|          2|    8|         16|
    |buffer_read                   |  14|          3|    1|          3|
    |buffer_write                  |  14|          3|    1|          3|
    |file_length_buffer_V_reg_162  |   9|          2|   64|        128|
    |rabintab_1_address0           |  20|          4|    8|         32|
    |rabintab_1_ce0                |  20|          4|    1|          4|
    |rabinwintab_1_ce0             |   9|          2|    1|          2|
    |rabinwintab_1_ce1             |   9|          2|    1|          2|
    |rabinwintab_1_we1             |   9|          2|    1|          2|
    |segment_data_1_read           |  20|          4|    1|          4|
    |segment_end_1_blk_n           |   9|          2|    1|          2|
    |segment_size_blk_n            |   9|          2|    1|          2|
    |write_data16_i_din            |  14|          3|    8|         24|
    |write_data16_i_write          |  20|          4|    1|          4|
    |write_end_1_blk_n             |   9|          2|    1|          2|
    |write_end_1_din               |  14|          3|    1|          3|
    |write_size17_i_blk_n          |   9|          2|    1|          2|
    +------------------------------+----+-----------+-----+-----------+
    |Total                         | 282|         62|  102|        251|
    +------------------------------+----+-----------+-----+-----------+

    * Register: 
    +---------------------------------------------------------------------+----+----+-----+-----------+
    |                                 Name                                | FF | LUT| Bits| Const Bits|
    +---------------------------------------------------------------------+----+----+-----+-----------+
    |ap_CS_fsm                                                            |  15|   0|   15|          0|
    |bc_size_buffer_V_5_loc_fu_96                                         |  64|   0|   64|          0|
    |bc_size_buffer_V_6_loc_fu_92                                         |  64|   0|   64|          0|
    |bc_size_buffer_V_reg_440                                             |  64|   0|   64|          0|
    |cond_reg_467                                                         |   1|   0|    1|          0|
    |end_seg_1                                                            |   1|   0|    1|          0|
    |end_seg_1_load_reg_404                                               |   1|   0|    1|          0|
    |file_length_buffer_V_1_loc_fu_108                                    |  64|   0|   64|          0|
    |file_length_buffer_V_reg_162                                         |  64|   0|   64|          0|
    |file_length_seg_V                                                    |  64|   0|   64|          0|
    |grp_segment_bc_packet_Pipeline_VITIS_LOOP_57_1_fu_185_ap_start_reg   |   1|   0|    1|          0|
    |grp_segment_bc_packet_Pipeline_fill_buffer_loop_fu_193_ap_start_reg  |   1|   0|    1|          0|
    |grp_segment_bc_packet_Pipeline_flush_buffer_fu_239_ap_start_reg      |   1|   0|    1|          0|
    |grp_segment_bc_packet_Pipeline_init_buffer_fu_205_ap_start_reg       |   1|   0|    1|          0|
    |grp_segment_bc_packet_Pipeline_segment_stream_fu_220_ap_start_reg    |   1|   0|    1|          0|
    |h_loc_fu_104                                                         |  32|   0|   32|          0|
    |icmp_ln1039_reg_472                                                  |   1|   0|    1|          0|
    |init_seg_1                                                           |   1|   0|    1|          0|
    |init_seg_1_flag_0_reg_172                                            |   1|   0|    1|          0|
    |init_seg_1_load_reg_408                                              |   1|   0|    1|          0|
    |rabintab_1_load_reg_425                                              |  32|   0|   32|          0|
    |read_counter_V_loc_fu_112                                            |  16|   0|   16|          0|
    |segment_end_1_read_reg_421                                           |   1|   0|    1|          0|
    |select_ln87_2_reg_462                                                |  64|   0|   64|          0|
    |select_ln87_reg_457                                                  |   6|   0|    6|          0|
    |size_buffer_V_6_loc_fu_88                                            |  64|   0|   64|          0|
    |size_buffer_V_loc_fu_100                                             |   6|   0|    6|          0|
    |targetBlock2_reg_445                                                 |   1|   0|    1|          0|
    |targetBlock_reg_435                                                  |   1|   0|    1|          0|
    |tmp_reg_417                                                          |   1|   0|    1|          0|
    +---------------------------------------------------------------------+----+----+-----+-----------+
    |Total                                                                | 635|   0|  635|          0|
    +---------------------------------------------------------------------+----+----+-----+-----------+



================================================================
== Interface
================================================================
* Summary: 
+------------------------+-----+-----+------------+-------------------+--------------+
|        RTL Ports       | Dir | Bits|  Protocol  |   Source Object   |    C Type    |
+------------------------+-----+-----+------------+-------------------+--------------+
|ap_clk                  |   in|    1|  ap_ctrl_hs|  segment_bc_packet|  return value|
|ap_rst                  |   in|    1|  ap_ctrl_hs|  segment_bc_packet|  return value|
|ap_start                |   in|    1|  ap_ctrl_hs|  segment_bc_packet|  return value|
|ap_done                 |  out|    1|  ap_ctrl_hs|  segment_bc_packet|  return value|
|ap_idle                 |  out|    1|  ap_ctrl_hs|  segment_bc_packet|  return value|
|ap_ready                |  out|    1|  ap_ctrl_hs|  segment_bc_packet|  return value|
|write_data16_i_din      |  out|    8|     ap_fifo|     write_data16_i|       pointer|
|write_data16_i_full_n   |   in|    1|     ap_fifo|     write_data16_i|       pointer|
|write_data16_i_write    |  out|    1|     ap_fifo|     write_data16_i|       pointer|
|write_size17_i_din      |  out|   64|     ap_fifo|     write_size17_i|       pointer|
|write_size17_i_full_n   |   in|    1|     ap_fifo|     write_size17_i|       pointer|
|write_size17_i_write    |  out|    1|     ap_fifo|     write_size17_i|       pointer|
|segment_end_1_dout      |   in|    1|     ap_fifo|      segment_end_1|       pointer|
|segment_end_1_empty_n   |   in|    1|     ap_fifo|      segment_end_1|       pointer|
|segment_end_1_read      |  out|    1|     ap_fifo|      segment_end_1|       pointer|
|write_end_1_din         |  out|    1|     ap_fifo|        write_end_1|       pointer|
|write_end_1_full_n      |   in|    1|     ap_fifo|        write_end_1|       pointer|
|write_end_1_write       |  out|    1|     ap_fifo|        write_end_1|       pointer|
|segment_size_dout       |   in|   64|     ap_fifo|       segment_size|       pointer|
|segment_size_empty_n    |   in|    1|     ap_fifo|       segment_size|       pointer|
|segment_size_read       |  out|    1|     ap_fifo|       segment_size|       pointer|
|segment_data_1_dout     |   in|    8|     ap_fifo|     segment_data_1|       pointer|
|segment_data_1_empty_n  |   in|    1|     ap_fifo|     segment_data_1|       pointer|
|segment_data_1_read     |  out|    1|     ap_fifo|     segment_data_1|       pointer|
+------------------------+-----+-----+------------+-------------------+--------------+

