

================================================================
== Vitis HLS Report for 'check_input'
================================================================
* Date:           Thu Oct  5 15:02:12 2023

* Version:        2022.2 (Build 3670227 on Oct 13 2022)
* Project:        Dedup
* Solution:       solution1 (Vivado IP Flow Target)
* Product family: zynquplus
* Target device:  xczu9eg-ffvb1156-2-e


================================================================
== Performance Estimates
================================================================
+ Timing: 
    * Summary: 
    +--------+----------+----------+------------+
    |  Clock |  Target  | Estimated| Uncertainty|
    +--------+----------+----------+------------+
    |ap_clk  |  10.00 ns|  7.042 ns|     2.70 ns|
    +--------+----------+----------+------------+

+ Latency: 
    * Summary: 
    +---------+---------+-----------+-----------+-----+------+---------+
    |  Latency (cycles) |   Latency (absolute)  |  Interval  | Pipeline|
    |   min   |   max   |    min    |    max    | min |  max |   Type  |
    +---------+---------+-----------+-----------+-----+------+---------+
    |        1|     2539|  10.000 ns|  25.390 us|    1|  2539|       no|
    +---------+---------+-----------+-----------+-----+------+---------+

    + Detail: 
        * Instance: 
        N/A

        * Loop: 
        +---------------------------+---------+---------+----------+-----------+-----------+--------+----------+
        |                           |  Latency (cycles) | Iteration|  Initiation Interval  |  Trip  |          |
        |         Loop Name         |   min   |   max   |  Latency |  achieved |   target  |  Count | Pipelined|
        +---------------------------+---------+---------+----------+-----------+-----------+--------+----------+
        |- read_in_data             |      567|      648|     7 ~ 8|          -|          -|      81|        no|
        |- write_data_to_file       |       23|     1868|        23|          -|          -|  1 ~ 81|        no|
        | + segment_c_data_to_long  |       16|       16|         1|          -|          -|      16|        no|
        +---------------------------+---------+---------+----------+-----------+-----------+--------+----------+



================================================================
== Utilization Estimates
================================================================
* Summary: 
+-----------------+---------+------+--------+--------+-----+
|       Name      | BRAM_18K|  DSP |   FF   |   LUT  | URAM|
+-----------------+---------+------+--------+--------+-----+
|DSP              |        -|     -|       -|       -|    -|
|Expression       |        -|     -|       0|    3487|    -|
|FIFO             |        -|     -|       -|       -|    -|
|Instance         |        -|    11|     299|     630|    -|
|Memory           |        2|     -|       0|       0|    -|
|Multiplexer      |        -|     -|       -|    1164|    -|
|Register         |        -|     -|   84226|       -|    -|
+-----------------+---------+------+--------+--------+-----+
|Total            |        2|    11|   84525|    5281|    0|
+-----------------+---------+------+--------+--------+-----+
|Available        |     1824|  2520|  548160|  274080|    0|
+-----------------+---------+------+--------+--------+-----+
|Utilization (%)  |       ~0|    ~0|      15|       1|    0|
+-----------------+---------+------+--------+--------+-----+

+ Detail: 
    * Instance: 
    +-------------------------------------+-------------------------------+---------+----+-----+-----+-----+
    |               Instance              |             Module            | BRAM_18K| DSP|  FF | LUT | URAM|
    +-------------------------------------+-------------------------------+---------+----+-----+-----+-----+
    |dcmp_64ns_64ns_1_2_no_dsp_1_U1631    |dcmp_64ns_64ns_1_2_no_dsp_1    |        0|   0|    0|    0|    0|
    |dmul_64ns_64ns_64_5_max_dsp_1_U1630  |dmul_64ns_64ns_64_5_max_dsp_1  |        0|  11|  299|  203|    0|
    |mux_817_1024_1_1_U1633               |mux_817_1024_1_1               |        0|   0|    0|  427|    0|
    |sitodp_64ns_64_4_no_dsp_1_U1632      |sitodp_64ns_64_4_no_dsp_1      |        0|   0|    0|    0|    0|
    +-------------------------------------+-------------------------------+---------+----+-----+-----+-----+
    |Total                                |                               |        0|  11|  299|  630|    0|
    +-------------------------------------+-------------------------------+---------+----+-----+-----+-----+

    * DSP: 
    N/A

    * Memory: 
    +--------------+------------------------------------+---------+---+----+-----+------+-----+------+-------------+
    |    Memory    |               Module               | BRAM_18K| FF| LUT| URAM| Words| Bits| Banks| W*Bits*Banks|
    +--------------+------------------------------------+---------+---+----+-----+------+-----+------+-------------+
    |mask_table_U  |write_out_1_mask_table_ROM_AUTO_1R  |        2|  0|   0|    0|    64|   52|     1|         3328|
    +--------------+------------------------------------+---------+---+----+-----+------+-----+------+-------------+
    |Total         |                                    |        2|  0|   0|    0|    64|   52|     1|         3328|
    +--------------+------------------------------------+---------+---+----+-----+------+-----+------+-------------+

    * FIFO: 
    N/A

    * Expression: 
    +----------------------------------+----------+----+---+------+------------+------------+
    |           Variable Name          | Operation| DSP| FF|  LUT | Bitwidth P0| Bitwidth P1|
    +----------------------------------+----------+----+---+------+------------+------------+
    |add_ln44_fu_2137_p2               |         +|   0|  0|    12|           5|           1|
    |add_ln840_2_fu_2022_p2            |         +|   0|  0|    64|          64|           5|
    |add_ln840_3_fu_2028_p2            |         +|   0|  0|    64|          64|          64|
    |add_ln840_4_fu_2047_p2            |         +|   0|  0|    71|          64|          64|
    |add_ln840_fu_2602_p2              |         +|   0|  0|    71|          64|           6|
    |data_V_6_fu_965_p2                |         +|   0|  0|    71|          64|          64|
    |i_V_11_fu_1117_p2                 |         +|   0|  0|    14|           7|           1|
    |i_V_13_fu_2075_p2                 |         +|   0|  0|    14|           7|           1|
    |ret_V_fu_2038_p2                  |         -|   0|  0|    10|           1|           3|
    |and_ln1035_fu_1075_p2             |       and|   0|  0|     2|           1|           1|
    |and_ln129_fu_2618_p2              |       and|   0|  0|     2|           1|           1|
    |and_ln21_6_fu_1041_p2             |       and|   0|  0|     2|           1|           1|
    |and_ln21_fu_937_p2                |       and|   0|  0|     2|           1|           1|
    |and_ln41_1_fu_2125_p2             |       and|   0|  0|     2|           1|           1|
    |and_ln41_fu_2119_p2               |       and|   0|  0|     2|           1|           1|
    |and_ln66_1_fu_1167_p2             |       and|   0|  0|     2|           1|           1|
    |and_ln66_fu_1161_p2               |       and|   0|  0|     2|           1|           1|
    |ap_block_state23                  |       and|   0|  0|     2|           1|           1|
    |ap_block_state35                  |       and|   0|  0|     2|           1|           1|
    |ap_condition_2184                 |       and|   0|  0|     2|           1|           1|
    |ap_condition_2187                 |       and|   0|  0|     2|           1|           1|
    |ap_condition_2190                 |       and|   0|  0|     2|           1|           1|
    |ap_condition_2193                 |       and|   0|  0|     2|           1|           1|
    |ap_condition_2196                 |       and|   0|  0|     2|           1|           1|
    |ap_condition_2199                 |       and|   0|  0|     2|           1|           1|
    |ap_condition_2202                 |       and|   0|  0|     2|           1|           1|
    |ap_condition_2205                 |       and|   0|  0|     2|           1|           1|
    |ap_condition_2208                 |       and|   0|  0|     2|           1|           1|
    |ap_condition_2211                 |       and|   0|  0|     2|           1|           1|
    |ap_condition_2214                 |       and|   0|  0|     2|           1|           1|
    |ap_condition_2217                 |       and|   0|  0|     2|           1|           1|
    |ap_condition_2220                 |       and|   0|  0|     2|           1|           1|
    |ap_condition_2223                 |       and|   0|  0|     2|           1|           1|
    |ap_condition_2226                 |       and|   0|  0|     2|           1|           1|
    |ap_condition_2229                 |       and|   0|  0|     2|           1|           1|
    |ap_condition_2232                 |       and|   0|  0|     2|           1|           1|
    |ap_condition_2235                 |       and|   0|  0|     2|           1|           1|
    |ap_condition_2238                 |       and|   0|  0|     2|           1|           1|
    |ap_condition_2241                 |       and|   0|  0|     2|           1|           1|
    |ap_condition_2244                 |       and|   0|  0|     2|           1|           1|
    |ap_condition_2247                 |       and|   0|  0|     2|           1|           1|
    |ap_condition_2250                 |       and|   0|  0|     2|           1|           1|
    |ap_condition_2253                 |       and|   0|  0|     2|           1|           1|
    |ap_condition_2256                 |       and|   0|  0|     2|           1|           1|
    |ap_condition_2259                 |       and|   0|  0|     2|           1|           1|
    |ap_condition_2262                 |       and|   0|  0|     2|           1|           1|
    |ap_condition_2265                 |       and|   0|  0|     2|           1|           1|
    |ap_condition_2268                 |       and|   0|  0|     2|           1|           1|
    |ap_condition_2271                 |       and|   0|  0|     2|           1|           1|
    |ap_condition_2274                 |       and|   0|  0|     2|           1|           1|
    |ap_condition_2277                 |       and|   0|  0|     2|           1|           1|
    |ap_condition_2280                 |       and|   0|  0|     2|           1|           1|
    |ap_condition_2283                 |       and|   0|  0|     2|           1|           1|
    |ap_condition_2286                 |       and|   0|  0|     2|           1|           1|
    |ap_condition_2289                 |       and|   0|  0|     2|           1|           1|
    |ap_condition_2292                 |       and|   0|  0|     2|           1|           1|
    |ap_condition_2295                 |       and|   0|  0|     2|           1|           1|
    |ap_condition_2298                 |       and|   0|  0|     2|           1|           1|
    |ap_condition_2301                 |       and|   0|  0|     2|           1|           1|
    |ap_condition_2304                 |       and|   0|  0|     2|           1|           1|
    |ap_condition_2307                 |       and|   0|  0|     2|           1|           1|
    |ap_condition_2310                 |       and|   0|  0|     2|           1|           1|
    |ap_condition_2313                 |       and|   0|  0|     2|           1|           1|
    |ap_condition_2316                 |       and|   0|  0|     2|           1|           1|
    |ap_condition_2319                 |       and|   0|  0|     2|           1|           1|
    |ap_condition_2322                 |       and|   0|  0|     2|           1|           1|
    |ap_condition_2325                 |       and|   0|  0|     2|           1|           1|
    |ap_condition_2328                 |       and|   0|  0|     2|           1|           1|
    |ap_condition_2331                 |       and|   0|  0|     2|           1|           1|
    |ap_condition_2334                 |       and|   0|  0|     2|           1|           1|
    |ap_condition_2337                 |       and|   0|  0|     2|           1|           1|
    |ap_condition_2340                 |       and|   0|  0|     2|           1|           1|
    |ap_condition_2343                 |       and|   0|  0|     2|           1|           1|
    |ap_condition_2346                 |       and|   0|  0|     2|           1|           1|
    |ap_condition_2349                 |       and|   0|  0|     2|           1|           1|
    |ap_condition_2352                 |       and|   0|  0|     2|           1|           1|
    |ap_condition_2355                 |       and|   0|  0|     2|           1|           1|
    |ap_condition_2358                 |       and|   0|  0|     2|           1|           1|
    |ap_condition_2361                 |       and|   0|  0|     2|           1|           1|
    |ap_condition_2364                 |       and|   0|  0|     2|           1|           1|
    |ap_condition_2367                 |       and|   0|  0|     2|           1|           1|
    |ap_condition_2370                 |       and|   0|  0|     2|           1|           1|
    |ap_condition_2373                 |       and|   0|  0|     2|           1|           1|
    |ap_condition_2376                 |       and|   0|  0|     2|           1|           1|
    |ap_condition_2379                 |       and|   0|  0|     2|           1|           1|
    |ap_condition_2382                 |       and|   0|  0|     2|           1|           1|
    |ap_condition_2385                 |       and|   0|  0|     2|           1|           1|
    |ap_condition_2388                 |       and|   0|  0|     2|           1|           1|
    |ap_condition_2391                 |       and|   0|  0|     2|           1|           1|
    |ap_condition_2394                 |       and|   0|  0|     2|           1|           1|
    |ap_condition_2397                 |       and|   0|  0|     2|           1|           1|
    |ap_condition_2400                 |       and|   0|  0|     2|           1|           1|
    |ap_condition_2403                 |       and|   0|  0|     2|           1|           1|
    |ap_condition_2406                 |       and|   0|  0|     2|           1|           1|
    |ap_condition_2409                 |       and|   0|  0|     2|           1|           1|
    |ap_condition_2412                 |       and|   0|  0|     2|           1|           1|
    |ap_condition_2494                 |       and|   0|  0|     2|           1|           1|
    |ap_condition_2497                 |       and|   0|  0|     2|           1|           1|
    |ap_condition_2500                 |       and|   0|  0|     2|           1|           1|
    |ap_condition_2503                 |       and|   0|  0|     2|           1|           1|
    |ap_predicate_op134_read_state1    |       and|   0|  0|     2|           1|           1|
    |ap_predicate_op202_write_state18  |       and|   0|  0|     2|           1|           1|
    |ap_predicate_op698_write_state35  |       and|   0|  0|     2|           1|           1|
    |tmp_nbreadreq_fu_664_p3           |       and|   0|  0|     2|           1|           0|
    |xs_sig_V_22_fu_1016_p2            |       and|   0|  0|    52|          52|          52|
    |grp_fu_832_p2                     |      icmp|   0|  0|    11|          11|           2|
    |icmp_ln1019_6_fu_932_p2           |      icmp|   0|  0|    11|          11|           1|
    |icmp_ln1019_fu_927_p2             |      icmp|   0|  0|    24|          52|           1|
    |icmp_ln1023_fu_2033_p2            |      icmp|   0|  0|     8|           3|           1|
    |icmp_ln1027_9_fu_2069_p2          |      icmp|   0|  0|    10|           7|           7|
    |icmp_ln1027_fu_1111_p2            |      icmp|   0|  0|    10|           7|           7|
    |icmp_ln1035_6_fu_922_p2           |      icmp|   0|  0|    11|          11|          11|
    |icmp_ln1035_fu_917_p2             |      icmp|   0|  0|    11|          11|          10|
    |icmp_ln41_1_fu_2105_p2            |      icmp|   0|  0|    24|          52|           1|
    |icmp_ln41_fu_2099_p2              |      icmp|   0|  0|    11|          11|           2|
    |icmp_ln44_fu_2131_p2              |      icmp|   0|  0|    10|           5|           6|
    |icmp_ln45_fu_2160_p2              |      icmp|   0|  0|    29|          64|          64|
    |icmp_ln66_1_fu_1147_p2            |      icmp|   0|  0|    24|          52|           1|
    |icmp_ln66_3_fu_1097_p2            |      icmp|   0|  0|    24|          52|           1|
    |icmp_ln66_fu_1141_p2              |      icmp|   0|  0|    11|          11|           2|
    |lshr_ln628_fu_2587_p2             |      lshr|   0|  0|  2171|        1024|        1024|
    |ap_block_state1                   |        or|   0|  0|     2|           1|           1|
    |ap_block_state18                  |        or|   0|  0|     2|           1|           1|
    |ap_block_state27                  |        or|   0|  0|     2|           1|           1|
    |or_ln1035_fu_1055_p2              |        or|   0|  0|     2|           1|           1|
    |or_ln21_fu_1036_p2                |        or|   0|  0|     2|           1|           1|
    |or_ln41_1_fu_2115_p2              |        or|   0|  0|     2|           1|           1|
    |or_ln41_fu_2111_p2                |        or|   0|  0|     2|           1|           1|
    |or_ln66_1_fu_1157_p2              |        or|   0|  0|     2|           1|           1|
    |or_ln66_fu_1153_p2                |        or|   0|  0|     2|           1|           1|
    |or_ln779_fu_985_p2                |        or|   0|  0|    64|          64|          64|
    |select_ln1023_fu_2053_p3          |    select|   0|  0|    64|           1|          64|
    |select_ln1035_6_fu_1081_p3        |    select|   0|  0|    64|           1|          64|
    |select_ln1035_fu_1061_p3          |    select|   0|  0|    64|           1|          64|
    |select_ln21_fu_1047_p3            |    select|   0|  0|    64|           1|          64|
    |xs_exp_V_17_fu_998_p3             |    select|   0|  0|    10|           1|          11|
    |xs_sig_V_19_fu_1004_p3            |    select|   0|  0|    50|           1|          52|
    |xor_ln1035_fu_1069_p2             |       xor|   0|  0|     2|           1|           2|
    |xor_ln129_fu_2612_p2              |       xor|   0|  0|     2|           1|           2|
    |xor_ln1497_fu_1010_p2             |       xor|   0|  0|    52|          52|           2|
    +----------------------------------+----------+----+---+------+------------+------------+
    |Total                             |          |   0|  0|  3487|        2004|        1894|
    +----------------------------------+----------+----+---+------+------------+------------+

    * Multiplexer: 
    +---------------------------------+-----+-----------+------+-----------+
    |               Name              | LUT | Input Size| Bits | Total Bits|
    +---------------------------------+-----+-----------+------+-----------+
    |ap_NS_fsm                        |  183|         41|     1|         41|
    |ap_return_0                      |    9|          2|    64|        128|
    |ap_return_1                      |    9|          2|     1|          2|
    |ap_return_2                      |    9|          2|     1|          2|
    |data_in_buffer_V_10_fu_364       |    9|          2|  1024|       2048|
    |data_in_buffer_V_11_fu_368       |    9|          2|  1024|       2048|
    |data_in_buffer_V_12_fu_372       |    9|          2|  1024|       2048|
    |data_in_buffer_V_13_fu_376       |    9|          2|  1024|       2048|
    |data_in_buffer_V_14_fu_380       |    9|          2|  1024|       2048|
    |data_in_buffer_V_15_fu_384       |    9|          2|  1024|       2048|
    |data_in_buffer_V_16_fu_388       |    9|          2|  1024|       2048|
    |data_in_buffer_V_17_fu_392       |    9|          2|  1024|       2048|
    |data_in_buffer_V_18_fu_396       |    9|          2|  1024|       2048|
    |data_in_buffer_V_19_fu_400       |    9|          2|  1024|       2048|
    |data_in_buffer_V_1_fu_328        |    9|          2|  1024|       2048|
    |data_in_buffer_V_20_fu_404       |    9|          2|  1024|       2048|
    |data_in_buffer_V_21_fu_408       |    9|          2|  1024|       2048|
    |data_in_buffer_V_22_fu_412       |    9|          2|  1024|       2048|
    |data_in_buffer_V_23_fu_416       |    9|          2|  1024|       2048|
    |data_in_buffer_V_24_fu_420       |    9|          2|  1024|       2048|
    |data_in_buffer_V_25_fu_424       |    9|          2|  1024|       2048|
    |data_in_buffer_V_26_fu_428       |    9|          2|  1024|       2048|
    |data_in_buffer_V_27_fu_432       |    9|          2|  1024|       2048|
    |data_in_buffer_V_28_fu_436       |    9|          2|  1024|       2048|
    |data_in_buffer_V_29_fu_440       |    9|          2|  1024|       2048|
    |data_in_buffer_V_2_fu_332        |    9|          2|  1024|       2048|
    |data_in_buffer_V_30_fu_444       |    9|          2|  1024|       2048|
    |data_in_buffer_V_31_fu_448       |    9|          2|  1024|       2048|
    |data_in_buffer_V_32_fu_452       |    9|          2|  1024|       2048|
    |data_in_buffer_V_33_fu_456       |    9|          2|  1024|       2048|
    |data_in_buffer_V_34_fu_460       |    9|          2|  1024|       2048|
    |data_in_buffer_V_35_fu_464       |    9|          2|  1024|       2048|
    |data_in_buffer_V_36_fu_468       |    9|          2|  1024|       2048|
    |data_in_buffer_V_37_fu_472       |    9|          2|  1024|       2048|
    |data_in_buffer_V_38_fu_476       |    9|          2|  1024|       2048|
    |data_in_buffer_V_39_fu_480       |    9|          2|  1024|       2048|
    |data_in_buffer_V_3_fu_336        |    9|          2|  1024|       2048|
    |data_in_buffer_V_40_fu_484       |    9|          2|  1024|       2048|
    |data_in_buffer_V_41_fu_488       |    9|          2|  1024|       2048|
    |data_in_buffer_V_42_fu_492       |    9|          2|  1024|       2048|
    |data_in_buffer_V_43_fu_496       |    9|          2|  1024|       2048|
    |data_in_buffer_V_44_fu_500       |    9|          2|  1024|       2048|
    |data_in_buffer_V_45_fu_504       |    9|          2|  1024|       2048|
    |data_in_buffer_V_46_fu_508       |    9|          2|  1024|       2048|
    |data_in_buffer_V_47_fu_512       |    9|          2|  1024|       2048|
    |data_in_buffer_V_48_fu_516       |    9|          2|  1024|       2048|
    |data_in_buffer_V_49_fu_520       |    9|          2|  1024|       2048|
    |data_in_buffer_V_4_fu_340        |    9|          2|  1024|       2048|
    |data_in_buffer_V_50_fu_524       |    9|          2|  1024|       2048|
    |data_in_buffer_V_51_fu_528       |    9|          2|  1024|       2048|
    |data_in_buffer_V_52_fu_532       |    9|          2|  1024|       2048|
    |data_in_buffer_V_53_fu_536       |    9|          2|  1024|       2048|
    |data_in_buffer_V_54_fu_540       |    9|          2|  1024|       2048|
    |data_in_buffer_V_55_fu_544       |    9|          2|  1024|       2048|
    |data_in_buffer_V_56_fu_548       |    9|          2|  1024|       2048|
    |data_in_buffer_V_57_fu_552       |    9|          2|  1024|       2048|
    |data_in_buffer_V_58_fu_556       |    9|          2|  1024|       2048|
    |data_in_buffer_V_59_fu_560       |    9|          2|  1024|       2048|
    |data_in_buffer_V_5_fu_344        |    9|          2|  1024|       2048|
    |data_in_buffer_V_60_fu_564       |    9|          2|  1024|       2048|
    |data_in_buffer_V_61_fu_568       |    9|          2|  1024|       2048|
    |data_in_buffer_V_62_fu_572       |    9|          2|  1024|       2048|
    |data_in_buffer_V_63_fu_576       |    9|          2|  1024|       2048|
    |data_in_buffer_V_64_fu_580       |    9|          2|  1024|       2048|
    |data_in_buffer_V_65_fu_584       |    9|          2|  1024|       2048|
    |data_in_buffer_V_66_fu_588       |    9|          2|  1024|       2048|
    |data_in_buffer_V_67_fu_592       |    9|          2|  1024|       2048|
    |data_in_buffer_V_68_fu_596       |    9|          2|  1024|       2048|
    |data_in_buffer_V_69_fu_600       |    9|          2|  1024|       2048|
    |data_in_buffer_V_6_fu_348        |    9|          2|  1024|       2048|
    |data_in_buffer_V_70_fu_604       |    9|          2|  1024|       2048|
    |data_in_buffer_V_71_fu_608       |    9|          2|  1024|       2048|
    |data_in_buffer_V_72_fu_612       |    9|          2|  1024|       2048|
    |data_in_buffer_V_73_fu_616       |    9|          2|  1024|       2048|
    |data_in_buffer_V_74_fu_620       |    9|          2|  1024|       2048|
    |data_in_buffer_V_75_fu_624       |    9|          2|  1024|       2048|
    |data_in_buffer_V_76_fu_628       |    9|          2|  1024|       2048|
    |data_in_buffer_V_77_fu_632       |    9|          2|  1024|       2048|
    |data_in_buffer_V_78_fu_636       |    9|          2|  1024|       2048|
    |data_in_buffer_V_79_fu_640       |    9|          2|  1024|       2048|
    |data_in_buffer_V_7_fu_352        |    9|          2|  1024|       2048|
    |data_in_buffer_V_80_fu_644       |    9|          2|  1024|       2048|
    |data_in_buffer_V_8_fu_356        |    9|          2|  1024|       2048|
    |data_in_buffer_V_9_fu_360        |    9|          2|  1024|       2048|
    |data_in_buffer_V_fu_324          |    9|          2|  1024|       2048|
    |end_out_buffer79_blk_n           |    9|          2|     1|          2|
    |file_length_0_reg_737            |    9|          2|    64|        128|
    |file_length_3_reg_797            |   14|          3|    64|        192|
    |grp_fu_810_p0                    |   14|          3|    64|        192|
    |grp_fu_810_p1                    |   14|          3|    64|        192|
    |grp_fu_816_opcode                |   14|          3|     5|         15|
    |grp_fu_820_p0                    |   20|          4|    64|        256|
    |i_V_9_fu_648                     |    9|          2|     7|         14|
    |i_V_fu_320                       |    9|          2|     7|         14|
    |j_reg_749                        |    9|          2|     5|         10|
    |out_buffer77_blk_n               |    9|          2|     1|          2|
    |out_buffer77_din                 |   59|         11|    64|        704|
    |pre_reorder_data_buffer82_blk_n  |    9|          2|     1|          2|
    |pre_reorder_end_buffer83_blk_n   |    9|          2|     1|          2|
    |pre_reorder_meta_buffer_blk_n    |    9|          2|     1|          2|
    |write_flag2_2_reg_760            |    9|          2|     1|          2|
    +---------------------------------+-----+-----------+------+-----------+
    |Total                            | 1164|        256| 83425|     167790|
    +---------------------------------+-----+-----------+------+-----------+

    * Register: 
    +---------------------------------------+------+----+------+-----------+
    |                  Name                 |  FF  | LUT| Bits | Const Bits|
    +---------------------------------------+------+----+------+-----------+
    |ap_CS_fsm                              |    40|   0|    40|          0|
    |ap_return_0_preg                       |    64|   0|    64|          0|
    |ap_return_1_preg                       |     1|   0|     1|          0|
    |ap_return_2_preg                       |     1|   0|     1|          0|
    |bitcast_ln66_1_reg_3295                |    64|   0|    64|          0|
    |data_V_reg_3253                        |    64|   0|    64|          0|
    |data_in_buffer_V_10_fu_364             |  1024|   0|  1024|          0|
    |data_in_buffer_V_11_fu_368             |  1024|   0|  1024|          0|
    |data_in_buffer_V_12_fu_372             |  1024|   0|  1024|          0|
    |data_in_buffer_V_13_fu_376             |  1024|   0|  1024|          0|
    |data_in_buffer_V_14_fu_380             |  1024|   0|  1024|          0|
    |data_in_buffer_V_15_fu_384             |  1024|   0|  1024|          0|
    |data_in_buffer_V_16_fu_388             |  1024|   0|  1024|          0|
    |data_in_buffer_V_17_fu_392             |  1024|   0|  1024|          0|
    |data_in_buffer_V_18_fu_396             |  1024|   0|  1024|          0|
    |data_in_buffer_V_19_fu_400             |  1024|   0|  1024|          0|
    |data_in_buffer_V_1_fu_328              |  1024|   0|  1024|          0|
    |data_in_buffer_V_20_fu_404             |  1024|   0|  1024|          0|
    |data_in_buffer_V_21_fu_408             |  1024|   0|  1024|          0|
    |data_in_buffer_V_22_fu_412             |  1024|   0|  1024|          0|
    |data_in_buffer_V_23_fu_416             |  1024|   0|  1024|          0|
    |data_in_buffer_V_24_fu_420             |  1024|   0|  1024|          0|
    |data_in_buffer_V_25_fu_424             |  1024|   0|  1024|          0|
    |data_in_buffer_V_26_fu_428             |  1024|   0|  1024|          0|
    |data_in_buffer_V_27_fu_432             |  1024|   0|  1024|          0|
    |data_in_buffer_V_28_fu_436             |  1024|   0|  1024|          0|
    |data_in_buffer_V_29_fu_440             |  1024|   0|  1024|          0|
    |data_in_buffer_V_2_fu_332              |  1024|   0|  1024|          0|
    |data_in_buffer_V_30_fu_444             |  1024|   0|  1024|          0|
    |data_in_buffer_V_31_fu_448             |  1024|   0|  1024|          0|
    |data_in_buffer_V_32_fu_452             |  1024|   0|  1024|          0|
    |data_in_buffer_V_33_fu_456             |  1024|   0|  1024|          0|
    |data_in_buffer_V_34_fu_460             |  1024|   0|  1024|          0|
    |data_in_buffer_V_35_fu_464             |  1024|   0|  1024|          0|
    |data_in_buffer_V_36_fu_468             |  1024|   0|  1024|          0|
    |data_in_buffer_V_37_fu_472             |  1024|   0|  1024|          0|
    |data_in_buffer_V_38_fu_476             |  1024|   0|  1024|          0|
    |data_in_buffer_V_39_fu_480             |  1024|   0|  1024|          0|
    |data_in_buffer_V_3_fu_336              |  1024|   0|  1024|          0|
    |data_in_buffer_V_40_fu_484             |  1024|   0|  1024|          0|
    |data_in_buffer_V_41_fu_488             |  1024|   0|  1024|          0|
    |data_in_buffer_V_42_fu_492             |  1024|   0|  1024|          0|
    |data_in_buffer_V_43_fu_496             |  1024|   0|  1024|          0|
    |data_in_buffer_V_44_fu_500             |  1024|   0|  1024|          0|
    |data_in_buffer_V_45_fu_504             |  1024|   0|  1024|          0|
    |data_in_buffer_V_46_fu_508             |  1024|   0|  1024|          0|
    |data_in_buffer_V_47_fu_512             |  1024|   0|  1024|          0|
    |data_in_buffer_V_48_fu_516             |  1024|   0|  1024|          0|
    |data_in_buffer_V_49_fu_520             |  1024|   0|  1024|          0|
    |data_in_buffer_V_4_fu_340              |  1024|   0|  1024|          0|
    |data_in_buffer_V_50_fu_524             |  1024|   0|  1024|          0|
    |data_in_buffer_V_51_fu_528             |  1024|   0|  1024|          0|
    |data_in_buffer_V_52_fu_532             |  1024|   0|  1024|          0|
    |data_in_buffer_V_53_fu_536             |  1024|   0|  1024|          0|
    |data_in_buffer_V_54_fu_540             |  1024|   0|  1024|          0|
    |data_in_buffer_V_55_fu_544             |  1024|   0|  1024|          0|
    |data_in_buffer_V_56_fu_548             |  1024|   0|  1024|          0|
    |data_in_buffer_V_57_fu_552             |  1024|   0|  1024|          0|
    |data_in_buffer_V_58_fu_556             |  1024|   0|  1024|          0|
    |data_in_buffer_V_59_fu_560             |  1024|   0|  1024|          0|
    |data_in_buffer_V_5_fu_344              |  1024|   0|  1024|          0|
    |data_in_buffer_V_60_fu_564             |  1024|   0|  1024|          0|
    |data_in_buffer_V_61_fu_568             |  1024|   0|  1024|          0|
    |data_in_buffer_V_62_fu_572             |  1024|   0|  1024|          0|
    |data_in_buffer_V_63_fu_576             |  1024|   0|  1024|          0|
    |data_in_buffer_V_64_fu_580             |  1024|   0|  1024|          0|
    |data_in_buffer_V_65_fu_584             |  1024|   0|  1024|          0|
    |data_in_buffer_V_66_fu_588             |  1024|   0|  1024|          0|
    |data_in_buffer_V_67_fu_592             |  1024|   0|  1024|          0|
    |data_in_buffer_V_68_fu_596             |  1024|   0|  1024|          0|
    |data_in_buffer_V_69_fu_600             |  1024|   0|  1024|          0|
    |data_in_buffer_V_6_fu_348              |  1024|   0|  1024|          0|
    |data_in_buffer_V_70_fu_604             |  1024|   0|  1024|          0|
    |data_in_buffer_V_71_fu_608             |  1024|   0|  1024|          0|
    |data_in_buffer_V_72_fu_612             |  1024|   0|  1024|          0|
    |data_in_buffer_V_73_fu_616             |  1024|   0|  1024|          0|
    |data_in_buffer_V_74_fu_620             |  1024|   0|  1024|          0|
    |data_in_buffer_V_75_fu_624             |  1024|   0|  1024|          0|
    |data_in_buffer_V_76_fu_628             |  1024|   0|  1024|          0|
    |data_in_buffer_V_77_fu_632             |  1024|   0|  1024|          0|
    |data_in_buffer_V_78_fu_636             |  1024|   0|  1024|          0|
    |data_in_buffer_V_79_fu_640             |  1024|   0|  1024|          0|
    |data_in_buffer_V_7_fu_352              |  1024|   0|  1024|          0|
    |data_in_buffer_V_80_fu_644             |  1024|   0|  1024|          0|
    |data_in_buffer_V_8_fu_356              |  1024|   0|  1024|          0|
    |data_in_buffer_V_9_fu_360              |  1024|   0|  1024|          0|
    |data_in_buffer_V_fu_324                |  1024|   0|  1024|          0|
    |file_length_0_reg_737                  |    64|   0|    64|          0|
    |file_length_3_reg_797                  |    64|   0|    64|          0|
    |i_V_10_reg_3306                        |     7|   0|     7|          0|
    |i_V_11_reg_3318                        |     7|   0|     7|          0|
    |i_V_13_reg_3386                        |     7|   0|     7|          0|
    |i_V_9_fu_648                           |     7|   0|     7|          0|
    |i_V_fu_320                             |     7|   0|     7|          0|
    |icmp_ln1027_9_reg_3382                 |     1|   0|     1|          0|
    |icmp_ln41_1_reg_3401                   |     1|   0|     1|          0|
    |icmp_ln41_2_reg_3391                   |     1|   0|     1|          0|
    |icmp_ln41_reg_3396                     |     1|   0|     1|          0|
    |icmp_ln66_1_reg_3328                   |     1|   0|     1|          0|
    |icmp_ln66_2_reg_3333                   |     1|   0|     1|          0|
    |icmp_ln66_3_reg_3300                   |     1|   0|     1|          0|
    |icmp_ln66_reg_3323                     |     1|   0|     1|          0|
    |j_reg_749                              |     5|   0|     5|          0|
    |meta_is_duplicate_reg_3241             |     1|   0|     1|          0|
    |meta_size_V_reg_3245                   |    64|   0|    64|          0|
    |p_Result_s_reg_3258                    |     1|   0|     1|          0|
    |p_s_reg_3359                           |    64|   0|    64|          0|
    |pre_reorder_meta_buffer_read_reg_3233  |   258|   0|   258|          0|
    |reg_838                                |    64|   0|    64|          0|
    |reg_844                                |    64|   0|    64|          0|
    |ret_V_10_reg_3348                      |     3|   0|     3|          0|
    |select_ln1023_reg_3369                 |    64|   0|    64|          0|
    |select_ln1035_6_reg_3290               |    64|   0|    64|          0|
    |tmp_12_reg_3364                        |    32|   0|    32|          0|
    |trunc_ln368_reg_3285                   |    63|   0|    63|          0|
    |trunc_ln628_reg_3354                   |    64|   0|    64|          0|
    |write_flag2_0_reg_723                  |     1|   0|     1|          0|
    |write_flag2_2_reg_760                  |     1|   0|     1|          0|
    |write_flag_1_reg_778                   |     1|   0|     1|          0|
    |xs_exp_V_16_reg_3266                   |    11|   0|    11|          0|
    |xs_sig_V_21_reg_3274                   |    52|   0|    52|          0|
    +---------------------------------------+------+----+------+-----------+
    |Total                                  | 84226|   0| 84226|          0|
    +---------------------------------------+------+----+------+-----------+



================================================================
== Interface
================================================================
* Summary: 
+------------------------------------------+-----+------+------------+---------------------------+--------------+
|                 RTL Ports                | Dir | Bits |  Protocol  |       Source Object       |    C Type    |
+------------------------------------------+-----+------+------------+---------------------------+--------------+
|ap_clk                                    |   in|     1|  ap_ctrl_hs|                check_input|  return value|
|ap_rst                                    |   in|     1|  ap_ctrl_hs|                check_input|  return value|
|ap_start                                  |   in|     1|  ap_ctrl_hs|                check_input|  return value|
|ap_done                                   |  out|     1|  ap_ctrl_hs|                check_input|  return value|
|ap_idle                                   |  out|     1|  ap_ctrl_hs|                check_input|  return value|
|ap_ready                                  |  out|     1|  ap_ctrl_hs|                check_input|  return value|
|ap_return_0                               |  out|    64|  ap_ctrl_hs|                check_input|  return value|
|ap_return_1                               |  out|     1|  ap_ctrl_hs|                check_input|  return value|
|ap_return_2                               |  out|     1|  ap_ctrl_hs|                check_input|  return value|
|pre_reorder_meta_buffer_dout              |   in|   258|     ap_fifo|    pre_reorder_meta_buffer|       pointer|
|pre_reorder_meta_buffer_num_data_valid    |   in|     2|     ap_fifo|    pre_reorder_meta_buffer|       pointer|
|pre_reorder_meta_buffer_fifo_cap          |   in|     2|     ap_fifo|    pre_reorder_meta_buffer|       pointer|
|pre_reorder_meta_buffer_empty_n           |   in|     1|     ap_fifo|    pre_reorder_meta_buffer|       pointer|
|pre_reorder_meta_buffer_read              |  out|     1|     ap_fifo|    pre_reorder_meta_buffer|       pointer|
|pre_reorder_data_buffer82_dout            |   in|  1024|     ap_fifo|  pre_reorder_data_buffer82|       pointer|
|pre_reorder_data_buffer82_num_data_valid  |   in|     8|     ap_fifo|  pre_reorder_data_buffer82|       pointer|
|pre_reorder_data_buffer82_fifo_cap        |   in|     8|     ap_fifo|  pre_reorder_data_buffer82|       pointer|
|pre_reorder_data_buffer82_empty_n         |   in|     1|     ap_fifo|  pre_reorder_data_buffer82|       pointer|
|pre_reorder_data_buffer82_read            |  out|     1|     ap_fifo|  pre_reorder_data_buffer82|       pointer|
|pre_reorder_end_buffer83_dout             |   in|     1|     ap_fifo|   pre_reorder_end_buffer83|       pointer|
|pre_reorder_end_buffer83_num_data_valid   |   in|     2|     ap_fifo|   pre_reorder_end_buffer83|       pointer|
|pre_reorder_end_buffer83_fifo_cap         |   in|     2|     ap_fifo|   pre_reorder_end_buffer83|       pointer|
|pre_reorder_end_buffer83_empty_n          |   in|     1|     ap_fifo|   pre_reorder_end_buffer83|       pointer|
|pre_reorder_end_buffer83_read             |  out|     1|     ap_fifo|   pre_reorder_end_buffer83|       pointer|
|p_read                                    |   in|     1|     ap_none|                     p_read|        scalar|
|p_read1                                   |   in|    64|     ap_none|                    p_read1|        scalar|
|out_buffer77_din                          |  out|    64|     ap_fifo|               out_buffer77|       pointer|
|out_buffer77_num_data_valid               |   in|     6|     ap_fifo|               out_buffer77|       pointer|
|out_buffer77_fifo_cap                     |   in|     6|     ap_fifo|               out_buffer77|       pointer|
|out_buffer77_full_n                       |   in|     1|     ap_fifo|               out_buffer77|       pointer|
|out_buffer77_write                        |  out|     1|     ap_fifo|               out_buffer77|       pointer|
|end_out_buffer79_din                      |  out|     1|     ap_fifo|           end_out_buffer79|       pointer|
|end_out_buffer79_num_data_valid           |   in|     2|     ap_fifo|           end_out_buffer79|       pointer|
|end_out_buffer79_fifo_cap                 |   in|     2|     ap_fifo|           end_out_buffer79|       pointer|
|end_out_buffer79_full_n                   |   in|     1|     ap_fifo|           end_out_buffer79|       pointer|
|end_out_buffer79_write                    |  out|     1|     ap_fifo|           end_out_buffer79|       pointer|
+------------------------------------------+-----+------+------------+---------------------------+--------------+

