

================================================================
== Vitis HLS Report for 'check_duplicate_Pipeline_check_equality_sc'
================================================================
* Date:           Thu Oct  5 15:02:03 2023

* Version:        2022.2 (Build 3670227 on Oct 13 2022)
* Project:        Dedup
* Solution:       solution1 (Vivado IP Flow Target)
* Product family: zynquplus
* Target device:  xczu9eg-ffvb1156-2-e


================================================================
== Performance Estimates
================================================================
+ Timing: 
    * Summary: 
    +--------+----------+----------+------------+
    |  Clock |  Target  | Estimated| Uncertainty|
    +--------+----------+----------+------------+
    |ap_clk  |  10.00 ns|  5.621 ns|     2.70 ns|
    +--------+----------+----------+------------+

+ Latency: 
    * Summary: 
    +---------+---------+----------+----------+-----+-----+---------+
    |  Latency (cycles) |  Latency (absolute) |  Interval | Pipeline|
    |   min   |   max   |    min   |    max   | min | max |   Type  |
    +---------+---------+----------+----------+-----+-----+---------+
    |        ?|        ?|         ?|         ?|    ?|    ?|       no|
    +---------+---------+----------+----------+-----+-----+---------+

    + Detail: 
        * Instance: 
        N/A

        * Loop: 
        +---------------------+---------+---------+----------+-----------+-----------+------+----------+
        |                     |  Latency (cycles) | Iteration|  Initiation Interval  | Trip |          |
        |      Loop Name      |   min   |   max   |  Latency |  achieved |   target  | Count| Pipelined|
        +---------------------+---------+---------+----------+-----------+-----------+------+----------+
        |- check_equality_sc  |        ?|        ?|         7|          7|          7|     ?|       yes|
        +---------------------+---------+---------+----------+-----------+-----------+------+----------+



================================================================
== Utilization Estimates
================================================================
* Summary: 
+-----------------+---------+------+--------+--------+-----+
|       Name      | BRAM_18K|  DSP |   FF   |   LUT  | URAM|
+-----------------+---------+------+--------+--------+-----+
|DSP              |        -|     -|       -|       -|    -|
|Expression       |        -|     -|       0|     295|    -|
|FIFO             |        -|     -|       -|       -|    -|
|Instance         |        -|     -|       -|       -|    -|
|Memory           |        -|     -|       -|       -|    -|
|Multiplexer      |        -|     -|       -|     106|    -|
|Register         |        -|     -|     271|       -|    -|
+-----------------+---------+------+--------+--------+-----+
|Total            |        0|     0|     271|     401|    0|
+-----------------+---------+------+--------+--------+-----+
|Available        |     1824|  2520|  548160|  274080|    0|
+-----------------+---------+------+--------+--------+-----+
|Utilization (%)  |        0|     0|      ~0|      ~0|    0|
+-----------------+---------+------+--------+--------+-----+

+ Detail: 
    * Instance: 
    +---------------------------------+---------------------------+---------+----+---+----+-----+
    |             Instance            |           Module          | BRAM_18K| DSP| FF| LUT| URAM|
    +---------------------------------+---------------------------+---------+----+---+----+-----+
    |sitodp_32ns_64_4_no_dsp_1_U1328  |sitodp_32ns_64_4_no_dsp_1  |        0|   0|  0|   0|    0|
    +---------------------------------+---------------------------+---------+----+---+----+-----+
    |Total                            |                           |        0|   0|  0|   0|    0|
    +---------------------------------+---------------------------+---------+----+---+----+-----+

    * DSP: 
    N/A

    * Memory: 
    N/A

    * FIFO: 
    N/A

    * Expression: 
    +-----------------------+----------+----+---+-----+------------+------------+
    |     Variable Name     | Operation| DSP| FF| LUT | Bitwidth P0| Bitwidth P1|
    +-----------------------+----------+----+---+-----+------------+------------+
    |add_ln13_fu_162_p2     |         +|   0|  0|   71|          64|           1|
    |and_ln13_1_fu_156_p2   |       and|   0|  0|    2|           1|           1|
    |and_ln13_fu_151_p2     |       and|   0|  0|    2|           1|           1|
    |ap_condition_314       |       and|   0|  0|    2|           1|           1|
    |icmp_ln1023_fu_167_p2  |      icmp|   0|  0|  179|        1024|        1024|
    |icmp_ln13_1_fu_141_p2  |      icmp|   0|  0|   24|          52|           1|
    |icmp_ln13_fu_135_p2    |      icmp|   0|  0|   11|          11|           2|
    |or_ln13_fu_147_p2      |        or|   0|  0|    2|           1|           1|
    |ap_enable_pp0          |       xor|   0|  0|    2|           1|           2|
    +-----------------------+----------+----+---+-----+------------+------------+
    |Total                  |          |   0|  0|  295|        1156|        1034|
    +-----------------------+----------+----+---+-----+------------+------------+

    * Multiplexer: 
    +-------------------------------+----+-----------+-----+-----------+
    |              Name             | LUT| Input Size| Bits| Total Bits|
    +-------------------------------+----+-----------+-----+-----------+
    |ap_NS_fsm                      |  43|          8|    1|          8|
    |ap_done_int                    |   9|          2|    1|          2|
    |ap_enable_reg_pp0_iter0        |   9|          2|    1|          2|
    |ap_enable_reg_pp0_iter0_reg    |   9|          2|    1|          2|
    |ap_enable_reg_pp0_iter1        |   9|          2|    1|          2|
    |ap_phi_mux_merge_phi_fu_90_p4  |   9|          2|    1|          2|
    |ap_return                      |   9|          2|    1|          2|
    |i_14_fu_44                     |   9|          2|   64|        128|
    +-------------------------------+----+-----------+-----+-----------+
    |Total                          | 106|         22|   71|        148|
    +-------------------------------+----+-----------+-----+-----------+

    * Register: 
    +-----------------------------+----+----+-----+-----------+
    |             Name            | FF | LUT| Bits| Const Bits|
    +-----------------------------+----+----+-----+-----------+
    |add_ln13_reg_226             |  64|   0|   64|          0|
    |and_ln13_1_reg_222           |   1|   0|    1|          0|
    |ap_CS_fsm                    |   7|   0|    7|          0|
    |ap_done_reg                  |   1|   0|    1|          0|
    |ap_enable_reg_pp0_iter0_reg  |   1|   0|    1|          0|
    |ap_enable_reg_pp0_iter1      |   1|   0|    1|          0|
    |ap_return_preg               |   1|   0|    1|          0|
    |conv_i_i_reg_206             |  64|   0|   64|          0|
    |i_14_fu_44                   |  64|   0|   64|          0|
    |i_reg_194                    |  64|   0|   64|          0|
    |icmp_ln13_1_reg_217          |   1|   0|    1|          0|
    |icmp_ln13_reg_212            |   1|   0|    1|          0|
    |merge_reg_86                 |   1|   0|    1|          0|
    +-----------------------------+----+----+-----+-----------+
    |Total                        | 271|   0|  271|          0|
    +-----------------------------+----+----+-----+-----------+



================================================================
== Interface
================================================================
* Summary: 
+--------------------------+-----+------+------------+--------------------------------------------+--------------+
|         RTL Ports        | Dir | Bits |  Protocol  |                Source Object               |    C Type    |
+--------------------------+-----+------+------------+--------------------------------------------+--------------+
|ap_clk                    |   in|     1|  ap_ctrl_hs|  check_duplicate_Pipeline_check_equality_sc|  return value|
|ap_rst                    |   in|     1|  ap_ctrl_hs|  check_duplicate_Pipeline_check_equality_sc|  return value|
|ap_start                  |   in|     1|  ap_ctrl_hs|  check_duplicate_Pipeline_check_equality_sc|  return value|
|ap_done                   |  out|     1|  ap_ctrl_hs|  check_duplicate_Pipeline_check_equality_sc|  return value|
|ap_idle                   |  out|     1|  ap_ctrl_hs|  check_duplicate_Pipeline_check_equality_sc|  return value|
|ap_ready                  |  out|     1|  ap_ctrl_hs|  check_duplicate_Pipeline_check_equality_sc|  return value|
|ap_return                 |  out|     1|  ap_ctrl_hs|  check_duplicate_Pipeline_check_equality_sc|  return value|
|grp_fu_6097_p_din0        |  out|    64|  ap_ctrl_hs|  check_duplicate_Pipeline_check_equality_sc|  return value|
|grp_fu_6097_p_din1        |  out|    64|  ap_ctrl_hs|  check_duplicate_Pipeline_check_equality_sc|  return value|
|grp_fu_6097_p_opcode      |  out|     5|  ap_ctrl_hs|  check_duplicate_Pipeline_check_equality_sc|  return value|
|grp_fu_6097_p_dout0       |   in|     1|  ap_ctrl_hs|  check_duplicate_Pipeline_check_equality_sc|  return value|
|grp_fu_6097_p_ce          |  out|     1|  ap_ctrl_hs|  check_duplicate_Pipeline_check_equality_sc|  return value|
|or_ln13_1                 |   in|     1|     ap_none|                                   or_ln13_1|        scalar|
|select_ln1035_7           |   in|    64|     ap_none|                             select_ln1035_7|        scalar|
|packet_w_data_V_address0  |  out|     7|   ap_memory|                             packet_w_data_V|         array|
|packet_w_data_V_ce0       |  out|     1|   ap_memory|                             packet_w_data_V|         array|
|packet_w_data_V_q0        |   in|  1024|   ap_memory|                             packet_w_data_V|         array|
|packet_r_data_V_address0  |  out|     7|   ap_memory|                             packet_r_data_V|         array|
|packet_r_data_V_ce0       |  out|     1|   ap_memory|                             packet_r_data_V|         array|
|packet_r_data_V_q0        |   in|  1024|   ap_memory|                             packet_r_data_V|         array|
+--------------------------+-----+------+------------+--------------------------------------------+--------------+

