

================================================================
== Vitis HLS Report for 'convert_to_byte_stream_2_Pipeline_convert_to_byte'
================================================================
* Date:           Thu Oct  5 15:01:48 2023

* Version:        2022.2 (Build 3670227 on Oct 13 2022)
* Project:        Dedup
* Solution:       solution1 (Vivado IP Flow Target)
* Product family: zynquplus
* Target device:  xczu9eg-ffvb1156-2-e


================================================================
== Performance Estimates
================================================================
+ Timing: 
    * Summary: 
    +--------+----------+----------+------------+
    |  Clock |  Target  | Estimated| Uncertainty|
    +--------+----------+----------+------------+
    |ap_clk  |  10.00 ns|  2.055 ns|     2.70 ns|
    +--------+----------+----------+------------+

+ Latency: 
    * Summary: 
    +---------+---------+----------+----------+-----+-----+---------+
    |  Latency (cycles) |  Latency (absolute) |  Interval | Pipeline|
    |   min   |   max   |    min   |    max   | min | max |   Type  |
    +---------+---------+----------+----------+-----+-----+---------+
    |      130|      130|  1.300 us|  1.300 us|  130|  130|       no|
    +---------+---------+----------+----------+-----+-----+---------+

    + Detail: 
        * Instance: 
        N/A

        * Loop: 
        +-------------------+---------+---------+----------+-----------+-----------+------+----------+
        |                   |  Latency (cycles) | Iteration|  Initiation Interval  | Trip |          |
        |     Loop Name     |   min   |   max   |  Latency |  achieved |   target  | Count| Pipelined|
        +-------------------+---------+---------+----------+-----------+-----------+------+----------+
        |- convert_to_byte  |      128|      128|         2|          1|          1|   128|       yes|
        +-------------------+---------+---------+----------+-----------+-----------+------+----------+



================================================================
== Utilization Estimates
================================================================
* Summary: 
+-----------------+---------+------+--------+--------+-----+
|       Name      | BRAM_18K|  DSP |   FF   |   LUT  | URAM|
+-----------------+---------+------+--------+--------+-----+
|DSP              |        -|     -|       -|       -|    -|
|Expression       |        -|     -|       0|    2261|    -|
|FIFO             |        -|     -|       -|       -|    -|
|Instance         |        -|     -|       -|       -|    -|
|Memory           |        -|     -|       -|       -|    -|
|Multiplexer      |        -|     -|       -|      45|    -|
|Register         |        -|     -|      20|       -|    -|
+-----------------+---------+------+--------+--------+-----+
|Total            |        0|     0|      20|    2306|    0|
+-----------------+---------+------+--------+--------+-----+
|Available        |     1824|  2520|  548160|  274080|    0|
+-----------------+---------+------+--------+--------+-----+
|Utilization (%)  |        0|     0|      ~0|      ~0|    0|
+-----------------+---------+------+--------+--------+-----+

+ Detail: 
    * Instance: 
    N/A

    * DSP: 
    N/A

    * Memory: 
    N/A

    * FIFO: 
    N/A

    * Expression: 
    +----------------------------------+----------+----+---+------+------------+------------+
    |           Variable Name          | Operation| DSP| FF|  LUT | Bitwidth P0| Bitwidth P1|
    +----------------------------------+----------+----+---+------+------------+------------+
    |j_4_fu_91_p2                      |         +|   0|  0|    15|           8|           1|
    |ret_V_fu_101_p2                   |         +|   0|  0|    30|          23|          23|
    |ap_block_pp0_stage0_01001         |       and|   0|  0|     2|           1|           1|
    |ap_block_state2_pp0_stage0_iter1  |       and|   0|  0|     2|           1|           1|
    |icmp_ln1027_8_fu_111_p2           |      icmp|   0|  0|    28|          63|          63|
    |icmp_ln132_fu_85_p2               |      icmp|   0|  0|    11|           8|           9|
    |lshr_ln628_fu_133_p2              |      lshr|   0|  0|  2171|        1024|        1024|
    |ap_enable_pp0                     |       xor|   0|  0|     2|           1|           2|
    +----------------------------------+----------+----+---+------+------------+------------+
    |Total                             |          |   0|  0|  2261|        1129|        1124|
    +----------------------------------+----------+----+---+------+------------+------------+

    * Multiplexer: 
    +-------------------------+----+-----------+-----+-----------+
    |           Name          | LUT| Input Size| Bits| Total Bits|
    +-------------------------+----+-----------+-----+-----------+
    |ap_done_int              |   9|          2|    1|          2|
    |ap_enable_reg_pp0_iter1  |   9|          2|    1|          2|
    |ap_sig_allocacmp_j_3     |   9|          2|    8|         16|
    |j_fu_48                  |   9|          2|    8|         16|
    |segment_data29_blk_n     |   9|          2|    1|          2|
    +-------------------------+----+-----------+-----+-----------+
    |Total                    |  45|         10|   19|         38|
    +-------------------------+----+-----------+-----+-----------+

    * Register: 
    +-------------------------+---+----+-----+-----------+
    |           Name          | FF| LUT| Bits| Const Bits|
    +-------------------------+---+----+-----+-----------+
    |ap_CS_fsm                |  1|   0|    1|          0|
    |ap_done_reg              |  1|   0|    1|          0|
    |ap_enable_reg_pp0_iter1  |  1|   0|    1|          0|
    |icmp_ln1027_8_reg_158    |  1|   0|    1|          0|
    |j_fu_48                  |  8|   0|    8|          0|
    |trunc_ln628_reg_162      |  8|   0|    8|          0|
    +-------------------------+---+----+-----+-----------+
    |Total                    | 20|   0|   20|          0|
    +-------------------------+---+----+-----+-----------+



================================================================
== Interface
================================================================
* Summary: 
+-------------------------------+-----+------+------------+---------------------------------------------------+--------------+
|           RTL Ports           | Dir | Bits |  Protocol  |                   Source Object                   |    C Type    |
+-------------------------------+-----+------+------------+---------------------------------------------------+--------------+
|ap_clk                         |   in|     1|  ap_ctrl_hs|  convert_to_byte_stream.2_Pipeline_convert_to_byte|  return value|
|ap_rst                         |   in|     1|  ap_ctrl_hs|  convert_to_byte_stream.2_Pipeline_convert_to_byte|  return value|
|ap_start                       |   in|     1|  ap_ctrl_hs|  convert_to_byte_stream.2_Pipeline_convert_to_byte|  return value|
|ap_done                        |  out|     1|  ap_ctrl_hs|  convert_to_byte_stream.2_Pipeline_convert_to_byte|  return value|
|ap_idle                        |  out|     1|  ap_ctrl_hs|  convert_to_byte_stream.2_Pipeline_convert_to_byte|  return value|
|ap_ready                       |  out|     1|  ap_ctrl_hs|  convert_to_byte_stream.2_Pipeline_convert_to_byte|  return value|
|segment_data29_din             |  out|     8|     ap_fifo|                                     segment_data29|       pointer|
|segment_data29_num_data_valid  |   in|    17|     ap_fifo|                                     segment_data29|       pointer|
|segment_data29_fifo_cap        |   in|    17|     ap_fifo|                                     segment_data29|       pointer|
|segment_data29_full_n          |   in|     1|     ap_fifo|                                     segment_data29|       pointer|
|segment_data29_write           |  out|     1|     ap_fifo|                                     segment_data29|       pointer|
|ret_V_5                        |   in|    23|     ap_none|                                            ret_V_5|        scalar|
|bc_meta_size_V                 |   in|    63|     ap_none|                                     bc_meta_size_V|        scalar|
|current_data_V                 |   in|  1024|     ap_none|                                     current_data_V|        scalar|
+-------------------------------+-----+------+------------+---------------------------------------------------+--------------+

