

================================================================
== Vitis HLS Report for 'convert_to_byte_stream_Pipeline_read_data'
================================================================
* Date:           Thu Oct  5 15:01:46 2023

* Version:        2022.2 (Build 3670227 on Oct 13 2022)
* Project:        Dedup
* Solution:       solution1 (Vivado IP Flow Target)
* Product family: zynquplus
* Target device:  xczu9eg-ffvb1156-2-e


================================================================
== Performance Estimates
================================================================
+ Timing: 
    * Summary: 
    +--------+----------+----------+------------+
    |  Clock |  Target  | Estimated| Uncertainty|
    +--------+----------+----------+------------+
    |ap_clk  |  10.00 ns|  3.648 ns|     2.70 ns|
    +--------+----------+----------+------------+

+ Latency: 
    * Summary: 
    +---------+---------+----------+-----------+-----+---------+---------+
    |  Latency (cycles) |  Latency (absolute)  |    Interval   | Pipeline|
    |   min   |   max   |    min   |    max    | min |   max   |   Type  |
    +---------+---------+----------+-----------+-----+---------+---------+
    |       10|  2000002|  0.100 us|  20.000 ms|   10|  2000002|       no|
    +---------+---------+----------+-----------+-----+---------+---------+

    + Detail: 
        * Instance: 
        N/A

        * Loop: 
        +-------------+---------+---------+----------+-----------+-----------+------------+----------+
        |             |  Latency (cycles) | Iteration|  Initiation Interval  |    Trip    |          |
        |  Loop Name  |   min   |   max   |  Latency |  achieved |   target  |    Count   | Pipelined|
        +-------------+---------+---------+----------+-----------+-----------+------------+----------+
        |- read_data  |        8|  2000000|         9|          8|          8|  1 ~ 250000|       yes|
        +-------------+---------+---------+----------+-----------+-----------+------------+----------+



================================================================
== Utilization Estimates
================================================================
* Summary: 
+-----------------+---------+------+--------+--------+-----+
|       Name      | BRAM_18K|  DSP |   FF   |   LUT  | URAM|
+-----------------+---------+------+--------+--------+-----+
|DSP              |        -|     -|       -|       -|    -|
|Expression       |        -|     -|       0|     467|    -|
|FIFO             |        -|     -|       -|       -|    -|
|Instance         |        -|     -|       -|       -|    -|
|Memory           |        -|     -|       -|       -|    -|
|Multiplexer      |        -|     -|       -|     170|    -|
|Register         |        -|     -|      94|       -|    -|
+-----------------+---------+------+--------+--------+-----+
|Total            |        0|     0|      94|     637|    0|
+-----------------+---------+------+--------+--------+-----+
|Available        |     1824|  2520|  548160|  274080|    0|
+-----------------+---------+------+--------+--------+-----+
|Utilization (%)  |        0|     0|      ~0|      ~0|    0|
+-----------------+---------+------+--------+--------+-----+

+ Detail: 
    * Instance: 
    N/A

    * DSP: 
    N/A

    * Memory: 
    N/A

    * FIFO: 
    N/A

    * Expression: 
    +----------------------------------+----------+----+---+----+------------+------------+
    |           Variable Name          | Operation| DSP| FF| LUT| Bitwidth P0| Bitwidth P1|
    +----------------------------------+----------+----+---+----+------------+------------+
    |i_V_fu_129_p2                     |         +|   0|  0|  25|          18|           1|
    |ap_block_pp0_stage0_01001         |       and|   0|  0|   2|           1|           1|
    |ap_block_pp0_stage1_01001         |       and|   0|  0|   2|           1|           1|
    |ap_block_pp0_stage2_01001         |       and|   0|  0|   2|           1|           1|
    |ap_block_pp0_stage3_01001         |       and|   0|  0|   2|           1|           1|
    |ap_block_pp0_stage4_01001         |       and|   0|  0|   2|           1|           1|
    |ap_block_pp0_stage5_01001         |       and|   0|  0|   2|           1|           1|
    |ap_block_pp0_stage6_01001         |       and|   0|  0|   2|           1|           1|
    |ap_block_pp0_stage7_01001         |       and|   0|  0|   2|           1|           1|
    |ap_block_state3_pp0_stage2_iter0  |       and|   0|  0|   2|           1|           1|
    |ap_block_state4_pp0_stage3_iter0  |       and|   0|  0|   2|           1|           1|
    |ap_block_state5_pp0_stage4_iter0  |       and|   0|  0|   2|           1|           1|
    |ap_block_state6_pp0_stage5_iter0  |       and|   0|  0|   2|           1|           1|
    |ap_block_state7_pp0_stage6_iter0  |       and|   0|  0|   2|           1|           1|
    |ap_block_state8_pp0_stage7_iter0  |       and|   0|  0|   2|           1|           1|
    |ap_block_state9_pp0_stage0_iter1  |       and|   0|  0|   2|           1|           1|
    |ap_condition_590                  |       and|   0|  0|   2|           1|           1|
    |ap_predicate_op59_read_state2     |       and|   0|  0|   2|           1|           1|
    |ap_predicate_op69_write_state3    |       and|   0|  0|   2|           1|           1|
    |ap_predicate_op71_write_state4    |       and|   0|  0|   2|           1|           1|
    |ap_predicate_op73_write_state5    |       and|   0|  0|   2|           1|           1|
    |ap_predicate_op75_write_state6    |       and|   0|  0|   2|           1|           1|
    |ap_predicate_op77_write_state7    |       and|   0|  0|   2|           1|           1|
    |ap_predicate_op79_write_state8    |       and|   0|  0|   2|           1|           1|
    |icmp_ln1027_2_fu_163_p2           |      icmp|   0|  0|  29|          64|          64|
    |icmp_ln1027_3_fu_179_p2           |      icmp|   0|  0|  29|          64|          64|
    |icmp_ln1027_4_fu_195_p2           |      icmp|   0|  0|  29|          64|          64|
    |icmp_ln1027_5_fu_211_p2           |      icmp|   0|  0|  29|          64|          64|
    |icmp_ln1027_6_fu_227_p2           |      icmp|   0|  0|  29|          64|          64|
    |icmp_ln1027_7_fu_243_p2           |      icmp|   0|  0|  29|          64|          64|
    |icmp_ln1027_8_fu_259_p2           |      icmp|   0|  0|  29|          64|          64|
    |icmp_ln1027_fu_123_p2             |      icmp|   0|  0|  13|          18|          15|
    |icmp_ln1031_fu_147_p2             |      icmp|   0|  0|  29|          64|          64|
    |ap_block_state2_pp0_stage1_iter0  |        or|   0|  0|   2|           1|           1|
    |ret_V_2_fu_153_p2                 |        or|   0|  0|  21|          21|           1|
    |ret_V_3_fu_169_p2                 |        or|   0|  0|  21|          21|           2|
    |ret_V_4_fu_185_p2                 |        or|   0|  0|  21|          21|           2|
    |ret_V_5_fu_201_p2                 |        or|   0|  0|  21|          21|           3|
    |ret_V_6_fu_217_p2                 |        or|   0|  0|  21|          21|           3|
    |ret_V_7_fu_233_p2                 |        or|   0|  0|  21|          21|           3|
    |ret_V_8_fu_249_p2                 |        or|   0|  0|  21|          21|           3|
    |ap_enable_pp0                     |       xor|   0|  0|   2|           1|           2|
    +----------------------------------+----------+----+---+----+------------+------------+
    |Total                             |          |   0|  0| 467|         720|         571|
    +----------------------------------+----------+----+---+----+------------+------------+

    * Multiplexer: 
    +-----------------------------+----+-----------+-----+-----------+
    |             Name            | LUT| Input Size| Bits| Total Bits|
    +-----------------------------+----+-----------+-----+-----------+
    |ap_NS_fsm                    |  49|          9|    1|          9|
    |ap_done_int                  |   9|          2|    1|          2|
    |ap_enable_reg_pp0_iter0      |   9|          2|    1|          2|
    |ap_enable_reg_pp0_iter0_reg  |   9|          2|    1|          2|
    |ap_enable_reg_pp0_iter1      |   9|          2|    1|          2|
    |ap_sig_allocacmp_lhs_1       |   9|          2|   18|         36|
    |in_buffer74_blk_n            |   9|          2|    1|          2|
    |lhs_fu_92                    |   9|          2|   18|         36|
    |segment_data29_blk_n         |   9|          2|    1|          2|
    |segment_data29_din           |  49|          9|    8|         72|
    +-----------------------------+----+-----------+-----+-----------+
    |Total                        | 170|         34|   51|        165|
    +-----------------------------+----+-----------+-----+-----------+

    * Register: 
    +-----------------------------+----+----+-----+-----------+
    |             Name            | FF | LUT| Bits| Const Bits|
    +-----------------------------+----+----+-----+-----------+
    |ap_CS_fsm                    |   8|   0|    8|          0|
    |ap_done_reg                  |   1|   0|    1|          0|
    |ap_enable_reg_pp0_iter0_reg  |   1|   0|    1|          0|
    |ap_enable_reg_pp0_iter1      |   1|   0|    1|          0|
    |icmp_ln1027_2_reg_360        |   1|   0|    1|          0|
    |icmp_ln1027_3_reg_364        |   1|   0|    1|          0|
    |icmp_ln1027_4_reg_368        |   1|   0|    1|          0|
    |icmp_ln1027_5_reg_372        |   1|   0|    1|          0|
    |icmp_ln1027_6_reg_376        |   1|   0|    1|          0|
    |icmp_ln1027_7_reg_380        |   1|   0|    1|          0|
    |icmp_ln1027_8_reg_384        |   1|   0|    1|          0|
    |icmp_ln1027_reg_352          |   1|   0|    1|          0|
    |icmp_ln1031_reg_356          |   1|   0|    1|          0|
    |lhs_fu_92                    |  18|   0|   18|          0|
    |p_1_reg_393                  |   8|   0|    8|          0|
    |p_2_reg_398                  |   8|   0|    8|          0|
    |p_3_reg_403                  |   8|   0|    8|          0|
    |p_4_reg_408                  |   8|   0|    8|          0|
    |p_5_reg_413                  |   8|   0|    8|          0|
    |p_6_reg_418                  |   8|   0|    8|          0|
    |p_s_reg_388                  |   8|   0|    8|          0|
    +-----------------------------+----+----+-----+-----------+
    |Total                        |  94|   0|   94|          0|
    +-----------------------------+----+----+-----+-----------+



================================================================
== Interface
================================================================
* Summary: 
+-------------------------------+-----+-----+------------+-------------------------------------------+--------------+
|           RTL Ports           | Dir | Bits|  Protocol  |               Source Object               |    C Type    |
+-------------------------------+-----+-----+------------+-------------------------------------------+--------------+
|ap_clk                         |   in|    1|  ap_ctrl_hs|  convert_to_byte_stream_Pipeline_read_data|  return value|
|ap_rst                         |   in|    1|  ap_ctrl_hs|  convert_to_byte_stream_Pipeline_read_data|  return value|
|ap_start                       |   in|    1|  ap_ctrl_hs|  convert_to_byte_stream_Pipeline_read_data|  return value|
|ap_done                        |  out|    1|  ap_ctrl_hs|  convert_to_byte_stream_Pipeline_read_data|  return value|
|ap_idle                        |  out|    1|  ap_ctrl_hs|  convert_to_byte_stream_Pipeline_read_data|  return value|
|ap_ready                       |  out|    1|  ap_ctrl_hs|  convert_to_byte_stream_Pipeline_read_data|  return value|
|segment_data29_din             |  out|    8|     ap_fifo|                             segment_data29|       pointer|
|segment_data29_num_data_valid  |   in|   17|     ap_fifo|                             segment_data29|       pointer|
|segment_data29_fifo_cap        |   in|   17|     ap_fifo|                             segment_data29|       pointer|
|segment_data29_full_n          |   in|    1|     ap_fifo|                             segment_data29|       pointer|
|segment_data29_write           |  out|    1|     ap_fifo|                             segment_data29|       pointer|
|file_length_V                  |   in|   64|     ap_none|                              file_length_V|        scalar|
|in_buffer74_dout               |   in|   64|     ap_fifo|                                in_buffer74|       pointer|
|in_buffer74_num_data_valid     |   in|    6|     ap_fifo|                                in_buffer74|       pointer|
|in_buffer74_fifo_cap           |   in|    6|     ap_fifo|                                in_buffer74|       pointer|
|in_buffer74_empty_n            |   in|    1|     ap_fifo|                                in_buffer74|       pointer|
|in_buffer74_read               |  out|    1|     ap_fifo|                                in_buffer74|       pointer|
+-------------------------------+-----+-----+------------+-------------------------------------------+--------------+

