

================================================================
== Vitis HLS Report for 'read_in'
================================================================
* Date:           Thu Oct  5 15:01:46 2023

* Version:        2022.2 (Build 3670227 on Oct 13 2022)
* Project:        Dedup
* Solution:       solution1 (Vivado IP Flow Target)
* Product family: zynquplus
* Target device:  xczu9eg-ffvb1156-2-e


================================================================
== Performance Estimates
================================================================
+ Timing: 
    * Summary: 
    +--------+----------+----------+------------+
    |  Clock |  Target  | Estimated| Uncertainty|
    +--------+----------+----------+------------+
    |ap_clk  |  10.00 ns|  3.534 ns|     2.70 ns|
    +--------+----------+----------+------------+

+ Latency: 
    * Summary: 
    +---------+---------+-----------+----------+-----+--------+---------+
    |  Latency (cycles) |  Latency (absolute)  |   Interval   | Pipeline|
    |   min   |   max   |    min    |    max   | min |   max  |   Type  |
    +---------+---------+-----------+----------+-----+--------+---------+
    |        8|   250007|  80.000 ns|  2.500 ms|    8|  250007|       no|
    +---------+---------+-----------+----------+-----+--------+---------+

    + Detail: 
        * Instance: 
        +--------------------------------------+----------------------------+---------+---------+-----------+----------+-----+--------+---------+
        |                                      |                            |  Latency (cycles) |  Latency (absolute)  |   Interval   | Pipeline|
        |               Instance               |           Module           |   min   |   max   |    min    |    max   | min |   max  |   Type  |
        +--------------------------------------+----------------------------+---------+---------+-----------+----------+-----+--------+---------+
        |grp_read_in_Pipeline_read_file_fu_84  |read_in_Pipeline_read_file  |        3|   250002|  30.000 ns|  2.500 ms|    3|  250002|       no|
        +--------------------------------------+----------------------------+---------+---------+-----------+----------+-----+--------+---------+

        * Loop: 
        +----------------+---------+---------+------------+-----------+-----------+------+----------+
        |                |  Latency (cycles) |  Iteration |  Initiation Interval  | Trip |          |
        |    Loop Name   |   min   |   max   |   Latency  |  achieved |   target  | Count| Pipelined|
        +----------------+---------+---------+------------+-----------+-----------+------+----------+
        |- read_in_loop  |        7|   250006|  7 ~ 250006|          -|          -|     1|        no|
        +----------------+---------+---------+------------+-----------+-----------+------+----------+



================================================================
== Utilization Estimates
================================================================
* Summary: 
+-----------------+---------+------+--------+--------+-----+
|       Name      | BRAM_18K|  DSP |   FF   |   LUT  | URAM|
+-----------------+---------+------+--------+--------+-----+
|DSP              |        -|     -|       -|       -|    -|
|Expression       |        -|     -|       0|       6|    -|
|FIFO             |        -|     -|       -|       -|    -|
|Instance         |        -|     -|      24|     134|    -|
|Memory           |        -|     -|       -|       -|    -|
|Multiplexer      |        -|     -|       -|     117|    -|
|Register         |        -|     -|      73|       -|    -|
+-----------------+---------+------+--------+--------+-----+
|Total            |        0|     0|      97|     257|    0|
+-----------------+---------+------+--------+--------+-----+
|Available        |     1824|  2520|  548160|  274080|    0|
+-----------------+---------+------+--------+--------+-----+
|Utilization (%)  |        0|     0|      ~0|      ~0|    0|
+-----------------+---------+------+--------+--------+-----+

+ Detail: 
    * Instance: 
    +--------------------------------------+----------------------------+---------+----+----+-----+-----+
    |               Instance               |           Module           | BRAM_18K| DSP| FF | LUT | URAM|
    +--------------------------------------+----------------------------+---------+----+----+-----+-----+
    |grp_read_in_Pipeline_read_file_fu_84  |read_in_Pipeline_read_file  |        0|   0|  24|  134|    0|
    +--------------------------------------+----------------------------+---------+----+----+-----+-----+
    |Total                                 |                            |        0|   0|  24|  134|    0|
    +--------------------------------------+----------------------------+---------+----+----+-----+-----+

    * DSP: 
    N/A

    * Memory: 
    N/A

    * FIFO: 
    N/A

    * Expression: 
    +------------------+----------+----+---+----+------------+------------+
    |   Variable Name  | Operation| DSP| FF| LUT| Bitwidth P0| Bitwidth P1|
    +------------------+----------+----+---+----+------------+------------+
    |ap_condition_151  |       and|   0|  0|   2|           1|           1|
    |ap_block_state1   |        or|   0|  0|   2|           1|           1|
    |ap_block_state2   |        or|   0|  0|   2|           1|           1|
    +------------------+----------+----+---+----+------------+------------+
    |Total             |          |   0|  0|   6|           3|           3|
    +------------------+----------+----+---+----+------------+------------+

    * Multiplexer: 
    +------------------------+----+-----------+-----+-----------+
    |          Name          | LUT| Input Size| Bits| Total Bits|
    +------------------------+----+-----------+-----+-----------+
    |ap_NS_fsm               |  31|          6|    1|          6|
    |ap_done                 |   9|          2|    1|          2|
    |end_in_blk_n            |   9|          2|    1|          2|
    |end_in_buffer76_blk_n   |   9|          2|    1|          2|
    |end_in_buffer76_din     |  14|          3|    1|          3|
    |in_buffer74_write       |   9|          2|    1|          2|
    |in_r_read               |   9|          2|    1|          2|
    |real_start              |   9|          2|    1|          2|
    |size_in_blk_n           |   9|          2|    1|          2|
    |size_in_buffer75_blk_n  |   9|          2|    1|          2|
    +------------------------+----+-----------+-----+-----------+
    |Total                   | 117|         25|   10|         25|
    +------------------------+----+-----------+-----+-----------+

    * Register: 
    +---------------------------------------------------+----+----+-----+-----------+
    |                        Name                       | FF | LUT| Bits| Const Bits|
    +---------------------------------------------------+----+----+-----+-----------+
    |ap_CS_fsm                                          |   5|   0|    5|          0|
    |ap_done_reg                                        |   1|   0|    1|          0|
    |end_11_reg_75                                      |   1|   0|    1|          0|
    |grp_read_in_Pipeline_read_file_fu_84_ap_start_reg  |   1|   0|    1|          0|
    |size_V_reg_98                                      |  64|   0|   64|          0|
    |start_once_reg                                     |   1|   0|    1|          0|
    +---------------------------------------------------+----+----+-----+-----------+
    |Total                                              |  73|   0|   73|          0|
    +---------------------------------------------------+----+----+-----+-----------+



================================================================
== Interface
================================================================
* Summary: 
+---------------------------------+-----+-----+------------+------------------+--------------+
|            RTL Ports            | Dir | Bits|  Protocol  |   Source Object  |    C Type    |
+---------------------------------+-----+-----+------------+------------------+--------------+
|ap_clk                           |   in|    1|  ap_ctrl_hs|           read_in|  return value|
|ap_rst                           |   in|    1|  ap_ctrl_hs|           read_in|  return value|
|ap_start                         |   in|    1|  ap_ctrl_hs|           read_in|  return value|
|start_full_n                     |   in|    1|  ap_ctrl_hs|           read_in|  return value|
|ap_done                          |  out|    1|  ap_ctrl_hs|           read_in|  return value|
|ap_continue                      |   in|    1|  ap_ctrl_hs|           read_in|  return value|
|ap_idle                          |  out|    1|  ap_ctrl_hs|           read_in|  return value|
|ap_ready                         |  out|    1|  ap_ctrl_hs|           read_in|  return value|
|start_out                        |  out|    1|  ap_ctrl_hs|           read_in|  return value|
|start_write                      |  out|    1|  ap_ctrl_hs|           read_in|  return value|
|in_r_dout                        |   in|   64|     ap_fifo|              in_r|       pointer|
|in_r_empty_n                     |   in|    1|     ap_fifo|              in_r|       pointer|
|in_r_read                        |  out|    1|     ap_fifo|              in_r|       pointer|
|size_in_dout                     |   in|   64|     ap_fifo|           size_in|       pointer|
|size_in_empty_n                  |   in|    1|     ap_fifo|           size_in|       pointer|
|size_in_read                     |  out|    1|     ap_fifo|           size_in|       pointer|
|end_in_dout                      |   in|    1|     ap_fifo|            end_in|       pointer|
|end_in_empty_n                   |   in|    1|     ap_fifo|            end_in|       pointer|
|end_in_read                      |  out|    1|     ap_fifo|            end_in|       pointer|
|in_buffer74_din                  |  out|   64|     ap_fifo|       in_buffer74|       pointer|
|in_buffer74_num_data_valid       |   in|    6|     ap_fifo|       in_buffer74|       pointer|
|in_buffer74_fifo_cap             |   in|    6|     ap_fifo|       in_buffer74|       pointer|
|in_buffer74_full_n               |   in|    1|     ap_fifo|       in_buffer74|       pointer|
|in_buffer74_write                |  out|    1|     ap_fifo|       in_buffer74|       pointer|
|size_in_buffer75_din             |  out|   64|     ap_fifo|  size_in_buffer75|       pointer|
|size_in_buffer75_num_data_valid  |   in|    2|     ap_fifo|  size_in_buffer75|       pointer|
|size_in_buffer75_fifo_cap        |   in|    2|     ap_fifo|  size_in_buffer75|       pointer|
|size_in_buffer75_full_n          |   in|    1|     ap_fifo|  size_in_buffer75|       pointer|
|size_in_buffer75_write           |  out|    1|     ap_fifo|  size_in_buffer75|       pointer|
|end_in_buffer76_din              |  out|    1|     ap_fifo|   end_in_buffer76|       pointer|
|end_in_buffer76_num_data_valid   |   in|    2|     ap_fifo|   end_in_buffer76|       pointer|
|end_in_buffer76_fifo_cap         |   in|    2|     ap_fifo|   end_in_buffer76|       pointer|
|end_in_buffer76_full_n           |   in|    1|     ap_fifo|   end_in_buffer76|       pointer|
|end_in_buffer76_write            |  out|    1|     ap_fifo|   end_in_buffer76|       pointer|
+---------------------------------+-----+-----+------------+------------------+--------------+

