

================================================================
== Vitis HLS Report for 'reorder'
================================================================
* Date:           Thu Oct  5 15:02:14 2023

* Version:        2022.2 (Build 3670227 on Oct 13 2022)
* Project:        Dedup
* Solution:       solution1 (Vivado IP Flow Target)
* Product family: zynquplus
* Target device:  xczu9eg-ffvb1156-2-e


================================================================
== Performance Estimates
================================================================
+ Timing: 
    * Summary: 
    +--------+----------+----------+------------+
    |  Clock |  Target  | Estimated| Uncertainty|
    +--------+----------+----------+------------+
    |ap_clk  |  10.00 ns|  7.042 ns|     2.70 ns|
    +--------+----------+----------+------------+

+ Latency: 
    * Summary: 
    +---------+---------+-----------+-----------+-----+------+---------+
    |  Latency (cycles) |   Latency (absolute)  |  Interval  | Pipeline|
    |   min   |   max   |    min    |    max    | min |  max |   Type  |
    +---------+---------+-----------+-----------+-----+------+---------+
    |        4|     2542|  40.000 ns|  25.420 us|    4|  2542|       no|
    +---------+---------+-----------+-----------+-----+------+---------+

    + Detail: 
        * Instance: 
        +-----------------------+-------------+---------+---------+-----------+-----------+-----+------+---------+
        |                       |             |  Latency (cycles) |   Latency (absolute)  |  Interval  | Pipeline|
        |        Instance       |    Module   |   min   |   max   |    min    |    max    | min |  max |   Type  |
        +-----------------------+-------------+---------+---------+-----------+-----------+-----+------+---------+
        |grp_check_input_fu_88  |check_input  |        1|     2539|  10.000 ns|  25.390 us|    1|  2539|       no|
        +-----------------------+-------------+---------+---------+-----------+-----------+-----+------+---------+

        * Loop: 
        +----------------+---------+---------+----------+-----------+-----------+------+----------+
        |                |  Latency (cycles) | Iteration|  Initiation Interval  | Trip |          |
        |    Loop Name   |   min   |   max   |  Latency |  achieved |   target  | Count| Pipelined|
        +----------------+---------+---------+----------+-----------+-----------+------+----------+
        |- reorder_loop  |        3|     2541|  3 ~ 2541|          -|          -|     1|        no|
        +----------------+---------+---------+----------+-----------+-----------+------+----------+



================================================================
== Utilization Estimates
================================================================
* Summary: 
+-----------------+---------+------+--------+--------+-----+
|       Name      | BRAM_18K|  DSP |   FF   |   LUT  | URAM|
+-----------------+---------+------+--------+--------+-----+
|DSP              |        -|     -|       -|       -|    -|
|Expression       |        -|     -|       0|       4|    -|
|FIFO             |        -|     -|       -|       -|    -|
|Instance         |        2|    11|   84525|    5281|    -|
|Memory           |        -|     -|       -|       -|    -|
|Multiplexer      |        -|     -|       -|     142|    -|
|Register         |        -|     -|     136|       -|    -|
+-----------------+---------+------+--------+--------+-----+
|Total            |        2|    11|   84661|    5427|    0|
+-----------------+---------+------+--------+--------+-----+
|Available        |     1824|  2520|  548160|  274080|    0|
+-----------------+---------+------+--------+--------+-----+
|Utilization (%)  |       ~0|    ~0|      15|       1|    0|
+-----------------+---------+------+--------+--------+-----+

+ Detail: 
    * Instance: 
    +-----------------------+-------------+---------+----+-------+------+-----+
    |        Instance       |    Module   | BRAM_18K| DSP|   FF  |  LUT | URAM|
    +-----------------------+-------------+---------+----+-------+------+-----+
    |grp_check_input_fu_88  |check_input  |        2|  11|  84525|  5281|    0|
    +-----------------------+-------------+---------+----+-------+------+-----+
    |Total                  |             |        2|  11|  84525|  5281|    0|
    +-----------------------+-------------+---------+----+-------+------+-----+

    * DSP: 
    N/A

    * Memory: 
    N/A

    * FIFO: 
    N/A

    * Expression: 
    +-----------------+----------+----+---+----+------------+------------+
    |  Variable Name  | Operation| DSP| FF| LUT| Bitwidth P0| Bitwidth P1|
    +-----------------+----------+----+---+----+------------+------------+
    |ap_block_state1  |        or|   0|  0|   2|           1|           1|
    |ap_block_state2  |        or|   0|  0|   2|           1|           1|
    +-----------------+----------+----+---+----+------------+------------+
    |Total            |          |   0|  0|   4|           2|           2|
    +-----------------+----------+----+---+----+------------+------------+

    * Multiplexer: 
    +--------------------------------+----+-----------+-----+-----------+
    |              Name              | LUT| Input Size| Bits| Total Bits|
    +--------------------------------+----+-----------+-----+-----------+
    |ap_NS_fsm                       |  20|          4|    1|          4|
    |ap_done                         |   9|          2|    1|          2|
    |end_0_reg_77                    |   9|          2|    1|          2|
    |end_out_buffer79_blk_n          |   9|          2|    1|          2|
    |end_out_buffer79_din            |   9|          2|    1|          2|
    |end_out_buffer79_write          |  14|          3|    1|          3|
    |file_length_V_6_fu_46           |   9|          2|   64|        128|
    |init_0_reg_65                   |   9|          2|    1|          2|
    |out_buffer77_write              |   9|          2|    1|          2|
    |pre_reorder_data_buffer82_read  |   9|          2|    1|          2|
    |pre_reorder_end_buffer83_read   |   9|          2|    1|          2|
    |pre_reorder_meta_buffer_read    |   9|          2|    1|          2|
    |real_start                      |   9|          2|    1|          2|
    |size_out_buffer78_blk_n         |   9|          2|    1|          2|
    +--------------------------------+----+-----------+-----+-----------+
    |Total                           | 142|         31|   77|        157|
    +--------------------------------+----+-----------+-----+-----------+

    * Register: 
    +------------------------------------+----+----+-----+-----------+
    |                Name                | FF | LUT| Bits| Const Bits|
    +------------------------------------+----+----+-----+-----------+
    |ap_CS_fsm                           |   3|   0|    3|          0|
    |ap_done_reg                         |   1|   0|    1|          0|
    |end_0_reg_77                        |   1|   0|    1|          0|
    |file_length_V_6_fu_46               |  64|   0|   64|          0|
    |file_length_V_6_load_1_reg_141      |  64|   0|   64|          0|
    |grp_check_input_fu_88_ap_start_reg  |   1|   0|    1|          0|
    |init_0_reg_65                       |   1|   0|    1|          0|
    |start_once_reg                      |   1|   0|    1|          0|
    +------------------------------------+----+----+-----+-----------+
    |Total                               | 136|   0|  136|          0|
    +------------------------------------+----+----+-----+-----------+



================================================================
== Interface
================================================================
* Summary: 
+------------------------------------------+-----+------+------------+---------------------------+--------------+
|                 RTL Ports                | Dir | Bits |  Protocol  |       Source Object       |    C Type    |
+------------------------------------------+-----+------+------------+---------------------------+--------------+
|ap_clk                                    |   in|     1|  ap_ctrl_hs|                    reorder|  return value|
|ap_rst                                    |   in|     1|  ap_ctrl_hs|                    reorder|  return value|
|ap_start                                  |   in|     1|  ap_ctrl_hs|                    reorder|  return value|
|start_full_n                              |   in|     1|  ap_ctrl_hs|                    reorder|  return value|
|ap_done                                   |  out|     1|  ap_ctrl_hs|                    reorder|  return value|
|ap_continue                               |   in|     1|  ap_ctrl_hs|                    reorder|  return value|
|ap_idle                                   |  out|     1|  ap_ctrl_hs|                    reorder|  return value|
|ap_ready                                  |  out|     1|  ap_ctrl_hs|                    reorder|  return value|
|start_out                                 |  out|     1|  ap_ctrl_hs|                    reorder|  return value|
|start_write                               |  out|     1|  ap_ctrl_hs|                    reorder|  return value|
|pre_reorder_meta_buffer_dout              |   in|   258|     ap_fifo|    pre_reorder_meta_buffer|       pointer|
|pre_reorder_meta_buffer_num_data_valid    |   in|     2|     ap_fifo|    pre_reorder_meta_buffer|       pointer|
|pre_reorder_meta_buffer_fifo_cap          |   in|     2|     ap_fifo|    pre_reorder_meta_buffer|       pointer|
|pre_reorder_meta_buffer_empty_n           |   in|     1|     ap_fifo|    pre_reorder_meta_buffer|       pointer|
|pre_reorder_meta_buffer_read              |  out|     1|     ap_fifo|    pre_reorder_meta_buffer|       pointer|
|pre_reorder_data_buffer82_dout            |   in|  1024|     ap_fifo|  pre_reorder_data_buffer82|       pointer|
|pre_reorder_data_buffer82_num_data_valid  |   in|     8|     ap_fifo|  pre_reorder_data_buffer82|       pointer|
|pre_reorder_data_buffer82_fifo_cap        |   in|     8|     ap_fifo|  pre_reorder_data_buffer82|       pointer|
|pre_reorder_data_buffer82_empty_n         |   in|     1|     ap_fifo|  pre_reorder_data_buffer82|       pointer|
|pre_reorder_data_buffer82_read            |  out|     1|     ap_fifo|  pre_reorder_data_buffer82|       pointer|
|pre_reorder_end_buffer83_dout             |   in|     1|     ap_fifo|   pre_reorder_end_buffer83|       pointer|
|pre_reorder_end_buffer83_num_data_valid   |   in|     2|     ap_fifo|   pre_reorder_end_buffer83|       pointer|
|pre_reorder_end_buffer83_fifo_cap         |   in|     2|     ap_fifo|   pre_reorder_end_buffer83|       pointer|
|pre_reorder_end_buffer83_empty_n          |   in|     1|     ap_fifo|   pre_reorder_end_buffer83|       pointer|
|pre_reorder_end_buffer83_read             |  out|     1|     ap_fifo|   pre_reorder_end_buffer83|       pointer|
|size_out_buffer78_din                     |  out|    64|     ap_fifo|          size_out_buffer78|       pointer|
|size_out_buffer78_num_data_valid          |   in|     2|     ap_fifo|          size_out_buffer78|       pointer|
|size_out_buffer78_fifo_cap                |   in|     2|     ap_fifo|          size_out_buffer78|       pointer|
|size_out_buffer78_full_n                  |   in|     1|     ap_fifo|          size_out_buffer78|       pointer|
|size_out_buffer78_write                   |  out|     1|     ap_fifo|          size_out_buffer78|       pointer|
|out_buffer77_din                          |  out|    64|     ap_fifo|               out_buffer77|       pointer|
|out_buffer77_num_data_valid               |   in|     6|     ap_fifo|               out_buffer77|       pointer|
|out_buffer77_fifo_cap                     |   in|     6|     ap_fifo|               out_buffer77|       pointer|
|out_buffer77_full_n                       |   in|     1|     ap_fifo|               out_buffer77|       pointer|
|out_buffer77_write                        |  out|     1|     ap_fifo|               out_buffer77|       pointer|
|end_out_buffer79_din                      |  out|     1|     ap_fifo|           end_out_buffer79|       pointer|
|end_out_buffer79_num_data_valid           |   in|     2|     ap_fifo|           end_out_buffer79|       pointer|
|end_out_buffer79_fifo_cap                 |   in|     2|     ap_fifo|           end_out_buffer79|       pointer|
|end_out_buffer79_full_n                   |   in|     1|     ap_fifo|           end_out_buffer79|       pointer|
|end_out_buffer79_write                    |  out|     1|     ap_fifo|           end_out_buffer79|       pointer|
+------------------------------------------+-----+------+------------+---------------------------+--------------+

