

================================================================
== Vitis HLS Report for 'write_out_3'
================================================================
* Date:           Thu Oct  5 15:01:50 2023

* Version:        2022.2 (Build 3670227 on Oct 13 2022)
* Project:        Dedup
* Solution:       solution1 (Vivado IP Flow Target)
* Product family: zynquplus
* Target device:  xczu9eg-ffvb1156-2-e


================================================================
== Performance Estimates
================================================================
+ Timing: 
    * Summary: 
    +--------+----------+----------+------------+
    |  Clock |  Target  | Estimated| Uncertainty|
    +--------+----------+----------+------------+
    |ap_clk  |  10.00 ns|  7.042 ns|     2.70 ns|
    +--------+----------+----------+------------+

+ Latency: 
    * Summary: 
    +---------+---------+----------+----------+-----+-------+---------+
    |  Latency (cycles) |  Latency (absolute) |   Interval  | Pipeline|
    |   min   |   max   |    min   |    max   | min |  max  |   Type  |
    +---------+---------+----------+----------+-----+-------+---------+
    |      157|    11203|  1.570 us|  0.112 ms|  157|  11203|       no|
    +---------+---------+----------+----------+-----+-------+---------+

    + Detail: 
        * Instance: 
        +-----------------------------------------------------+------------------------------------------+---------+---------+----------+----------+-----+-----+---------+
        |                                                     |                                          |  Latency (cycles) |  Latency (absolute) |  Interval | Pipeline|
        |                       Instance                      |                  Module                  |   min   |   max   |    min   |    max   | min | max |   Type  |
        +-----------------------------------------------------+------------------------------------------+---------+---------+----------+----------+-----+-----+---------+
        |grp_write_out_3_Pipeline_convert_to_c_data_t_fu_184  |write_out_3_Pipeline_convert_to_c_data_t  |      130|      130|  1.300 us|  1.300 us|  130|  130|       no|
        +-----------------------------------------------------+------------------------------------------+---------+---------+----------+----------+-----+-----+---------+

        * Loop: 
        +-------------------+---------+---------+-------------+-----------+-----------+--------+----------+
        |                   |  Latency (cycles) |  Iteration  |  Initiation Interval  |  Trip  |          |
        |     Loop Name     |   min   |   max   |   Latency   |  achieved |   target  |  Count | Pipelined|
        +-------------------+---------+---------+-------------+-----------+-----------+--------+----------+
        |- VITIS_LOOP_25_1  |      156|    11202|  156 ~ 11202|          -|          -|       1|        no|
        | + write_chunk     |      138|    11183|          138|          -|          -|  1 ~ 81|        no|
        +-------------------+---------+---------+-------------+-----------+-----------+--------+----------+



================================================================
== Utilization Estimates
================================================================
* Summary: 
+-----------------+---------+------+--------+--------+-----+
|       Name      | BRAM_18K|  DSP |   FF   |   LUT  | URAM|
+-----------------+---------+------+--------+--------+-----+
|DSP              |        -|     -|       -|       -|    -|
|Expression       |        -|     -|       0|     672|    -|
|FIFO             |        -|     -|       -|       -|    -|
|Instance         |        -|    11|    1343|   22582|    -|
|Memory           |        2|     -|       0|       0|    -|
|Multiplexer      |        -|     -|       -|     263|    -|
|Register         |        -|     -|     630|       -|    -|
+-----------------+---------+------+--------+--------+-----+
|Total            |        2|    11|    1973|   23517|    0|
+-----------------+---------+------+--------+--------+-----+
|Available        |     1824|  2520|  548160|  274080|    0|
+-----------------+---------+------+--------+--------+-----+
|Utilization (%)  |       ~0|    ~0|      ~0|       8|    0|
+-----------------+---------+------+--------+--------+-----+

+ Detail: 
    * Instance: 
    +-----------------------------------------------------+------------------------------------------+---------+----+------+-------+-----+
    |                       Instance                      |                  Module                  | BRAM_18K| DSP|  FF  |  LUT  | URAM|
    +-----------------------------------------------------+------------------------------------------+---------+----+------+-------+-----+
    |dcmp_64ns_64ns_1_2_no_dsp_1_U119                     |dcmp_64ns_64ns_1_2_no_dsp_1               |        0|   0|     0|      0|    0|
    |dmul_64ns_64ns_64_5_max_dsp_1_U118                   |dmul_64ns_64ns_64_5_max_dsp_1             |        0|  11|   299|    203|    0|
    |sitodp_64ns_64_4_no_dsp_1_U120                       |sitodp_64ns_64_4_no_dsp_1                 |        0|   0|     0|      0|    0|
    |grp_write_out_3_Pipeline_convert_to_c_data_t_fu_184  |write_out_3_Pipeline_convert_to_c_data_t  |        0|   0|  1044|  22379|    0|
    +-----------------------------------------------------+------------------------------------------+---------+----+------+-------+-----+
    |Total                                                |                                          |        0|  11|  1343|  22582|    0|
    +-----------------------------------------------------+------------------------------------------+---------+----+------+-------+-----+

    * DSP: 
    N/A

    * Memory: 
    +--------------+------------------------------------+---------+---+----+-----+------+-----+------+-------------+
    |    Memory    |               Module               | BRAM_18K| FF| LUT| URAM| Words| Bits| Banks| W*Bits*Banks|
    +--------------+------------------------------------+---------+---+----+-----+------+-----+------+-------------+
    |mask_table_U  |write_out_1_mask_table_ROM_AUTO_1R  |        2|  0|   0|    0|    64|   52|     1|         3328|
    +--------------+------------------------------------+---------+---+----+-----+------+-----+------+-------------+
    |Total         |                                    |        2|  0|   0|    0|    64|   52|     1|         3328|
    +--------------+------------------------------------+---------+---+----+-----+------+-----+------+-------------+

    * FIFO: 
    N/A

    * Expression: 
    +---------------------------------+----------+----+---+----+------------+------------+
    |          Variable Name          | Operation| DSP| FF| LUT| Bitwidth P0| Bitwidth P1|
    +---------------------------------+----------+----+---+----+------------+------------+
    |data_V_1_fu_314_p2               |         +|   0|  0|  71|          64|          64|
    |i_1_fu_463_p2                    |         +|   0|  0|  14|           7|           1|
    |and_ln1035_fu_424_p2             |       and|   0|  0|   2|           1|           1|
    |and_ln21_1_fu_390_p2             |       and|   0|  0|   2|           1|           1|
    |and_ln21_fu_286_p2               |       and|   0|  0|   2|           1|           1|
    |and_ln34_1_fu_527_p2             |       and|   0|  0|   2|           1|           1|
    |and_ln34_fu_521_p2               |       and|   0|  0|   2|           1|           1|
    |ap_block_state24                 |       and|   0|  0|   2|           1|           1|
    |ap_condition_283                 |       and|   0|  0|   2|           1|           1|
    |xs_sig_V_4_fu_365_p2             |       and|   0|  0|  52|          52|          52|
    |icmp_ln1019_1_fu_281_p2          |      icmp|   0|  0|  11|          11|           1|
    |icmp_ln1019_fu_276_p2            |      icmp|   0|  0|  24|          52|           1|
    |icmp_ln1035_1_fu_271_p2          |      icmp|   0|  0|  11|          11|          11|
    |icmp_ln1035_fu_266_p2            |      icmp|   0|  0|  11|          11|          10|
    |icmp_ln32_fu_457_p2              |      icmp|   0|  0|  10|           7|           7|
    |icmp_ln34_1_fu_507_p2            |      icmp|   0|  0|  24|          52|           1|
    |icmp_ln34_2_fu_478_p2            |      icmp|   0|  0|  11|          11|           2|
    |icmp_ln34_3_fu_446_p2            |      icmp|   0|  0|  24|          52|           1|
    |icmp_ln34_fu_501_p2              |      icmp|   0|  0|  11|          11|           2|
    |ap_block_state1                  |        or|   0|  0|   2|           1|           1|
    |ap_block_state2                  |        or|   0|  0|   2|           1|           1|
    |ap_predicate_op130_read_state24  |        or|   0|  0|   2|           1|           1|
    |or_ln1035_fu_404_p2              |        or|   0|  0|   2|           1|           1|
    |or_ln21_fu_385_p2                |        or|   0|  0|   2|           1|           1|
    |or_ln34_1_fu_517_p2              |        or|   0|  0|   2|           1|           1|
    |or_ln34_fu_513_p2                |        or|   0|  0|   2|           1|           1|
    |or_ln779_fu_334_p2               |        or|   0|  0|  64|          64|          64|
    |select_ln1035_1_fu_430_p3        |    select|   0|  0|  64|           1|          64|
    |select_ln1035_fu_410_p3          |    select|   0|  0|  64|           1|          64|
    |select_ln21_fu_396_p3            |    select|   0|  0|  64|           1|          64|
    |xs_exp_V_3_fu_347_p3             |    select|   0|  0|  10|           1|          11|
    |xs_sig_V_1_fu_353_p3             |    select|   0|  0|  50|           1|          52|
    |xor_ln1035_fu_418_p2             |       xor|   0|  0|   2|           1|           2|
    |xor_ln1497_fu_359_p2             |       xor|   0|  0|  52|          52|           2|
    +---------------------------------+----------+----+---+----+------------+------------+
    |Total                            |          |   0|  0| 672|         477|         490|
    +---------------------------------+----------+----+---+----+------------+------------+

    * Multiplexer: 
    +---------------------------------+-----+-----------+-----+-----------+
    |               Name              | LUT | Input Size| Bits| Total Bits|
    +---------------------------------+-----+-----------+-----+-----------+
    |ap_NS_fsm                        |  135|         27|    1|         27|
    |ap_done                          |    9|          2|    1|          2|
    |grp_fu_193_p0                    |   14|          3|   64|        192|
    |grp_fu_193_p1                    |   14|          3|   64|        192|
    |grp_fu_203_p0                    |   14|          3|   64|        192|
    |i_reg_172                        |    9|          2|    7|         14|
    |post_refine_data_buffer84_blk_n  |    9|          2|    1|          2|
    |post_refine_end_buffer85_blk_n   |    9|          2|    1|          2|
    |post_refine_end_buffer85_din     |   14|          3|    1|          3|
    |post_refine_meta_buffer_blk_n    |    9|          2|    1|          2|
    |write_data31_read                |    9|          2|    1|          2|
    |write_end32_blk_n                |    9|          2|    1|          2|
    |write_meta_blk_n                 |    9|          2|    1|          2|
    +---------------------------------+-----+-----------+-----+-----------+
    |Total                            |  263|         55|  208|        634|
    +---------------------------------+-----+-----------+-----+-----------+

    * Register: 
    +------------------------------------------------------------------+----+----+-----+-----------+
    |                               Name                               | FF | LUT| Bits| Const Bits|
    +------------------------------------------------------------------+----+----+-----+-----------+
    |ap_CS_fsm                                                         |  26|   0|   26|          0|
    |ap_done_reg                                                       |   1|   0|    1|          0|
    |bitcast_ln34_1_reg_610                                            |  64|   0|   64|          0|
    |conv2_reg_563                                                     |  64|   0|   64|          0|
    |conv_reg_639                                                      |  64|   0|   64|          0|
    |data_V_reg_568                                                    |  64|   0|   64|          0|
    |end_1_reg_163                                                     |   1|   0|    1|          0|
    |grp_write_out_3_Pipeline_convert_to_c_data_t_fu_184_ap_start_reg  |   1|   0|    1|          0|
    |i_1_reg_629                                                       |   7|   0|    7|          0|
    |i_op_assign_reg_658                                               |   7|   0|   14|          7|
    |i_reg_172                                                         |   7|   0|    7|          0|
    |icmp_ln32_reg_625                                                 |   1|   0|    1|          0|
    |icmp_ln34_1_reg_650                                               |   1|   0|    1|          0|
    |icmp_ln34_2_reg_634                                               |   1|   0|    1|          0|
    |icmp_ln34_3_reg_615                                               |   1|   0|    1|          0|
    |icmp_ln34_reg_645                                                 |   1|   0|    1|          0|
    |p_Result_s_reg_573                                                |   1|   0|    1|          0|
    |reg_206                                                           |  64|   0|   64|          0|
    |sc_meta_size_V_reg_557                                            |  64|   0|   64|          0|
    |select_ln1035_1_reg_605                                           |  64|   0|   64|          0|
    |trunc_ln368_reg_600                                               |  63|   0|   63|          0|
    |xs_exp_V_2_reg_581                                                |  11|   0|   11|          0|
    |xs_sig_V_3_reg_589                                                |  52|   0|   52|          0|
    +------------------------------------------------------------------+----+----+-----+-----------+
    |Total                                                             | 630|   0|  637|          7|
    +------------------------------------------------------------------+----+----+-----+-----------+



================================================================
== Interface
================================================================
* Summary: 
+------------------------------------------+-----+------+------------+---------------------------+--------------+
|                 RTL Ports                | Dir | Bits |  Protocol  |       Source Object       |    C Type    |
+------------------------------------------+-----+------+------------+---------------------------+--------------+
|ap_clk                                    |   in|     1|  ap_ctrl_hs|                write_out.3|  return value|
|ap_rst                                    |   in|     1|  ap_ctrl_hs|                write_out.3|  return value|
|ap_start                                  |   in|     1|  ap_ctrl_hs|                write_out.3|  return value|
|ap_done                                   |  out|     1|  ap_ctrl_hs|                write_out.3|  return value|
|ap_continue                               |   in|     1|  ap_ctrl_hs|                write_out.3|  return value|
|ap_idle                                   |  out|     1|  ap_ctrl_hs|                write_out.3|  return value|
|ap_ready                                  |  out|     1|  ap_ctrl_hs|                write_out.3|  return value|
|write_meta_dout                           |   in|   258|     ap_fifo|                 write_meta|       pointer|
|write_meta_num_data_valid                 |   in|     2|     ap_fifo|                 write_meta|       pointer|
|write_meta_fifo_cap                       |   in|     2|     ap_fifo|                 write_meta|       pointer|
|write_meta_empty_n                        |   in|     1|     ap_fifo|                 write_meta|       pointer|
|write_meta_read                           |  out|     1|     ap_fifo|                 write_meta|       pointer|
|write_data31_dout                         |   in|     8|     ap_fifo|               write_data31|       pointer|
|write_data31_num_data_valid               |   in|    15|     ap_fifo|               write_data31|       pointer|
|write_data31_fifo_cap                     |   in|    15|     ap_fifo|               write_data31|       pointer|
|write_data31_empty_n                      |   in|     1|     ap_fifo|               write_data31|       pointer|
|write_data31_read                         |  out|     1|     ap_fifo|               write_data31|       pointer|
|write_end32_dout                          |   in|     1|     ap_fifo|                write_end32|       pointer|
|write_end32_num_data_valid                |   in|     2|     ap_fifo|                write_end32|       pointer|
|write_end32_fifo_cap                      |   in|     2|     ap_fifo|                write_end32|       pointer|
|write_end32_empty_n                       |   in|     1|     ap_fifo|                write_end32|       pointer|
|write_end32_read                          |  out|     1|     ap_fifo|                write_end32|       pointer|
|post_refine_meta_buffer_din               |  out|   258|     ap_fifo|    post_refine_meta_buffer|       pointer|
|post_refine_meta_buffer_num_data_valid    |   in|     2|     ap_fifo|    post_refine_meta_buffer|       pointer|
|post_refine_meta_buffer_fifo_cap          |   in|     2|     ap_fifo|    post_refine_meta_buffer|       pointer|
|post_refine_meta_buffer_full_n            |   in|     1|     ap_fifo|    post_refine_meta_buffer|       pointer|
|post_refine_meta_buffer_write             |  out|     1|     ap_fifo|    post_refine_meta_buffer|       pointer|
|post_refine_data_buffer84_din             |  out|  1024|     ap_fifo|  post_refine_data_buffer84|       pointer|
|post_refine_data_buffer84_num_data_valid  |   in|     8|     ap_fifo|  post_refine_data_buffer84|       pointer|
|post_refine_data_buffer84_fifo_cap        |   in|     8|     ap_fifo|  post_refine_data_buffer84|       pointer|
|post_refine_data_buffer84_full_n          |   in|     1|     ap_fifo|  post_refine_data_buffer84|       pointer|
|post_refine_data_buffer84_write           |  out|     1|     ap_fifo|  post_refine_data_buffer84|       pointer|
|post_refine_end_buffer85_din              |  out|     1|     ap_fifo|   post_refine_end_buffer85|       pointer|
|post_refine_end_buffer85_num_data_valid   |   in|     2|     ap_fifo|   post_refine_end_buffer85|       pointer|
|post_refine_end_buffer85_fifo_cap         |   in|     2|     ap_fifo|   post_refine_end_buffer85|       pointer|
|post_refine_end_buffer85_full_n           |   in|     1|     ap_fifo|   post_refine_end_buffer85|       pointer|
|post_refine_end_buffer85_write            |  out|     1|     ap_fifo|   post_refine_end_buffer85|       pointer|
+------------------------------------------+-----+------+------------+---------------------------+--------------+

