

================================================================
== Vitis HLS Report for 'bram_Pipeline_transfer_loop_bram'
================================================================
* Date:           Tue Oct  3 13:43:56 2023

* Version:        2022.2 (Build 3670227 on Oct 13 2022)
* Project:        Dedup
* Solution:       solution1 (Vivado IP Flow Target)
* Product family: zynquplus
* Target device:  xczu9eg-ffvb1156-2-e


================================================================
== Performance Estimates
================================================================
+ Timing: 
    * Summary: 
    +--------+----------+----------+------------+
    |  Clock |  Target  | Estimated| Uncertainty|
    +--------+----------+----------+------------+
    |ap_clk  |  10.00 ns|  3.792 ns|     2.70 ns|
    +--------+----------+----------+------------+

+ Latency: 
    * Summary: 
    +---------+---------+----------+----------+-----+-----+---------+
    |  Latency (cycles) |  Latency (absolute) |  Interval | Pipeline|
    |   min   |   max   |    min   |    max   | min | max |   Type  |
    +---------+---------+----------+----------+-----+-----+---------+
    |       22|       22|  0.220 us|  0.220 us|   22|   22|       no|
    +---------+---------+----------+----------+-----+-----+---------+

    + Detail: 
        * Instance: 
        N/A

        * Loop: 
        +----------------------+---------+---------+----------+-----------+-----------+------+----------+
        |                      |  Latency (cycles) | Iteration|  Initiation Interval  | Trip |          |
        |       Loop Name      |   min   |   max   |  Latency |  achieved |   target  | Count| Pipelined|
        +----------------------+---------+---------+----------+-----------+-----------+------+----------+
        |- transfer_loop_bram  |       20|       20|         2|          1|          1|    20|       yes|
        +----------------------+---------+---------+----------+-----------+-----------+------+----------+



================================================================
== Utilization Estimates
================================================================
* Summary: 
+-----------------+---------+------+--------+--------+-----+
|       Name      | BRAM_18K|  DSP |   FF   |   LUT  | URAM|
+-----------------+---------+------+--------+--------+-----+
|DSP              |        -|     -|       -|       -|    -|
|Expression       |        -|     -|       0|      69|    -|
|FIFO             |        -|     -|       -|       -|    -|
|Instance         |        -|     -|       0|    1362|    -|
|Memory           |    29184|     -|  476160|  178432|    -|
|Multiplexer      |        -|     -|       -|      36|    -|
|Register         |        -|     -|    2831|       -|    -|
+-----------------+---------+------+--------+--------+-----+
|Total            |    29184|     0|  478991|  179899|    0|
+-----------------+---------+------+--------+--------+-----+
|Available        |     1824|  2520|  548160|  274080|    0|
+-----------------+---------+------+--------+--------+-----+
|Utilization (%)  |     1600|     0|      87|      65|    0|
+-----------------+---------+------+--------+--------+-----+

+ Detail: 
    * Instance: 
    +------------------------+-------------------+---------+----+---+------+-----+
    |        Instance        |       Module      | BRAM_18K| DSP| FF|  LUT | URAM|
    +------------------------+-------------------+---------+----+---+------+-----+
    |mux_2568_1024_1_1_U759  |mux_2568_1024_1_1  |        0|   0|  0|  1362|    0|
    +------------------------+-------------------+---------+----+---+------+-----+
    |Total                   |                   |        0|   0|  0|  1362|    0|
    +------------------------+-------------------+---------+----+---+------+-----+

    * DSP: 
    N/A

    * Memory: 
    +-----------------------------------------------------------------+----------------------------------------------------------------------------------+---------+------+------+-----+------+------+------+-------------+
    |                              Memory                             |                                      Module                                      | BRAM_18K|  FF  |  LUT | URAM| Words| Bits | Banks| W*Bits*Banks|
    +-----------------------------------------------------------------+----------------------------------------------------------------------------------+---------+------+------+-----+------+------+------+-------------+
    |bram_bool_bool_bram_packet_bram_packet_ap_uint_64_buffer_470_U   |bram_Pipeline_transfer_loop_bram_bram_bool_bool_bram_packet_bram_packet_ap_uibkb  |      114|  1860|   697|    0|  1860|  1024|     1|      1904640|
    |bram_bool_bool_bram_packet_bram_packet_ap_uint_64_buffer_2_1_U   |bram_Pipeline_transfer_loop_bram_bram_bool_bool_bram_packet_bram_packet_ap_uibkb  |      114|  1860|   697|    0|  1860|  1024|     1|      1904640|
    |bram_bool_bool_bram_packet_bram_packet_ap_uint_64_buffer_3_1_U   |bram_Pipeline_transfer_loop_bram_bram_bool_bool_bram_packet_bram_packet_ap_uibkb  |      114|  1860|   697|    0|  1860|  1024|     1|      1904640|
    |bram_bool_bool_bram_packet_bram_packet_ap_uint_64_buffer_4_1_U   |bram_Pipeline_transfer_loop_bram_bram_bool_bool_bram_packet_bram_packet_ap_uibkb  |      114|  1860|   697|    0|  1860|  1024|     1|      1904640|
    |bram_bool_bool_bram_packet_bram_packet_ap_uint_64_buffer_5_1_U   |bram_Pipeline_transfer_loop_bram_bram_bool_bool_bram_packet_bram_packet_ap_uibkb  |      114|  1860|   697|    0|  1860|  1024|     1|      1904640|
    |bram_bool_bool_bram_packet_bram_packet_ap_uint_64_buffer_6_U     |bram_Pipeline_transfer_loop_bram_bram_bool_bool_bram_packet_bram_packet_ap_uibkb  |      114|  1860|   697|    0|  1860|  1024|     1|      1904640|
    |bram_bool_bool_bram_packet_bram_packet_ap_uint_64_buffer_7_U     |bram_Pipeline_transfer_loop_bram_bram_bool_bool_bram_packet_bram_packet_ap_uibkb  |      114|  1860|   697|    0|  1860|  1024|     1|      1904640|
    |bram_bool_bool_bram_packet_bram_packet_ap_uint_64_buffer_8_U     |bram_Pipeline_transfer_loop_bram_bram_bool_bool_bram_packet_bram_packet_ap_uibkb  |      114|  1860|   697|    0|  1860|  1024|     1|      1904640|
    |bram_bool_bool_bram_packet_bram_packet_ap_uint_64_buffer_9_U     |bram_Pipeline_transfer_loop_bram_bram_bool_bool_bram_packet_bram_packet_ap_uibkb  |      114|  1860|   697|    0|  1860|  1024|     1|      1904640|
    |bram_bool_bool_bram_packet_bram_packet_ap_uint_64_buffer_10_1_U  |bram_Pipeline_transfer_loop_bram_bram_bool_bool_bram_packet_bram_packet_ap_uibkb  |      114|  1860|   697|    0|  1860|  1024|     1|      1904640|
    |bram_bool_bool_bram_packet_bram_packet_ap_uint_64_buffer_11_1_U  |bram_Pipeline_transfer_loop_bram_bram_bool_bool_bram_packet_bram_packet_ap_uibkb  |      114|  1860|   697|    0|  1860|  1024|     1|      1904640|
    |bram_bool_bool_bram_packet_bram_packet_ap_uint_64_buffer_12_1_U  |bram_Pipeline_transfer_loop_bram_bram_bool_bool_bram_packet_bram_packet_ap_uibkb  |      114|  1860|   697|    0|  1860|  1024|     1|      1904640|
    |bram_bool_bool_bram_packet_bram_packet_ap_uint_64_buffer_13_1_U  |bram_Pipeline_transfer_loop_bram_bram_bool_bool_bram_packet_bram_packet_ap_uibkb  |      114|  1860|   697|    0|  1860|  1024|     1|      1904640|
    |bram_bool_bool_bram_packet_bram_packet_ap_uint_64_buffer_14_1_U  |bram_Pipeline_transfer_loop_bram_bram_bool_bool_bram_packet_bram_packet_ap_uibkb  |      114|  1860|   697|    0|  1860|  1024|     1|      1904640|
    |bram_bool_bool_bram_packet_bram_packet_ap_uint_64_buffer_15_1_U  |bram_Pipeline_transfer_loop_bram_bram_bool_bool_bram_packet_bram_packet_ap_uibkb  |      114|  1860|   697|    0|  1860|  1024|     1|      1904640|
    |bram_bool_bool_bram_packet_bram_packet_ap_uint_64_buffer_16_1_U  |bram_Pipeline_transfer_loop_bram_bram_bool_bool_bram_packet_bram_packet_ap_uibkb  |      114|  1860|   697|    0|  1860|  1024|     1|      1904640|
    |bram_bool_bool_bram_packet_bram_packet_ap_uint_64_buffer_17_1_U  |bram_Pipeline_transfer_loop_bram_bram_bool_bool_bram_packet_bram_packet_ap_uibkb  |      114|  1860|   697|    0|  1860|  1024|     1|      1904640|
    |bram_bool_bool_bram_packet_bram_packet_ap_uint_64_buffer_18_1_U  |bram_Pipeline_transfer_loop_bram_bram_bool_bool_bram_packet_bram_packet_ap_uibkb  |      114|  1860|   697|    0|  1860|  1024|     1|      1904640|
    |bram_bool_bool_bram_packet_bram_packet_ap_uint_64_buffer_19_1_U  |bram_Pipeline_transfer_loop_bram_bram_bool_bool_bram_packet_bram_packet_ap_uibkb  |      114|  1860|   697|    0|  1860|  1024|     1|      1904640|
    |bram_bool_bool_bram_packet_bram_packet_ap_uint_64_buffer_20_1_U  |bram_Pipeline_transfer_loop_bram_bram_bool_bool_bram_packet_bram_packet_ap_uibkb  |      114|  1860|   697|    0|  1860|  1024|     1|      1904640|
    |bram_bool_bool_bram_packet_bram_packet_ap_uint_64_buffer_21_1_U  |bram_Pipeline_transfer_loop_bram_bram_bool_bool_bram_packet_bram_packet_ap_uibkb  |      114|  1860|   697|    0|  1860|  1024|     1|      1904640|
    |bram_bool_bool_bram_packet_bram_packet_ap_uint_64_buffer_22_1_U  |bram_Pipeline_transfer_loop_bram_bram_bool_bool_bram_packet_bram_packet_ap_uibkb  |      114|  1860|   697|    0|  1860|  1024|     1|      1904640|
    |bram_bool_bool_bram_packet_bram_packet_ap_uint_64_buffer_23_1_U  |bram_Pipeline_transfer_loop_bram_bram_bool_bool_bram_packet_bram_packet_ap_uibkb  |      114|  1860|   697|    0|  1860|  1024|     1|      1904640|
    |bram_bool_bool_bram_packet_bram_packet_ap_uint_64_buffer_24_1_U  |bram_Pipeline_transfer_loop_bram_bram_bool_bool_bram_packet_bram_packet_ap_uibkb  |      114|  1860|   697|    0|  1860|  1024|     1|      1904640|
    |bram_bool_bool_bram_packet_bram_packet_ap_uint_64_buffer_25_1_U  |bram_Pipeline_transfer_loop_bram_bram_bool_bool_bram_packet_bram_packet_ap_uibkb  |      114|  1860|   697|    0|  1860|  1024|     1|      1904640|
    |bram_bool_bool_bram_packet_bram_packet_ap_uint_64_buffer_26_1_U  |bram_Pipeline_transfer_loop_bram_bram_bool_bool_bram_packet_bram_packet_ap_uibkb  |      114|  1860|   697|    0|  1860|  1024|     1|      1904640|
    |bram_bool_bool_bram_packet_bram_packet_ap_uint_64_buffer_27_1_U  |bram_Pipeline_transfer_loop_bram_bram_bool_bool_bram_packet_bram_packet_ap_uibkb  |      114|  1860|   697|    0|  1860|  1024|     1|      1904640|
    |bram_bool_bool_bram_packet_bram_packet_ap_uint_64_buffer_28_1_U  |bram_Pipeline_transfer_loop_bram_bram_bool_bool_bram_packet_bram_packet_ap_uibkb  |      114|  1860|   697|    0|  1860|  1024|     1|      1904640|
    |bram_bool_bool_bram_packet_bram_packet_ap_uint_64_buffer_29_1_U  |bram_Pipeline_transfer_loop_bram_bram_bool_bool_bram_packet_bram_packet_ap_uibkb  |      114|  1860|   697|    0|  1860|  1024|     1|      1904640|
    |bram_bool_bool_bram_packet_bram_packet_ap_uint_64_buffer_30_1_U  |bram_Pipeline_transfer_loop_bram_bram_bool_bool_bram_packet_bram_packet_ap_uibkb  |      114|  1860|   697|    0|  1860|  1024|     1|      1904640|
    |bram_bool_bool_bram_packet_bram_packet_ap_uint_64_buffer_31_1_U  |bram_Pipeline_transfer_loop_bram_bram_bool_bool_bram_packet_bram_packet_ap_uibkb  |      114|  1860|   697|    0|  1860|  1024|     1|      1904640|
    |bram_bool_bool_bram_packet_bram_packet_ap_uint_64_buffer_32_1_U  |bram_Pipeline_transfer_loop_bram_bram_bool_bool_bram_packet_bram_packet_ap_uibkb  |      114|  1860|   697|    0|  1860|  1024|     1|      1904640|
    |bram_bool_bool_bram_packet_bram_packet_ap_uint_64_buffer_33_1_U  |bram_Pipeline_transfer_loop_bram_bram_bool_bool_bram_packet_bram_packet_ap_uibkb  |      114|  1860|   697|    0|  1860|  1024|     1|      1904640|
    |bram_bool_bool_bram_packet_bram_packet_ap_uint_64_buffer_34_1_U  |bram_Pipeline_transfer_loop_bram_bram_bool_bool_bram_packet_bram_packet_ap_uibkb  |      114|  1860|   697|    0|  1860|  1024|     1|      1904640|
    |bram_bool_bool_bram_packet_bram_packet_ap_uint_64_buffer_35_1_U  |bram_Pipeline_transfer_loop_bram_bram_bool_bool_bram_packet_bram_packet_ap_uibkb  |      114|  1860|   697|    0|  1860|  1024|     1|      1904640|
    |bram_bool_bool_bram_packet_bram_packet_ap_uint_64_buffer_36_1_U  |bram_Pipeline_transfer_loop_bram_bram_bool_bool_bram_packet_bram_packet_ap_uibkb  |      114|  1860|   697|    0|  1860|  1024|     1|      1904640|
    |bram_bool_bool_bram_packet_bram_packet_ap_uint_64_buffer_37_1_U  |bram_Pipeline_transfer_loop_bram_bram_bool_bool_bram_packet_bram_packet_ap_uibkb  |      114|  1860|   697|    0|  1860|  1024|     1|      1904640|
    |bram_bool_bool_bram_packet_bram_packet_ap_uint_64_buffer_38_1_U  |bram_Pipeline_transfer_loop_bram_bram_bool_bool_bram_packet_bram_packet_ap_uibkb  |      114|  1860|   697|    0|  1860|  1024|     1|      1904640|
    |bram_bool_bool_bram_packet_bram_packet_ap_uint_64_buffer_39_1_U  |bram_Pipeline_transfer_loop_bram_bram_bool_bool_bram_packet_bram_packet_ap_uibkb  |      114|  1860|   697|    0|  1860|  1024|     1|      1904640|
    |bram_bool_bool_bram_packet_bram_packet_ap_uint_64_buffer_40_1_U  |bram_Pipeline_transfer_loop_bram_bram_bool_bool_bram_packet_bram_packet_ap_uibkb  |      114|  1860|   697|    0|  1860|  1024|     1|      1904640|
    |bram_bool_bool_bram_packet_bram_packet_ap_uint_64_buffer_41_1_U  |bram_Pipeline_transfer_loop_bram_bram_bool_bool_bram_packet_bram_packet_ap_uibkb  |      114|  1860|   697|    0|  1860|  1024|     1|      1904640|
    |bram_bool_bool_bram_packet_bram_packet_ap_uint_64_buffer_42_1_U  |bram_Pipeline_transfer_loop_bram_bram_bool_bool_bram_packet_bram_packet_ap_uibkb  |      114|  1860|   697|    0|  1860|  1024|     1|      1904640|
    |bram_bool_bool_bram_packet_bram_packet_ap_uint_64_buffer_43_1_U  |bram_Pipeline_transfer_loop_bram_bram_bool_bool_bram_packet_bram_packet_ap_uibkb  |      114|  1860|   697|    0|  1860|  1024|     1|      1904640|
    |bram_bool_bool_bram_packet_bram_packet_ap_uint_64_buffer_44_1_U  |bram_Pipeline_transfer_loop_bram_bram_bool_bool_bram_packet_bram_packet_ap_uibkb  |      114|  1860|   697|    0|  1860|  1024|     1|      1904640|
    |bram_bool_bool_bram_packet_bram_packet_ap_uint_64_buffer_45_1_U  |bram_Pipeline_transfer_loop_bram_bram_bool_bool_bram_packet_bram_packet_ap_uibkb  |      114|  1860|   697|    0|  1860|  1024|     1|      1904640|
    |bram_bool_bool_bram_packet_bram_packet_ap_uint_64_buffer_46_1_U  |bram_Pipeline_transfer_loop_bram_bram_bool_bool_bram_packet_bram_packet_ap_uibkb  |      114|  1860|   697|    0|  1860|  1024|     1|      1904640|
    |bram_bool_bool_bram_packet_bram_packet_ap_uint_64_buffer_47_U    |bram_Pipeline_transfer_loop_bram_bram_bool_bool_bram_packet_bram_packet_ap_uibkb  |      114|  1860|   697|    0|  1860|  1024|     1|      1904640|
    |bram_bool_bool_bram_packet_bram_packet_ap_uint_64_buffer_48_U    |bram_Pipeline_transfer_loop_bram_bram_bool_bool_bram_packet_bram_packet_ap_uibkb  |      114|  1860|   697|    0|  1860|  1024|     1|      1904640|
    |bram_bool_bool_bram_packet_bram_packet_ap_uint_64_buffer_49_U    |bram_Pipeline_transfer_loop_bram_bram_bool_bool_bram_packet_bram_packet_ap_uibkb  |      114|  1860|   697|    0|  1860|  1024|     1|      1904640|
    |bram_bool_bool_bram_packet_bram_packet_ap_uint_64_buffer_50_U    |bram_Pipeline_transfer_loop_bram_bram_bool_bool_bram_packet_bram_packet_ap_uibkb  |      114|  1860|   697|    0|  1860|  1024|     1|      1904640|
    |bram_bool_bool_bram_packet_bram_packet_ap_uint_64_buffer_51_U    |bram_Pipeline_transfer_loop_bram_bram_bool_bool_bram_packet_bram_packet_ap_uibkb  |      114|  1860|   697|    0|  1860|  1024|     1|      1904640|
    |bram_bool_bool_bram_packet_bram_packet_ap_uint_64_buffer_52_U    |bram_Pipeline_transfer_loop_bram_bram_bool_bool_bram_packet_bram_packet_ap_uibkb  |      114|  1860|   697|    0|  1860|  1024|     1|      1904640|
    |bram_bool_bool_bram_packet_bram_packet_ap_uint_64_buffer_53_U    |bram_Pipeline_transfer_loop_bram_bram_bool_bool_bram_packet_bram_packet_ap_uibkb  |      114|  1860|   697|    0|  1860|  1024|     1|      1904640|
    |bram_bool_bool_bram_packet_bram_packet_ap_uint_64_buffer_54_U    |bram_Pipeline_transfer_loop_bram_bram_bool_bool_bram_packet_bram_packet_ap_uibkb  |      114|  1860|   697|    0|  1860|  1024|     1|      1904640|
    |bram_bool_bool_bram_packet_bram_packet_ap_uint_64_buffer_55_U    |bram_Pipeline_transfer_loop_bram_bram_bool_bool_bram_packet_bram_packet_ap_uibkb  |      114|  1860|   697|    0|  1860|  1024|     1|      1904640|
    |bram_bool_bool_bram_packet_bram_packet_ap_uint_64_buffer_56_U    |bram_Pipeline_transfer_loop_bram_bram_bool_bool_bram_packet_bram_packet_ap_uibkb  |      114|  1860|   697|    0|  1860|  1024|     1|      1904640|
    |bram_bool_bool_bram_packet_bram_packet_ap_uint_64_buffer_57_U    |bram_Pipeline_transfer_loop_bram_bram_bool_bool_bram_packet_bram_packet_ap_uibkb  |      114|  1860|   697|    0|  1860|  1024|     1|      1904640|
    |bram_bool_bool_bram_packet_bram_packet_ap_uint_64_buffer_58_U    |bram_Pipeline_transfer_loop_bram_bram_bool_bool_bram_packet_bram_packet_ap_uibkb  |      114|  1860|   697|    0|  1860|  1024|     1|      1904640|
    |bram_bool_bool_bram_packet_bram_packet_ap_uint_64_buffer_59_U    |bram_Pipeline_transfer_loop_bram_bram_bool_bool_bram_packet_bram_packet_ap_uibkb  |      114|  1860|   697|    0|  1860|  1024|     1|      1904640|
    |bram_bool_bool_bram_packet_bram_packet_ap_uint_64_buffer_60_U    |bram_Pipeline_transfer_loop_bram_bram_bool_bool_bram_packet_bram_packet_ap_uibkb  |      114|  1860|   697|    0|  1860|  1024|     1|      1904640|
    |bram_bool_bool_bram_packet_bram_packet_ap_uint_64_buffer_61_U    |bram_Pipeline_transfer_loop_bram_bram_bool_bool_bram_packet_bram_packet_ap_uibkb  |      114|  1860|   697|    0|  1860|  1024|     1|      1904640|
    |bram_bool_bool_bram_packet_bram_packet_ap_uint_64_buffer_62_U    |bram_Pipeline_transfer_loop_bram_bram_bool_bool_bram_packet_bram_packet_ap_uibkb  |      114|  1860|   697|    0|  1860|  1024|     1|      1904640|
    |bram_bool_bool_bram_packet_bram_packet_ap_uint_64_buffer_63_U    |bram_Pipeline_transfer_loop_bram_bram_bool_bool_bram_packet_bram_packet_ap_uibkb  |      114|  1860|   697|    0|  1860|  1024|     1|      1904640|
    |bram_bool_bool_bram_packet_bram_packet_ap_uint_64_buffer_64_U    |bram_Pipeline_transfer_loop_bram_bram_bool_bool_bram_packet_bram_packet_ap_uibkb  |      114|  1860|   697|    0|  1860|  1024|     1|      1904640|
    |bram_bool_bool_bram_packet_bram_packet_ap_uint_64_buffer_65_U    |bram_Pipeline_transfer_loop_bram_bram_bool_bool_bram_packet_bram_packet_ap_uibkb  |      114|  1860|   697|    0|  1860|  1024|     1|      1904640|
    |bram_bool_bool_bram_packet_bram_packet_ap_uint_64_buffer_66_U    |bram_Pipeline_transfer_loop_bram_bram_bool_bool_bram_packet_bram_packet_ap_uibkb  |      114|  1860|   697|    0|  1860|  1024|     1|      1904640|
    |bram_bool_bool_bram_packet_bram_packet_ap_uint_64_buffer_67_U    |bram_Pipeline_transfer_loop_bram_bram_bool_bool_bram_packet_bram_packet_ap_uibkb  |      114|  1860|   697|    0|  1860|  1024|     1|      1904640|
    |bram_bool_bool_bram_packet_bram_packet_ap_uint_64_buffer_68_U    |bram_Pipeline_transfer_loop_bram_bram_bool_bool_bram_packet_bram_packet_ap_uibkb  |      114|  1860|   697|    0|  1860|  1024|     1|      1904640|
    |bram_bool_bool_bram_packet_bram_packet_ap_uint_64_buffer_69_U    |bram_Pipeline_transfer_loop_bram_bram_bool_bool_bram_packet_bram_packet_ap_uibkb  |      114|  1860|   697|    0|  1860|  1024|     1|      1904640|
    |bram_bool_bool_bram_packet_bram_packet_ap_uint_64_buffer_70_U    |bram_Pipeline_transfer_loop_bram_bram_bool_bool_bram_packet_bram_packet_ap_uibkb  |      114|  1860|   697|    0|  1860|  1024|     1|      1904640|
    |bram_bool_bool_bram_packet_bram_packet_ap_uint_64_buffer_71_U    |bram_Pipeline_transfer_loop_bram_bram_bool_bool_bram_packet_bram_packet_ap_uibkb  |      114|  1860|   697|    0|  1860|  1024|     1|      1904640|
    |bram_bool_bool_bram_packet_bram_packet_ap_uint_64_buffer_72_U    |bram_Pipeline_transfer_loop_bram_bram_bool_bool_bram_packet_bram_packet_ap_uibkb  |      114|  1860|   697|    0|  1860|  1024|     1|      1904640|
    |bram_bool_bool_bram_packet_bram_packet_ap_uint_64_buffer_73_U    |bram_Pipeline_transfer_loop_bram_bram_bool_bool_bram_packet_bram_packet_ap_uibkb  |      114|  1860|   697|    0|  1860|  1024|     1|      1904640|
    |bram_bool_bool_bram_packet_bram_packet_ap_uint_64_buffer_74_U    |bram_Pipeline_transfer_loop_bram_bram_bool_bool_bram_packet_bram_packet_ap_uibkb  |      114|  1860|   697|    0|  1860|  1024|     1|      1904640|
    |bram_bool_bool_bram_packet_bram_packet_ap_uint_64_buffer_75_U    |bram_Pipeline_transfer_loop_bram_bram_bool_bool_bram_packet_bram_packet_ap_uibkb  |      114|  1860|   697|    0|  1860|  1024|     1|      1904640|
    |bram_bool_bool_bram_packet_bram_packet_ap_uint_64_buffer_76_U    |bram_Pipeline_transfer_loop_bram_bram_bool_bool_bram_packet_bram_packet_ap_uibkb  |      114|  1860|   697|    0|  1860|  1024|     1|      1904640|
    |bram_bool_bool_bram_packet_bram_packet_ap_uint_64_buffer_77_U    |bram_Pipeline_transfer_loop_bram_bram_bool_bool_bram_packet_bram_packet_ap_uibkb  |      114|  1860|   697|    0|  1860|  1024|     1|      1904640|
    |bram_bool_bool_bram_packet_bram_packet_ap_uint_64_buffer_78_U    |bram_Pipeline_transfer_loop_bram_bram_bool_bool_bram_packet_bram_packet_ap_uibkb  |      114|  1860|   697|    0|  1860|  1024|     1|      1904640|
    |bram_bool_bool_bram_packet_bram_packet_ap_uint_64_buffer_79_U    |bram_Pipeline_transfer_loop_bram_bram_bool_bool_bram_packet_bram_packet_ap_uibkb  |      114|  1860|   697|    0|  1860|  1024|     1|      1904640|
    |bram_bool_bool_bram_packet_bram_packet_ap_uint_64_buffer_80_U    |bram_Pipeline_transfer_loop_bram_bram_bool_bool_bram_packet_bram_packet_ap_uibkb  |      114|  1860|   697|    0|  1860|  1024|     1|      1904640|
    |bram_bool_bool_bram_packet_bram_packet_ap_uint_64_buffer_81_U    |bram_Pipeline_transfer_loop_bram_bram_bool_bool_bram_packet_bram_packet_ap_uibkb  |      114|  1860|   697|    0|  1860|  1024|     1|      1904640|
    |bram_bool_bool_bram_packet_bram_packet_ap_uint_64_buffer_82_U    |bram_Pipeline_transfer_loop_bram_bram_bool_bool_bram_packet_bram_packet_ap_uibkb  |      114|  1860|   697|    0|  1860|  1024|     1|      1904640|
    |bram_bool_bool_bram_packet_bram_packet_ap_uint_64_buffer_83_U    |bram_Pipeline_transfer_loop_bram_bram_bool_bool_bram_packet_bram_packet_ap_uibkb  |      114|  1860|   697|    0|  1860|  1024|     1|      1904640|
    |bram_bool_bool_bram_packet_bram_packet_ap_uint_64_buffer_84_U    |bram_Pipeline_transfer_loop_bram_bram_bool_bool_bram_packet_bram_packet_ap_uibkb  |      114|  1860|   697|    0|  1860|  1024|     1|      1904640|
    |bram_bool_bool_bram_packet_bram_packet_ap_uint_64_buffer_85_U    |bram_Pipeline_transfer_loop_bram_bram_bool_bool_bram_packet_bram_packet_ap_uibkb  |      114|  1860|   697|    0|  1860|  1024|     1|      1904640|
    |bram_bool_bool_bram_packet_bram_packet_ap_uint_64_buffer_86_U    |bram_Pipeline_transfer_loop_bram_bram_bool_bool_bram_packet_bram_packet_ap_uibkb  |      114|  1860|   697|    0|  1860|  1024|     1|      1904640|
    |bram_bool_bool_bram_packet_bram_packet_ap_uint_64_buffer_87_U    |bram_Pipeline_transfer_loop_bram_bram_bool_bool_bram_packet_bram_packet_ap_uibkb  |      114|  1860|   697|    0|  1860|  1024|     1|      1904640|
    |bram_bool_bool_bram_packet_bram_packet_ap_uint_64_buffer_88_U    |bram_Pipeline_transfer_loop_bram_bram_bool_bool_bram_packet_bram_packet_ap_uibkb  |      114|  1860|   697|    0|  1860|  1024|     1|      1904640|
    |bram_bool_bool_bram_packet_bram_packet_ap_uint_64_buffer_89_U    |bram_Pipeline_transfer_loop_bram_bram_bool_bool_bram_packet_bram_packet_ap_uibkb  |      114|  1860|   697|    0|  1860|  1024|     1|      1904640|
    |bram_bool_bool_bram_packet_bram_packet_ap_uint_64_buffer_90_U    |bram_Pipeline_transfer_loop_bram_bram_bool_bool_bram_packet_bram_packet_ap_uibkb  |      114|  1860|   697|    0|  1860|  1024|     1|      1904640|
    |bram_bool_bool_bram_packet_bram_packet_ap_uint_64_buffer_91_U    |bram_Pipeline_transfer_loop_bram_bram_bool_bool_bram_packet_bram_packet_ap_uibkb  |      114|  1860|   697|    0|  1860|  1024|     1|      1904640|
    |bram_bool_bool_bram_packet_bram_packet_ap_uint_64_buffer_92_U    |bram_Pipeline_transfer_loop_bram_bram_bool_bool_bram_packet_bram_packet_ap_uibkb  |      114|  1860|   697|    0|  1860|  1024|     1|      1904640|
    |bram_bool_bool_bram_packet_bram_packet_ap_uint_64_buffer_93_U    |bram_Pipeline_transfer_loop_bram_bram_bool_bool_bram_packet_bram_packet_ap_uibkb  |      114|  1860|   697|    0|  1860|  1024|     1|      1904640|
    |bram_bool_bool_bram_packet_bram_packet_ap_uint_64_buffer_94_U    |bram_Pipeline_transfer_loop_bram_bram_bool_bool_bram_packet_bram_packet_ap_uibkb  |      114|  1860|   697|    0|  1860|  1024|     1|      1904640|
    |bram_bool_bool_bram_packet_bram_packet_ap_uint_64_buffer_95_U    |bram_Pipeline_transfer_loop_bram_bram_bool_bool_bram_packet_bram_packet_ap_uibkb  |      114|  1860|   697|    0|  1860|  1024|     1|      1904640|
    |bram_bool_bool_bram_packet_bram_packet_ap_uint_64_buffer_96_U    |bram_Pipeline_transfer_loop_bram_bram_bool_bool_bram_packet_bram_packet_ap_uibkb  |      114|  1860|   697|    0|  1860|  1024|     1|      1904640|
    |bram_bool_bool_bram_packet_bram_packet_ap_uint_64_buffer_97_U    |bram_Pipeline_transfer_loop_bram_bram_bool_bool_bram_packet_bram_packet_ap_uibkb  |      114|  1860|   697|    0|  1860|  1024|     1|      1904640|
    |bram_bool_bool_bram_packet_bram_packet_ap_uint_64_buffer_98_U    |bram_Pipeline_transfer_loop_bram_bram_bool_bool_bram_packet_bram_packet_ap_uibkb  |      114|  1860|   697|    0|  1860|  1024|     1|      1904640|
    |bram_bool_bool_bram_packet_bram_packet_ap_uint_64_buffer_99_U    |bram_Pipeline_transfer_loop_bram_bram_bool_bool_bram_packet_bram_packet_ap_uibkb  |      114|  1860|   697|    0|  1860|  1024|     1|      1904640|
    |bram_bool_bool_bram_packet_bram_packet_ap_uint_64_buffer_469_U   |bram_Pipeline_transfer_loop_bram_bram_bool_bool_bram_packet_bram_packet_ap_uibkb  |      114|  1860|   697|    0|  1860|  1024|     1|      1904640|
    |bram_bool_bool_bram_packet_bram_packet_ap_uint_64_buffer_468_U   |bram_Pipeline_transfer_loop_bram_bram_bool_bool_bram_packet_bram_packet_ap_uibkb  |      114|  1860|   697|    0|  1860|  1024|     1|      1904640|
    |bram_bool_bool_bram_packet_bram_packet_ap_uint_64_buffer_467_U   |bram_Pipeline_transfer_loop_bram_bram_bool_bool_bram_packet_bram_packet_ap_uibkb  |      114|  1860|   697|    0|  1860|  1024|     1|      1904640|
    |bram_bool_bool_bram_packet_bram_packet_ap_uint_64_buffer_466_U   |bram_Pipeline_transfer_loop_bram_bram_bool_bool_bram_packet_bram_packet_ap_uibkb  |      114|  1860|   697|    0|  1860|  1024|     1|      1904640|
    |bram_bool_bool_bram_packet_bram_packet_ap_uint_64_buffer_465_U   |bram_Pipeline_transfer_loop_bram_bram_bool_bool_bram_packet_bram_packet_ap_uibkb  |      114|  1860|   697|    0|  1860|  1024|     1|      1904640|
    |bram_bool_bool_bram_packet_bram_packet_ap_uint_64_buffer_464_U   |bram_Pipeline_transfer_loop_bram_bram_bool_bool_bram_packet_bram_packet_ap_uibkb  |      114|  1860|   697|    0|  1860|  1024|     1|      1904640|
    |bram_bool_bool_bram_packet_bram_packet_ap_uint_64_buffer_463_U   |bram_Pipeline_transfer_loop_bram_bram_bool_bool_bram_packet_bram_packet_ap_uibkb  |      114|  1860|   697|    0|  1860|  1024|     1|      1904640|
    |bram_bool_bool_bram_packet_bram_packet_ap_uint_64_buffer_462_U   |bram_Pipeline_transfer_loop_bram_bram_bool_bool_bram_packet_bram_packet_ap_uibkb  |      114|  1860|   697|    0|  1860|  1024|     1|      1904640|
    |bram_bool_bool_bram_packet_bram_packet_ap_uint_64_buffer_461_U   |bram_Pipeline_transfer_loop_bram_bram_bool_bool_bram_packet_bram_packet_ap_uibkb  |      114|  1860|   697|    0|  1860|  1024|     1|      1904640|
    |bram_bool_bool_bram_packet_bram_packet_ap_uint_64_buffer_460_U   |bram_Pipeline_transfer_loop_bram_bram_bool_bool_bram_packet_bram_packet_ap_uibkb  |      114|  1860|   697|    0|  1860|  1024|     1|      1904640|
    |bram_bool_bool_bram_packet_bram_packet_ap_uint_64_buffer_459_U   |bram_Pipeline_transfer_loop_bram_bram_bool_bool_bram_packet_bram_packet_ap_uibkb  |      114|  1860|   697|    0|  1860|  1024|     1|      1904640|
    |bram_bool_bool_bram_packet_bram_packet_ap_uint_64_buffer_458_U   |bram_Pipeline_transfer_loop_bram_bram_bool_bool_bram_packet_bram_packet_ap_uibkb  |      114|  1860|   697|    0|  1860|  1024|     1|      1904640|
    |bram_bool_bool_bram_packet_bram_packet_ap_uint_64_buffer_457_U   |bram_Pipeline_transfer_loop_bram_bram_bool_bool_bram_packet_bram_packet_ap_uibkb  |      114|  1860|   697|    0|  1860|  1024|     1|      1904640|
    |bram_bool_bool_bram_packet_bram_packet_ap_uint_64_buffer_456_U   |bram_Pipeline_transfer_loop_bram_bram_bool_bool_bram_packet_bram_packet_ap_uibkb  |      114|  1860|   697|    0|  1860|  1024|     1|      1904640|
    |bram_bool_bool_bram_packet_bram_packet_ap_uint_64_buffer_455_U   |bram_Pipeline_transfer_loop_bram_bram_bool_bool_bram_packet_bram_packet_ap_uibkb  |      114|  1860|   697|    0|  1860|  1024|     1|      1904640|
    |bram_bool_bool_bram_packet_bram_packet_ap_uint_64_buffer_454_U   |bram_Pipeline_transfer_loop_bram_bram_bool_bool_bram_packet_bram_packet_ap_uibkb  |      114|  1860|   697|    0|  1860|  1024|     1|      1904640|
    |bram_bool_bool_bram_packet_bram_packet_ap_uint_64_buffer_453_U   |bram_Pipeline_transfer_loop_bram_bram_bool_bool_bram_packet_bram_packet_ap_uibkb  |      114|  1860|   697|    0|  1860|  1024|     1|      1904640|
    |bram_bool_bool_bram_packet_bram_packet_ap_uint_64_buffer_452_U   |bram_Pipeline_transfer_loop_bram_bram_bool_bool_bram_packet_bram_packet_ap_uibkb  |      114|  1860|   697|    0|  1860|  1024|     1|      1904640|
    |bram_bool_bool_bram_packet_bram_packet_ap_uint_64_buffer_451_U   |bram_Pipeline_transfer_loop_bram_bram_bool_bool_bram_packet_bram_packet_ap_uibkb  |      114|  1860|   697|    0|  1860|  1024|     1|      1904640|
    |bram_bool_bool_bram_packet_bram_packet_ap_uint_64_buffer_450_U   |bram_Pipeline_transfer_loop_bram_bram_bool_bool_bram_packet_bram_packet_ap_uibkb  |      114|  1860|   697|    0|  1860|  1024|     1|      1904640|
    |bram_bool_bool_bram_packet_bram_packet_ap_uint_64_buffer_449_U   |bram_Pipeline_transfer_loop_bram_bram_bool_bool_bram_packet_bram_packet_ap_uibkb  |      114|  1860|   697|    0|  1860|  1024|     1|      1904640|
    |bram_bool_bool_bram_packet_bram_packet_ap_uint_64_buffer_448_U   |bram_Pipeline_transfer_loop_bram_bram_bool_bool_bram_packet_bram_packet_ap_uibkb  |      114|  1860|   697|    0|  1860|  1024|     1|      1904640|
    |bram_bool_bool_bram_packet_bram_packet_ap_uint_64_buffer_447_U   |bram_Pipeline_transfer_loop_bram_bram_bool_bool_bram_packet_bram_packet_ap_uibkb  |      114|  1860|   697|    0|  1860|  1024|     1|      1904640|
    |bram_bool_bool_bram_packet_bram_packet_ap_uint_64_buffer_446_U   |bram_Pipeline_transfer_loop_bram_bram_bool_bool_bram_packet_bram_packet_ap_uibkb  |      114|  1860|   697|    0|  1860|  1024|     1|      1904640|
    |bram_bool_bool_bram_packet_bram_packet_ap_uint_64_buffer_445_U   |bram_Pipeline_transfer_loop_bram_bram_bool_bool_bram_packet_bram_packet_ap_uibkb  |      114|  1860|   697|    0|  1860|  1024|     1|      1904640|
    |bram_bool_bool_bram_packet_bram_packet_ap_uint_64_buffer_444_U   |bram_Pipeline_transfer_loop_bram_bram_bool_bool_bram_packet_bram_packet_ap_uibkb  |      114|  1860|   697|    0|  1860|  1024|     1|      1904640|
    |bram_bool_bool_bram_packet_bram_packet_ap_uint_64_buffer_443_U   |bram_Pipeline_transfer_loop_bram_bram_bool_bool_bram_packet_bram_packet_ap_uibkb  |      114|  1860|   697|    0|  1860|  1024|     1|      1904640|
    |bram_bool_bool_bram_packet_bram_packet_ap_uint_64_buffer_442_U   |bram_Pipeline_transfer_loop_bram_bram_bool_bool_bram_packet_bram_packet_ap_uibkb  |      114|  1860|   697|    0|  1860|  1024|     1|      1904640|
    |bram_bool_bool_bram_packet_bram_packet_ap_uint_64_buffer_441_U   |bram_Pipeline_transfer_loop_bram_bram_bool_bool_bram_packet_bram_packet_ap_uibkb  |      114|  1860|   697|    0|  1860|  1024|     1|      1904640|
    |bram_bool_bool_bram_packet_bram_packet_ap_uint_64_buffer_440_U   |bram_Pipeline_transfer_loop_bram_bram_bool_bool_bram_packet_bram_packet_ap_uibkb  |      114|  1860|   697|    0|  1860|  1024|     1|      1904640|
    |bram_bool_bool_bram_packet_bram_packet_ap_uint_64_buffer_439_U   |bram_Pipeline_transfer_loop_bram_bram_bool_bool_bram_packet_bram_packet_ap_uibkb  |      114|  1860|   697|    0|  1860|  1024|     1|      1904640|
    |bram_bool_bool_bram_packet_bram_packet_ap_uint_64_buffer_438_U   |bram_Pipeline_transfer_loop_bram_bram_bool_bool_bram_packet_bram_packet_ap_uibkb  |      114|  1860|   697|    0|  1860|  1024|     1|      1904640|
    |bram_bool_bool_bram_packet_bram_packet_ap_uint_64_buffer_437_U   |bram_Pipeline_transfer_loop_bram_bram_bool_bool_bram_packet_bram_packet_ap_uibkb  |      114|  1860|   697|    0|  1860|  1024|     1|      1904640|
    |bram_bool_bool_bram_packet_bram_packet_ap_uint_64_buffer_436_U   |bram_Pipeline_transfer_loop_bram_bram_bool_bool_bram_packet_bram_packet_ap_uibkb  |      114|  1860|   697|    0|  1860|  1024|     1|      1904640|
    |bram_bool_bool_bram_packet_bram_packet_ap_uint_64_buffer_435_U   |bram_Pipeline_transfer_loop_bram_bram_bool_bool_bram_packet_bram_packet_ap_uibkb  |      114|  1860|   697|    0|  1860|  1024|     1|      1904640|
    |bram_bool_bool_bram_packet_bram_packet_ap_uint_64_buffer_434_U   |bram_Pipeline_transfer_loop_bram_bram_bool_bool_bram_packet_bram_packet_ap_uibkb  |      114|  1860|   697|    0|  1860|  1024|     1|      1904640|
    |bram_bool_bool_bram_packet_bram_packet_ap_uint_64_buffer_433_U   |bram_Pipeline_transfer_loop_bram_bram_bool_bool_bram_packet_bram_packet_ap_uibkb  |      114|  1860|   697|    0|  1860|  1024|     1|      1904640|
    |bram_bool_bool_bram_packet_bram_packet_ap_uint_64_buffer_432_U   |bram_Pipeline_transfer_loop_bram_bram_bool_bool_bram_packet_bram_packet_ap_uibkb  |      114|  1860|   697|    0|  1860|  1024|     1|      1904640|
    |bram_bool_bool_bram_packet_bram_packet_ap_uint_64_buffer_431_U   |bram_Pipeline_transfer_loop_bram_bram_bool_bool_bram_packet_bram_packet_ap_uibkb  |      114|  1860|   697|    0|  1860|  1024|     1|      1904640|
    |bram_bool_bool_bram_packet_bram_packet_ap_uint_64_buffer_430_U   |bram_Pipeline_transfer_loop_bram_bram_bool_bool_bram_packet_bram_packet_ap_uibkb  |      114|  1860|   697|    0|  1860|  1024|     1|      1904640|
    |bram_bool_bool_bram_packet_bram_packet_ap_uint_64_buffer_429_U   |bram_Pipeline_transfer_loop_bram_bram_bool_bool_bram_packet_bram_packet_ap_uibkb  |      114|  1860|   697|    0|  1860|  1024|     1|      1904640|
    |bram_bool_bool_bram_packet_bram_packet_ap_uint_64_buffer_428_U   |bram_Pipeline_transfer_loop_bram_bram_bool_bool_bram_packet_bram_packet_ap_uibkb  |      114|  1860|   697|    0|  1860|  1024|     1|      1904640|
    |bram_bool_bool_bram_packet_bram_packet_ap_uint_64_buffer_427_U   |bram_Pipeline_transfer_loop_bram_bram_bool_bool_bram_packet_bram_packet_ap_uibkb  |      114|  1860|   697|    0|  1860|  1024|     1|      1904640|
    |bram_bool_bool_bram_packet_bram_packet_ap_uint_64_buffer_426_U   |bram_Pipeline_transfer_loop_bram_bram_bool_bool_bram_packet_bram_packet_ap_uibkb  |      114|  1860|   697|    0|  1860|  1024|     1|      1904640|
    |bram_bool_bool_bram_packet_bram_packet_ap_uint_64_buffer_425_U   |bram_Pipeline_transfer_loop_bram_bram_bool_bool_bram_packet_bram_packet_ap_uibkb  |      114|  1860|   697|    0|  1860|  1024|     1|      1904640|
    |bram_bool_bool_bram_packet_bram_packet_ap_uint_64_buffer_424_U   |bram_Pipeline_transfer_loop_bram_bram_bool_bool_bram_packet_bram_packet_ap_uibkb  |      114|  1860|   697|    0|  1860|  1024|     1|      1904640|
    |bram_bool_bool_bram_packet_bram_packet_ap_uint_64_buffer_423_U   |bram_Pipeline_transfer_loop_bram_bram_bool_bool_bram_packet_bram_packet_ap_uibkb  |      114|  1860|   697|    0|  1860|  1024|     1|      1904640|
    |bram_bool_bool_bram_packet_bram_packet_ap_uint_64_buffer_422_U   |bram_Pipeline_transfer_loop_bram_bram_bool_bool_bram_packet_bram_packet_ap_uibkb  |      114|  1860|   697|    0|  1860|  1024|     1|      1904640|
    |bram_bool_bool_bram_packet_bram_packet_ap_uint_64_buffer_421_U   |bram_Pipeline_transfer_loop_bram_bram_bool_bool_bram_packet_bram_packet_ap_uibkb  |      114|  1860|   697|    0|  1860|  1024|     1|      1904640|
    |bram_bool_bool_bram_packet_bram_packet_ap_uint_64_buffer_420_U   |bram_Pipeline_transfer_loop_bram_bram_bool_bool_bram_packet_bram_packet_ap_uibkb  |      114|  1860|   697|    0|  1860|  1024|     1|      1904640|
    |bram_bool_bool_bram_packet_bram_packet_ap_uint_64_buffer_419_U   |bram_Pipeline_transfer_loop_bram_bram_bool_bool_bram_packet_bram_packet_ap_uibkb  |      114|  1860|   697|    0|  1860|  1024|     1|      1904640|
    |bram_bool_bool_bram_packet_bram_packet_ap_uint_64_buffer_418_U   |bram_Pipeline_transfer_loop_bram_bram_bool_bool_bram_packet_bram_packet_ap_uibkb  |      114|  1860|   697|    0|  1860|  1024|     1|      1904640|
    |bram_bool_bool_bram_packet_bram_packet_ap_uint_64_buffer_417_U   |bram_Pipeline_transfer_loop_bram_bram_bool_bool_bram_packet_bram_packet_ap_uibkb  |      114|  1860|   697|    0|  1860|  1024|     1|      1904640|
    |bram_bool_bool_bram_packet_bram_packet_ap_uint_64_buffer_416_U   |bram_Pipeline_transfer_loop_bram_bram_bool_bool_bram_packet_bram_packet_ap_uibkb  |      114|  1860|   697|    0|  1860|  1024|     1|      1904640|
    |bram_bool_bool_bram_packet_bram_packet_ap_uint_64_buffer_415_U   |bram_Pipeline_transfer_loop_bram_bram_bool_bool_bram_packet_bram_packet_ap_uibkb  |      114|  1860|   697|    0|  1860|  1024|     1|      1904640|
    |bram_bool_bool_bram_packet_bram_packet_ap_uint_64_buffer_414_U   |bram_Pipeline_transfer_loop_bram_bram_bool_bool_bram_packet_bram_packet_ap_uibkb  |      114|  1860|   697|    0|  1860|  1024|     1|      1904640|
    |bram_bool_bool_bram_packet_bram_packet_ap_uint_64_buffer_413_U   |bram_Pipeline_transfer_loop_bram_bram_bool_bool_bram_packet_bram_packet_ap_uibkb  |      114|  1860|   697|    0|  1860|  1024|     1|      1904640|
    |bram_bool_bool_bram_packet_bram_packet_ap_uint_64_buffer_412_U   |bram_Pipeline_transfer_loop_bram_bram_bool_bool_bram_packet_bram_packet_ap_uibkb  |      114|  1860|   697|    0|  1860|  1024|     1|      1904640|
    |bram_bool_bool_bram_packet_bram_packet_ap_uint_64_buffer_411_U   |bram_Pipeline_transfer_loop_bram_bram_bool_bool_bram_packet_bram_packet_ap_uibkb  |      114|  1860|   697|    0|  1860|  1024|     1|      1904640|
    |bram_bool_bool_bram_packet_bram_packet_ap_uint_64_buffer_410_U   |bram_Pipeline_transfer_loop_bram_bram_bool_bool_bram_packet_bram_packet_ap_uibkb  |      114|  1860|   697|    0|  1860|  1024|     1|      1904640|
    |bram_bool_bool_bram_packet_bram_packet_ap_uint_64_buffer_409_U   |bram_Pipeline_transfer_loop_bram_bram_bool_bool_bram_packet_bram_packet_ap_uibkb  |      114|  1860|   697|    0|  1860|  1024|     1|      1904640|
    |bram_bool_bool_bram_packet_bram_packet_ap_uint_64_buffer_408_U   |bram_Pipeline_transfer_loop_bram_bram_bool_bool_bram_packet_bram_packet_ap_uibkb  |      114|  1860|   697|    0|  1860|  1024|     1|      1904640|
    |bram_bool_bool_bram_packet_bram_packet_ap_uint_64_buffer_407_U   |bram_Pipeline_transfer_loop_bram_bram_bool_bool_bram_packet_bram_packet_ap_uibkb  |      114|  1860|   697|    0|  1860|  1024|     1|      1904640|
    |bram_bool_bool_bram_packet_bram_packet_ap_uint_64_buffer_406_U   |bram_Pipeline_transfer_loop_bram_bram_bool_bool_bram_packet_bram_packet_ap_uibkb  |      114|  1860|   697|    0|  1860|  1024|     1|      1904640|
    |bram_bool_bool_bram_packet_bram_packet_ap_uint_64_buffer_405_U   |bram_Pipeline_transfer_loop_bram_bram_bool_bool_bram_packet_bram_packet_ap_uibkb  |      114|  1860|   697|    0|  1860|  1024|     1|      1904640|
    |bram_bool_bool_bram_packet_bram_packet_ap_uint_64_buffer_404_U   |bram_Pipeline_transfer_loop_bram_bram_bool_bool_bram_packet_bram_packet_ap_uibkb  |      114|  1860|   697|    0|  1860|  1024|     1|      1904640|
    |bram_bool_bool_bram_packet_bram_packet_ap_uint_64_buffer_403_U   |bram_Pipeline_transfer_loop_bram_bram_bool_bool_bram_packet_bram_packet_ap_uibkb  |      114|  1860|   697|    0|  1860|  1024|     1|      1904640|
    |bram_bool_bool_bram_packet_bram_packet_ap_uint_64_buffer_402_U   |bram_Pipeline_transfer_loop_bram_bram_bool_bool_bram_packet_bram_packet_ap_uibkb  |      114|  1860|   697|    0|  1860|  1024|     1|      1904640|
    |bram_bool_bool_bram_packet_bram_packet_ap_uint_64_buffer_401_U   |bram_Pipeline_transfer_loop_bram_bram_bool_bool_bram_packet_bram_packet_ap_uibkb  |      114|  1860|   697|    0|  1860|  1024|     1|      1904640|
    |bram_bool_bool_bram_packet_bram_packet_ap_uint_64_buffer_400_U   |bram_Pipeline_transfer_loop_bram_bram_bool_bool_bram_packet_bram_packet_ap_uibkb  |      114|  1860|   697|    0|  1860|  1024|     1|      1904640|
    |bram_bool_bool_bram_packet_bram_packet_ap_uint_64_buffer_399_U   |bram_Pipeline_transfer_loop_bram_bram_bool_bool_bram_packet_bram_packet_ap_uibkb  |      114|  1860|   697|    0|  1860|  1024|     1|      1904640|
    |bram_bool_bool_bram_packet_bram_packet_ap_uint_64_buffer_398_U   |bram_Pipeline_transfer_loop_bram_bram_bool_bool_bram_packet_bram_packet_ap_uibkb  |      114|  1860|   697|    0|  1860|  1024|     1|      1904640|
    |bram_bool_bool_bram_packet_bram_packet_ap_uint_64_buffer_397_U   |bram_Pipeline_transfer_loop_bram_bram_bool_bool_bram_packet_bram_packet_ap_uibkb  |      114|  1860|   697|    0|  1860|  1024|     1|      1904640|
    |bram_bool_bool_bram_packet_bram_packet_ap_uint_64_buffer_396_U   |bram_Pipeline_transfer_loop_bram_bram_bool_bool_bram_packet_bram_packet_ap_uibkb  |      114|  1860|   697|    0|  1860|  1024|     1|      1904640|
    |bram_bool_bool_bram_packet_bram_packet_ap_uint_64_buffer_395_U   |bram_Pipeline_transfer_loop_bram_bram_bool_bool_bram_packet_bram_packet_ap_uibkb  |      114|  1860|   697|    0|  1860|  1024|     1|      1904640|
    |bram_bool_bool_bram_packet_bram_packet_ap_uint_64_buffer_394_U   |bram_Pipeline_transfer_loop_bram_bram_bool_bool_bram_packet_bram_packet_ap_uibkb  |      114|  1860|   697|    0|  1860|  1024|     1|      1904640|
    |bram_bool_bool_bram_packet_bram_packet_ap_uint_64_buffer_393_U   |bram_Pipeline_transfer_loop_bram_bram_bool_bool_bram_packet_bram_packet_ap_uibkb  |      114|  1860|   697|    0|  1860|  1024|     1|      1904640|
    |bram_bool_bool_bram_packet_bram_packet_ap_uint_64_buffer_392_U   |bram_Pipeline_transfer_loop_bram_bram_bool_bool_bram_packet_bram_packet_ap_uibkb  |      114|  1860|   697|    0|  1860|  1024|     1|      1904640|
    |bram_bool_bool_bram_packet_bram_packet_ap_uint_64_buffer_391_U   |bram_Pipeline_transfer_loop_bram_bram_bool_bool_bram_packet_bram_packet_ap_uibkb  |      114|  1860|   697|    0|  1860|  1024|     1|      1904640|
    |bram_bool_bool_bram_packet_bram_packet_ap_uint_64_buffer_390_U   |bram_Pipeline_transfer_loop_bram_bram_bool_bool_bram_packet_bram_packet_ap_uibkb  |      114|  1860|   697|    0|  1860|  1024|     1|      1904640|
    |bram_bool_bool_bram_packet_bram_packet_ap_uint_64_buffer_389_U   |bram_Pipeline_transfer_loop_bram_bram_bool_bool_bram_packet_bram_packet_ap_uibkb  |      114|  1860|   697|    0|  1860|  1024|     1|      1904640|
    |bram_bool_bool_bram_packet_bram_packet_ap_uint_64_buffer_388_U   |bram_Pipeline_transfer_loop_bram_bram_bool_bool_bram_packet_bram_packet_ap_uibkb  |      114|  1860|   697|    0|  1860|  1024|     1|      1904640|
    |bram_bool_bool_bram_packet_bram_packet_ap_uint_64_buffer_387_U   |bram_Pipeline_transfer_loop_bram_bram_bool_bool_bram_packet_bram_packet_ap_uibkb  |      114|  1860|   697|    0|  1860|  1024|     1|      1904640|
    |bram_bool_bool_bram_packet_bram_packet_ap_uint_64_buffer_386_U   |bram_Pipeline_transfer_loop_bram_bram_bool_bool_bram_packet_bram_packet_ap_uibkb  |      114|  1860|   697|    0|  1860|  1024|     1|      1904640|
    |bram_bool_bool_bram_packet_bram_packet_ap_uint_64_buffer_385_U   |bram_Pipeline_transfer_loop_bram_bram_bool_bool_bram_packet_bram_packet_ap_uibkb  |      114|  1860|   697|    0|  1860|  1024|     1|      1904640|
    |bram_bool_bool_bram_packet_bram_packet_ap_uint_64_buffer_384_U   |bram_Pipeline_transfer_loop_bram_bram_bool_bool_bram_packet_bram_packet_ap_uibkb  |      114|  1860|   697|    0|  1860|  1024|     1|      1904640|
    |bram_bool_bool_bram_packet_bram_packet_ap_uint_64_buffer_383_U   |bram_Pipeline_transfer_loop_bram_bram_bool_bool_bram_packet_bram_packet_ap_uibkb  |      114|  1860|   697|    0|  1860|  1024|     1|      1904640|
    |bram_bool_bool_bram_packet_bram_packet_ap_uint_64_buffer_382_U   |bram_Pipeline_transfer_loop_bram_bram_bool_bool_bram_packet_bram_packet_ap_uibkb  |      114|  1860|   697|    0|  1860|  1024|     1|      1904640|
    |bram_bool_bool_bram_packet_bram_packet_ap_uint_64_buffer_381_U   |bram_Pipeline_transfer_loop_bram_bram_bool_bool_bram_packet_bram_packet_ap_uibkb  |      114|  1860|   697|    0|  1860|  1024|     1|      1904640|
    |bram_bool_bool_bram_packet_bram_packet_ap_uint_64_buffer_380_U   |bram_Pipeline_transfer_loop_bram_bram_bool_bool_bram_packet_bram_packet_ap_uibkb  |      114|  1860|   697|    0|  1860|  1024|     1|      1904640|
    |bram_bool_bool_bram_packet_bram_packet_ap_uint_64_buffer_379_U   |bram_Pipeline_transfer_loop_bram_bram_bool_bool_bram_packet_bram_packet_ap_uibkb  |      114|  1860|   697|    0|  1860|  1024|     1|      1904640|
    |bram_bool_bool_bram_packet_bram_packet_ap_uint_64_buffer_378_U   |bram_Pipeline_transfer_loop_bram_bram_bool_bool_bram_packet_bram_packet_ap_uibkb  |      114|  1860|   697|    0|  1860|  1024|     1|      1904640|
    |bram_bool_bool_bram_packet_bram_packet_ap_uint_64_buffer_377_U   |bram_Pipeline_transfer_loop_bram_bram_bool_bool_bram_packet_bram_packet_ap_uibkb  |      114|  1860|   697|    0|  1860|  1024|     1|      1904640|
    |bram_bool_bool_bram_packet_bram_packet_ap_uint_64_buffer_376_U   |bram_Pipeline_transfer_loop_bram_bram_bool_bool_bram_packet_bram_packet_ap_uibkb  |      114|  1860|   697|    0|  1860|  1024|     1|      1904640|
    |bram_bool_bool_bram_packet_bram_packet_ap_uint_64_buffer_375_U   |bram_Pipeline_transfer_loop_bram_bram_bool_bool_bram_packet_bram_packet_ap_uibkb  |      114|  1860|   697|    0|  1860|  1024|     1|      1904640|
    |bram_bool_bool_bram_packet_bram_packet_ap_uint_64_buffer_374_U   |bram_Pipeline_transfer_loop_bram_bram_bool_bool_bram_packet_bram_packet_ap_uibkb  |      114|  1860|   697|    0|  1860|  1024|     1|      1904640|
    |bram_bool_bool_bram_packet_bram_packet_ap_uint_64_buffer_373_U   |bram_Pipeline_transfer_loop_bram_bram_bool_bool_bram_packet_bram_packet_ap_uibkb  |      114|  1860|   697|    0|  1860|  1024|     1|      1904640|
    |bram_bool_bool_bram_packet_bram_packet_ap_uint_64_buffer_372_U   |bram_Pipeline_transfer_loop_bram_bram_bool_bool_bram_packet_bram_packet_ap_uibkb  |      114|  1860|   697|    0|  1860|  1024|     1|      1904640|
    |bram_bool_bool_bram_packet_bram_packet_ap_uint_64_buffer_371_U   |bram_Pipeline_transfer_loop_bram_bram_bool_bool_bram_packet_bram_packet_ap_uibkb  |      114|  1860|   697|    0|  1860|  1024|     1|      1904640|
    |bram_bool_bool_bram_packet_bram_packet_ap_uint_64_buffer_370_U   |bram_Pipeline_transfer_loop_bram_bram_bool_bool_bram_packet_bram_packet_ap_uibkb  |      114|  1860|   697|    0|  1860|  1024|     1|      1904640|
    |bram_bool_bool_bram_packet_bram_packet_ap_uint_64_buffer_369_U   |bram_Pipeline_transfer_loop_bram_bram_bool_bool_bram_packet_bram_packet_ap_uibkb  |      114|  1860|   697|    0|  1860|  1024|     1|      1904640|
    |bram_bool_bool_bram_packet_bram_packet_ap_uint_64_buffer_368_U   |bram_Pipeline_transfer_loop_bram_bram_bool_bool_bram_packet_bram_packet_ap_uibkb  |      114|  1860|   697|    0|  1860|  1024|     1|      1904640|
    |bram_bool_bool_bram_packet_bram_packet_ap_uint_64_buffer_367_U   |bram_Pipeline_transfer_loop_bram_bram_bool_bool_bram_packet_bram_packet_ap_uibkb  |      114|  1860|   697|    0|  1860|  1024|     1|      1904640|
    |bram_bool_bool_bram_packet_bram_packet_ap_uint_64_buffer_366_U   |bram_Pipeline_transfer_loop_bram_bram_bool_bool_bram_packet_bram_packet_ap_uibkb  |      114|  1860|   697|    0|  1860|  1024|     1|      1904640|
    |bram_bool_bool_bram_packet_bram_packet_ap_uint_64_buffer_365_U   |bram_Pipeline_transfer_loop_bram_bram_bool_bool_bram_packet_bram_packet_ap_uibkb  |      114|  1860|   697|    0|  1860|  1024|     1|      1904640|
    |bram_bool_bool_bram_packet_bram_packet_ap_uint_64_buffer_364_U   |bram_Pipeline_transfer_loop_bram_bram_bool_bool_bram_packet_bram_packet_ap_uibkb  |      114|  1860|   697|    0|  1860|  1024|     1|      1904640|
    |bram_bool_bool_bram_packet_bram_packet_ap_uint_64_buffer_363_U   |bram_Pipeline_transfer_loop_bram_bram_bool_bool_bram_packet_bram_packet_ap_uibkb  |      114|  1860|   697|    0|  1860|  1024|     1|      1904640|
    |bram_bool_bool_bram_packet_bram_packet_ap_uint_64_buffer_362_U   |bram_Pipeline_transfer_loop_bram_bram_bool_bool_bram_packet_bram_packet_ap_uibkb  |      114|  1860|   697|    0|  1860|  1024|     1|      1904640|
    |bram_bool_bool_bram_packet_bram_packet_ap_uint_64_buffer_361_U   |bram_Pipeline_transfer_loop_bram_bram_bool_bool_bram_packet_bram_packet_ap_uibkb  |      114|  1860|   697|    0|  1860|  1024|     1|      1904640|
    |bram_bool_bool_bram_packet_bram_packet_ap_uint_64_buffer_360_U   |bram_Pipeline_transfer_loop_bram_bram_bool_bool_bram_packet_bram_packet_ap_uibkb  |      114|  1860|   697|    0|  1860|  1024|     1|      1904640|
    |bram_bool_bool_bram_packet_bram_packet_ap_uint_64_buffer_359_U   |bram_Pipeline_transfer_loop_bram_bram_bool_bool_bram_packet_bram_packet_ap_uibkb  |      114|  1860|   697|    0|  1860|  1024|     1|      1904640|
    |bram_bool_bool_bram_packet_bram_packet_ap_uint_64_buffer_358_U   |bram_Pipeline_transfer_loop_bram_bram_bool_bool_bram_packet_bram_packet_ap_uibkb  |      114|  1860|   697|    0|  1860|  1024|     1|      1904640|
    |bram_bool_bool_bram_packet_bram_packet_ap_uint_64_buffer_357_U   |bram_Pipeline_transfer_loop_bram_bram_bool_bool_bram_packet_bram_packet_ap_uibkb  |      114|  1860|   697|    0|  1860|  1024|     1|      1904640|
    |bram_bool_bool_bram_packet_bram_packet_ap_uint_64_buffer_356_U   |bram_Pipeline_transfer_loop_bram_bram_bool_bool_bram_packet_bram_packet_ap_uibkb  |      114|  1860|   697|    0|  1860|  1024|     1|      1904640|
    |bram_bool_bool_bram_packet_bram_packet_ap_uint_64_buffer_355_U   |bram_Pipeline_transfer_loop_bram_bram_bool_bool_bram_packet_bram_packet_ap_uibkb  |      114|  1860|   697|    0|  1860|  1024|     1|      1904640|
    |bram_bool_bool_bram_packet_bram_packet_ap_uint_64_buffer_354_U   |bram_Pipeline_transfer_loop_bram_bram_bool_bool_bram_packet_bram_packet_ap_uibkb  |      114|  1860|   697|    0|  1860|  1024|     1|      1904640|
    |bram_bool_bool_bram_packet_bram_packet_ap_uint_64_buffer_353_U   |bram_Pipeline_transfer_loop_bram_bram_bool_bool_bram_packet_bram_packet_ap_uibkb  |      114|  1860|   697|    0|  1860|  1024|     1|      1904640|
    |bram_bool_bool_bram_packet_bram_packet_ap_uint_64_buffer_352_U   |bram_Pipeline_transfer_loop_bram_bram_bool_bool_bram_packet_bram_packet_ap_uibkb  |      114|  1860|   697|    0|  1860|  1024|     1|      1904640|
    |bram_bool_bool_bram_packet_bram_packet_ap_uint_64_buffer_351_U   |bram_Pipeline_transfer_loop_bram_bram_bool_bool_bram_packet_bram_packet_ap_uibkb  |      114|  1860|   697|    0|  1860|  1024|     1|      1904640|
    |bram_bool_bool_bram_packet_bram_packet_ap_uint_64_buffer_350_U   |bram_Pipeline_transfer_loop_bram_bram_bool_bool_bram_packet_bram_packet_ap_uibkb  |      114|  1860|   697|    0|  1860|  1024|     1|      1904640|
    |bram_bool_bool_bram_packet_bram_packet_ap_uint_64_buffer_349_U   |bram_Pipeline_transfer_loop_bram_bram_bool_bool_bram_packet_bram_packet_ap_uibkb  |      114|  1860|   697|    0|  1860|  1024|     1|      1904640|
    |bram_bool_bool_bram_packet_bram_packet_ap_uint_64_buffer_348_U   |bram_Pipeline_transfer_loop_bram_bram_bool_bool_bram_packet_bram_packet_ap_uibkb  |      114|  1860|   697|    0|  1860|  1024|     1|      1904640|
    |bram_bool_bool_bram_packet_bram_packet_ap_uint_64_buffer_347_U   |bram_Pipeline_transfer_loop_bram_bram_bool_bool_bram_packet_bram_packet_ap_uibkb  |      114|  1860|   697|    0|  1860|  1024|     1|      1904640|
    |bram_bool_bool_bram_packet_bram_packet_ap_uint_64_buffer_346_U   |bram_Pipeline_transfer_loop_bram_bram_bool_bool_bram_packet_bram_packet_ap_uibkb  |      114|  1860|   697|    0|  1860|  1024|     1|      1904640|
    |bram_bool_bool_bram_packet_bram_packet_ap_uint_64_buffer_345_U   |bram_Pipeline_transfer_loop_bram_bram_bool_bool_bram_packet_bram_packet_ap_uibkb  |      114|  1860|   697|    0|  1860|  1024|     1|      1904640|
    |bram_bool_bool_bram_packet_bram_packet_ap_uint_64_buffer_344_U   |bram_Pipeline_transfer_loop_bram_bram_bool_bool_bram_packet_bram_packet_ap_uibkb  |      114|  1860|   697|    0|  1860|  1024|     1|      1904640|
    |bram_bool_bool_bram_packet_bram_packet_ap_uint_64_buffer_343_U   |bram_Pipeline_transfer_loop_bram_bram_bool_bool_bram_packet_bram_packet_ap_uibkb  |      114|  1860|   697|    0|  1860|  1024|     1|      1904640|
    |bram_bool_bool_bram_packet_bram_packet_ap_uint_64_buffer_342_U   |bram_Pipeline_transfer_loop_bram_bram_bool_bool_bram_packet_bram_packet_ap_uibkb  |      114|  1860|   697|    0|  1860|  1024|     1|      1904640|
    |bram_bool_bool_bram_packet_bram_packet_ap_uint_64_buffer_341_U   |bram_Pipeline_transfer_loop_bram_bram_bool_bool_bram_packet_bram_packet_ap_uibkb  |      114|  1860|   697|    0|  1860|  1024|     1|      1904640|
    |bram_bool_bool_bram_packet_bram_packet_ap_uint_64_buffer_340_U   |bram_Pipeline_transfer_loop_bram_bram_bool_bool_bram_packet_bram_packet_ap_uibkb  |      114|  1860|   697|    0|  1860|  1024|     1|      1904640|
    |bram_bool_bool_bram_packet_bram_packet_ap_uint_64_buffer_339_U   |bram_Pipeline_transfer_loop_bram_bram_bool_bool_bram_packet_bram_packet_ap_uibkb  |      114|  1860|   697|    0|  1860|  1024|     1|      1904640|
    |bram_bool_bool_bram_packet_bram_packet_ap_uint_64_buffer_338_U   |bram_Pipeline_transfer_loop_bram_bram_bool_bool_bram_packet_bram_packet_ap_uibkb  |      114|  1860|   697|    0|  1860|  1024|     1|      1904640|
    |bram_bool_bool_bram_packet_bram_packet_ap_uint_64_buffer_337_U   |bram_Pipeline_transfer_loop_bram_bram_bool_bool_bram_packet_bram_packet_ap_uibkb  |      114|  1860|   697|    0|  1860|  1024|     1|      1904640|
    |bram_bool_bool_bram_packet_bram_packet_ap_uint_64_buffer_336_U   |bram_Pipeline_transfer_loop_bram_bram_bool_bool_bram_packet_bram_packet_ap_uibkb  |      114|  1860|   697|    0|  1860|  1024|     1|      1904640|
    |bram_bool_bool_bram_packet_bram_packet_ap_uint_64_buffer_335_U   |bram_Pipeline_transfer_loop_bram_bram_bool_bool_bram_packet_bram_packet_ap_uibkb  |      114|  1860|   697|    0|  1860|  1024|     1|      1904640|
    |bram_bool_bool_bram_packet_bram_packet_ap_uint_64_buffer_334_U   |bram_Pipeline_transfer_loop_bram_bram_bool_bool_bram_packet_bram_packet_ap_uibkb  |      114|  1860|   697|    0|  1860|  1024|     1|      1904640|
    |bram_bool_bool_bram_packet_bram_packet_ap_uint_64_buffer_333_U   |bram_Pipeline_transfer_loop_bram_bram_bool_bool_bram_packet_bram_packet_ap_uibkb  |      114|  1860|   697|    0|  1860|  1024|     1|      1904640|
    |bram_bool_bool_bram_packet_bram_packet_ap_uint_64_buffer_332_U   |bram_Pipeline_transfer_loop_bram_bram_bool_bool_bram_packet_bram_packet_ap_uibkb  |      114|  1860|   697|    0|  1860|  1024|     1|      1904640|
    |bram_bool_bool_bram_packet_bram_packet_ap_uint_64_buffer_331_U   |bram_Pipeline_transfer_loop_bram_bram_bool_bool_bram_packet_bram_packet_ap_uibkb  |      114|  1860|   697|    0|  1860|  1024|     1|      1904640|
    |bram_bool_bool_bram_packet_bram_packet_ap_uint_64_buffer_330_U   |bram_Pipeline_transfer_loop_bram_bram_bool_bool_bram_packet_bram_packet_ap_uibkb  |      114|  1860|   697|    0|  1860|  1024|     1|      1904640|
    |bram_bool_bool_bram_packet_bram_packet_ap_uint_64_buffer_329_U   |bram_Pipeline_transfer_loop_bram_bram_bool_bool_bram_packet_bram_packet_ap_uibkb  |      114|  1860|   697|    0|  1860|  1024|     1|      1904640|
    |bram_bool_bool_bram_packet_bram_packet_ap_uint_64_buffer_328_U   |bram_Pipeline_transfer_loop_bram_bram_bool_bool_bram_packet_bram_packet_ap_uibkb  |      114|  1860|   697|    0|  1860|  1024|     1|      1904640|
    |bram_bool_bool_bram_packet_bram_packet_ap_uint_64_buffer_327_U   |bram_Pipeline_transfer_loop_bram_bram_bool_bool_bram_packet_bram_packet_ap_uibkb  |      114|  1860|   697|    0|  1860|  1024|     1|      1904640|
    |bram_bool_bool_bram_packet_bram_packet_ap_uint_64_buffer_326_U   |bram_Pipeline_transfer_loop_bram_bram_bool_bool_bram_packet_bram_packet_ap_uibkb  |      114|  1860|   697|    0|  1860|  1024|     1|      1904640|
    |bram_bool_bool_bram_packet_bram_packet_ap_uint_64_buffer_325_U   |bram_Pipeline_transfer_loop_bram_bram_bool_bool_bram_packet_bram_packet_ap_uibkb  |      114|  1860|   697|    0|  1860|  1024|     1|      1904640|
    |bram_bool_bool_bram_packet_bram_packet_ap_uint_64_buffer_324_U   |bram_Pipeline_transfer_loop_bram_bram_bool_bool_bram_packet_bram_packet_ap_uibkb  |      114|  1860|   697|    0|  1860|  1024|     1|      1904640|
    |bram_bool_bool_bram_packet_bram_packet_ap_uint_64_buffer_323_U   |bram_Pipeline_transfer_loop_bram_bram_bool_bool_bram_packet_bram_packet_ap_uibkb  |      114|  1860|   697|    0|  1860|  1024|     1|      1904640|
    |bram_bool_bool_bram_packet_bram_packet_ap_uint_64_buffer_322_U   |bram_Pipeline_transfer_loop_bram_bram_bool_bool_bram_packet_bram_packet_ap_uibkb  |      114|  1860|   697|    0|  1860|  1024|     1|      1904640|
    |bram_bool_bool_bram_packet_bram_packet_ap_uint_64_buffer_321_U   |bram_Pipeline_transfer_loop_bram_bram_bool_bool_bram_packet_bram_packet_ap_uibkb  |      114|  1860|   697|    0|  1860|  1024|     1|      1904640|
    |bram_bool_bool_bram_packet_bram_packet_ap_uint_64_buffer_320_U   |bram_Pipeline_transfer_loop_bram_bram_bool_bool_bram_packet_bram_packet_ap_uibkb  |      114|  1860|   697|    0|  1860|  1024|     1|      1904640|
    |bram_bool_bool_bram_packet_bram_packet_ap_uint_64_buffer_319_U   |bram_Pipeline_transfer_loop_bram_bram_bool_bool_bram_packet_bram_packet_ap_uibkb  |      114|  1860|   697|    0|  1860|  1024|     1|      1904640|
    |bram_bool_bool_bram_packet_bram_packet_ap_uint_64_buffer_318_U   |bram_Pipeline_transfer_loop_bram_bram_bool_bool_bram_packet_bram_packet_ap_uibkb  |      114|  1860|   697|    0|  1860|  1024|     1|      1904640|
    |bram_bool_bool_bram_packet_bram_packet_ap_uint_64_buffer_317_U   |bram_Pipeline_transfer_loop_bram_bram_bool_bool_bram_packet_bram_packet_ap_uibkb  |      114|  1860|   697|    0|  1860|  1024|     1|      1904640|
    |bram_bool_bool_bram_packet_bram_packet_ap_uint_64_buffer_316_U   |bram_Pipeline_transfer_loop_bram_bram_bool_bool_bram_packet_bram_packet_ap_uibkb  |      114|  1860|   697|    0|  1860|  1024|     1|      1904640|
    |bram_bool_bool_bram_packet_bram_packet_ap_uint_64_buffer_315_U   |bram_Pipeline_transfer_loop_bram_bram_bool_bool_bram_packet_bram_packet_ap_uibkb  |      114|  1860|   697|    0|  1860|  1024|     1|      1904640|
    |bram_bool_bool_bram_packet_bram_packet_ap_uint_64_buffer_314_U   |bram_Pipeline_transfer_loop_bram_bram_bool_bool_bram_packet_bram_packet_ap_uibkb  |      114|  1860|   697|    0|  1860|  1024|     1|      1904640|
    |bram_bool_bool_bram_packet_bram_packet_ap_uint_64_buffer_313_U   |bram_Pipeline_transfer_loop_bram_bram_bool_bool_bram_packet_bram_packet_ap_uibkb  |      114|  1860|   697|    0|  1860|  1024|     1|      1904640|
    +-----------------------------------------------------------------+----------------------------------------------------------------------------------+---------+------+------+-----+------+------+------+-------------+
    |Total                                                            |                                                                                  |    29184|476160|178432|    0|476160|262144|   256|    487587840|
    +-----------------------------------------------------------------+----------------------------------------------------------------------------------+---------+------+------+-----+------+------+------+-------------+

    * FIFO: 
    N/A

    * Expression: 
    +-----------------------+----------+----+---+----+------------+------------+
    |     Variable Name     | Operation| DSP| FF| LUT| Bitwidth P0| Bitwidth P1|
    +-----------------------+----------+----+---+----+------------+------------+
    |add_ln67_fu_5764_p2    |         +|   0|  0|  12|           5|           1|
    |add_ln70_2_fu_5774_p2  |         +|   0|  0|  18|          11|          11|
    |add_ln70_fu_6044_p2    |         +|   0|  0|  14|           7|           7|
    |add_ln72_fu_6050_p2    |         +|   0|  0|  14|           7|           7|
    |icmp_ln67_fu_5758_p2   |      icmp|   0|  0|   9|           5|           5|
    |ap_enable_pp0          |       xor|   0|  0|   2|           1|           2|
    +-----------------------+----------+----+---+----+------------+------------+
    |Total                  |          |   0|  0|  69|          36|          33|
    +-----------------------+----------+----+---+----+------------+------------+

    * Multiplexer: 
    +-------------------------+----+-----------+-----+-----------+
    |           Name          | LUT| Input Size| Bits| Total Bits|
    +-------------------------+----+-----------+-----+-----------+
    |ap_done_int              |   9|          2|    1|          2|
    |ap_enable_reg_pp0_iter1  |   9|          2|    1|          2|
    |ap_sig_allocacmp_j_5     |   9|          2|    5|         10|
    |j_fu_1078                |   9|          2|    5|         10|
    +-------------------------+----+-----------+-----+-----------+
    |Total                    |  36|          8|   12|         24|
    +-------------------------+----+-----------+-----+-----------+

    * Register: 
    +-----------------------------------------------------------------------------+----+----+-----+-----------+
    |                                     Name                                    | FF | LUT| Bits| Const Bits|
    +-----------------------------------------------------------------------------+----+----+-----+-----------+
    |add_ln70_reg_8147                                                            |   7|   0|    7|          0|
    |ap_CS_fsm                                                                    |   1|   0|    1|          0|
    |ap_done_reg                                                                  |   1|   0|    1|          0|
    |ap_enable_reg_pp0_iter1                                                      |   1|   0|    1|          0|
    |bram_bool_bool_bram_packet_bram_packet_ap_uint_64_buffer_10_1_addr_reg_6611  |  11|   0|   11|          0|
    |bram_bool_bool_bram_packet_bram_packet_ap_uint_64_buffer_11_1_addr_reg_6617  |  11|   0|   11|          0|
    |bram_bool_bool_bram_packet_bram_packet_ap_uint_64_buffer_12_1_addr_reg_6623  |  11|   0|   11|          0|
    |bram_bool_bool_bram_packet_bram_packet_ap_uint_64_buffer_13_1_addr_reg_6629  |  11|   0|   11|          0|
    |bram_bool_bool_bram_packet_bram_packet_ap_uint_64_buffer_14_1_addr_reg_6635  |  11|   0|   11|          0|
    |bram_bool_bool_bram_packet_bram_packet_ap_uint_64_buffer_15_1_addr_reg_6641  |  11|   0|   11|          0|
    |bram_bool_bool_bram_packet_bram_packet_ap_uint_64_buffer_16_1_addr_reg_6647  |  11|   0|   11|          0|
    |bram_bool_bool_bram_packet_bram_packet_ap_uint_64_buffer_17_1_addr_reg_6653  |  11|   0|   11|          0|
    |bram_bool_bool_bram_packet_bram_packet_ap_uint_64_buffer_18_1_addr_reg_6659  |  11|   0|   11|          0|
    |bram_bool_bool_bram_packet_bram_packet_ap_uint_64_buffer_19_1_addr_reg_6665  |  11|   0|   11|          0|
    |bram_bool_bool_bram_packet_bram_packet_ap_uint_64_buffer_20_1_addr_reg_6677  |  11|   0|   11|          0|
    |bram_bool_bool_bram_packet_bram_packet_ap_uint_64_buffer_21_1_addr_reg_6683  |  11|   0|   11|          0|
    |bram_bool_bool_bram_packet_bram_packet_ap_uint_64_buffer_22_1_addr_reg_6689  |  11|   0|   11|          0|
    |bram_bool_bool_bram_packet_bram_packet_ap_uint_64_buffer_23_1_addr_reg_6695  |  11|   0|   11|          0|
    |bram_bool_bool_bram_packet_bram_packet_ap_uint_64_buffer_24_1_addr_reg_6701  |  11|   0|   11|          0|
    |bram_bool_bool_bram_packet_bram_packet_ap_uint_64_buffer_25_1_addr_reg_6707  |  11|   0|   11|          0|
    |bram_bool_bool_bram_packet_bram_packet_ap_uint_64_buffer_26_1_addr_reg_6713  |  11|   0|   11|          0|
    |bram_bool_bool_bram_packet_bram_packet_ap_uint_64_buffer_27_1_addr_reg_6719  |  11|   0|   11|          0|
    |bram_bool_bool_bram_packet_bram_packet_ap_uint_64_buffer_28_1_addr_reg_6725  |  11|   0|   11|          0|
    |bram_bool_bool_bram_packet_bram_packet_ap_uint_64_buffer_29_1_addr_reg_6731  |  11|   0|   11|          0|
    |bram_bool_bool_bram_packet_bram_packet_ap_uint_64_buffer_2_1_addr_reg_6671   |  11|   0|   11|          0|
    |bram_bool_bool_bram_packet_bram_packet_ap_uint_64_buffer_30_1_addr_reg_6743  |  11|   0|   11|          0|
    |bram_bool_bool_bram_packet_bram_packet_ap_uint_64_buffer_313_addr_reg_6755   |  11|   0|   11|          0|
    |bram_bool_bool_bram_packet_bram_packet_ap_uint_64_buffer_314_addr_reg_6761   |  11|   0|   11|          0|
    |bram_bool_bool_bram_packet_bram_packet_ap_uint_64_buffer_315_addr_reg_6767   |  11|   0|   11|          0|
    |bram_bool_bool_bram_packet_bram_packet_ap_uint_64_buffer_316_addr_reg_6773   |  11|   0|   11|          0|
    |bram_bool_bool_bram_packet_bram_packet_ap_uint_64_buffer_317_addr_reg_6779   |  11|   0|   11|          0|
    |bram_bool_bool_bram_packet_bram_packet_ap_uint_64_buffer_318_addr_reg_6785   |  11|   0|   11|          0|
    |bram_bool_bool_bram_packet_bram_packet_ap_uint_64_buffer_319_addr_reg_6791   |  11|   0|   11|          0|
    |bram_bool_bool_bram_packet_bram_packet_ap_uint_64_buffer_31_1_addr_reg_6749  |  11|   0|   11|          0|
    |bram_bool_bool_bram_packet_bram_packet_ap_uint_64_buffer_320_addr_reg_6803   |  11|   0|   11|          0|
    |bram_bool_bool_bram_packet_bram_packet_ap_uint_64_buffer_321_addr_reg_6809   |  11|   0|   11|          0|
    |bram_bool_bool_bram_packet_bram_packet_ap_uint_64_buffer_322_addr_reg_6815   |  11|   0|   11|          0|
    |bram_bool_bool_bram_packet_bram_packet_ap_uint_64_buffer_323_addr_reg_6821   |  11|   0|   11|          0|
    |bram_bool_bool_bram_packet_bram_packet_ap_uint_64_buffer_324_addr_reg_6827   |  11|   0|   11|          0|
    |bram_bool_bool_bram_packet_bram_packet_ap_uint_64_buffer_325_addr_reg_6833   |  11|   0|   11|          0|
    |bram_bool_bool_bram_packet_bram_packet_ap_uint_64_buffer_326_addr_reg_6839   |  11|   0|   11|          0|
    |bram_bool_bool_bram_packet_bram_packet_ap_uint_64_buffer_327_addr_reg_6845   |  11|   0|   11|          0|
    |bram_bool_bool_bram_packet_bram_packet_ap_uint_64_buffer_328_addr_reg_6851   |  11|   0|   11|          0|
    |bram_bool_bool_bram_packet_bram_packet_ap_uint_64_buffer_329_addr_reg_6857   |  11|   0|   11|          0|
    |bram_bool_bool_bram_packet_bram_packet_ap_uint_64_buffer_32_1_addr_reg_6797  |  11|   0|   11|          0|
    |bram_bool_bool_bram_packet_bram_packet_ap_uint_64_buffer_330_addr_reg_6869   |  11|   0|   11|          0|
    |bram_bool_bool_bram_packet_bram_packet_ap_uint_64_buffer_331_addr_reg_6875   |  11|   0|   11|          0|
    |bram_bool_bool_bram_packet_bram_packet_ap_uint_64_buffer_332_addr_reg_6881   |  11|   0|   11|          0|
    |bram_bool_bool_bram_packet_bram_packet_ap_uint_64_buffer_333_addr_reg_6887   |  11|   0|   11|          0|
    |bram_bool_bool_bram_packet_bram_packet_ap_uint_64_buffer_334_addr_reg_6893   |  11|   0|   11|          0|
    |bram_bool_bool_bram_packet_bram_packet_ap_uint_64_buffer_335_addr_reg_6899   |  11|   0|   11|          0|
    |bram_bool_bool_bram_packet_bram_packet_ap_uint_64_buffer_336_addr_reg_6905   |  11|   0|   11|          0|
    |bram_bool_bool_bram_packet_bram_packet_ap_uint_64_buffer_337_addr_reg_6911   |  11|   0|   11|          0|
    |bram_bool_bool_bram_packet_bram_packet_ap_uint_64_buffer_338_addr_reg_6917   |  11|   0|   11|          0|
    |bram_bool_bool_bram_packet_bram_packet_ap_uint_64_buffer_339_addr_reg_6923   |  11|   0|   11|          0|
    |bram_bool_bool_bram_packet_bram_packet_ap_uint_64_buffer_33_1_addr_reg_6863  |  11|   0|   11|          0|
    |bram_bool_bool_bram_packet_bram_packet_ap_uint_64_buffer_340_addr_reg_6935   |  11|   0|   11|          0|
    |bram_bool_bool_bram_packet_bram_packet_ap_uint_64_buffer_341_addr_reg_6941   |  11|   0|   11|          0|
    |bram_bool_bool_bram_packet_bram_packet_ap_uint_64_buffer_342_addr_reg_6947   |  11|   0|   11|          0|
    |bram_bool_bool_bram_packet_bram_packet_ap_uint_64_buffer_343_addr_reg_6953   |  11|   0|   11|          0|
    |bram_bool_bool_bram_packet_bram_packet_ap_uint_64_buffer_344_addr_reg_6959   |  11|   0|   11|          0|
    |bram_bool_bool_bram_packet_bram_packet_ap_uint_64_buffer_345_addr_reg_6965   |  11|   0|   11|          0|
    |bram_bool_bool_bram_packet_bram_packet_ap_uint_64_buffer_346_addr_reg_6971   |  11|   0|   11|          0|
    |bram_bool_bool_bram_packet_bram_packet_ap_uint_64_buffer_347_addr_reg_6977   |  11|   0|   11|          0|
    |bram_bool_bool_bram_packet_bram_packet_ap_uint_64_buffer_348_addr_reg_6983   |  11|   0|   11|          0|
    |bram_bool_bool_bram_packet_bram_packet_ap_uint_64_buffer_349_addr_reg_6989   |  11|   0|   11|          0|
    |bram_bool_bool_bram_packet_bram_packet_ap_uint_64_buffer_34_1_addr_reg_6929  |  11|   0|   11|          0|
    |bram_bool_bool_bram_packet_bram_packet_ap_uint_64_buffer_350_addr_reg_7001   |  11|   0|   11|          0|
    |bram_bool_bool_bram_packet_bram_packet_ap_uint_64_buffer_351_addr_reg_7007   |  11|   0|   11|          0|
    |bram_bool_bool_bram_packet_bram_packet_ap_uint_64_buffer_352_addr_reg_7013   |  11|   0|   11|          0|
    |bram_bool_bool_bram_packet_bram_packet_ap_uint_64_buffer_353_addr_reg_7019   |  11|   0|   11|          0|
    |bram_bool_bool_bram_packet_bram_packet_ap_uint_64_buffer_354_addr_reg_7025   |  11|   0|   11|          0|
    |bram_bool_bool_bram_packet_bram_packet_ap_uint_64_buffer_355_addr_reg_7031   |  11|   0|   11|          0|
    |bram_bool_bool_bram_packet_bram_packet_ap_uint_64_buffer_356_addr_reg_7037   |  11|   0|   11|          0|
    |bram_bool_bool_bram_packet_bram_packet_ap_uint_64_buffer_357_addr_reg_7043   |  11|   0|   11|          0|
    |bram_bool_bool_bram_packet_bram_packet_ap_uint_64_buffer_358_addr_reg_7049   |  11|   0|   11|          0|
    |bram_bool_bool_bram_packet_bram_packet_ap_uint_64_buffer_359_addr_reg_7055   |  11|   0|   11|          0|
    |bram_bool_bool_bram_packet_bram_packet_ap_uint_64_buffer_35_1_addr_reg_6995  |  11|   0|   11|          0|
    |bram_bool_bool_bram_packet_bram_packet_ap_uint_64_buffer_360_addr_reg_7067   |  11|   0|   11|          0|
    |bram_bool_bool_bram_packet_bram_packet_ap_uint_64_buffer_361_addr_reg_7073   |  11|   0|   11|          0|
    |bram_bool_bool_bram_packet_bram_packet_ap_uint_64_buffer_362_addr_reg_7079   |  11|   0|   11|          0|
    |bram_bool_bool_bram_packet_bram_packet_ap_uint_64_buffer_363_addr_reg_7085   |  11|   0|   11|          0|
    |bram_bool_bool_bram_packet_bram_packet_ap_uint_64_buffer_364_addr_reg_7091   |  11|   0|   11|          0|
    |bram_bool_bool_bram_packet_bram_packet_ap_uint_64_buffer_365_addr_reg_7097   |  11|   0|   11|          0|
    |bram_bool_bool_bram_packet_bram_packet_ap_uint_64_buffer_366_addr_reg_7103   |  11|   0|   11|          0|
    |bram_bool_bool_bram_packet_bram_packet_ap_uint_64_buffer_367_addr_reg_7109   |  11|   0|   11|          0|
    |bram_bool_bool_bram_packet_bram_packet_ap_uint_64_buffer_368_addr_reg_7115   |  11|   0|   11|          0|
    |bram_bool_bool_bram_packet_bram_packet_ap_uint_64_buffer_369_addr_reg_7121   |  11|   0|   11|          0|
    |bram_bool_bool_bram_packet_bram_packet_ap_uint_64_buffer_36_1_addr_reg_7061  |  11|   0|   11|          0|
    |bram_bool_bool_bram_packet_bram_packet_ap_uint_64_buffer_370_addr_reg_7133   |  11|   0|   11|          0|
    |bram_bool_bool_bram_packet_bram_packet_ap_uint_64_buffer_371_addr_reg_7139   |  11|   0|   11|          0|
    |bram_bool_bool_bram_packet_bram_packet_ap_uint_64_buffer_372_addr_reg_7145   |  11|   0|   11|          0|
    |bram_bool_bool_bram_packet_bram_packet_ap_uint_64_buffer_373_addr_reg_7151   |  11|   0|   11|          0|
    |bram_bool_bool_bram_packet_bram_packet_ap_uint_64_buffer_374_addr_reg_7157   |  11|   0|   11|          0|
    |bram_bool_bool_bram_packet_bram_packet_ap_uint_64_buffer_375_addr_reg_7163   |  11|   0|   11|          0|
    |bram_bool_bool_bram_packet_bram_packet_ap_uint_64_buffer_376_addr_reg_7169   |  11|   0|   11|          0|
    |bram_bool_bool_bram_packet_bram_packet_ap_uint_64_buffer_377_addr_reg_7175   |  11|   0|   11|          0|
    |bram_bool_bool_bram_packet_bram_packet_ap_uint_64_buffer_378_addr_reg_7181   |  11|   0|   11|          0|
    |bram_bool_bool_bram_packet_bram_packet_ap_uint_64_buffer_379_addr_reg_7187   |  11|   0|   11|          0|
    |bram_bool_bool_bram_packet_bram_packet_ap_uint_64_buffer_37_1_addr_reg_7127  |  11|   0|   11|          0|
    |bram_bool_bool_bram_packet_bram_packet_ap_uint_64_buffer_380_addr_reg_7199   |  11|   0|   11|          0|
    |bram_bool_bool_bram_packet_bram_packet_ap_uint_64_buffer_381_addr_reg_7205   |  11|   0|   11|          0|
    |bram_bool_bool_bram_packet_bram_packet_ap_uint_64_buffer_382_addr_reg_7211   |  11|   0|   11|          0|
    |bram_bool_bool_bram_packet_bram_packet_ap_uint_64_buffer_383_addr_reg_7217   |  11|   0|   11|          0|
    |bram_bool_bool_bram_packet_bram_packet_ap_uint_64_buffer_384_addr_reg_7223   |  11|   0|   11|          0|
    |bram_bool_bool_bram_packet_bram_packet_ap_uint_64_buffer_385_addr_reg_7229   |  11|   0|   11|          0|
    |bram_bool_bool_bram_packet_bram_packet_ap_uint_64_buffer_386_addr_reg_7235   |  11|   0|   11|          0|
    |bram_bool_bool_bram_packet_bram_packet_ap_uint_64_buffer_387_addr_reg_7241   |  11|   0|   11|          0|
    |bram_bool_bool_bram_packet_bram_packet_ap_uint_64_buffer_388_addr_reg_7247   |  11|   0|   11|          0|
    |bram_bool_bool_bram_packet_bram_packet_ap_uint_64_buffer_389_addr_reg_7253   |  11|   0|   11|          0|
    |bram_bool_bool_bram_packet_bram_packet_ap_uint_64_buffer_38_1_addr_reg_7193  |  11|   0|   11|          0|
    |bram_bool_bool_bram_packet_bram_packet_ap_uint_64_buffer_390_addr_reg_7265   |  11|   0|   11|          0|
    |bram_bool_bool_bram_packet_bram_packet_ap_uint_64_buffer_391_addr_reg_7271   |  11|   0|   11|          0|
    |bram_bool_bool_bram_packet_bram_packet_ap_uint_64_buffer_392_addr_reg_7277   |  11|   0|   11|          0|
    |bram_bool_bool_bram_packet_bram_packet_ap_uint_64_buffer_393_addr_reg_7283   |  11|   0|   11|          0|
    |bram_bool_bool_bram_packet_bram_packet_ap_uint_64_buffer_394_addr_reg_7289   |  11|   0|   11|          0|
    |bram_bool_bool_bram_packet_bram_packet_ap_uint_64_buffer_395_addr_reg_7295   |  11|   0|   11|          0|
    |bram_bool_bool_bram_packet_bram_packet_ap_uint_64_buffer_396_addr_reg_7301   |  11|   0|   11|          0|
    |bram_bool_bool_bram_packet_bram_packet_ap_uint_64_buffer_397_addr_reg_7307   |  11|   0|   11|          0|
    |bram_bool_bool_bram_packet_bram_packet_ap_uint_64_buffer_398_addr_reg_7313   |  11|   0|   11|          0|
    |bram_bool_bool_bram_packet_bram_packet_ap_uint_64_buffer_399_addr_reg_7319   |  11|   0|   11|          0|
    |bram_bool_bool_bram_packet_bram_packet_ap_uint_64_buffer_39_1_addr_reg_7259  |  11|   0|   11|          0|
    |bram_bool_bool_bram_packet_bram_packet_ap_uint_64_buffer_3_1_addr_reg_6737   |  11|   0|   11|          0|
    |bram_bool_bool_bram_packet_bram_packet_ap_uint_64_buffer_400_addr_reg_7337   |  11|   0|   11|          0|
    |bram_bool_bool_bram_packet_bram_packet_ap_uint_64_buffer_401_addr_reg_7343   |  11|   0|   11|          0|
    |bram_bool_bool_bram_packet_bram_packet_ap_uint_64_buffer_402_addr_reg_7349   |  11|   0|   11|          0|
    |bram_bool_bool_bram_packet_bram_packet_ap_uint_64_buffer_403_addr_reg_7355   |  11|   0|   11|          0|
    |bram_bool_bool_bram_packet_bram_packet_ap_uint_64_buffer_404_addr_reg_7361   |  11|   0|   11|          0|
    |bram_bool_bool_bram_packet_bram_packet_ap_uint_64_buffer_405_addr_reg_7367   |  11|   0|   11|          0|
    |bram_bool_bool_bram_packet_bram_packet_ap_uint_64_buffer_406_addr_reg_7373   |  11|   0|   11|          0|
    |bram_bool_bool_bram_packet_bram_packet_ap_uint_64_buffer_407_addr_reg_7379   |  11|   0|   11|          0|
    |bram_bool_bool_bram_packet_bram_packet_ap_uint_64_buffer_408_addr_reg_7385   |  11|   0|   11|          0|
    |bram_bool_bool_bram_packet_bram_packet_ap_uint_64_buffer_409_addr_reg_7391   |  11|   0|   11|          0|
    |bram_bool_bool_bram_packet_bram_packet_ap_uint_64_buffer_40_1_addr_reg_7331  |  11|   0|   11|          0|
    |bram_bool_bool_bram_packet_bram_packet_ap_uint_64_buffer_410_addr_reg_7403   |  11|   0|   11|          0|
    |bram_bool_bool_bram_packet_bram_packet_ap_uint_64_buffer_411_addr_reg_7409   |  11|   0|   11|          0|
    |bram_bool_bool_bram_packet_bram_packet_ap_uint_64_buffer_412_addr_reg_7415   |  11|   0|   11|          0|
    |bram_bool_bool_bram_packet_bram_packet_ap_uint_64_buffer_413_addr_reg_7421   |  11|   0|   11|          0|
    |bram_bool_bool_bram_packet_bram_packet_ap_uint_64_buffer_414_addr_reg_7427   |  11|   0|   11|          0|
    |bram_bool_bool_bram_packet_bram_packet_ap_uint_64_buffer_415_addr_reg_7433   |  11|   0|   11|          0|
    |bram_bool_bool_bram_packet_bram_packet_ap_uint_64_buffer_416_addr_reg_7439   |  11|   0|   11|          0|
    |bram_bool_bool_bram_packet_bram_packet_ap_uint_64_buffer_417_addr_reg_7445   |  11|   0|   11|          0|
    |bram_bool_bool_bram_packet_bram_packet_ap_uint_64_buffer_418_addr_reg_7451   |  11|   0|   11|          0|
    |bram_bool_bool_bram_packet_bram_packet_ap_uint_64_buffer_419_addr_reg_7457   |  11|   0|   11|          0|
    |bram_bool_bool_bram_packet_bram_packet_ap_uint_64_buffer_41_1_addr_reg_7397  |  11|   0|   11|          0|
    |bram_bool_bool_bram_packet_bram_packet_ap_uint_64_buffer_420_addr_reg_7469   |  11|   0|   11|          0|
    |bram_bool_bool_bram_packet_bram_packet_ap_uint_64_buffer_421_addr_reg_7475   |  11|   0|   11|          0|
    |bram_bool_bool_bram_packet_bram_packet_ap_uint_64_buffer_422_addr_reg_7481   |  11|   0|   11|          0|
    |bram_bool_bool_bram_packet_bram_packet_ap_uint_64_buffer_423_addr_reg_7487   |  11|   0|   11|          0|
    |bram_bool_bool_bram_packet_bram_packet_ap_uint_64_buffer_424_addr_reg_7493   |  11|   0|   11|          0|
    |bram_bool_bool_bram_packet_bram_packet_ap_uint_64_buffer_425_addr_reg_7499   |  11|   0|   11|          0|
    |bram_bool_bool_bram_packet_bram_packet_ap_uint_64_buffer_426_addr_reg_7505   |  11|   0|   11|          0|
    |bram_bool_bool_bram_packet_bram_packet_ap_uint_64_buffer_427_addr_reg_7511   |  11|   0|   11|          0|
    |bram_bool_bool_bram_packet_bram_packet_ap_uint_64_buffer_428_addr_reg_7517   |  11|   0|   11|          0|
    |bram_bool_bool_bram_packet_bram_packet_ap_uint_64_buffer_429_addr_reg_7523   |  11|   0|   11|          0|
    |bram_bool_bool_bram_packet_bram_packet_ap_uint_64_buffer_42_1_addr_reg_7463  |  11|   0|   11|          0|
    |bram_bool_bool_bram_packet_bram_packet_ap_uint_64_buffer_430_addr_reg_7535   |  11|   0|   11|          0|
    |bram_bool_bool_bram_packet_bram_packet_ap_uint_64_buffer_431_addr_reg_7541   |  11|   0|   11|          0|
    |bram_bool_bool_bram_packet_bram_packet_ap_uint_64_buffer_432_addr_reg_7547   |  11|   0|   11|          0|
    |bram_bool_bool_bram_packet_bram_packet_ap_uint_64_buffer_433_addr_reg_7553   |  11|   0|   11|          0|
    |bram_bool_bool_bram_packet_bram_packet_ap_uint_64_buffer_434_addr_reg_7559   |  11|   0|   11|          0|
    |bram_bool_bool_bram_packet_bram_packet_ap_uint_64_buffer_435_addr_reg_7565   |  11|   0|   11|          0|
    |bram_bool_bool_bram_packet_bram_packet_ap_uint_64_buffer_436_addr_reg_7571   |  11|   0|   11|          0|
    |bram_bool_bool_bram_packet_bram_packet_ap_uint_64_buffer_437_addr_reg_7577   |  11|   0|   11|          0|
    |bram_bool_bool_bram_packet_bram_packet_ap_uint_64_buffer_438_addr_reg_7583   |  11|   0|   11|          0|
    |bram_bool_bool_bram_packet_bram_packet_ap_uint_64_buffer_439_addr_reg_7589   |  11|   0|   11|          0|
    |bram_bool_bool_bram_packet_bram_packet_ap_uint_64_buffer_43_1_addr_reg_7529  |  11|   0|   11|          0|
    |bram_bool_bool_bram_packet_bram_packet_ap_uint_64_buffer_440_addr_reg_7601   |  11|   0|   11|          0|
    |bram_bool_bool_bram_packet_bram_packet_ap_uint_64_buffer_441_addr_reg_7607   |  11|   0|   11|          0|
    |bram_bool_bool_bram_packet_bram_packet_ap_uint_64_buffer_442_addr_reg_7613   |  11|   0|   11|          0|
    |bram_bool_bool_bram_packet_bram_packet_ap_uint_64_buffer_443_addr_reg_7619   |  11|   0|   11|          0|
    |bram_bool_bool_bram_packet_bram_packet_ap_uint_64_buffer_444_addr_reg_7625   |  11|   0|   11|          0|
    |bram_bool_bool_bram_packet_bram_packet_ap_uint_64_buffer_445_addr_reg_7631   |  11|   0|   11|          0|
    |bram_bool_bool_bram_packet_bram_packet_ap_uint_64_buffer_446_addr_reg_7637   |  11|   0|   11|          0|
    |bram_bool_bool_bram_packet_bram_packet_ap_uint_64_buffer_447_addr_reg_7643   |  11|   0|   11|          0|
    |bram_bool_bool_bram_packet_bram_packet_ap_uint_64_buffer_448_addr_reg_7649   |  11|   0|   11|          0|
    |bram_bool_bool_bram_packet_bram_packet_ap_uint_64_buffer_449_addr_reg_7655   |  11|   0|   11|          0|
    |bram_bool_bool_bram_packet_bram_packet_ap_uint_64_buffer_44_1_addr_reg_7595  |  11|   0|   11|          0|
    |bram_bool_bool_bram_packet_bram_packet_ap_uint_64_buffer_450_addr_reg_7667   |  11|   0|   11|          0|
    |bram_bool_bool_bram_packet_bram_packet_ap_uint_64_buffer_451_addr_reg_7673   |  11|   0|   11|          0|
    |bram_bool_bool_bram_packet_bram_packet_ap_uint_64_buffer_452_addr_reg_7679   |  11|   0|   11|          0|
    |bram_bool_bool_bram_packet_bram_packet_ap_uint_64_buffer_453_addr_reg_7685   |  11|   0|   11|          0|
    |bram_bool_bool_bram_packet_bram_packet_ap_uint_64_buffer_454_addr_reg_7691   |  11|   0|   11|          0|
    |bram_bool_bool_bram_packet_bram_packet_ap_uint_64_buffer_455_addr_reg_7697   |  11|   0|   11|          0|
    |bram_bool_bool_bram_packet_bram_packet_ap_uint_64_buffer_456_addr_reg_7703   |  11|   0|   11|          0|
    |bram_bool_bool_bram_packet_bram_packet_ap_uint_64_buffer_457_addr_reg_7709   |  11|   0|   11|          0|
    |bram_bool_bool_bram_packet_bram_packet_ap_uint_64_buffer_458_addr_reg_7715   |  11|   0|   11|          0|
    |bram_bool_bool_bram_packet_bram_packet_ap_uint_64_buffer_459_addr_reg_7721   |  11|   0|   11|          0|
    |bram_bool_bool_bram_packet_bram_packet_ap_uint_64_buffer_45_1_addr_reg_7661  |  11|   0|   11|          0|
    |bram_bool_bool_bram_packet_bram_packet_ap_uint_64_buffer_460_addr_reg_7733   |  11|   0|   11|          0|
    |bram_bool_bool_bram_packet_bram_packet_ap_uint_64_buffer_461_addr_reg_7739   |  11|   0|   11|          0|
    |bram_bool_bool_bram_packet_bram_packet_ap_uint_64_buffer_462_addr_reg_7745   |  11|   0|   11|          0|
    |bram_bool_bool_bram_packet_bram_packet_ap_uint_64_buffer_463_addr_reg_7751   |  11|   0|   11|          0|
    |bram_bool_bool_bram_packet_bram_packet_ap_uint_64_buffer_464_addr_reg_7757   |  11|   0|   11|          0|
    |bram_bool_bool_bram_packet_bram_packet_ap_uint_64_buffer_465_addr_reg_7763   |  11|   0|   11|          0|
    |bram_bool_bool_bram_packet_bram_packet_ap_uint_64_buffer_466_addr_reg_7769   |  11|   0|   11|          0|
    |bram_bool_bool_bram_packet_bram_packet_ap_uint_64_buffer_467_addr_reg_7775   |  11|   0|   11|          0|
    |bram_bool_bool_bram_packet_bram_packet_ap_uint_64_buffer_468_addr_reg_7781   |  11|   0|   11|          0|
    |bram_bool_bool_bram_packet_bram_packet_ap_uint_64_buffer_469_addr_reg_7787   |  11|   0|   11|          0|
    |bram_bool_bool_bram_packet_bram_packet_ap_uint_64_buffer_46_1_addr_reg_7727  |  11|   0|   11|          0|
    |bram_bool_bool_bram_packet_bram_packet_ap_uint_64_buffer_470_addr_reg_7799   |  11|   0|   11|          0|
    |bram_bool_bool_bram_packet_bram_packet_ap_uint_64_buffer_47_addr_reg_7793    |  11|   0|   11|          0|
    |bram_bool_bool_bram_packet_bram_packet_ap_uint_64_buffer_48_addr_reg_7805    |  11|   0|   11|          0|
    |bram_bool_bool_bram_packet_bram_packet_ap_uint_64_buffer_49_addr_reg_7811    |  11|   0|   11|          0|
    |bram_bool_bool_bram_packet_bram_packet_ap_uint_64_buffer_4_1_addr_reg_7325   |  11|   0|   11|          0|
    |bram_bool_bool_bram_packet_bram_packet_ap_uint_64_buffer_50_addr_reg_7823    |  11|   0|   11|          0|
    |bram_bool_bool_bram_packet_bram_packet_ap_uint_64_buffer_51_addr_reg_7829    |  11|   0|   11|          0|
    |bram_bool_bool_bram_packet_bram_packet_ap_uint_64_buffer_52_addr_reg_7835    |  11|   0|   11|          0|
    |bram_bool_bool_bram_packet_bram_packet_ap_uint_64_buffer_53_addr_reg_7841    |  11|   0|   11|          0|
    |bram_bool_bool_bram_packet_bram_packet_ap_uint_64_buffer_54_addr_reg_7847    |  11|   0|   11|          0|
    |bram_bool_bool_bram_packet_bram_packet_ap_uint_64_buffer_55_addr_reg_7853    |  11|   0|   11|          0|
    |bram_bool_bool_bram_packet_bram_packet_ap_uint_64_buffer_56_addr_reg_7859    |  11|   0|   11|          0|
    |bram_bool_bool_bram_packet_bram_packet_ap_uint_64_buffer_57_addr_reg_7865    |  11|   0|   11|          0|
    |bram_bool_bool_bram_packet_bram_packet_ap_uint_64_buffer_58_addr_reg_7871    |  11|   0|   11|          0|
    |bram_bool_bool_bram_packet_bram_packet_ap_uint_64_buffer_59_addr_reg_7877    |  11|   0|   11|          0|
    |bram_bool_bool_bram_packet_bram_packet_ap_uint_64_buffer_5_1_addr_reg_7817   |  11|   0|   11|          0|
    |bram_bool_bool_bram_packet_bram_packet_ap_uint_64_buffer_60_addr_reg_7889    |  11|   0|   11|          0|
    |bram_bool_bool_bram_packet_bram_packet_ap_uint_64_buffer_61_addr_reg_7895    |  11|   0|   11|          0|
    |bram_bool_bool_bram_packet_bram_packet_ap_uint_64_buffer_62_addr_reg_7901    |  11|   0|   11|          0|
    |bram_bool_bool_bram_packet_bram_packet_ap_uint_64_buffer_63_addr_reg_7907    |  11|   0|   11|          0|
    |bram_bool_bool_bram_packet_bram_packet_ap_uint_64_buffer_64_addr_reg_7913    |  11|   0|   11|          0|
    |bram_bool_bool_bram_packet_bram_packet_ap_uint_64_buffer_65_addr_reg_7919    |  11|   0|   11|          0|
    |bram_bool_bool_bram_packet_bram_packet_ap_uint_64_buffer_66_addr_reg_7925    |  11|   0|   11|          0|
    |bram_bool_bool_bram_packet_bram_packet_ap_uint_64_buffer_67_addr_reg_7931    |  11|   0|   11|          0|
    |bram_bool_bool_bram_packet_bram_packet_ap_uint_64_buffer_68_addr_reg_7937    |  11|   0|   11|          0|
    |bram_bool_bool_bram_packet_bram_packet_ap_uint_64_buffer_69_addr_reg_7943    |  11|   0|   11|          0|
    |bram_bool_bool_bram_packet_bram_packet_ap_uint_64_buffer_6_addr_reg_7883     |  11|   0|   11|          0|
    |bram_bool_bool_bram_packet_bram_packet_ap_uint_64_buffer_70_addr_reg_7955    |  11|   0|   11|          0|
    |bram_bool_bool_bram_packet_bram_packet_ap_uint_64_buffer_71_addr_reg_7961    |  11|   0|   11|          0|
    |bram_bool_bool_bram_packet_bram_packet_ap_uint_64_buffer_72_addr_reg_7967    |  11|   0|   11|          0|
    |bram_bool_bool_bram_packet_bram_packet_ap_uint_64_buffer_73_addr_reg_7973    |  11|   0|   11|          0|
    |bram_bool_bool_bram_packet_bram_packet_ap_uint_64_buffer_74_addr_reg_7979    |  11|   0|   11|          0|
    |bram_bool_bool_bram_packet_bram_packet_ap_uint_64_buffer_75_addr_reg_7985    |  11|   0|   11|          0|
    |bram_bool_bool_bram_packet_bram_packet_ap_uint_64_buffer_76_addr_reg_7991    |  11|   0|   11|          0|
    |bram_bool_bool_bram_packet_bram_packet_ap_uint_64_buffer_77_addr_reg_7997    |  11|   0|   11|          0|
    |bram_bool_bool_bram_packet_bram_packet_ap_uint_64_buffer_78_addr_reg_8003    |  11|   0|   11|          0|
    |bram_bool_bool_bram_packet_bram_packet_ap_uint_64_buffer_79_addr_reg_8009    |  11|   0|   11|          0|
    |bram_bool_bool_bram_packet_bram_packet_ap_uint_64_buffer_7_addr_reg_7949     |  11|   0|   11|          0|
    |bram_bool_bool_bram_packet_bram_packet_ap_uint_64_buffer_80_addr_reg_8021    |  11|   0|   11|          0|
    |bram_bool_bool_bram_packet_bram_packet_ap_uint_64_buffer_81_addr_reg_8027    |  11|   0|   11|          0|
    |bram_bool_bool_bram_packet_bram_packet_ap_uint_64_buffer_82_addr_reg_8033    |  11|   0|   11|          0|
    |bram_bool_bool_bram_packet_bram_packet_ap_uint_64_buffer_83_addr_reg_8039    |  11|   0|   11|          0|
    |bram_bool_bool_bram_packet_bram_packet_ap_uint_64_buffer_84_addr_reg_8045    |  11|   0|   11|          0|
    |bram_bool_bool_bram_packet_bram_packet_ap_uint_64_buffer_85_addr_reg_8051    |  11|   0|   11|          0|
    |bram_bool_bool_bram_packet_bram_packet_ap_uint_64_buffer_86_addr_reg_8057    |  11|   0|   11|          0|
    |bram_bool_bool_bram_packet_bram_packet_ap_uint_64_buffer_87_addr_reg_8063    |  11|   0|   11|          0|
    |bram_bool_bool_bram_packet_bram_packet_ap_uint_64_buffer_88_addr_reg_8069    |  11|   0|   11|          0|
    |bram_bool_bool_bram_packet_bram_packet_ap_uint_64_buffer_89_addr_reg_8075    |  11|   0|   11|          0|
    |bram_bool_bool_bram_packet_bram_packet_ap_uint_64_buffer_8_addr_reg_8015     |  11|   0|   11|          0|
    |bram_bool_bool_bram_packet_bram_packet_ap_uint_64_buffer_90_addr_reg_8087    |  11|   0|   11|          0|
    |bram_bool_bool_bram_packet_bram_packet_ap_uint_64_buffer_91_addr_reg_8093    |  11|   0|   11|          0|
    |bram_bool_bool_bram_packet_bram_packet_ap_uint_64_buffer_92_addr_reg_8099    |  11|   0|   11|          0|
    |bram_bool_bool_bram_packet_bram_packet_ap_uint_64_buffer_93_addr_reg_8105    |  11|   0|   11|          0|
    |bram_bool_bool_bram_packet_bram_packet_ap_uint_64_buffer_94_addr_reg_8111    |  11|   0|   11|          0|
    |bram_bool_bool_bram_packet_bram_packet_ap_uint_64_buffer_95_addr_reg_8117    |  11|   0|   11|          0|
    |bram_bool_bool_bram_packet_bram_packet_ap_uint_64_buffer_96_addr_reg_8123    |  11|   0|   11|          0|
    |bram_bool_bool_bram_packet_bram_packet_ap_uint_64_buffer_97_addr_reg_8129    |  11|   0|   11|          0|
    |bram_bool_bool_bram_packet_bram_packet_ap_uint_64_buffer_98_addr_reg_8135    |  11|   0|   11|          0|
    |bram_bool_bool_bram_packet_bram_packet_ap_uint_64_buffer_99_addr_reg_8141    |  11|   0|   11|          0|
    |bram_bool_bool_bram_packet_bram_packet_ap_uint_64_buffer_9_addr_reg_8081     |  11|   0|   11|          0|
    |j_fu_1078                                                                    |   5|   0|    5|          0|
    +-----------------------------------------------------------------------------+----+----+-----+-----------+
    |Total                                                                        |2831|   0| 2831|          0|
    +-----------------------------------------------------------------------------+----+----+-----+-----------+



================================================================
== Interface
================================================================
* Summary: 
+------------------------+-----+------+------------+----------------------------------+--------------+
|        RTL Ports       | Dir | Bits |  Protocol  |           Source Object          |    C Type    |
+------------------------+-----+------+------------+----------------------------------+--------------+
|ap_clk                  |   in|     1|  ap_ctrl_hs|  bram_Pipeline_transfer_loop_bram|  return value|
|ap_rst                  |   in|     1|  ap_ctrl_hs|  bram_Pipeline_transfer_loop_bram|  return value|
|ap_start                |   in|     1|  ap_ctrl_hs|  bram_Pipeline_transfer_loop_bram|  return value|
|ap_done                 |  out|     1|  ap_ctrl_hs|  bram_Pipeline_transfer_loop_bram|  return value|
|ap_idle                 |  out|     1|  ap_ctrl_hs|  bram_Pipeline_transfer_loop_bram|  return value|
|ap_ready                |  out|     1|  ap_ctrl_hs|  bram_Pipeline_transfer_loop_bram|  return value|
|wren                    |   in|     1|     ap_none|                              wren|        scalar|
|add_ln70_1              |   in|    11|     ap_none|                        add_ln70_1|        scalar|
|rden                    |   in|     1|     ap_none|                              rden|        scalar|
|zext_ln57               |   in|     6|     ap_none|                         zext_ln57|        scalar|
|packet_r_data_address0  |  out|     7|   ap_memory|                     packet_r_data|         array|
|packet_r_data_ce0       |  out|     1|   ap_memory|                     packet_r_data|         array|
|packet_r_data_we0       |  out|     1|   ap_memory|                     packet_r_data|         array|
|packet_r_data_d0        |  out|  1024|   ap_memory|                     packet_r_data|         array|
|trunc_ln9_reload        |   in|     8|     ap_none|                  trunc_ln9_reload|        scalar|
|packet_w_data_address0  |  out|     7|   ap_memory|                     packet_w_data|         array|
|packet_w_data_ce0       |  out|     1|   ap_memory|                     packet_w_data|         array|
|packet_w_data_q0        |   in|  1024|   ap_memory|                     packet_w_data|         array|
+------------------------+-----+------+------------+----------------------------------+--------------+

