

================================================================
== Vitis HLS Report for 'convert_to_byte_stream_1'
================================================================
* Date:           Tue Oct  3 13:43:48 2023

* Version:        2022.2 (Build 3670227 on Oct 13 2022)
* Project:        Dedup
* Solution:       solution1 (Vivado IP Flow Target)
* Product family: zynquplus
* Target device:  xczu9eg-ffvb1156-2-e


================================================================
== Performance Estimates
================================================================
+ Timing: 
    * Summary: 
    +--------+----------+----------+------------+
    |  Clock |  Target  | Estimated| Uncertainty|
    +--------+----------+----------+------------+
    |ap_clk  |  10.00 ns|  4.684 ns|     2.70 ns|
    +--------+----------+----------+------------+

+ Latency: 
    * Summary: 
    +---------+---------+-----------+----------+-----+-------+---------+
    |  Latency (cycles) |  Latency (absolute)  |   Interval  | Pipeline|
    |   min   |   max   |    min    |    max   | min |  max  |   Type  |
    +---------+---------+-----------+----------+-----+-------+---------+
    |        1|    10994|  10.000 ns|  0.110 ms|    1|  10994|       no|
    +---------+---------+-----------+----------+-----+-------+---------+

    + Detail: 
        * Instance: 
        +--------------------------------------------------------------+---------------------------------------------------+---------+---------+-----------+----------+-----+-----+---------+
        |                                                              |                                                   |  Latency (cycles) |  Latency (absolute)  |  Interval | Pipeline|
        |                           Instance                           |                       Module                      |   min   |   max   |    min    |    max   | min | max |   Type  |
        +--------------------------------------------------------------+---------------------------------------------------+---------+---------+-----------+----------+-----+-----+---------+
        |grp_convert_to_byte_stream_1_Pipeline_convert_to_byte_fu_228  |convert_to_byte_stream_1_Pipeline_convert_to_byte  |        3|      130|  30.000 ns|  1.300 us|    3|  130|       no|
        +--------------------------------------------------------------+---------------------------------------------------+---------+---------+-----------+----------+-----+-----+---------+

        * Loop: 
        +-------------+---------+---------+----------+-----------+-----------+--------+----------+
        |             |  Latency (cycles) | Iteration|  Initiation Interval  |  Trip  |          |
        |  Loop Name  |   min   |   max   |  Latency |  achieved |   target  |  Count | Pipelined|
        +-------------+---------+---------+----------+-----------+-----------+--------+----------+
        |- read_data  |        7|    10990|   7 ~ 134|          -|          -|  1 ~ 82|        no|
        +-------------+---------+---------+----------+-----------+-----------+--------+----------+



================================================================
== Utilization Estimates
================================================================
* Summary: 
+-----------------+---------+------+--------+--------+-----+
|       Name      | BRAM_18K|  DSP |   FF   |   LUT  | URAM|
+-----------------+---------+------+--------+--------+-----+
|DSP              |        -|     -|       -|       -|    -|
|Expression       |        -|     -|       0|     365|    -|
|FIFO             |        -|     -|       -|       -|    -|
|Instance         |        -|     -|      11|    2419|    -|
|Memory           |        -|     -|       -|       -|    -|
|Multiplexer      |        -|     -|       -|     222|    -|
|Register         |        -|     -|    1533|       -|    -|
+-----------------+---------+------+--------+--------+-----+
|Total            |        0|     0|    1544|    3006|    0|
+-----------------+---------+------+--------+--------+-----+
|Available        |     1824|  2520|  548160|  274080|    0|
+-----------------+---------+------+--------+--------+-----+
|Utilization (%)  |        0|     0|      ~0|       1|    0|
+-----------------+---------+------+--------+--------+-----+

+ Detail: 
    * Instance: 
    +--------------------------------------------------------------+---------------------------------------------------+---------+----+----+------+-----+
    |                           Instance                           |                       Module                      | BRAM_18K| DSP| FF |  LUT | URAM|
    +--------------------------------------------------------------+---------------------------------------------------+---------+----+----+------+-----+
    |grp_convert_to_byte_stream_1_Pipeline_convert_to_byte_fu_228  |convert_to_byte_stream_1_Pipeline_convert_to_byte  |        0|   0|  11|  2419|    0|
    +--------------------------------------------------------------+---------------------------------------------------+---------+----+----+------+-----+
    |Total                                                         |                                                   |        0|   0|  11|  2419|    0|
    +--------------------------------------------------------------+---------------------------------------------------+---------+----+----+------+-----+

    * DSP: 
    N/A

    * Memory: 
    N/A

    * FIFO: 
    N/A

    * Expression: 
    +--------------------------------+----------+----+---+----+------------+------------+
    |          Variable Name         | Operation| DSP| FF| LUT| Bitwidth P0| Bitwidth P1|
    +--------------------------------+----------+----+---+----+------------+------------+
    |add_ln840_fu_365_p2             |         +|   0|  0|  71|          64|           8|
    |i_V_14_fu_313_p2                |         +|   0|  0|  14|           7|           1|
    |ret_V_9_fu_405_p2               |         +|   0|  0|  73|          66|          66|
    |ret_V_fu_331_p2                 |         +|   0|  0|  73|          66|          66|
    |ap_block_state2                 |       and|   0|  0|   2|           1|           1|
    |ap_condition_183                |       and|   0|  0|   2|           1|           1|
    |ap_condition_210                |       and|   0|  0|   2|           1|           1|
    |ap_condition_382                |       and|   0|  0|   2|           1|           1|
    |ap_condition_384                |       and|   0|  0|   2|           1|           1|
    |ap_predicate_op27_read_state1   |       and|   0|  0|   2|           1|           1|
    |ap_predicate_op29_read_state1   |       and|   0|  0|   2|           1|           1|
    |ap_predicate_op47_write_state1  |       and|   0|  0|   2|           1|           1|
    |ap_predicate_op66_read_state2   |       and|   0|  0|   2|           1|           1|
    |tmp_nbreadreq_fu_96_p3          |       and|   0|  0|   2|           1|           0|
    |icmp_ln1027_fu_307_p2           |      icmp|   0|  0|  10|           7|           7|
    |icmp_ln1031_fu_337_p2           |      icmp|   0|  0|  29|          66|          66|
    |icmp_ln172_fu_342_p2            |      icmp|   0|  0|  20|          32|           1|
    |icmp_ln184_fu_359_p2            |      icmp|   0|  0|  20|          32|           8|
    |icmp_ln190_fu_411_p2            |      icmp|   0|  0|  29|          66|          66|
    |ap_block_state1                 |        or|   0|  0|   2|           1|           1|
    |or_ln190_fu_421_p2              |        or|   0|  0|   2|           1|           1|
    |xor_ln190_fu_416_p2             |       xor|   0|  0|   2|           1|           2|
    +--------------------------------+----------+----+---+----+------------+------------+
    |Total                           |          |   0|  0| 365|         419|         302|
    +--------------------------------+----------+----+---+----+------------+------------+

    * Multiplexer: 
    +----------------------------------------+----+-----------+-----+-----------+
    |                  Name                  | LUT| Input Size| Bits| Total Bits|
    +----------------------------------------+----+-----------+-----+-----------+
    |ap_NS_fsm                               |  49|          9|    1|          9|
    |ap_phi_mux_empty_171_phi_fu_153_p4      |  14|          3|   64|        192|
    |ap_phi_mux_empty_172_phi_fu_162_p4      |  14|          3|   32|         96|
    |ap_sig_allocacmp_meta_byte_size_V_load  |   9|          2|   64|        128|
    |i_V_fu_84                               |   9|          2|    7|         14|
    |init_byte_flag_2_reg_187                |  14|          3|    1|          3|
    |init_byte_new_2_reg_207                 |   9|          2|    1|          2|
    |input_counter_byte_V                    |   9|          2|   64|        128|
    |lhs_1_reg_169                           |   9|          2|   64|        128|
    |pos_byte                                |   9|          2|   32|         64|
    |post_fragment_data_buffer81_blk_n       |   9|          2|    1|          2|
    |post_fragment_end_buffer82_blk_n        |   9|          2|    1|          2|
    |post_fragment_meta_buffer_blk_n         |   9|          2|    1|          2|
    |rhs_2_reg_178                           |   9|          2|   32|         64|
    |segment_data_write                      |   9|          2|    1|          2|
    |segment_end_blk_n                       |   9|          2|    1|          2|
    |segment_end_din                         |  14|          3|    1|          3|
    |segment_meta_blk_n                      |   9|          2|    1|          2|
    +----------------------------------------+----+-----------+-----+-----------+
    |Total                                   | 222|         47|  369|        843|
    +----------------------------------------+----+-----------+-----+-----------+

    * Register: 
    +---------------------------------------------------------------------------+------+----+------+-----------+
    |                                    Name                                   |  FF  | LUT| Bits | Const Bits|
    +---------------------------------------------------------------------------+------+----+------+-----------+
    |ap_CS_fsm                                                                  |     8|   0|     8|          0|
    |conv_i41_reg_469                                                           |    64|   0|    66|          2|
    |current_long_V                                                             |  1024|   0|  1024|          0|
    |end_byte                                                                   |     1|   0|     1|          0|
    |grp_convert_to_byte_stream_1_Pipeline_convert_to_byte_fu_228_ap_start_reg  |     1|   0|     1|          0|
    |i_V_14_reg_488                                                             |     7|   0|     7|          0|
    |i_V_fu_84                                                                  |     7|   0|     7|          0|
    |icmp_ln190_reg_518                                                         |     1|   0|     1|          0|
    |init_byte                                                                  |     1|   0|     1|          0|
    |init_byte_flag_0_reg_138                                                   |     1|   0|     1|          0|
    |init_byte_flag_2_reg_187                                                   |     1|   0|     1|          0|
    |init_byte_new_2_reg_207                                                    |     1|   0|     1|          0|
    |input_counter_byte_V                                                       |    64|   0|    64|          0|
    |lhs_1_reg_169                                                              |    64|   0|    64|          0|
    |lhs_2_fu_92                                                                |    64|   0|    64|          0|
    |meta_byte_size_V                                                           |    64|   0|    64|          0|
    |meta_byte_size_V_load_reg_464                                              |    64|   0|    64|          0|
    |p_phi3_fu_88                                                               |    32|   0|    32|          0|
    |pos_byte                                                                   |    32|   0|    32|          0|
    |rhs_2_reg_178                                                              |    32|   0|    32|          0|
    +---------------------------------------------------------------------------+------+----+------+-----------+
    |Total                                                                      |  1533|   0|  1535|          2|
    +---------------------------------------------------------------------------+------+----+------+-----------+



================================================================
== Interface
================================================================
* Summary: 
+-------------------------------------+-----+------+------------+-----------------------------+--------------+
|              RTL Ports              | Dir | Bits |  Protocol  |        Source Object        |    C Type    |
+-------------------------------------+-----+------+------------+-----------------------------+--------------+
|ap_clk                               |   in|     1|  ap_ctrl_hs|     convert_to_byte_stream.1|  return value|
|ap_rst                               |   in|     1|  ap_ctrl_hs|     convert_to_byte_stream.1|  return value|
|ap_start                             |   in|     1|  ap_ctrl_hs|     convert_to_byte_stream.1|  return value|
|ap_done                              |  out|     1|  ap_ctrl_hs|     convert_to_byte_stream.1|  return value|
|ap_idle                              |  out|     1|  ap_ctrl_hs|     convert_to_byte_stream.1|  return value|
|ap_ready                             |  out|     1|  ap_ctrl_hs|     convert_to_byte_stream.1|  return value|
|post_fragment_meta_buffer_dout       |   in|    80|     ap_fifo|    post_fragment_meta_buffer|       pointer|
|post_fragment_meta_buffer_empty_n    |   in|     1|     ap_fifo|    post_fragment_meta_buffer|       pointer|
|post_fragment_meta_buffer_read       |  out|     1|     ap_fifo|    post_fragment_meta_buffer|       pointer|
|post_fragment_data_buffer81_dout     |   in|  1024|     ap_fifo|  post_fragment_data_buffer81|       pointer|
|post_fragment_data_buffer81_empty_n  |   in|     1|     ap_fifo|  post_fragment_data_buffer81|       pointer|
|post_fragment_data_buffer81_read     |  out|     1|     ap_fifo|  post_fragment_data_buffer81|       pointer|
|post_fragment_end_buffer82_dout      |   in|     1|     ap_fifo|   post_fragment_end_buffer82|       pointer|
|post_fragment_end_buffer82_empty_n   |   in|     1|     ap_fifo|   post_fragment_end_buffer82|       pointer|
|post_fragment_end_buffer82_read      |  out|     1|     ap_fifo|   post_fragment_end_buffer82|       pointer|
|segment_end_din                      |  out|     1|     ap_fifo|                  segment_end|       pointer|
|segment_end_full_n                   |   in|     1|     ap_fifo|                  segment_end|       pointer|
|segment_end_write                    |  out|     1|     ap_fifo|                  segment_end|       pointer|
|segment_meta_din                     |  out|   128|     ap_fifo|                 segment_meta|       pointer|
|segment_meta_full_n                  |   in|     1|     ap_fifo|                 segment_meta|       pointer|
|segment_meta_write                   |  out|     1|     ap_fifo|                 segment_meta|       pointer|
|segment_data_din                     |  out|     8|     ap_fifo|                 segment_data|       pointer|
|segment_data_full_n                  |   in|     1|     ap_fifo|                 segment_data|       pointer|
|segment_data_write                   |  out|     1|     ap_fifo|                 segment_data|       pointer|
+-------------------------------------+-----+------+------------+-----------------------------+--------------+

