

================================================================
== Vitis HLS Report for 'write_out_Pipeline_write_data_to_file'
================================================================
* Date:           Tue Oct  3 13:44:10 2023

* Version:        2022.2 (Build 3670227 on Oct 13 2022)
* Project:        Dedup
* Solution:       solution1 (Vivado IP Flow Target)
* Product family: zynquplus
* Target device:  xczu9eg-ffvb1156-2-e


================================================================
== Performance Estimates
================================================================
+ Timing: 
    * Summary: 
    +--------+----------+----------+------------+
    |  Clock |  Target  | Estimated| Uncertainty|
    +--------+----------+----------+------------+
    |ap_clk  |  10.00 ns|  5.621 ns|     2.70 ns|
    +--------+----------+----------+------------+

+ Latency: 
    * Summary: 
    +---------+---------+----------+-----------+-----+------+---------+
    |  Latency (cycles) |  Latency (absolute)  |  Interval  | Pipeline|
    |   min   |   max   |    min   |    max    | min |  max |   Type  |
    +---------+---------+----------+-----------+-----+------+---------+
    |       23|     1303|  0.230 us|  13.030 us|   23|  1303|       no|
    +---------+---------+----------+-----------+-----+------+---------+

    + Detail: 
        * Instance: 
        N/A

        * Loop: 
        +----------------------+---------+---------+----------+-----------+-----------+--------+----------+
        |                      |  Latency (cycles) | Iteration|  Initiation Interval  |  Trip  |          |
        |       Loop Name      |   min   |   max   |  Latency |  achieved |   target  |  Count | Pipelined|
        +----------------------+---------+---------+----------+-----------+-----------+--------+----------+
        |- write_data_to_file  |       21|     1301|        22|         16|         16|  1 ~ 81|       yes|
        +----------------------+---------+---------+----------+-----------+-----------+--------+----------+



================================================================
== Utilization Estimates
================================================================
* Summary: 
+-----------------+---------+------+--------+--------+-----+
|       Name      | BRAM_18K|  DSP |   FF   |   LUT  | URAM|
+-----------------+---------+------+--------+--------+-----+
|DSP              |        -|     -|       -|       -|    -|
|Expression       |        -|     -|       0|     838|    -|
|FIFO             |        -|     -|       -|       -|    -|
|Instance         |        -|     -|       0|    6832|    -|
|Memory           |        -|     -|       -|       -|    -|
|Multiplexer      |        -|     -|       -|     225|    -|
|Register         |        -|     -|    1142|       -|    -|
+-----------------+---------+------+--------+--------+-----+
|Total            |        0|     0|    1142|    7895|    0|
+-----------------+---------+------+--------+--------+-----+
|Available        |     1824|  2520|  548160|  274080|    0|
+-----------------+---------+------+--------+--------+-----+
|Utilization (%)  |        0|     0|      ~0|       2|    0|
+-----------------+---------+------+--------+--------+-----+

+ Detail: 
    * Instance: 
    +------------------------+------------------+---------+----+---+-----+-----+
    |        Instance        |      Module      | BRAM_18K| DSP| FF| LUT | URAM|
    +------------------------+------------------+---------+----+---+-----+-----+
    |mux_817_1024_1_1_U1692  |mux_817_1024_1_1  |        0|   0|  0|  427|    0|
    |mux_817_1024_1_1_U1693  |mux_817_1024_1_1  |        0|   0|  0|  427|    0|
    |mux_817_1024_1_1_U1694  |mux_817_1024_1_1  |        0|   0|  0|  427|    0|
    |mux_817_1024_1_1_U1695  |mux_817_1024_1_1  |        0|   0|  0|  427|    0|
    |mux_817_1024_1_1_U1696  |mux_817_1024_1_1  |        0|   0|  0|  427|    0|
    |mux_817_1024_1_1_U1697  |mux_817_1024_1_1  |        0|   0|  0|  427|    0|
    |mux_817_1024_1_1_U1698  |mux_817_1024_1_1  |        0|   0|  0|  427|    0|
    |mux_817_1024_1_1_U1699  |mux_817_1024_1_1  |        0|   0|  0|  427|    0|
    |mux_817_1024_1_1_U1700  |mux_817_1024_1_1  |        0|   0|  0|  427|    0|
    |mux_817_1024_1_1_U1701  |mux_817_1024_1_1  |        0|   0|  0|  427|    0|
    |mux_817_1024_1_1_U1702  |mux_817_1024_1_1  |        0|   0|  0|  427|    0|
    |mux_817_1024_1_1_U1703  |mux_817_1024_1_1  |        0|   0|  0|  427|    0|
    |mux_817_1024_1_1_U1704  |mux_817_1024_1_1  |        0|   0|  0|  427|    0|
    |mux_817_1024_1_1_U1705  |mux_817_1024_1_1  |        0|   0|  0|  427|    0|
    |mux_817_1024_1_1_U1706  |mux_817_1024_1_1  |        0|   0|  0|  427|    0|
    |mux_817_1024_1_1_U1707  |mux_817_1024_1_1  |        0|   0|  0|  427|    0|
    +------------------------+------------------+---------+----+---+-----+-----+
    |Total                   |                  |        0|   0|  0| 6832|    0|
    +------------------------+------------------+---------+----+---+-----+-----+

    * DSP: 
    N/A

    * Memory: 
    N/A

    * FIFO: 
    N/A

    * Expression: 
    +------------------------------------+----------+----+---+----+------------+------------+
    |            Variable Name           | Operation| DSP| FF| LUT| Bitwidth P0| Bitwidth P1|
    +------------------------------------+----------+----+---+----+------------+------------+
    |i_V_2_fu_918_p2                     |         +|   0|  0|  14|           7|           1|
    |and_ln42_1_fu_937_p2                |       and|   0|  0|   2|           1|           1|
    |and_ln42_fu_931_p2                  |       and|   0|  0|   2|           1|           1|
    |ap_block_pp0_stage0_01001           |       and|   0|  0|   2|           1|           1|
    |ap_block_pp0_stage10_01001          |       and|   0|  0|   2|           1|           1|
    |ap_block_pp0_stage11_01001          |       and|   0|  0|   2|           1|           1|
    |ap_block_pp0_stage12_01001          |       and|   0|  0|   2|           1|           1|
    |ap_block_pp0_stage13_01001          |       and|   0|  0|   2|           1|           1|
    |ap_block_pp0_stage14_01001          |       and|   0|  0|   2|           1|           1|
    |ap_block_pp0_stage15_01001          |       and|   0|  0|   2|           1|           1|
    |ap_block_pp0_stage1_01001           |       and|   0|  0|   2|           1|           1|
    |ap_block_pp0_stage2_01001           |       and|   0|  0|   2|           1|           1|
    |ap_block_pp0_stage3_01001           |       and|   0|  0|   2|           1|           1|
    |ap_block_pp0_stage4_00001           |       and|   0|  0|   2|           1|           1|
    |ap_block_pp0_stage5_01001           |       and|   0|  0|   2|           1|           1|
    |ap_block_pp0_stage6_01001           |       and|   0|  0|   2|           1|           1|
    |ap_block_pp0_stage7_01001           |       and|   0|  0|   2|           1|           1|
    |ap_block_pp0_stage8_01001           |       and|   0|  0|   2|           1|           1|
    |ap_block_pp0_stage9_01001           |       and|   0|  0|   2|           1|           1|
    |ap_block_state10_pp0_stage9_iter0   |       and|   0|  0|   2|           1|           1|
    |ap_block_state11_pp0_stage10_iter0  |       and|   0|  0|   2|           1|           1|
    |ap_block_state12_pp0_stage11_iter0  |       and|   0|  0|   2|           1|           1|
    |ap_block_state13_pp0_stage12_iter0  |       and|   0|  0|   2|           1|           1|
    |ap_block_state14_pp0_stage13_iter0  |       and|   0|  0|   2|           1|           1|
    |ap_block_state15_pp0_stage14_iter0  |       and|   0|  0|   2|           1|           1|
    |ap_block_state16_pp0_stage15_iter0  |       and|   0|  0|   2|           1|           1|
    |ap_block_state17_pp0_stage0_iter1   |       and|   0|  0|   2|           1|           1|
    |ap_block_state18_pp0_stage1_iter1   |       and|   0|  0|   2|           1|           1|
    |ap_block_state19_pp0_stage2_iter1   |       and|   0|  0|   2|           1|           1|
    |ap_block_state20_pp0_stage3_iter1   |       and|   0|  0|   2|           1|           1|
    |ap_block_state21_pp0_stage4_iter1   |       and|   0|  0|   2|           1|           1|
    |ap_block_state22_pp0_stage5_iter1   |       and|   0|  0|   2|           1|           1|
    |ap_block_state7_pp0_stage6_iter0    |       and|   0|  0|   2|           1|           1|
    |ap_block_state8_pp0_stage7_iter0    |       and|   0|  0|   2|           1|           1|
    |ap_block_state9_pp0_stage8_iter0    |       and|   0|  0|   2|           1|           1|
    |ap_predicate_op238_write_state7     |       and|   0|  0|   2|           1|           1|
    |ap_predicate_op240_write_state8     |       and|   0|  0|   2|           1|           1|
    |ap_predicate_op242_write_state9     |       and|   0|  0|   2|           1|           1|
    |ap_predicate_op244_write_state10    |       and|   0|  0|   2|           1|           1|
    |ap_predicate_op246_write_state11    |       and|   0|  0|   2|           1|           1|
    |ap_predicate_op248_write_state12    |       and|   0|  0|   2|           1|           1|
    |ap_predicate_op250_write_state13    |       and|   0|  0|   2|           1|           1|
    |ap_predicate_op252_write_state14    |       and|   0|  0|   2|           1|           1|
    |ap_predicate_op254_write_state15    |       and|   0|  0|   2|           1|           1|
    |ap_predicate_op256_write_state16    |       and|   0|  0|   2|           1|           1|
    |icmp_ln1027_fu_862_p2               |      icmp|   0|  0|  10|           7|           7|
    |icmp_ln42_1_fu_912_p2               |      icmp|   0|  0|  24|          52|           1|
    |icmp_ln42_2_fu_883_p2               |      icmp|   0|  0|  11|          11|           2|
    |icmp_ln42_fu_906_p2                 |      icmp|   0|  0|  11|          11|           2|
    |icmp_ln46_10_fu_2058_p2             |      icmp|   0|  0|  29|          64|          64|
    |icmp_ln46_11_fu_2169_p2             |      icmp|   0|  0|  29|          64|          64|
    |icmp_ln46_12_fu_2280_p2             |      icmp|   0|  0|  29|          64|          64|
    |icmp_ln46_13_fu_2391_p2             |      icmp|   0|  0|  29|          64|          64|
    |icmp_ln46_14_fu_2502_p2             |      icmp|   0|  0|  29|          64|          64|
    |icmp_ln46_15_fu_2613_p2             |      icmp|   0|  0|  29|          64|          64|
    |icmp_ln46_1_fu_1059_p2              |      icmp|   0|  0|  29|          64|          64|
    |icmp_ln46_2_fu_1170_p2              |      icmp|   0|  0|  29|          64|          64|
    |icmp_ln46_3_fu_1281_p2              |      icmp|   0|  0|  29|          64|          64|
    |icmp_ln46_4_fu_1392_p2              |      icmp|   0|  0|  29|          64|          64|
    |icmp_ln46_5_fu_1503_p2              |      icmp|   0|  0|  29|          64|          64|
    |icmp_ln46_6_fu_1614_p2              |      icmp|   0|  0|  29|          64|          64|
    |icmp_ln46_7_fu_1725_p2              |      icmp|   0|  0|  29|          64|          64|
    |icmp_ln46_8_fu_1836_p2              |      icmp|   0|  0|  29|          64|          64|
    |icmp_ln46_9_fu_1947_p2              |      icmp|   0|  0|  29|          64|          64|
    |icmp_ln46_fu_954_p2                 |      icmp|   0|  0|  29|          64|          64|
    |or_ln42_1_fu_927_p2                 |        or|   0|  0|   2|           1|           1|
    |or_ln42_fu_923_p2                   |        or|   0|  0|   2|           1|           1|
    |or_ln46_10_fu_2159_p2               |        or|   0|  0|  14|          14|           7|
    |or_ln46_11_fu_2270_p2               |        or|   0|  0|  14|          14|           7|
    |or_ln46_12_fu_2381_p2               |        or|   0|  0|  14|          14|           7|
    |or_ln46_13_fu_2492_p2               |        or|   0|  0|  14|          14|           7|
    |or_ln46_14_fu_2603_p2               |        or|   0|  0|  14|          14|           7|
    |or_ln46_1_fu_1160_p2                |        or|   0|  0|  14|          14|           5|
    |or_ln46_2_fu_1271_p2                |        or|   0|  0|  14|          14|           5|
    |or_ln46_3_fu_1382_p2                |        or|   0|  0|  14|          14|           6|
    |or_ln46_4_fu_1493_p2                |        or|   0|  0|  14|          14|           6|
    |or_ln46_5_fu_1604_p2                |        or|   0|  0|  14|          14|           6|
    |or_ln46_6_fu_1715_p2                |        or|   0|  0|  14|          14|           6|
    |or_ln46_7_fu_1826_p2                |        or|   0|  0|  14|          14|           7|
    |or_ln46_8_fu_1937_p2                |        or|   0|  0|  14|          14|           7|
    |or_ln46_9_fu_2048_p2                |        or|   0|  0|  14|          14|           7|
    |or_ln46_fu_1049_p2                  |        or|   0|  0|  14|          14|           4|
    |ap_enable_pp0                       |       xor|   0|  0|   2|           1|           2|
    +------------------------------------+----------+----+---+----+------------+------------+
    |Total                               |          |   0|  0| 838|        1369|        1179|
    +------------------------------------+----------+----+---+----+------------+------------+

    * Multiplexer: 
    +-----------------------------+----+-----------+-----+-----------+
    |             Name            | LUT| Input Size| Bits| Total Bits|
    +-----------------------------+----+-----------+-----+-----------+
    |ap_NS_fsm                    |  81|         17|    1|         17|
    |ap_done_int                  |   9|          2|    1|          2|
    |ap_enable_reg_pp0_iter0      |   9|          2|    1|          2|
    |ap_enable_reg_pp0_iter0_reg  |   9|          2|    1|          2|
    |ap_enable_reg_pp0_iter1      |   9|          2|    1|          2|
    |ap_sig_allocacmp_i_V_1       |   9|          2|    7|         14|
    |i_V_fu_326                   |   9|          2|    7|         14|
    |out_buffer78_blk_n           |   9|          2|    1|          2|
    |out_buffer78_din             |  81|         17|   64|       1088|
    +-----------------------------+----+-----------+-----+-----------+
    |Total                        | 225|         48|   84|       1143|
    +-----------------------------+----+-----------+-----+-----------+

    * Register: 
    +-----------------------------+----+----+-----+-----------+
    |             Name            | FF | LUT| Bits| Const Bits|
    +-----------------------------+----+----+-----+-----------+
    |and_ln42_1_reg_4428          |   1|   0|    1|          0|
    |ap_CS_fsm                    |  16|   0|   16|          0|
    |ap_done_reg                  |   1|   0|    1|          0|
    |ap_enable_reg_pp0_iter0_reg  |   1|   0|    1|          0|
    |ap_enable_reg_pp0_iter1      |   1|   0|    1|          0|
    |conv_reg_4412                |  64|   0|   64|          0|
    |i_V_1_reg_4376               |   7|   0|    7|          0|
    |i_V_fu_326                   |   7|   0|    7|          0|
    |icmp_ln1027_reg_4398         |   1|   0|    1|          0|
    |icmp_ln42_1_reg_4423         |   1|   0|    1|          0|
    |icmp_ln42_2_reg_4407         |   1|   0|    1|          0|
    |icmp_ln42_reg_4418           |   1|   0|    1|          0|
    |icmp_ln46_10_reg_4522        |   1|   0|    1|          0|
    |icmp_ln46_11_reg_4531        |   1|   0|    1|          0|
    |icmp_ln46_12_reg_4540        |   1|   0|    1|          0|
    |icmp_ln46_13_reg_4549        |   1|   0|    1|          0|
    |icmp_ln46_14_reg_4558        |   1|   0|    1|          0|
    |icmp_ln46_15_reg_4567        |   1|   0|    1|          0|
    |icmp_ln46_1_reg_4441         |   1|   0|    1|          0|
    |icmp_ln46_2_reg_4450         |   1|   0|    1|          0|
    |icmp_ln46_3_reg_4459         |   1|   0|    1|          0|
    |icmp_ln46_4_reg_4468         |   1|   0|    1|          0|
    |icmp_ln46_5_reg_4477         |   1|   0|    1|          0|
    |icmp_ln46_6_reg_4486         |   1|   0|    1|          0|
    |icmp_ln46_7_reg_4495         |   1|   0|    1|          0|
    |icmp_ln46_8_reg_4504         |   1|   0|    1|          0|
    |icmp_ln46_9_reg_4513         |   1|   0|    1|          0|
    |icmp_ln46_reg_4432           |   1|   0|    1|          0|
    |p_10_reg_4535                |  64|   0|   64|          0|
    |p_11_reg_4544                |  64|   0|   64|          0|
    |p_12_reg_4553                |  64|   0|   64|          0|
    |p_13_reg_4562                |  64|   0|   64|          0|
    |p_14_reg_4571                |  64|   0|   64|          0|
    |p_1_reg_4454                 |  64|   0|   64|          0|
    |p_2_reg_4463                 |  64|   0|   64|          0|
    |p_3_reg_4472                 |  64|   0|   64|          0|
    |p_4_reg_4481                 |  64|   0|   64|          0|
    |p_5_reg_4490                 |  64|   0|   64|          0|
    |p_6_reg_4499                 |  64|   0|   64|          0|
    |p_7_reg_4508                 |  64|   0|   64|          0|
    |p_8_reg_4517                 |  64|   0|   64|          0|
    |p_9_reg_4526                 |  64|   0|   64|          0|
    |p_s_reg_4445                 |  64|   0|   64|          0|
    |trunc_ln628_reg_4436         |  64|   0|   64|          0|
    +-----------------------------+----+----+-----+-----------+
    |Total                        |1142|   0| 1142|          0|
    +-----------------------------+----+----+-----+-----------+



================================================================
== Interface
================================================================
* Summary: 
+----------------------+-----+------+------------+---------------------------------------+--------------+
|       RTL Ports      | Dir | Bits |  Protocol  |             Source Object             |    C Type    |
+----------------------+-----+------+------------+---------------------------------------+--------------+
|ap_clk                |   in|     1|  ap_ctrl_hs|  write_out_Pipeline_write_data_to_file|  return value|
|ap_rst                |   in|     1|  ap_ctrl_hs|  write_out_Pipeline_write_data_to_file|  return value|
|ap_start              |   in|     1|  ap_ctrl_hs|  write_out_Pipeline_write_data_to_file|  return value|
|ap_done               |  out|     1|  ap_ctrl_hs|  write_out_Pipeline_write_data_to_file|  return value|
|ap_idle               |  out|     1|  ap_ctrl_hs|  write_out_Pipeline_write_data_to_file|  return value|
|ap_ready              |  out|     1|  ap_ctrl_hs|  write_out_Pipeline_write_data_to_file|  return value|
|grp_fu_1641_p_din0    |  out|    64|  ap_ctrl_hs|  write_out_Pipeline_write_data_to_file|  return value|
|grp_fu_1641_p_din1    |  out|    64|  ap_ctrl_hs|  write_out_Pipeline_write_data_to_file|  return value|
|grp_fu_1641_p_opcode  |  out|     5|  ap_ctrl_hs|  write_out_Pipeline_write_data_to_file|  return value|
|grp_fu_1641_p_dout0   |   in|     1|  ap_ctrl_hs|  write_out_Pipeline_write_data_to_file|  return value|
|grp_fu_1641_p_ce      |  out|     1|  ap_ctrl_hs|  write_out_Pipeline_write_data_to_file|  return value|
|grp_fu_1645_p_din0    |  out|    64|  ap_ctrl_hs|  write_out_Pipeline_write_data_to_file|  return value|
|grp_fu_1645_p_dout0   |   in|    64|  ap_ctrl_hs|  write_out_Pipeline_write_data_to_file|  return value|
|grp_fu_1645_p_ce      |  out|     1|  ap_ctrl_hs|  write_out_Pipeline_write_data_to_file|  return value|
|out_buffer78_din      |  out|    64|     ap_fifo|                           out_buffer78|       pointer|
|out_buffer78_full_n   |   in|     1|     ap_fifo|                           out_buffer78|       pointer|
|out_buffer78_write    |  out|     1|     ap_fifo|                           out_buffer78|       pointer|
|p_read1               |   in|    64|     ap_none|                                p_read1|        scalar|
|bitcast_ln42_1        |   in|    63|     ap_none|                         bitcast_ln42_1|        scalar|
|icmp_ln42_3           |   in|     1|     ap_none|                            icmp_ln42_3|        scalar|
|select_ln1035_1       |   in|    64|     ap_none|                        select_ln1035_1|        scalar|
|p_read3               |   in|  1024|     ap_none|                                p_read3|        scalar|
|p_read4               |   in|  1024|     ap_none|                                p_read4|        scalar|
|p_read5               |   in|  1024|     ap_none|                                p_read5|        scalar|
|p_read6               |   in|  1024|     ap_none|                                p_read6|        scalar|
|p_read7               |   in|  1024|     ap_none|                                p_read7|        scalar|
|p_read8               |   in|  1024|     ap_none|                                p_read8|        scalar|
|p_read9               |   in|  1024|     ap_none|                                p_read9|        scalar|
|p_read10              |   in|  1024|     ap_none|                               p_read10|        scalar|
|p_read11              |   in|  1024|     ap_none|                               p_read11|        scalar|
|p_read12              |   in|  1024|     ap_none|                               p_read12|        scalar|
|p_read13              |   in|  1024|     ap_none|                               p_read13|        scalar|
|p_read14              |   in|  1024|     ap_none|                               p_read14|        scalar|
|p_read15              |   in|  1024|     ap_none|                               p_read15|        scalar|
|p_read16              |   in|  1024|     ap_none|                               p_read16|        scalar|
|p_read17              |   in|  1024|     ap_none|                               p_read17|        scalar|
|p_read18              |   in|  1024|     ap_none|                               p_read18|        scalar|
|p_read19              |   in|  1024|     ap_none|                               p_read19|        scalar|
|p_read20              |   in|  1024|     ap_none|                               p_read20|        scalar|
|p_read21              |   in|  1024|     ap_none|                               p_read21|        scalar|
|p_read22              |   in|  1024|     ap_none|                               p_read22|        scalar|
|p_read23              |   in|  1024|     ap_none|                               p_read23|        scalar|
|p_read24              |   in|  1024|     ap_none|                               p_read24|        scalar|
|p_read25              |   in|  1024|     ap_none|                               p_read25|        scalar|
|p_read26              |   in|  1024|     ap_none|                               p_read26|        scalar|
|p_read27              |   in|  1024|     ap_none|                               p_read27|        scalar|
|p_read28              |   in|  1024|     ap_none|                               p_read28|        scalar|
|p_read29              |   in|  1024|     ap_none|                               p_read29|        scalar|
|p_read30              |   in|  1024|     ap_none|                               p_read30|        scalar|
|p_read31              |   in|  1024|     ap_none|                               p_read31|        scalar|
|p_read32              |   in|  1024|     ap_none|                               p_read32|        scalar|
|p_read33              |   in|  1024|     ap_none|                               p_read33|        scalar|
|p_read34              |   in|  1024|     ap_none|                               p_read34|        scalar|
|p_read35              |   in|  1024|     ap_none|                               p_read35|        scalar|
|p_read36              |   in|  1024|     ap_none|                               p_read36|        scalar|
|p_read37              |   in|  1024|     ap_none|                               p_read37|        scalar|
|p_read38              |   in|  1024|     ap_none|                               p_read38|        scalar|
|p_read39              |   in|  1024|     ap_none|                               p_read39|        scalar|
|p_read40              |   in|  1024|     ap_none|                               p_read40|        scalar|
|p_read41              |   in|  1024|     ap_none|                               p_read41|        scalar|
|p_read42              |   in|  1024|     ap_none|                               p_read42|        scalar|
|p_read43              |   in|  1024|     ap_none|                               p_read43|        scalar|
|p_read44              |   in|  1024|     ap_none|                               p_read44|        scalar|
|p_read45              |   in|  1024|     ap_none|                               p_read45|        scalar|
|p_read46              |   in|  1024|     ap_none|                               p_read46|        scalar|
|p_read47              |   in|  1024|     ap_none|                               p_read47|        scalar|
|p_read48              |   in|  1024|     ap_none|                               p_read48|        scalar|
|p_read49              |   in|  1024|     ap_none|                               p_read49|        scalar|
|p_read50              |   in|  1024|     ap_none|                               p_read50|        scalar|
|p_read51              |   in|  1024|     ap_none|                               p_read51|        scalar|
|p_read52              |   in|  1024|     ap_none|                               p_read52|        scalar|
|p_read53              |   in|  1024|     ap_none|                               p_read53|        scalar|
|p_read54              |   in|  1024|     ap_none|                               p_read54|        scalar|
|p_read55              |   in|  1024|     ap_none|                               p_read55|        scalar|
|p_read56              |   in|  1024|     ap_none|                               p_read56|        scalar|
|p_read57              |   in|  1024|     ap_none|                               p_read57|        scalar|
|p_read58              |   in|  1024|     ap_none|                               p_read58|        scalar|
|p_read59              |   in|  1024|     ap_none|                               p_read59|        scalar|
|p_read60              |   in|  1024|     ap_none|                               p_read60|        scalar|
|p_read61              |   in|  1024|     ap_none|                               p_read61|        scalar|
|p_read62              |   in|  1024|     ap_none|                               p_read62|        scalar|
|p_read63              |   in|  1024|     ap_none|                               p_read63|        scalar|
|p_read64              |   in|  1024|     ap_none|                               p_read64|        scalar|
|p_read65              |   in|  1024|     ap_none|                               p_read65|        scalar|
|p_read66              |   in|  1024|     ap_none|                               p_read66|        scalar|
|p_read67              |   in|  1024|     ap_none|                               p_read67|        scalar|
|p_read68              |   in|  1024|     ap_none|                               p_read68|        scalar|
|p_read69              |   in|  1024|     ap_none|                               p_read69|        scalar|
|p_read70              |   in|  1024|     ap_none|                               p_read70|        scalar|
|p_read71              |   in|  1024|     ap_none|                               p_read71|        scalar|
|p_read72              |   in|  1024|     ap_none|                               p_read72|        scalar|
|p_read73              |   in|  1024|     ap_none|                               p_read73|        scalar|
|p_read74              |   in|  1024|     ap_none|                               p_read74|        scalar|
|p_read75              |   in|  1024|     ap_none|                               p_read75|        scalar|
|p_read76              |   in|  1024|     ap_none|                               p_read76|        scalar|
|p_read77              |   in|  1024|     ap_none|                               p_read77|        scalar|
|p_read78              |   in|  1024|     ap_none|                               p_read78|        scalar|
|p_read79              |   in|  1024|     ap_none|                               p_read79|        scalar|
|p_read80              |   in|  1024|     ap_none|                               p_read80|        scalar|
|p_read81              |   in|  1024|     ap_none|                               p_read81|        scalar|
|p_read82              |   in|  1024|     ap_none|                               p_read82|        scalar|
|p_read83              |   in|  1024|     ap_none|                               p_read83|        scalar|
+----------------------+-----+------+------------+---------------------------------------+--------------+

