

Implementation tool: Xilinx Vivado v.2022.2
Project:             Dedup
Solution:            solution1
Device target:       xczu9eg-ffvb1156-2-e
Report date:         Fri Nov 10 13:23:10 CET 2023

#=== Post-Implementation Resource usage ===
SLICE:            0
LUT:          58079
FF:          116771
DSP:             41
BRAM:           992
URAM:             0
LATCH:            0
SRL:             16
CLB:          27599

#=== Final timing ===
CP required:                     10.000
CP achieved post-synthesis:      4.638
CP achieved post-implementation: 9.696
Timing met
