================================================================
== Vivado Place & Route Results
================================================================
+ General Information:
    * Date:            Thu Nov 09 15:32:29 CET 2023
    * Version:         2022.2 (Build 3670227 on Oct 13 2022)
    * Project:         Dedup
    * Solution:        solution1 (Vivado IP Flow Target)
    * Product family:  zynquplus
    * Target device:   xczu9eg-ffvb1156-2-e


================================================================
== Run Constraints & Options
================================================================
+ Design Constraints & Options:
    * Place & Route target clock:  10 ns
    * C-Synthesis target clock:    10 ns
    * C-Synthesis uncertainty:     27%

+ RTL Synthesis Options:
    * config_export -vivado_synth_strategy:     default
    * config_export -vivado_synth_design_args:  -directive sdx_optimization_effort_high

+ Place & Route Options:
    * config_export -vivado_impl_strategy:  default
    * config_export -vivado_phys_opt:       none

+ Reporting Options:
    * config_export -vivado_report_level:      2
    * config_export -vivado_max_timing_paths:  10


================================================================
== Place & Route Resource Summary
================================================================
LUT:              58787
FF:               115626
DSP:              17
BRAM:             1016
URAM:             0
SRL:              25


================================================================
== Place & Route Timing Summary
================================================================
* Timing was met
+----------------+-------------+
| Timing         | Period (ns) |
+----------------+-------------+
| Target         | 10.000      |
| Post-Synthesis | 6.386       |
| Post-Route     | 8.953       |
+----------------+-------------+


================================================================
== Place & Route Resources
================================================================
+-------------------------------------------------------------------------------------------------+-------+--------+-----+------+------+-----+--------+--------+---------+---------------------------+-----------------------------+
| Name                                                                                            | LUT   | FF     | DSP | BRAM | URAM | SRL | Pragma | Impl   | Latency | Variable                  | Source                      |
+-------------------------------------------------------------------------------------------------+-------+--------+-----+------+------+-----+--------+--------+---------+---------------------------+-----------------------------+
| inst                                                                                            | 58787 | 115626 | 17  | 1016 |      |     |        |        |         |                           |                             |
|   (inst)                                                                                        | 269   | 1135   |     | 4    |      |     |        |        |         |                           |                             |
|   dcmp_64ns_64ns_1_2_no_dsp_1_U613                                                              | 91    | 132    |     |      |      |     |        |        |         |                           |                             |
|     bind_op fifo                                                                                |       |        |     |      |      |     |        | srl    | 0       | end_in_buffer_write_ln35  | src/top.cpp:35              |
|   dmul_64ns_64ns_64_5_max_dsp_1_U612                                                            | 84    | 186    | 8   |      |      |     |        |        |         |                           |                             |
|     bind_op dmul                                                                                |       |        |     |      |      |     |        | maxdsp | 4       | mul_i_i                   | src/fragment.cpp:60         |
|     bind_op dmul                                                                                |       |        |     |      |      |     |        | maxdsp | 4       | dc                        | src/fragment.cpp:60         |
|     bind_op dmul                                                                                |       |        |     |      |      |     |        | maxdsp | 4       | mul_i_i1                  | src/fragment_refine.cpp:33  |
|     bind_op dmul                                                                                |       |        |     |      |      |     |        | maxdsp | 4       | dc_1                      | src/fragment_refine.cpp:33  |
|   end_in_buffer_fifo_U                                                                          | 17    | 6      |     |      |      |     |        |        |         |                           |                             |
|     bind_storage fifo                                                                           |       |        |     |      |      |     |        | srl    | 0       | end_in_buffer             | src/top.cpp:116             |
|   end_out_buffer_fifo_U                                                                         | 10    | 6      |     |      |      |     |        |        |         |                           |                             |
|     bind_storage fifo                                                                           |       |        |     |      |      |     |        | srl    | 0       | end_out_buffer            | src/top.cpp:120             |
|   grp_check_input_fu_893                                                                        | 27798 | 85148  |     |      |      |     |        |        |         |                           |                             |
|     (grp_check_input_fu_893)                                                                    | 318   | 507    |     |      |      |     |        |        |         |                           |                             |
|   grp_convert_to_byte_stream_1_fu_814                                                           | 528   | 435    |     |      |      |     |        |        |         |                           |                             |
|     (grp_convert_to_byte_stream_1_fu_814)                                                       | 166   | 424    |     |      |      |     |        |        |         |                           |                             |
|   grp_convert_to_byte_stream_fu_757                                                             | 1585  | 824    |     |      |      |     |        |        |         |                           |                             |
|     (grp_convert_to_byte_stream_fu_757)                                                         | 225   | 366    |     |      |      |     |        |        |         |                           |                             |
|   grp_dedup_fu_875                                                                              | 20855 | 20216  | 9   | 791  |      |     |        |        |         |                           |                             |
|     (grp_dedup_fu_875)                                                                          | 547   | 1688   |     |      |      |     |        |        |         |                           |                             |
|     bram_data_fifo_U                                                                            | 36    | 32     |     | 29   |      |     |        |        |         |                           |                             |
|       bind_storage fifo                                                                         |       |        |     |      |      |     |        | memory | 0       | bram_data                 | src/dedup.cpp:143           |
|     bram_meta_fifo_U                                                                            | 67    | 132    |     |      |      |     |        |        |         |                           |                             |
|       bind_storage fifo                                                                         |       |        |     |      |      |     |        | srl    | 0       | bram_meta                 |                             |
|     buffer_hash_V_U                                                                             | 300   | 420    |     | 5    |      |     |        |        |         |                           |                             |
|       bind_storage ram_2p                                                                       |       |        |     |      |      |     | pragma | bram   | 1       | buffer_hash_V             | src/bram.cpp:32             |
|     grp_check_duplicate_fu_324                                                                  | 15349 | 11629  | 8   | 719  |      |     |        |        |         |                           |                             |
|       (grp_check_duplicate_fu_324)                                                              | 391   | 594    |     |      |      |     |        |        |         |                           |                             |
|       agg_tmp16_0_U                                                                             | 601   |        |     | 57   |      |     |        |        |         |                           |                             |
|         bind_storage ram_t2p                                                                    |       |        |     |      |      |     |        | auto   | 1       | agg_tmp16_0               |                             |
|       agg_tmp_0_U                                                                               | 94    |        |     | 57   |      |     |        |        |         |                           |                             |
|         bind_storage ram_t2p                                                                    |       |        |     |      |      |     |        | auto   | 1       | agg_tmp_0                 |                             |
|       grp_bram_fu_2313                                                                          | 13474 | 10833  | 8   | 517  |      |     |        |        |         |                           |                             |
|         (grp_bram_fu_2313)                                                                      | 348   | 747    |     |      |      |     |        |        |         |                           |                             |
|         dmul_64ns_64ns_64_5_max_dsp_1_U250                                                      | 116   | 186    | 8   |      |      |     |        |        |         |                           |                             |
|           bind_op dmul                                                                          |       |        |     |      |      |     |        | maxdsp | 4       | mul                       |                             |
|           bind_op dmul                                                                          |       |        |     |      |      |     |        | maxdsp | 4       | dc                        |                             |
|         grp_bram_Pipeline_VITIS_LOOP_36_1_fu_194                                                | 28    | 11     |     |      |      |     |        |        |         |                           |                             |
|           (grp_bram_Pipeline_VITIS_LOOP_36_1_fu_194)                                            |       | 9      |     |      |      |     |        |        |         |                           |                             |
|         grp_bram_Pipeline_find_addr_fu_200                                                      | 136   | 146    |     |      |      |     |        |        |         |                           |                             |
|           (grp_bram_Pipeline_find_addr_fu_200)                                                  | 68    | 144    |     |      |      |     |        |        |         |                           |                             |
|         grp_bram_Pipeline_transfer_loop_bram_fu_210                                             | 11942 | 8603   |     | 517  |      |     |        |        |         |                           |                             |
|           (grp_bram_Pipeline_transfer_loop_bram_fu_210)                                         | 2     | 178    |     |      |      |     |        |        |         |                           |                             |
|           buffer_data_V_U                                                                       | 11826 | 8423   |     | 517  |      |     |        |        |         |                           |                             |
|             bind_storage ram_2p                                                                 |       |        |     |      |      |     | pragma | bram   | 1       | buffer_data_V             | :0                          |
|           flow_control_loop_pipe_sequential_init_U                                              | 115   | 2      |     |      |      |     |        |        |         |                           |                             |
|         sitodp_64ns_64_4_no_dsp_1_U252                                                          | 318   | 198    |     |      |      |     |        |        |         |                           |                             |
|           (sitodp_64ns_64_4_no_dsp_1_U252)                                                      | 2     | 64     |     |      |      |     |        |        |         |                           |                             |
|         urem_160ns_10ns_9_164_seq_1_U253                                                        | 487   | 814    |     |      |      |     |        |        |         |                           |                             |
|           (urem_160ns_10ns_9_164_seq_1_U253)                                                    | 6     | 170    |     |      |      |     |        |        |         |                           |                             |
|       grp_check_duplicate_Pipeline_check_equality_sc_fu_2334                                    | 109   | 103    |     |      |      |     |        |        |         |                           |                             |
|         (grp_check_duplicate_Pipeline_check_equality_sc_fu_2334)                                | 83    | 101    |     |      |      |     |        |        |         |                           |                             |
|         flow_control_loop_pipe_sequential_init_U                                                | 26    | 2      |     |      |      |     |        |        |         |                           |                             |
|       grp_check_duplicate_Pipeline_copy_to_bram_fu_2301                                         | 63    | 99     |     |      |      |     |        |        |         |                           |                             |
|         (grp_check_duplicate_Pipeline_copy_to_bram_fu_2301)                                     | 52    | 97     |     |      |      |     |        |        |         |                           |                             |
|         flow_control_loop_pipe_sequential_init_U                                                | 11    | 2      |     |      |      |     |        |        |         |                           |                             |
|       mask_table_U                                                                              | 151   |        |     | 2    |      |     |        |        |         |                           |                             |
|         bind_storage rom_1p                                                                     |       |        |     |      |      |     |        | auto   | 1       | mask_table                |                             |
|         bind_storage rom_1p                                                                     |       |        |     |      |      |     |        | auto   | 1       | mask_table                |                             |
|         bind_storage rom_1p                                                                     |       |        |     |      |      |     |        | auto   | 1       | mask_table                |                             |
|         bind_storage rom_1p                                                                     |       |        |     |      |      |     |        | auto   | 1       | mask_table                |                             |
|       packet_r_data_V_U                                                                         | 2     |        |     | 29   |      |     |        |        |         |                           |                             |
|         bind_storage ram_1p                                                                     |       |        |     |      |      |     |        | auto   | 1       | packet_r_data_V           | src/dedup.cpp:81            |
|       packet_w_data_V_U                                                                         | 474   |        |     | 57   |      |     |        |        |         |                           |                             |
|         bind_storage ram_s2p                                                                    |       |        |     |      |      |     |        | auto   | 1       | packet_w_data_V           | src/dedup.cpp:81            |
|     grp_dedup_Pipeline_VITIS_LOOP_36_1_fu_301                                                   | 271   | 11     |     |      |      |     |        |        |         |                           |                             |
|       (grp_dedup_Pipeline_VITIS_LOOP_36_1_fu_301)                                               |       | 9      |     |      |      |     |        |        |         |                           |                             |
|       flow_control_loop_pipe_sequential_init_U                                                  | 271   | 2      |     |      |      |     |        |        |         |                           |                             |
|     grp_dedup_Pipeline_write_fu_340                                                             | 292   | 168    |     |      |      |     |        |        |         |                           |                             |
|       (grp_dedup_Pipeline_write_fu_340)                                                         | 153   | 66     |     |      |      |     |        |        |         |                           |                             |
|       flow_control_loop_pipe_sequential_init_U                                                  | 81    | 2      |     |      |      |     |        |        |         |                           |                             |
|       uitodp_32ns_64_4_no_dsp_1_U288                                                            | 59    | 100    |     |      |      |     |        |        |         |                           |                             |
|         (uitodp_32ns_64_4_no_dsp_1_U288)                                                        | 24    | 48     |     |      |      |     |        |        |         |                           |                             |
|     grp_dedup_Pipeline_write_to_sha1_buff_fu_307                                                | 373   | 42     |     |      |      |     |        |        |         |                           |                             |
|       (grp_dedup_Pipeline_write_to_sha1_buff_fu_307)                                            | 320   | 40     |     |      |      |     |        |        |         |                           |                             |
|       flow_control_loop_pipe_sequential_init_U                                                  | 53    | 2      |     |      |      |     |        |        |         |                           |                             |
|     grp_sha1_32u_s_fu_315                                                                       | 2746  | 4892   | 1   | 1    |      |     |        |        |         |                           |                             |
|       SHA1Digest_32u_U0                                                                         | 678   | 637    | 1   |      |      |     |        |        |         |                           |                             |
|         (SHA1Digest_32u_U0)                                                                     | 16    | 233    |     |      |      |     |        |        |         |                           |                             |
|         grp_SHA1Digest_32u_Pipeline_LOOP_SHA1_DIGEST_NBLK_LOOP_SHA1_UPDATE_80_ROUNDS_fu_129     | 599   | 404    | 1   |      |      |     |        |        |         |                           |                             |
|           (grp_SHA1Digest_32u_Pipeline_LOOP_SHA1_DIGEST_NBLK_LOOP_SHA1_UPDATE_80_ROUNDS_fu_129) | 526   | 402    |     |      |      |     |        |        |         |                           |                             |
|           flow_control_loop_pipe_sequential_init_U                                              | 7     | 2      |     |      |      |     |        |        |         |                           |                             |
|           mul_7ns_9ns_15_1_1_U198                                                               | 67    |        | 1   |      |      |     |        |        |         |                           |                             |
|             bind_op mul                                                                         |       |        |     |      |      |     |        | auto   | 0       | mul                       | src/sha1.hpp:484            |
|         mul_64ns_8ns_71_1_1_U209                                                                | 63    |        |     |      |      |     |        |        |         |                           |                             |
|           bind_op mul                                                                           |       |        |     |      |      |     |        | auto   | 0       | mul_ln475                 | src/sha1.hpp:475            |
|       blk_strm_U                                                                                | 305   | 524    |     |      |      |     |        |        |         |                           |                             |
|         bind_storage fifo                                                                       |       |        |     |      |      |     | yes    | lutram | 0       | blk_strm                  |                             |
|       end_nblk_strm1_U                                                                          | 11    | 13     |     |      |      |     |        |        |         |                           |                             |
|         bind_storage fifo                                                                       |       |        |     |      |      |     | yes    | lutram | 0       | end_nblk_strm1            | src/sha1.hpp:609            |
|       end_nblk_strm2_U                                                                          | 9     | 13     |     |      |      |     |        |        |         |                           |                             |
|         bind_storage fifo                                                                       |       |        |     |      |      |     | yes    | lutram | 0       | end_nblk_strm2            | src/sha1.hpp:612            |
|       generateMsgSchedule_32u_U0                                                                | 553   | 1819   |     |      |      |     |        |        |         |                           |                             |
|         (generateMsgSchedule_32u_U0)                                                            | 37    | 712    |     |      |      |     |        |        |         |                           |                             |
|       nblk_strm1_U                                                                              | 46    | 72     |     |      |      |     |        |        |         |                           |                             |
|         bind_storage fifo                                                                       |       |        |     |      |      |     | yes    | lutram | 0       | nblk_strm1                | src/sha1.hpp:601            |
|       nblk_strm2_U                                                                              | 46    | 72     |     |      |      |     |        |        |         |                           |                             |
|         bind_storage fifo                                                                       |       |        |     |      |      |     | yes    | lutram | 0       | nblk_strm2                | src/sha1.hpp:604            |
|       preProcessing_U0                                                                          | 1058  | 1694   |     |      |      |     |        |        |         |                           |                             |
|         (preProcessing_U0)                                                                      | 202   | 674    |     |      |      |     |        |        |         |                           |                             |
|       start_for_SHA1Digest_32u_U0_U                                                             | 3     | 4      |     |      |      |     |        |        |         |                           |                             |
|       start_for_generateMsgSchedule_32u_U0_U                                                    | 2     | 4      |     |      |      |     |        |        |         |                           |                             |
|       w_strm_U                                                                                  | 40    | 40     |     | 1    |      |     |        |        |         |                           |                             |
|         bind_storage fifo                                                                       |       |        |     |      |      |     | yes    | bram   | 0       | w_strm                    | src/sha1.hpp:617            |
|     sha1_digest_fifo_U                                                                          | 165   | 324    |     |      |      |     |        |        |         |                           |                             |
|       bind_storage fifo                                                                         |       |        |     |      |      |     |        | srl    | 0       | sha1_digest               | src/dedup.cpp:150           |
|     sha1_end_digest_fifo_U                                                                      | 10    | 6      |     |      |      |     |        |        |         |                           |                             |
|       bind_storage fifo                                                                         |       |        |     |      |      |     |        | srl    | 0       | sha1_end_digest           | src/dedup.cpp:151           |
|     sha1_end_len_fifo_U                                                                         | 10    | 6      |     |      |      |     |        |        |         |                           |                             |
|       bind_storage fifo                                                                         |       |        |     |      |      |     |        | srl    | 0       | sha1_end_len              | src/dedup.cpp:149           |
|     sha1_len_fifo_U                                                                             | 126   | 132    |     |      |      |     |        |        |         |                           |                             |
|       bind_storage fifo                                                                         |       |        |     |      |      |     |        | srl    | 0       | sha1_len                  | src/dedup.cpp:148           |
|     sha1_msg_fifo_U                                                                             | 50    | 52     |     | 8    |      |     |        |        |         |                           |                             |
|       bind_storage fifo                                                                         |       |        |     |      |      |     |        | memory | 0       | sha1_msg                  | src/dedup.cpp:147           |
|     uitodp_64ns_64_4_no_dsp_1_U297                                                              | 256   | 196    |     |      |      |     |        |        |         |                           |                             |
|       (uitodp_64ns_64_4_no_dsp_1_U297)                                                          | 4     | 64     |     |      |      |     |        |        |         |                           |                             |
|     write_out_data_fifo_U                                                                       | 36    | 32     |     | 29   |      |     |        |        |         |                           |                             |
|       bind_storage fifo                                                                         |       |        |     |      |      |     |        | memory | 0       | write_out_data            | src/dedup.cpp:144           |
|     write_out_meta_fifo_U                                                                       | 229   | 454    |     |      |      |     |        |        |         |                           |                             |
|       bind_storage fifo                                                                         |       |        |     |      |      |     |        | srl    | 0       | write_out_meta            |                             |
|   grp_segment_bc_packet_fu_782                                                                  | 879   | 1501   |     | 2    |      |     |        |        |         |                           |                             |
|     (grp_segment_bc_packet_fu_782)                                                              | 84    | 635    |     |      |      |     |        |        |         |                           |                             |
|     buffer_fifo_U                                                                               | 19    | 8      |     |      |      |     |        |        |         |                           |                             |
|       bind_storage fifo                                                                         |       |        |     |      |      |     |        | srl    | 0       | buffer                    | src/parsec/rabin.cpp:79     |
|       bind_storage fifo                                                                         |       |        |     |      |      |     |        | srl    | 0       | buffer                    | src/parsec/rabin.cpp:79     |
|     grp_segment_bc_packet_Pipeline_VITIS_LOOP_57_1_fu_185                                       | 189   | 11     |     |      |      |     |        |        |         |                           |                             |
|       (grp_segment_bc_packet_Pipeline_VITIS_LOOP_57_1_fu_185)                                   |       | 9      |     |      |      |     |        |        |         |                           |                             |
|     grp_segment_bc_packet_Pipeline_fill_buffer_loop_fu_193                                      | 101   | 85     |     |      |      |     |        |        |         |                           |                             |
|       (grp_segment_bc_packet_Pipeline_fill_buffer_loop_fu_193)                                  | 9     | 83     |     |      |      |     |        |        |         |                           |                             |
|     grp_segment_bc_packet_Pipeline_flush_buffer_fu_239                                          | 12    | 8      |     |      |      |     |        |        |         |                           |                             |
|       (grp_segment_bc_packet_Pipeline_flush_buffer_fu_239)                                      |       | 6      |     |      |      |     |        |        |         |                           |                             |
|     grp_segment_bc_packet_Pipeline_init_buffer_fu_205                                           | 133   | 131    |     |      |      |     |        |        |         |                           |                             |
|       (grp_segment_bc_packet_Pipeline_init_buffer_fu_205)                                       | 44    | 129    |     |      |      |     |        |        |         |                           |                             |
|     grp_segment_bc_packet_Pipeline_segment_stream_fu_220                                        | 255   | 366    |     |      |      |     |        |        |         |                           |                             |
|     rabintab_1_U                                                                                |       |        |     | 1    |      |     |        |        |         |                           |                             |
|       bind_storage ram_2p                                                                       |       |        |     |      |      |     | pragma | auto   | 1       | rabintab_1                | src/fragment.cpp:119        |
|     rabinwintab_1_U                                                                             | 90    | 257    |     | 1    |      |     |        |        |         |                           |                             |
|       bind_storage ram_2p                                                                       |       |        |     |      |      |     | pragma | auto   | 1       | rabinwintab_1             | src/fragment.cpp:120        |
|   grp_segment_sc_packet_fu_839                                                                  | 851   | 1332   |     | 2    |      |     |        |        |         |                           |                             |
|     (grp_segment_sc_packet_fu_839)                                                              | 151   | 551    |     |      |      |     |        |        |         |                           |                             |
|     buffer_fifo_U                                                                               | 20    | 8      |     |      |      |     |        |        |         |                           |                             |
|       bind_storage fifo                                                                         |       |        |     |      |      |     |        | srl    | 0       | buffer                    | src/parsec/rabin.cpp:79     |
|       bind_storage fifo                                                                         |       |        |     |      |      |     |        | srl    | 0       | buffer                    | src/parsec/rabin.cpp:79     |
|     grp_segment_sc_packet_Pipeline_VITIS_LOOP_57_1_fu_237                                       | 192   | 11     |     |      |      |     |        |        |         |                           |                             |
|       (grp_segment_sc_packet_Pipeline_VITIS_LOOP_57_1_fu_237)                                   |       | 9      |     |      |      |     |        |        |         |                           |                             |
|     grp_segment_sc_packet_Pipeline_flush_buffer_fu_280                                          | 12    | 8      |     |      |      |     |        |        |         |                           |                             |
|       (grp_segment_sc_packet_Pipeline_flush_buffer_fu_280)                                      |       | 6      |     |      |      |     |        |        |         |                           |                             |
|     grp_segment_sc_packet_Pipeline_init_buffer_fu_245                                           | 131   | 131    |     |      |      |     |        |        |         |                           |                             |
|       (grp_segment_sc_packet_Pipeline_init_buffer_fu_245)                                       | 42    | 129    |     |      |      |     |        |        |         |                           |                             |
|     grp_segment_sc_packet_Pipeline_segment_stream_fu_261                                        | 257   | 366    |     |      |      |     |        |        |         |                           |                             |
|     rabintab_U                                                                                  |       |        |     | 1    |      |     |        |        |         |                           |                             |
|       bind_storage ram_2p                                                                       |       |        |     |      |      |     | pragma | auto   | 1       | rabintab                  | :0                          |
|     rabinwintab_U                                                                               | 90    | 257    |     | 1    |      |     |        |        |         |                           |                             |
|       bind_storage ram_2p                                                                       |       |        |     |      |      |     | pragma | auto   | 1       | rabinwintab               | :0                          |
|   grp_top_Pipeline_VITIS_LOOP_89_1_fu_907                                                       | 23    | 14     |     |      |      |     |        |        |         |                           |                             |
|     (grp_top_Pipeline_VITIS_LOOP_89_1_fu_907)                                                   | 1     | 12     |     |      |      |     |        |        |         |                           |                             |
|     flow_control_loop_pipe_sequential_init_U                                                    | 23    | 2      |     |      |      |     |        |        |         |                           |                             |
|   grp_top_Pipeline_convert_to_c_data_t1_fu_867                                                  | 1307  | 1053   |     |      |      |     |        |        |         |                           |                             |
|     (grp_top_Pipeline_convert_to_c_data_t1_fu_867)                                              | 1280  | 1051   |     |      |      |     |        |        |         |                           |                             |
|     flow_control_loop_pipe_sequential_init_U                                                    | 29    | 2      |     |      |      |     |        |        |         |                           |                             |
|   grp_top_Pipeline_convert_to_c_data_t_fu_806                                                   | 1310  | 1053   |     |      |      |     |        |        |         |                           |                             |
|     (grp_top_Pipeline_convert_to_c_data_t_fu_806)                                               | 1280  | 1051   |     |      |      |     |        |        |         |                           |                             |
|     flow_control_loop_pipe_sequential_init_U                                                    | 30    | 2      |     |      |      |     |        |        |         |                           |                             |
|   grp_top_Pipeline_read_file_fu_741                                                             | 125   | 77     |     |      |      |     |        |        |         |                           |                             |
|     (grp_top_Pipeline_read_file_fu_741)                                                         | 33    | 75     |     |      |      |     |        |        |         |                           |                             |
|     flow_control_loop_pipe_sequential_init_U                                                    | 92    | 2      |     |      |      |     |        |        |         |                           |                             |
|   in_buffer_fifo_U                                                                              | 232   | 81     |     | 66   |      |     |        |        |         |                           |                             |
|     bind_storage fifo                                                                           |       |        |     |      |      |     |        | memory | 0       | in_buffer                 | src/top.cpp:114             |
|   mask_table_U                                                                                  | 343   |        |     | 2    |      |     |        |        |         |                           |                             |
|     bind_storage rom_1p                                                                         |       |        |     |      |      |     |        | auto   | 1       | mask_table                |                             |
|     bind_storage rom_1p                                                                         |       |        |     |      |      |     |        | auto   | 1       | mask_table                |                             |
|     bind_storage rom_1p                                                                         |       |        |     |      |      |     |        | auto   | 1       | mask_table                |                             |
|     bind_storage rom_1p                                                                         |       |        |     |      |      |     |        | auto   | 1       | mask_table                |                             |
|   out_buffer_fifo_U                                                                             | 53    | 48     |     | 8    |      |     |        |        |         |                           |                             |
|     bind_storage fifo                                                                           |       |        |     |      |      |     |        | memory | 0       | out_buffer                | src/top.cpp:118             |
|   post_fragment_data_buffer_fifo_U                                                              | 330   | 40     |     | 29   |      |     |        |        |         |                           |                             |
|     bind_storage fifo                                                                           |       |        |     |      |      |     |        | memory | 0       | post_fragment_data_buffer | src/top.cpp:123             |
|   post_fragment_end_buffer_fifo_U                                                               | 7     | 6      |     |      |      |     |        |        |         |                           |                             |
|     bind_storage fifo                                                                           |       |        |     |      |      |     |        | srl    | 0       | post_fragment_end_buffer  | src/top.cpp:124             |
|   post_fragment_meta_buffer_fifo_U                                                              | 132   | 132    |     |      |      |     |        |        |         |                           |                             |
|     bind_storage fifo                                                                           |       |        |     |      |      |     |        | srl    | 0       | post_fragment_meta_buffer |                             |
|   post_refine_data_buffer_fifo_U                                                                | 37    | 32     |     | 29   |      |     |        |        |         |                           |                             |
|     bind_storage fifo                                                                           |       |        |     |      |      |     |        | memory | 0       | post_refine_data_buffer   | src/top.cpp:131             |
|   post_refine_end_buffer_fifo_U                                                                 | 13    | 6      |     |      |      |     |        |        |         |                           |                             |
|     bind_storage fifo                                                                           |       |        |     |      |      |     |        | srl    | 0       | post_refine_end_buffer    | src/top.cpp:132             |
|   post_refine_meta_buffer_fifo_U                                                                | 69    | 132    |     |      |      |     |        |        |         |                           |                             |
|     bind_storage fifo                                                                           |       |        |     |      |      |     |        | srl    | 0       | post_refine_meta_buffer   |                             |
|   pre_reorder_data_buffer_fifo_U                                                                | 26    | 32     |     | 29   |      |     |        |        |         |                           |                             |
|     bind_storage fifo                                                                           |       |        |     |      |      |     |        | memory | 0       | pre_reorder_data_buffer   | src/top.cpp:127             |
|   pre_reorder_end_buffer_fifo_U                                                                 | 13    | 6      |     |      |      |     |        |        |         |                           |                             |
|     bind_storage fifo                                                                           |       |        |     |      |      |     |        | srl    | 0       | pre_reorder_end_buffer    | src/top.cpp:128             |
|   pre_reorder_meta_buffer_fifo_U                                                                | 362   | 454    |     |      |      |     |        |        |         |                           |                             |
|     bind_storage fifo                                                                           |       |        |     |      |      |     |        | srl    | 0       | pre_reorder_meta_buffer   |                             |
|   segment_data_1_fifo_U                                                                         | 54    | 56     |     | 4    |      |     |        |        |         |                           |                             |
|     (segment_data_1_fifo_U)                                                                     | 38    | 43     |     |      |      |     |        |        |         |                           |                             |
|   segment_data_fifo_U                                                                           | 98    | 70     |     | 22   |      |     |        |        |         |                           |                             |
|     (segment_data_fifo_U)                                                                       | 48    | 52     |     |      |      |     |        |        |         |                           |                             |
|   segment_end_1_fifo_U                                                                          | 11    | 6      |     |      |      |     |        |        |         |                           |                             |
|     (segment_end_1_fifo_U)                                                                      | 3     | 4      |     |      |      |     |        |        |         |                           |                             |
|   segment_end_fifo_U                                                                            | 10    | 6      |     |      |      |     |        |        |         |                           |                             |
|     (segment_end_fifo_U)                                                                        | 3     | 4      |     |      |      |     |        |        |         |                           |                             |
|   segment_meta_fifo_U                                                                           | 112   | 132    |     |      |      |     |        |        |         |                           |                             |
|     (segment_meta_fifo_U)                                                                       | 4     | 4      |     |      |      |     |        |        |         |                           |                             |
|   segment_size_fifo_U                                                                           | 70    | 132    |     |      |      |     |        |        |         |                           |                             |
|     (segment_size_fifo_U)                                                                       | 6     | 4      |     |      |      |     |        |        |         |                           |                             |
|   sitodp_64ns_64_4_no_dsp_1_U614                                                                | 415   | 263    |     |      |      |     |        |        |         |                           |                             |
|     bind_op fifo                                                                                |       |        |     |      |      |     |        | srl    | 0       | size_in_buffer_write_ln45 | src/top.cpp:45              |
|   sitodp_64ns_64_4_no_dsp_1_U615                                                                | 198   | 204    |     |      |      |     |        |        |         |                           |                             |
|     (sitodp_64ns_64_4_no_dsp_1_U615)                                                            | 32    | 72     |     |      |      |     |        |        |         |                           |                             |
|   size_in_buffer_fifo_U                                                                         | 75    | 132    |     |      |      |     |        |        |         |                           |                             |
|     bind_storage fifo                                                                           |       |        |     |      |      |     |        | srl    | 0       | size_in_buffer            | src/top.cpp:115             |
|   size_out_buffer_fifo_U                                                                        | 72    | 132    |     |      |      |     |        |        |         |                           |                             |
|     bind_storage fifo                                                                           |       |        |     |      |      |     |        | srl    | 0       | size_out_buffer           | src/top.cpp:119             |
|   write_data_1_fifo_U                                                                           | 100   | 70     |     | 22   |      |     |        |        |         |                           |                             |
|     bind_storage fifo                                                                           |       |        |     |      |      |     |        | memory | 0       | write_data_1              | src/fragment.cpp:251        |
|   write_data_fifo_U                                                                             | 74    | 60     |     | 6    |      |     |        |        |         |                           |                             |
|     bind_storage fifo                                                                           |       |        |     |      |      |     |        | memory | 0       | write_data                | src/fragment_refine.cpp:209 |
|   write_end_1_fifo_U                                                                            | 13    | 6      |     |      |      |     |        |        |         |                           |                             |
|     (write_end_1_fifo_U)                                                                        | 2     | 4      |     |      |      |     |        |        |         |                           |                             |
|   write_end_fifo_U                                                                              | 13    | 6      |     |      |      |     |        |        |         |                           |                             |
|     (write_end_fifo_U)                                                                          | 3     | 4      |     |      |      |     |        |        |         |                           |                             |
|   write_meta_i_fifo_U                                                                           | 69    | 132    |     |      |      |     |        |        |         |                           |                             |
|     bind_storage fifo                                                                           |       |        |     |      |      |     |        | srl    | 0       | write_meta_i              |                             |
|   write_size_fifo_U                                                                             | 69    | 132    |     |      |      |     |        |        |         |                           |                             |
|     bind_storage fifo                                                                           |       |        |     |      |      |     |        | srl    | 0       | write_size                | src/fragment.cpp:252        |
+-------------------------------------------------------------------------------------------------+-------+--------+-----+------+------+-----+--------+--------+---------+---------------------------+-----------------------------+


================================================================
== Place & Route Fail Fast
================================================================
+-----------------------------------------------------------+-----------+--------+--------+
| Criteria                                                  | Guideline | Actual | Status |
+-----------------------------------------------------------+-----------+--------+--------+
| LUT                                                       | 70%       | 21.45% | OK     |
| FD                                                        | 50%       | 21.09% | OK     |
| LUTRAM+SRL                                                | 25%       | 0.28%  | OK     |
| CARRY8                                                    | 25%       | 2.21%  | OK     |
| MUXF7                                                     | 15%       | 7.94%  | OK     |
| DSP                                                       | 80%       | 0.67%  | OK     |
| RAMB/FIFO                                                 | 80%       | 55.70% | OK     |
| DSP+RAMB+URAM (Avg)                                       | 70%       | 28.19% | OK     |
| BUFGCE* + BUFGCTRL                                        | 24        | 0      | OK     |
| DONT_TOUCH (cells/nets)                                   | 0         | 0      | OK     |
| MARK_DEBUG (nets)                                         | 0         | 0      | OK     |
| Control Sets                                              | 5139      | 564    | OK     |
| Average Fanout for modules > 100k cells                   | 4         | 3.15   | OK     |
| Non-FD high fanout nets > 10k loads                       | 0         | 0      | OK     |
+-----------------------------------------------------------+-----------+--------+--------+
| TIMING-6 (No common primary clock between related clocks) | 0         | 0      | OK     |
| TIMING-7 (No common node between related clocks)          | 0         | 0      | OK     |
| TIMING-8 (No common period between related clocks)        | 0         | 0      | OK     |
| TIMING-14 (LUT on the clock tree)                         | 0         | 0      | OK     |
| TIMING-35 (No common node in paths with the same clock)   | 0         | 0      | OK     |
+-----------------------------------------------------------+-----------+--------+--------+
| Number of paths above max LUT budgeting (0.300ns)         | 0         | 0      | OK     |
| Number of paths above max Net budgeting (0.208ns)         | 0         | 0      | OK     |
+-----------------------------------------------------------+-----------+--------+--------+


================================================================
== Place & Route Timing Paths
================================================================
* Timing was met
+-------+-------+-----------------------------------------------------------------------------------------------------------------+------------------------------------------------------------------------------------------------------------+--------------+------------+----------------+----------------+--------------+
| Path  | SLACK | STARTPOINT PIN                                                                                                  | ENDPOINT PIN                                                                                               | LOGIC LEVELS | MAX FANOUT | DATAPATH DELAY | DATAPATH LOGIC | DATAPATH NET |
|       |       |                                                                                                                 |                                                                                                            |              |            |                |          DELAY |        DELAY |
+-------+-------+-----------------------------------------------------------------------------------------------------------------+------------------------------------------------------------------------------------------------------------+--------------+------------+----------------+----------------+--------------+
| Path1 | 1.047 | grp_check_input_fu_893/grp_write_out_fu_551/grp_write_out_Pipeline_write_data_to_file_fu_781_ap_start_reg_reg/C | out_buffer_fifo_U/U_top_fifo_w64_d1284_A_ram/mem_reg_bram_3/DINADIN[5]                                     |            7 |         91 |          8.655 |          0.713 |        7.942 |
| Path2 | 1.081 | grp_check_input_fu_893/grp_write_out_fu_551/grp_write_out_Pipeline_write_data_to_file_fu_781_ap_start_reg_reg/C | out_buffer_fifo_U/U_top_fifo_w64_d1284_A_ram/mem_reg_bram_1/DINADIN[30]                                    |            8 |         91 |          8.580 |          0.668 |        7.912 |
| Path3 | 1.150 | grp_check_input_fu_893/grp_write_out_fu_551/grp_write_out_Pipeline_write_data_to_file_fu_781_ap_start_reg_reg/C | out_buffer_fifo_U/U_top_fifo_w64_d1284_A_ram/mem_reg_bram_0/DINADIN[30]                                    |            8 |         91 |          8.511 |          0.668 |        7.843 |
| Path4 | 1.198 | pre_reorder_data_buffer_fifo_U/dout_vld_reg/C                                                                   | grp_check_input_fu_893/grp_check_input_Pipeline_read_in_data_fu_461/data_in_buffer_V_54_fu_600_reg[381]/CE |            2 |       1024 |          8.698 |          0.221 |        8.477 |
| Path5 | 1.208 | grp_check_input_fu_893/grp_write_out_fu_551/grp_write_out_Pipeline_write_data_to_file_fu_781_ap_start_reg_reg/C | out_buffer_fifo_U/U_top_fifo_w64_d1284_A_ram/mem_reg_bram_3/DINADIN[3]                                     |            7 |         91 |          8.498 |          0.669 |        7.829 |
+-------+-------+-----------------------------------------------------------------------------------------------------------------+------------------------------------------------------------------------------------------------------------+--------------+------------+----------------+----------------+--------------+

    +-------------------------------------------------------------------------------------------------------------------+------------------------+
    | Path1 Cells                                                                                                       | Primitive Type         |
    +-------------------------------------------------------------------------------------------------------------------+------------------------+
    | grp_check_input_fu_893/grp_write_out_fu_551/grp_write_out_Pipeline_write_data_to_file_fu_781_ap_start_reg_reg     | REGISTER.SDR.FDRE      |
    | grp_check_input_fu_893/grp_write_out_fu_551/grp_write_out_Pipeline_write_data_to_file_fu_781/ap_CS_fsm[15]_i_2    | CLB.LUT.LUT5           |
    | grp_check_input_fu_893/grp_write_out_fu_551/grp_write_out_Pipeline_write_data_to_file_fu_781/mem_reg_bram_3_i_137 | CLB.LUT.LUT6           |
    | grp_check_input_fu_893/grp_write_out_fu_551/grp_write_out_Pipeline_write_data_to_file_fu_781/mem_reg_bram_3_i_134 | CLB.LUT.LUT5           |
    | grp_check_input_fu_893/grp_write_out_fu_551/grp_write_out_Pipeline_write_data_to_file_fu_781/mem_reg_bram_3_i_104 | CLB.LUT.LUT6           |
    | grp_check_input_fu_893/grp_write_out_fu_551/grp_write_out_Pipeline_write_data_to_file_fu_781/mem_reg_bram_3_i_56  | CLB.LUT.LUT4           |
    | grp_check_input_fu_893/grp_write_out_fu_551/grp_write_out_Pipeline_write_data_to_file_fu_781/mem_reg_bram_3_i_26  | CLB.LUT.LUT5           |
    | grp_check_input_fu_893/grp_write_out_fu_551/grp_write_out_Pipeline_write_data_to_file_fu_781/mem_reg_bram_3_i_7   | CLB.LUT.LUT5           |
    | out_buffer_fifo_U/U_top_fifo_w64_d1284_A_ram/mem_reg_bram_3                                                       | BLOCKRAM.BRAM.RAMB36E2 |
    +-------------------------------------------------------------------------------------------------------------------+------------------------+

    +--------------------------------------------------------------------------------------------------------------------+------------------------+
    | Path2 Cells                                                                                                        | Primitive Type         |
    +--------------------------------------------------------------------------------------------------------------------+------------------------+
    | grp_check_input_fu_893/grp_write_out_fu_551/grp_write_out_Pipeline_write_data_to_file_fu_781_ap_start_reg_reg      | REGISTER.SDR.FDRE      |
    | grp_check_input_fu_893/grp_write_out_fu_551/grp_write_out_Pipeline_write_data_to_file_fu_781/ap_CS_fsm[15]_i_2     | CLB.LUT.LUT5           |
    | grp_check_input_fu_893/grp_write_out_fu_551/grp_write_out_Pipeline_write_data_to_file_fu_781/mem_reg_bram_3_i_129  | CLB.LUT.LUT4           |
    | grp_check_input_fu_893/grp_write_out_fu_551/grp_write_out_Pipeline_write_data_to_file_fu_781/mem_reg_bram_3_i_143  | CLB.LUT.LUT6           |
    | grp_check_input_fu_893/grp_write_out_fu_551/grp_write_out_Pipeline_write_data_to_file_fu_781/mem_reg_bram_1_i_255  | CLB.LUT.LUT6           |
    | grp_check_input_fu_893/grp_write_out_fu_551/grp_write_out_Pipeline_write_data_to_file_fu_781/mem_reg_bram_1_i_141  | CLB.LUT.LUT6           |
    | grp_check_input_fu_893/grp_write_out_fu_551/grp_write_out_Pipeline_write_data_to_file_fu_781/mem_reg_bram_1_i_85   | CLB.LUT.LUT5           |
    | grp_check_input_fu_893/grp_write_out_fu_551/grp_write_out_Pipeline_write_data_to_file_fu_781/mem_reg_bram_1_i_43   | CLB.LUT.LUT5           |
    | grp_check_input_fu_893/grp_write_out_fu_551/grp_write_out_Pipeline_write_data_to_file_fu_781/mem_reg_bram_1_i_4__1 | CLB.LUT.LUT6           |
    | out_buffer_fifo_U/U_top_fifo_w64_d1284_A_ram/mem_reg_bram_1                                                        | BLOCKRAM.BRAM.RAMB36E2 |
    +--------------------------------------------------------------------------------------------------------------------+------------------------+

    +--------------------------------------------------------------------------------------------------------------------+------------------------+
    | Path3 Cells                                                                                                        | Primitive Type         |
    +--------------------------------------------------------------------------------------------------------------------+------------------------+
    | grp_check_input_fu_893/grp_write_out_fu_551/grp_write_out_Pipeline_write_data_to_file_fu_781_ap_start_reg_reg      | REGISTER.SDR.FDRE      |
    | grp_check_input_fu_893/grp_write_out_fu_551/grp_write_out_Pipeline_write_data_to_file_fu_781/ap_CS_fsm[15]_i_2     | CLB.LUT.LUT5           |
    | grp_check_input_fu_893/grp_write_out_fu_551/grp_write_out_Pipeline_write_data_to_file_fu_781/mem_reg_bram_3_i_129  | CLB.LUT.LUT4           |
    | grp_check_input_fu_893/grp_write_out_fu_551/grp_write_out_Pipeline_write_data_to_file_fu_781/mem_reg_bram_3_i_143  | CLB.LUT.LUT6           |
    | grp_check_input_fu_893/grp_write_out_fu_551/grp_write_out_Pipeline_write_data_to_file_fu_781/mem_reg_bram_1_i_255  | CLB.LUT.LUT6           |
    | grp_check_input_fu_893/grp_write_out_fu_551/grp_write_out_Pipeline_write_data_to_file_fu_781/mem_reg_bram_1_i_141  | CLB.LUT.LUT6           |
    | grp_check_input_fu_893/grp_write_out_fu_551/grp_write_out_Pipeline_write_data_to_file_fu_781/mem_reg_bram_1_i_85   | CLB.LUT.LUT5           |
    | grp_check_input_fu_893/grp_write_out_fu_551/grp_write_out_Pipeline_write_data_to_file_fu_781/mem_reg_bram_1_i_43   | CLB.LUT.LUT5           |
    | grp_check_input_fu_893/grp_write_out_fu_551/grp_write_out_Pipeline_write_data_to_file_fu_781/mem_reg_bram_1_i_4__1 | CLB.LUT.LUT6           |
    | out_buffer_fifo_U/U_top_fifo_w64_d1284_A_ram/mem_reg_bram_0                                                        | BLOCKRAM.BRAM.RAMB36E2 |
    +--------------------------------------------------------------------------------------------------------------------+------------------------+

    +----------------------------------------------------------------------------------------------------------+-------------------+
    | Path4 Cells                                                                                              | Primitive Type    |
    +----------------------------------------------------------------------------------------------------------+-------------------+
    | pre_reorder_data_buffer_fifo_U/dout_vld_reg                                                              | REGISTER.SDR.FDRE |
    | grp_check_input_fu_893/grp_check_input_Pipeline_read_in_data_fu_461/data_in_buffer_V_38_fu_536[1023]_i_4 | CLB.LUT.LUT6      |
    | grp_check_input_fu_893/grp_check_input_Pipeline_read_in_data_fu_461/data_in_buffer_V_54_fu_600[1023]_i_2 | CLB.LUT.LUT4      |
    | grp_check_input_fu_893/grp_check_input_Pipeline_read_in_data_fu_461/data_in_buffer_V_54_fu_600_reg[381]  | REGISTER.SDR.FDRE |
    +----------------------------------------------------------------------------------------------------------+-------------------+

    +-------------------------------------------------------------------------------------------------------------------+------------------------+
    | Path5 Cells                                                                                                       | Primitive Type         |
    +-------------------------------------------------------------------------------------------------------------------+------------------------+
    | grp_check_input_fu_893/grp_write_out_fu_551/grp_write_out_Pipeline_write_data_to_file_fu_781_ap_start_reg_reg     | REGISTER.SDR.FDRE      |
    | grp_check_input_fu_893/grp_write_out_fu_551/grp_write_out_Pipeline_write_data_to_file_fu_781/ap_CS_fsm[15]_i_2    | CLB.LUT.LUT5           |
    | grp_check_input_fu_893/grp_write_out_fu_551/grp_write_out_Pipeline_write_data_to_file_fu_781/mem_reg_bram_3_i_137 | CLB.LUT.LUT6           |
    | grp_check_input_fu_893/grp_write_out_fu_551/grp_write_out_Pipeline_write_data_to_file_fu_781/mem_reg_bram_3_i_134 | CLB.LUT.LUT5           |
    | grp_check_input_fu_893/grp_write_out_fu_551/grp_write_out_Pipeline_write_data_to_file_fu_781/mem_reg_bram_3_i_112 | CLB.LUT.LUT6           |
    | grp_check_input_fu_893/grp_write_out_fu_551/grp_write_out_Pipeline_write_data_to_file_fu_781/mem_reg_bram_3_i_62  | CLB.LUT.LUT4           |
    | grp_check_input_fu_893/grp_write_out_fu_551/grp_write_out_Pipeline_write_data_to_file_fu_781/mem_reg_bram_3_i_30  | CLB.LUT.LUT5           |
    | grp_check_input_fu_893/grp_write_out_fu_551/grp_write_out_Pipeline_write_data_to_file_fu_781/mem_reg_bram_3_i_9   | CLB.LUT.LUT5           |
    | out_buffer_fifo_U/U_top_fifo_w64_d1284_A_ram/mem_reg_bram_3                                                       | BLOCKRAM.BRAM.RAMB36E2 |
    +-------------------------------------------------------------------------------------------------------------------+------------------------+


================================================================
== Place & Route Vivado Reports
================================================================
+--------------------------+-------------------------------------------------------------+
| Report Type              | Report Location                                             |
+--------------------------+-------------------------------------------------------------+
| design_analysis          | impl/verilog/report/top_design_analysis_routed.rpt          |
| failfast                 | impl/verilog/report/top_failfast_routed.rpt                 |
| status                   | impl/verilog/report/top_status_routed.rpt                   |
| timing                   | impl/verilog/report/top_timing_routed.rpt                   |
| timing_paths             | impl/verilog/report/top_timing_paths_routed.rpt             |
| utilization              | impl/verilog/report/top_utilization_routed.rpt              |
| utilization_hierarchical | impl/verilog/report/top_utilization_hierarchical_routed.rpt |
+--------------------------+-------------------------------------------------------------+


